[0.060s] DEBUG:colcon:Command line arguments: ['/usr/bin/colcon', 'build', '--symlink-install']
[0.060s] DEBUG:colcon:Parsed command line arguments: Namespace(log_base=None, log_level=None, verb_name='build', build_base='build', install_base='install', merge_install=False, symlink_install=True, test_result_base=None, continue_on_error=False, executor='parallel', parallel_workers=20, event_handlers=None, ignore_user_meta=False, metas=['./colcon.meta'], base_paths=['.'], packages_ignore=None, packages_ignore_regex=None, paths=None, packages_up_to=None, packages_up_to_regex=None, packages_above=None, packages_above_and_dependencies=None, packages_above_depth=None, packages_select_by_dep=None, packages_skip_by_dep=None, packages_skip_up_to=None, packages_select_build_failed=False, packages_skip_build_finished=False, packages_select_test_failures=False, packages_skip_test_passed=False, packages_select=None, packages_skip=None, packages_select_regex=None, packages_skip_regex=None, packages_start=None, packages_end=None, allow_overriding=[], cmake_args=None, cmake_target=None, cmake_target_skip_unavailable=False, cmake_clean_cache=False, cmake_clean_first=False, cmake_force_configure=False, ament_cmake_args=None, catkin_cmake_args=None, catkin_skip_building_tests=False, verb_parser=<colcon_defaults.argument_parser.defaults.DefaultArgumentsDecorator object at 0x7fc976abcd60>, verb_extension=<colcon_core.verb.build.BuildVerb object at 0x7fc976abc880>, main=<bound method BuildVerb.main of <colcon_core.verb.build.BuildVerb object at 0x7fc976abc880>>)
[0.153s] Level 1:colcon.colcon_core.package_discovery:discover_packages(colcon_meta) check parameters
[0.153s] Level 1:colcon.colcon_core.package_discovery:discover_packages(recursive) check parameters
[0.153s] Level 1:colcon.colcon_core.package_discovery:discover_packages(ignore) check parameters
[0.153s] Level 1:colcon.colcon_core.package_discovery:discover_packages(path) check parameters
[0.153s] Level 1:colcon.colcon_core.package_discovery:discover_packages(colcon_meta) discover
[0.153s] Level 1:colcon.colcon_core.package_discovery:discover_packages(recursive) discover
[0.153s] INFO:colcon.colcon_core.package_discovery:Crawling recursively for packages in '/home/nvidia/ws_fastlio2'
[0.153s] Level 1:colcon.colcon_core.package_identification:_identify(.) by extensions ['ignore', 'ignore_ament_install']
[0.153s] Level 1:colcon.colcon_core.package_identification:_identify(.) by extension 'ignore'
[0.153s] Level 1:colcon.colcon_core.package_identification:_identify(.) by extension 'ignore_ament_install'
[0.153s] Level 1:colcon.colcon_core.package_identification:_identify(.) by extensions ['colcon_pkg']
[0.153s] Level 1:colcon.colcon_core.package_identification:_identify(.) by extension 'colcon_pkg'
[0.153s] Level 1:colcon.colcon_core.package_identification:_identify(.) by extensions ['colcon_meta']
[0.153s] Level 1:colcon.colcon_core.package_identification:_identify(.) by extension 'colcon_meta'
[0.153s] Level 1:colcon.colcon_core.package_identification:_identify(.) by extensions ['ros']
[0.153s] Level 1:colcon.colcon_core.package_identification:_identify(.) by extension 'ros'
[0.160s] Level 1:colcon.colcon_core.package_identification:_identify(.) by extensions ['cmake', 'python']
[0.160s] Level 1:colcon.colcon_core.package_identification:_identify(.) by extension 'cmake'
[0.160s] Level 1:colcon.colcon_core.package_identification:_identify(.) by extension 'python'
[0.161s] Level 1:colcon.colcon_core.package_identification:_identify(.) by extensions ['python_setup_py']
[0.161s] Level 1:colcon.colcon_core.package_identification:_identify(.) by extension 'python_setup_py'
[0.161s] Level 1:colcon.colcon_core.package_identification:_identify(build) by extensions ['ignore', 'ignore_ament_install']
[0.161s] Level 1:colcon.colcon_core.package_identification:_identify(build) by extension 'ignore'
[0.161s] Level 1:colcon.colcon_core.package_identification:_identify(build) ignored
[0.161s] Level 1:colcon.colcon_core.package_identification:_identify(install) by extensions ['ignore', 'ignore_ament_install']
[0.161s] Level 1:colcon.colcon_core.package_identification:_identify(install) by extension 'ignore'
[0.161s] Level 1:colcon.colcon_core.package_identification:_identify(install) ignored
[0.161s] Level 1:colcon.colcon_core.package_identification:_identify(log) by extensions ['ignore', 'ignore_ament_install']
[0.161s] Level 1:colcon.colcon_core.package_identification:_identify(log) by extension 'ignore'
[0.161s] Level 1:colcon.colcon_core.package_identification:_identify(log) ignored
[0.161s] Level 1:colcon.colcon_core.package_identification:_identify(src) by extensions ['ignore', 'ignore_ament_install']
[0.161s] Level 1:colcon.colcon_core.package_identification:_identify(src) by extension 'ignore'
[0.161s] Level 1:colcon.colcon_core.package_identification:_identify(src) by extension 'ignore_ament_install'
[0.161s] Level 1:colcon.colcon_core.package_identification:_identify(src) by extensions ['colcon_pkg']
[0.161s] Level 1:colcon.colcon_core.package_identification:_identify(src) by extension 'colcon_pkg'
[0.161s] Level 1:colcon.colcon_core.package_identification:_identify(src) by extensions ['colcon_meta']
[0.161s] Level 1:colcon.colcon_core.package_identification:_identify(src) by extension 'colcon_meta'
[0.161s] Level 1:colcon.colcon_core.package_identification:_identify(src) by extensions ['ros']
[0.161s] Level 1:colcon.colcon_core.package_identification:_identify(src) by extension 'ros'
[0.161s] Level 1:colcon.colcon_core.package_identification:_identify(src) by extensions ['cmake', 'python']
[0.161s] Level 1:colcon.colcon_core.package_identification:_identify(src) by extension 'cmake'
[0.161s] Level 1:colcon.colcon_core.package_identification:_identify(src) by extension 'python'
[0.161s] Level 1:colcon.colcon_core.package_identification:_identify(src) by extensions ['python_setup_py']
[0.161s] Level 1:colcon.colcon_core.package_identification:_identify(src) by extension 'python_setup_py'
[0.161s] Level 1:colcon.colcon_core.package_identification:_identify(src/fastlio2_ros2) by extensions ['ignore', 'ignore_ament_install']
[0.161s] Level 1:colcon.colcon_core.package_identification:_identify(src/fastlio2_ros2) by extension 'ignore'
[0.161s] Level 1:colcon.colcon_core.package_identification:_identify(src/fastlio2_ros2) by extension 'ignore_ament_install'
[0.161s] Level 1:colcon.colcon_core.package_identification:_identify(src/fastlio2_ros2) by extensions ['colcon_pkg']
[0.161s] Level 1:colcon.colcon_core.package_identification:_identify(src/fastlio2_ros2) by extension 'colcon_pkg'
[0.161s] Level 1:colcon.colcon_core.package_identification:_identify(src/fastlio2_ros2) by extensions ['colcon_meta']
[0.161s] Level 1:colcon.colcon_core.package_identification:_identify(src/fastlio2_ros2) by extension 'colcon_meta'
[0.161s] Level 1:colcon.colcon_core.package_identification:_identify(src/fastlio2_ros2) by extensions ['ros']
[0.161s] Level 1:colcon.colcon_core.package_identification:_identify(src/fastlio2_ros2) by extension 'ros'
[0.162s] Level 1:colcon.colcon_core.package_identification:_identify(src/fastlio2_ros2) by extensions ['cmake', 'python']
[0.162s] Level 1:colcon.colcon_core.package_identification:_identify(src/fastlio2_ros2) by extension 'cmake'
[0.162s] Level 1:colcon.colcon_core.package_identification:_identify(src/fastlio2_ros2) by extension 'python'
[0.162s] Level 1:colcon.colcon_core.package_identification:_identify(src/fastlio2_ros2) by extensions ['python_setup_py']
[0.162s] Level 1:colcon.colcon_core.package_identification:_identify(src/fastlio2_ros2) by extension 'python_setup_py'
[0.162s] Level 1:colcon.colcon_core.package_identification:_identify(src/fastlio2_ros2/fastlio2) by extensions ['ignore', 'ignore_ament_install']
[0.162s] Level 1:colcon.colcon_core.package_identification:_identify(src/fastlio2_ros2/fastlio2) by extension 'ignore'
[0.162s] Level 1:colcon.colcon_core.package_identification:_identify(src/fastlio2_ros2/fastlio2) by extension 'ignore_ament_install'
[0.162s] Level 1:colcon.colcon_core.package_identification:_identify(src/fastlio2_ros2/fastlio2) by extensions ['colcon_pkg']
[0.162s] Level 1:colcon.colcon_core.package_identification:_identify(src/fastlio2_ros2/fastlio2) by extension 'colcon_pkg'
[0.162s] Level 1:colcon.colcon_core.package_identification:_identify(src/fastlio2_ros2/fastlio2) by extensions ['colcon_meta']
[0.162s] Level 1:colcon.colcon_core.package_identification:_identify(src/fastlio2_ros2/fastlio2) by extension 'colcon_meta'
[0.162s] Level 1:colcon.colcon_core.package_identification:_identify(src/fastlio2_ros2/fastlio2) by extensions ['ros']
[0.162s] Level 1:colcon.colcon_core.package_identification:_identify(src/fastlio2_ros2/fastlio2) by extension 'ros'
[0.164s] DEBUG:colcon.colcon_core.package_identification:Package 'src/fastlio2_ros2/fastlio2' with type 'ros.ament_cmake' and name 'fastlio2'
[0.164s] Level 1:colcon.colcon_core.package_identification:_identify(src/fastlio2_ros2/hba) by extensions ['ignore', 'ignore_ament_install']
[0.164s] Level 1:colcon.colcon_core.package_identification:_identify(src/fastlio2_ros2/hba) by extension 'ignore'
[0.164s] Level 1:colcon.colcon_core.package_identification:_identify(src/fastlio2_ros2/hba) by extension 'ignore_ament_install'
[0.164s] Level 1:colcon.colcon_core.package_identification:_identify(src/fastlio2_ros2/hba) by extensions ['colcon_pkg']
[0.164s] Level 1:colcon.colcon_core.package_identification:_identify(src/fastlio2_ros2/hba) by extension 'colcon_pkg'
[0.164s] Level 1:colcon.colcon_core.package_identification:_identify(src/fastlio2_ros2/hba) by extensions ['colcon_meta']
[0.164s] Level 1:colcon.colcon_core.package_identification:_identify(src/fastlio2_ros2/hba) by extension 'colcon_meta'
[0.164s] Level 1:colcon.colcon_core.package_identification:_identify(src/fastlio2_ros2/hba) by extensions ['ros']
[0.164s] Level 1:colcon.colcon_core.package_identification:_identify(src/fastlio2_ros2/hba) by extension 'ros'
[0.164s] DEBUG:colcon.colcon_core.package_identification:Package 'src/fastlio2_ros2/hba' with type 'ros.ament_cmake' and name 'hba'
[0.165s] Level 1:colcon.colcon_core.package_identification:_identify(src/fastlio2_ros2/interface) by extensions ['ignore', 'ignore_ament_install']
[0.165s] Level 1:colcon.colcon_core.package_identification:_identify(src/fastlio2_ros2/interface) by extension 'ignore'
[0.165s] Level 1:colcon.colcon_core.package_identification:_identify(src/fastlio2_ros2/interface) by extension 'ignore_ament_install'
[0.165s] Level 1:colcon.colcon_core.package_identification:_identify(src/fastlio2_ros2/interface) by extensions ['colcon_pkg']
[0.165s] Level 1:colcon.colcon_core.package_identification:_identify(src/fastlio2_ros2/interface) by extension 'colcon_pkg'
[0.165s] Level 1:colcon.colcon_core.package_identification:_identify(src/fastlio2_ros2/interface) by extensions ['colcon_meta']
[0.165s] Level 1:colcon.colcon_core.package_identification:_identify(src/fastlio2_ros2/interface) by extension 'colcon_meta'
[0.165s] Level 1:colcon.colcon_core.package_identification:_identify(src/fastlio2_ros2/interface) by extensions ['ros']
[0.165s] Level 1:colcon.colcon_core.package_identification:_identify(src/fastlio2_ros2/interface) by extension 'ros'
[0.165s] DEBUG:colcon.colcon_core.package_identification:Package 'src/fastlio2_ros2/interface' with type 'ros.ament_cmake' and name 'interface'
[0.165s] Level 1:colcon.colcon_core.package_identification:_identify(src/fastlio2_ros2/localizer) by extensions ['ignore', 'ignore_ament_install']
[0.165s] Level 1:colcon.colcon_core.package_identification:_identify(src/fastlio2_ros2/localizer) by extension 'ignore'
[0.165s] Level 1:colcon.colcon_core.package_identification:_identify(src/fastlio2_ros2/localizer) by extension 'ignore_ament_install'
[0.165s] Level 1:colcon.colcon_core.package_identification:_identify(src/fastlio2_ros2/localizer) by extensions ['colcon_pkg']
[0.165s] Level 1:colcon.colcon_core.package_identification:_identify(src/fastlio2_ros2/localizer) by extension 'colcon_pkg'
[0.165s] Level 1:colcon.colcon_core.package_identification:_identify(src/fastlio2_ros2/localizer) by extensions ['colcon_meta']
[0.165s] Level 1:colcon.colcon_core.package_identification:_identify(src/fastlio2_ros2/localizer) by extension 'colcon_meta'
[0.165s] Level 1:colcon.colcon_core.package_identification:_identify(src/fastlio2_ros2/localizer) by extensions ['ros']
[0.165s] Level 1:colcon.colcon_core.package_identification:_identify(src/fastlio2_ros2/localizer) by extension 'ros'
[0.166s] DEBUG:colcon.colcon_core.package_identification:Package 'src/fastlio2_ros2/localizer' with type 'ros.ament_cmake' and name 'localizer'
[0.166s] Level 1:colcon.colcon_core.package_identification:_identify(src/fastlio2_ros2/pgo) by extensions ['ignore', 'ignore_ament_install']
[0.166s] Level 1:colcon.colcon_core.package_identification:_identify(src/fastlio2_ros2/pgo) by extension 'ignore'
[0.166s] Level 1:colcon.colcon_core.package_identification:_identify(src/fastlio2_ros2/pgo) by extension 'ignore_ament_install'
[0.166s] Level 1:colcon.colcon_core.package_identification:_identify(src/fastlio2_ros2/pgo) by extensions ['colcon_pkg']
[0.166s] Level 1:colcon.colcon_core.package_identification:_identify(src/fastlio2_ros2/pgo) by extension 'colcon_pkg'
[0.166s] Level 1:colcon.colcon_core.package_identification:_identify(src/fastlio2_ros2/pgo) by extensions ['colcon_meta']
[0.166s] Level 1:colcon.colcon_core.package_identification:_identify(src/fastlio2_ros2/pgo) by extension 'colcon_meta'
[0.166s] Level 1:colcon.colcon_core.package_identification:_identify(src/fastlio2_ros2/pgo) by extensions ['ros']
[0.166s] Level 1:colcon.colcon_core.package_identification:_identify(src/fastlio2_ros2/pgo) by extension 'ros'
[0.167s] DEBUG:colcon.colcon_core.package_identification:Package 'src/fastlio2_ros2/pgo' with type 'ros.ament_cmake' and name 'pgo'
[0.167s] Level 1:colcon.colcon_core.package_discovery:discover_packages(recursive) using defaults
[0.167s] Level 1:colcon.colcon_core.package_discovery:discover_packages(ignore) discover
[0.167s] Level 1:colcon.colcon_core.package_discovery:discover_packages(ignore) using defaults
[0.167s] Level 1:colcon.colcon_core.package_discovery:discover_packages(path) discover
[0.167s] Level 1:colcon.colcon_core.package_discovery:discover_packages(path) using defaults
[0.185s] Level 1:colcon.colcon_core.package_discovery:discover_packages(prefix_path) check parameters
[0.185s] Level 1:colcon.colcon_core.package_discovery:discover_packages(prefix_path) discover
[0.186s] DEBUG:colcon.colcon_installed_package_information.package_discovery:Found 1 installed packages in /home/nvidia/ws_livox/install
[0.187s] DEBUG:colcon.colcon_installed_package_information.package_discovery:Found 2 installed packages in /home/nvidia/5.1-ros2_ws/install
[0.187s] DEBUG:colcon.colcon_installed_package_information.package_discovery:Found 2 installed packages in /home/nvidia/ros2_ws/install
[0.188s] DEBUG:colcon.colcon_installed_package_information.package_discovery:Found 327 installed packages in /opt/ros/humble
[0.189s] Level 1:colcon.colcon_core.package_discovery:discover_packages(prefix_path) using defaults
[0.211s] Level 5:colcon.colcon_core.verb:set package 'fastlio2' build argument 'cmake_args' from command line to 'None'
[0.211s] Level 5:colcon.colcon_core.verb:set package 'fastlio2' build argument 'cmake_target' from command line to 'None'
[0.211s] Level 5:colcon.colcon_core.verb:set package 'fastlio2' build argument 'cmake_target_skip_unavailable' from command line to 'False'
[0.211s] Level 5:colcon.colcon_core.verb:set package 'fastlio2' build argument 'cmake_clean_cache' from command line to 'False'
[0.211s] Level 5:colcon.colcon_core.verb:set package 'fastlio2' build argument 'cmake_clean_first' from command line to 'False'
[0.211s] Level 5:colcon.colcon_core.verb:set package 'fastlio2' build argument 'cmake_force_configure' from command line to 'False'
[0.212s] Level 5:colcon.colcon_core.verb:set package 'fastlio2' build argument 'ament_cmake_args' from command line to 'None'
[0.212s] Level 5:colcon.colcon_core.verb:set package 'fastlio2' build argument 'catkin_cmake_args' from command line to 'None'
[0.212s] Level 5:colcon.colcon_core.verb:set package 'fastlio2' build argument 'catkin_skip_building_tests' from command line to 'False'
[0.212s] DEBUG:colcon.colcon_core.verb:Building package 'fastlio2' with the following arguments: {'ament_cmake_args': None, 'build_base': '/home/nvidia/ws_fastlio2/build/fastlio2', 'catkin_cmake_args': None, 'catkin_skip_building_tests': False, 'cmake_args': None, 'cmake_clean_cache': False, 'cmake_clean_first': False, 'cmake_force_configure': False, 'cmake_target': None, 'cmake_target_skip_unavailable': False, 'install_base': '/home/nvidia/ws_fastlio2/install/fastlio2', 'merge_install': False, 'path': '/home/nvidia/ws_fastlio2/src/fastlio2_ros2/fastlio2', 'symlink_install': True, 'test_result_base': None}
[0.212s] Level 5:colcon.colcon_core.verb:set package 'interface' build argument 'cmake_args' from command line to 'None'
[0.212s] Level 5:colcon.colcon_core.verb:set package 'interface' build argument 'cmake_target' from command line to 'None'
[0.212s] Level 5:colcon.colcon_core.verb:set package 'interface' build argument 'cmake_target_skip_unavailable' from command line to 'False'
[0.212s] Level 5:colcon.colcon_core.verb:set package 'interface' build argument 'cmake_clean_cache' from command line to 'False'
[0.212s] Level 5:colcon.colcon_core.verb:set package 'interface' build argument 'cmake_clean_first' from command line to 'False'
[0.212s] Level 5:colcon.colcon_core.verb:set package 'interface' build argument 'cmake_force_configure' from command line to 'False'
[0.212s] Level 5:colcon.colcon_core.verb:set package 'interface' build argument 'ament_cmake_args' from command line to 'None'
[0.212s] Level 5:colcon.colcon_core.verb:set package 'interface' build argument 'catkin_cmake_args' from command line to 'None'
[0.212s] Level 5:colcon.colcon_core.verb:set package 'interface' build argument 'catkin_skip_building_tests' from command line to 'False'
[0.212s] DEBUG:colcon.colcon_core.verb:Building package 'interface' with the following arguments: {'ament_cmake_args': None, 'build_base': '/home/nvidia/ws_fastlio2/build/interface', 'catkin_cmake_args': None, 'catkin_skip_building_tests': False, 'cmake_args': None, 'cmake_clean_cache': False, 'cmake_clean_first': False, 'cmake_force_configure': False, 'cmake_target': None, 'cmake_target_skip_unavailable': False, 'install_base': '/home/nvidia/ws_fastlio2/install/interface', 'merge_install': False, 'path': '/home/nvidia/ws_fastlio2/src/fastlio2_ros2/interface', 'symlink_install': True, 'test_result_base': None}
[0.212s] Level 5:colcon.colcon_core.verb:set package 'hba' build argument 'cmake_args' from command line to 'None'
[0.212s] Level 5:colcon.colcon_core.verb:set package 'hba' build argument 'cmake_target' from command line to 'None'
[0.212s] Level 5:colcon.colcon_core.verb:set package 'hba' build argument 'cmake_target_skip_unavailable' from command line to 'False'
[0.212s] Level 5:colcon.colcon_core.verb:set package 'hba' build argument 'cmake_clean_cache' from command line to 'False'
[0.212s] Level 5:colcon.colcon_core.verb:set package 'hba' build argument 'cmake_clean_first' from command line to 'False'
[0.212s] Level 5:colcon.colcon_core.verb:set package 'hba' build argument 'cmake_force_configure' from command line to 'False'
[0.212s] Level 5:colcon.colcon_core.verb:set package 'hba' build argument 'ament_cmake_args' from command line to 'None'
[0.212s] Level 5:colcon.colcon_core.verb:set package 'hba' build argument 'catkin_cmake_args' from command line to 'None'
[0.212s] Level 5:colcon.colcon_core.verb:set package 'hba' build argument 'catkin_skip_building_tests' from command line to 'False'
[0.212s] DEBUG:colcon.colcon_core.verb:Building package 'hba' with the following arguments: {'ament_cmake_args': None, 'build_base': '/home/nvidia/ws_fastlio2/build/hba', 'catkin_cmake_args': None, 'catkin_skip_building_tests': False, 'cmake_args': None, 'cmake_clean_cache': False, 'cmake_clean_first': False, 'cmake_force_configure': False, 'cmake_target': None, 'cmake_target_skip_unavailable': False, 'install_base': '/home/nvidia/ws_fastlio2/install/hba', 'merge_install': False, 'path': '/home/nvidia/ws_fastlio2/src/fastlio2_ros2/hba', 'symlink_install': True, 'test_result_base': None}
[0.212s] Level 5:colcon.colcon_core.verb:set package 'localizer' build argument 'cmake_args' from command line to 'None'
[0.212s] Level 5:colcon.colcon_core.verb:set package 'localizer' build argument 'cmake_target' from command line to 'None'
[0.212s] Level 5:colcon.colcon_core.verb:set package 'localizer' build argument 'cmake_target_skip_unavailable' from command line to 'False'
[0.212s] Level 5:colcon.colcon_core.verb:set package 'localizer' build argument 'cmake_clean_cache' from command line to 'False'
[0.212s] Level 5:colcon.colcon_core.verb:set package 'localizer' build argument 'cmake_clean_first' from command line to 'False'
[0.212s] Level 5:colcon.colcon_core.verb:set package 'localizer' build argument 'cmake_force_configure' from command line to 'False'
[0.212s] Level 5:colcon.colcon_core.verb:set package 'localizer' build argument 'ament_cmake_args' from command line to 'None'
[0.212s] Level 5:colcon.colcon_core.verb:set package 'localizer' build argument 'catkin_cmake_args' from command line to 'None'
[0.213s] Level 5:colcon.colcon_core.verb:set package 'localizer' build argument 'catkin_skip_building_tests' from command line to 'False'
[0.213s] DEBUG:colcon.colcon_core.verb:Building package 'localizer' with the following arguments: {'ament_cmake_args': None, 'build_base': '/home/nvidia/ws_fastlio2/build/localizer', 'catkin_cmake_args': None, 'catkin_skip_building_tests': False, 'cmake_args': None, 'cmake_clean_cache': False, 'cmake_clean_first': False, 'cmake_force_configure': False, 'cmake_target': None, 'cmake_target_skip_unavailable': False, 'install_base': '/home/nvidia/ws_fastlio2/install/localizer', 'merge_install': False, 'path': '/home/nvidia/ws_fastlio2/src/fastlio2_ros2/localizer', 'symlink_install': True, 'test_result_base': None}
[0.213s] Level 5:colcon.colcon_core.verb:set package 'pgo' build argument 'cmake_args' from command line to 'None'
[0.213s] Level 5:colcon.colcon_core.verb:set package 'pgo' build argument 'cmake_target' from command line to 'None'
[0.213s] Level 5:colcon.colcon_core.verb:set package 'pgo' build argument 'cmake_target_skip_unavailable' from command line to 'False'
[0.213s] Level 5:colcon.colcon_core.verb:set package 'pgo' build argument 'cmake_clean_cache' from command line to 'False'
[0.213s] Level 5:colcon.colcon_core.verb:set package 'pgo' build argument 'cmake_clean_first' from command line to 'False'
[0.213s] Level 5:colcon.colcon_core.verb:set package 'pgo' build argument 'cmake_force_configure' from command line to 'False'
[0.213s] Level 5:colcon.colcon_core.verb:set package 'pgo' build argument 'ament_cmake_args' from command line to 'None'
[0.213s] Level 5:colcon.colcon_core.verb:set package 'pgo' build argument 'catkin_cmake_args' from command line to 'None'
[0.213s] Level 5:colcon.colcon_core.verb:set package 'pgo' build argument 'catkin_skip_building_tests' from command line to 'False'
[0.213s] DEBUG:colcon.colcon_core.verb:Building package 'pgo' with the following arguments: {'ament_cmake_args': None, 'build_base': '/home/nvidia/ws_fastlio2/build/pgo', 'catkin_cmake_args': None, 'catkin_skip_building_tests': False, 'cmake_args': None, 'cmake_clean_cache': False, 'cmake_clean_first': False, 'cmake_force_configure': False, 'cmake_target': None, 'cmake_target_skip_unavailable': False, 'install_base': '/home/nvidia/ws_fastlio2/install/pgo', 'merge_install': False, 'path': '/home/nvidia/ws_fastlio2/src/fastlio2_ros2/pgo', 'symlink_install': True, 'test_result_base': None}
[0.213s] INFO:colcon.colcon_core.executor:Executing jobs using 'parallel' executor
[0.214s] DEBUG:colcon.colcon_parallel_executor.executor.parallel:run_until_complete
[0.214s] INFO:colcon.colcon_ros.task.ament_cmake.build:Building ROS package in '/home/nvidia/ws_fastlio2/src/fastlio2_ros2/interface' with build type 'ament_cmake'
[0.214s] INFO:colcon.colcon_cmake.task.cmake.build:Building CMake package in '/home/nvidia/ws_fastlio2/src/fastlio2_ros2/interface'
[0.215s] INFO:colcon.colcon_core.plugin_system:Skipping extension 'colcon_core.shell.bat': Not used on non-Windows systems
[0.215s] INFO:colcon.colcon_core.shell:Skip shell extension 'powershell' for command environment: Not usable outside of PowerShell
[0.215s] DEBUG:colcon.colcon_core.shell:Skip shell extension 'dsv' for command environment
[0.218s] INFO:colcon.colcon_ros.task.ament_cmake.build:Building ROS package in '/home/nvidia/ws_fastlio2/src/fastlio2_ros2/fastlio2' with build type 'ament_cmake'
[0.218s] INFO:colcon.colcon_cmake.task.cmake.build:Building CMake package in '/home/nvidia/ws_fastlio2/src/fastlio2_ros2/fastlio2'
[0.218s] INFO:colcon.colcon_core.shell:Skip shell extension 'powershell' for command environment: Not usable outside of PowerShell
[0.218s] DEBUG:colcon.colcon_core.shell:Skip shell extension 'dsv' for command environment
[0.222s] DEBUG:colcon.colcon_core.event_handler.log_command:Invoking command in '/home/nvidia/ws_fastlio2/build/interface': CMAKE_PREFIX_PATH=${CMAKE_PREFIX_PATH}:/home/nvidia/ros2_ws/install/ai_imu_dr_ros:/opt/ros/humble /usr/bin/cmake --build /home/nvidia/ws_fastlio2/build/interface -- -j20 -l20
[0.224s] DEBUG:colcon.colcon_core.event_handler.log_command:Invoking command in '/home/nvidia/ws_fastlio2/build/fastlio2': CMAKE_PREFIX_PATH=${CMAKE_PREFIX_PATH}:/home/nvidia/ros2_ws/install/ai_imu_dr_ros:/opt/ros/humble /usr/bin/cmake /home/nvidia/ws_fastlio2/src/fastlio2_ros2/fastlio2 -DAMENT_CMAKE_SYMLINK_INSTALL=1 -DCMAKE_INSTALL_PREFIX=/home/nvidia/ws_fastlio2/install/fastlio2
[2.112s] DEBUG:colcon.colcon_core.event_handler.log_command:Invoked command in '/home/nvidia/ws_fastlio2/build/interface' returned '0': CMAKE_PREFIX_PATH=${CMAKE_PREFIX_PATH}:/home/nvidia/ros2_ws/install/ai_imu_dr_ros:/opt/ros/humble /usr/bin/cmake --build /home/nvidia/ws_fastlio2/build/interface -- -j20 -l20
[2.117s] DEBUG:colcon.colcon_core.event_handler.log_command:Invoking command in '/home/nvidia/ws_fastlio2/build/interface': CMAKE_PREFIX_PATH=${CMAKE_PREFIX_PATH}:/home/nvidia/ros2_ws/install/ai_imu_dr_ros:/opt/ros/humble /usr/bin/cmake --install /home/nvidia/ws_fastlio2/build/interface
[2.162s] DEBUG:colcon.colcon_core.event_handler.log_command:Invoked command in '/home/nvidia/ws_fastlio2/build/fastlio2' returned '0': CMAKE_PREFIX_PATH=${CMAKE_PREFIX_PATH}:/home/nvidia/ros2_ws/install/ai_imu_dr_ros:/opt/ros/humble /usr/bin/cmake /home/nvidia/ws_fastlio2/src/fastlio2_ros2/fastlio2 -DAMENT_CMAKE_SYMLINK_INSTALL=1 -DCMAKE_INSTALL_PREFIX=/home/nvidia/ws_fastlio2/install/fastlio2
[2.163s] DEBUG:colcon.colcon_core.event_handler.log_command:Invoking command in '/home/nvidia/ws_fastlio2/build/fastlio2': CMAKE_PREFIX_PATH=${CMAKE_PREFIX_PATH}:/home/nvidia/ros2_ws/install/ai_imu_dr_ros:/opt/ros/humble /usr/bin/cmake --build /home/nvidia/ws_fastlio2/build/fastlio2 -- -j20 -l20
[2.939s] Level 1:colcon.colcon_core.environment:create_environment_scripts_only(interface)
[2.940s] DEBUG:colcon.colcon_core.event_handler.log_command:Invoked command in '/home/nvidia/ws_fastlio2/build/interface' returned '0': CMAKE_PREFIX_PATH=${CMAKE_PREFIX_PATH}:/home/nvidia/ros2_ws/install/ai_imu_dr_ros:/opt/ros/humble /usr/bin/cmake --install /home/nvidia/ws_fastlio2/build/interface
[2.942s] Level 1:colcon.colcon_core.environment:checking '/home/nvidia/ws_fastlio2/install/interface' for CMake module files
[2.942s] Level 1:colcon.colcon_core.environment:checking '/home/nvidia/ws_fastlio2/install/interface' for CMake config files
[2.943s] Level 1:colcon.colcon_core.shell:create_environment_hook('interface', 'cmake_prefix_path')
[2.944s] INFO:colcon.colcon_core.shell:Creating environment hook '/home/nvidia/ws_fastlio2/install/interface/share/interface/hook/cmake_prefix_path.ps1'
[2.945s] INFO:colcon.colcon_core.shell:Creating environment descriptor '/home/nvidia/ws_fastlio2/install/interface/share/interface/hook/cmake_prefix_path.dsv'
[2.945s] INFO:colcon.colcon_core.shell:Creating environment hook '/home/nvidia/ws_fastlio2/install/interface/share/interface/hook/cmake_prefix_path.sh'
[2.946s] Level 1:colcon.colcon_core.environment:checking '/home/nvidia/ws_fastlio2/install/interface/lib'
[2.946s] Level 1:colcon.colcon_core.shell:create_environment_hook('interface', 'ld_library_path_lib')
[2.947s] INFO:colcon.colcon_core.shell:Creating environment hook '/home/nvidia/ws_fastlio2/install/interface/share/interface/hook/ld_library_path_lib.ps1'
[2.947s] INFO:colcon.colcon_core.shell:Creating environment descriptor '/home/nvidia/ws_fastlio2/install/interface/share/interface/hook/ld_library_path_lib.dsv'
[2.948s] INFO:colcon.colcon_core.shell:Creating environment hook '/home/nvidia/ws_fastlio2/install/interface/share/interface/hook/ld_library_path_lib.sh'
[2.948s] Level 1:colcon.colcon_core.environment:checking '/home/nvidia/ws_fastlio2/install/interface/bin'
[2.948s] Level 1:colcon.colcon_core.environment:checking '/home/nvidia/ws_fastlio2/install/interface/lib/pkgconfig/interface.pc'
[2.948s] Level 1:colcon.colcon_core.environment:checking '/home/nvidia/ws_fastlio2/install/interface/lib/python3.10/site-packages'
[2.949s] Level 1:colcon.colcon_core.environment:checking '/home/nvidia/ws_fastlio2/install/interface/bin'
[2.949s] INFO:colcon.colcon_core.shell:Creating package script '/home/nvidia/ws_fastlio2/install/interface/share/interface/package.ps1'
[2.950s] INFO:colcon.colcon_core.shell:Creating package descriptor '/home/nvidia/ws_fastlio2/install/interface/share/interface/package.dsv'
[2.951s] INFO:colcon.colcon_core.shell:Creating package script '/home/nvidia/ws_fastlio2/install/interface/share/interface/package.sh'
[2.952s] INFO:colcon.colcon_core.shell:Creating package script '/home/nvidia/ws_fastlio2/install/interface/share/interface/package.bash'
[2.952s] INFO:colcon.colcon_core.shell:Creating package script '/home/nvidia/ws_fastlio2/install/interface/share/interface/package.zsh'
[2.953s] Level 1:colcon.colcon_core.environment:create_file_with_runtime_dependencies(/home/nvidia/ws_fastlio2/install/interface/share/colcon-core/packages/interface)
[2.953s] Level 1:colcon.colcon_core.environment:create_environment_scripts_only(interface)
[2.954s] Level 1:colcon.colcon_core.environment:checking '/home/nvidia/ws_fastlio2/install/interface' for CMake module files
[2.954s] Level 1:colcon.colcon_core.environment:checking '/home/nvidia/ws_fastlio2/install/interface' for CMake config files
[2.955s] Level 1:colcon.colcon_core.shell:create_environment_hook('interface', 'cmake_prefix_path')
[2.955s] INFO:colcon.colcon_core.shell:Creating environment hook '/home/nvidia/ws_fastlio2/install/interface/share/interface/hook/cmake_prefix_path.ps1'
[2.956s] INFO:colcon.colcon_core.shell:Creating environment descriptor '/home/nvidia/ws_fastlio2/install/interface/share/interface/hook/cmake_prefix_path.dsv'
[2.956s] INFO:colcon.colcon_core.shell:Creating environment hook '/home/nvidia/ws_fastlio2/install/interface/share/interface/hook/cmake_prefix_path.sh'
[2.957s] Level 1:colcon.colcon_core.environment:checking '/home/nvidia/ws_fastlio2/install/interface/lib'
[2.957s] Level 1:colcon.colcon_core.shell:create_environment_hook('interface', 'ld_library_path_lib')
[2.957s] INFO:colcon.colcon_core.shell:Creating environment hook '/home/nvidia/ws_fastlio2/install/interface/share/interface/hook/ld_library_path_lib.ps1'
[2.957s] INFO:colcon.colcon_core.shell:Creating environment descriptor '/home/nvidia/ws_fastlio2/install/interface/share/interface/hook/ld_library_path_lib.dsv'
[2.958s] INFO:colcon.colcon_core.shell:Creating environment hook '/home/nvidia/ws_fastlio2/install/interface/share/interface/hook/ld_library_path_lib.sh'
[2.958s] Level 1:colcon.colcon_core.environment:checking '/home/nvidia/ws_fastlio2/install/interface/bin'
[2.958s] Level 1:colcon.colcon_core.environment:checking '/home/nvidia/ws_fastlio2/install/interface/lib/pkgconfig/interface.pc'
[2.958s] Level 1:colcon.colcon_core.environment:checking '/home/nvidia/ws_fastlio2/install/interface/lib/python3.10/site-packages'
[2.959s] Level 1:colcon.colcon_core.environment:checking '/home/nvidia/ws_fastlio2/install/interface/bin'
[2.959s] INFO:colcon.colcon_core.shell:Creating package script '/home/nvidia/ws_fastlio2/install/interface/share/interface/package.ps1'
[2.959s] INFO:colcon.colcon_core.shell:Creating package descriptor '/home/nvidia/ws_fastlio2/install/interface/share/interface/package.dsv'
[2.960s] INFO:colcon.colcon_core.shell:Creating package script '/home/nvidia/ws_fastlio2/install/interface/share/interface/package.sh'
[2.960s] INFO:colcon.colcon_core.shell:Creating package script '/home/nvidia/ws_fastlio2/install/interface/share/interface/package.bash'
[2.961s] INFO:colcon.colcon_core.shell:Creating package script '/home/nvidia/ws_fastlio2/install/interface/share/interface/package.zsh'
[2.961s] Level 1:colcon.colcon_core.environment:create_file_with_runtime_dependencies(/home/nvidia/ws_fastlio2/install/interface/share/colcon-core/packages/interface)
[2.961s] INFO:colcon.colcon_ros.task.ament_cmake.build:Building ROS package in '/home/nvidia/ws_fastlio2/src/fastlio2_ros2/hba' with build type 'ament_cmake'
[2.961s] INFO:colcon.colcon_cmake.task.cmake.build:Building CMake package in '/home/nvidia/ws_fastlio2/src/fastlio2_ros2/hba'
[2.962s] INFO:colcon.colcon_core.shell:Skip shell extension 'powershell' for command environment: Not usable outside of PowerShell
[2.962s] DEBUG:colcon.colcon_core.shell:Skip shell extension 'dsv' for command environment
[2.966s] INFO:colcon.colcon_ros.task.ament_cmake.build:Building ROS package in '/home/nvidia/ws_fastlio2/src/fastlio2_ros2/localizer' with build type 'ament_cmake'
[2.966s] INFO:colcon.colcon_cmake.task.cmake.build:Building CMake package in '/home/nvidia/ws_fastlio2/src/fastlio2_ros2/localizer'
[2.966s] INFO:colcon.colcon_core.shell:Skip shell extension 'powershell' for command environment: Not usable outside of PowerShell
[2.966s] DEBUG:colcon.colcon_core.shell:Skip shell extension 'dsv' for command environment
[2.970s] INFO:colcon.colcon_ros.task.ament_cmake.build:Building ROS package in '/home/nvidia/ws_fastlio2/src/fastlio2_ros2/pgo' with build type 'ament_cmake'
[2.970s] INFO:colcon.colcon_cmake.task.cmake.build:Building CMake package in '/home/nvidia/ws_fastlio2/src/fastlio2_ros2/pgo'
[2.971s] INFO:colcon.colcon_core.shell:Skip shell extension 'powershell' for command environment: Not usable outside of PowerShell
[2.971s] DEBUG:colcon.colcon_core.shell:Skip shell extension 'dsv' for command environment
[2.978s] DEBUG:colcon.colcon_core.event_handler.log_command:Invoking command in '/home/nvidia/ws_fastlio2/build/hba': AMENT_PREFIX_PATH=/home/nvidia/ws_fastlio2/install/interface:${AMENT_PREFIX_PATH} CMAKE_PREFIX_PATH=/home/nvidia/ws_fastlio2/install/interface:/home/nvidia/ws_livox/install/livox_ros_driver2:/home/nvidia/5.1-ros2_ws/install/yhs_can_control:/home/nvidia/5.1-ros2_ws/install/yhs_can_interfaces:/home/nvidia/ros2_ws/install/yhs_chassis_description:/home/nvidia/ros2_ws/install/ai_imu_dr_ros:/opt/ros/humble LD_LIBRARY_PATH=/home/nvidia/ws_fastlio2/install/interface/lib:${LD_LIBRARY_PATH} PYTHONPATH=/home/nvidia/ws_fastlio2/install/interface/local/lib/python3.10/dist-packages:${PYTHONPATH} /usr/bin/cmake /home/nvidia/ws_fastlio2/src/fastlio2_ros2/hba -DAMENT_CMAKE_SYMLINK_INSTALL=1 -DCMAKE_INSTALL_PREFIX=/home/nvidia/ws_fastlio2/install/hba
[2.981s] DEBUG:colcon.colcon_core.event_handler.log_command:Invoking command in '/home/nvidia/ws_fastlio2/build/localizer': AMENT_PREFIX_PATH=/home/nvidia/ws_fastlio2/install/interface:${AMENT_PREFIX_PATH} CMAKE_PREFIX_PATH=/home/nvidia/ws_fastlio2/install/interface:/home/nvidia/ws_livox/install/livox_ros_driver2:/home/nvidia/5.1-ros2_ws/install/yhs_can_control:/home/nvidia/5.1-ros2_ws/install/yhs_can_interfaces:/home/nvidia/ros2_ws/install/yhs_chassis_description:/home/nvidia/ros2_ws/install/ai_imu_dr_ros:/opt/ros/humble LD_LIBRARY_PATH=/home/nvidia/ws_fastlio2/install/interface/lib:${LD_LIBRARY_PATH} PYTHONPATH=/home/nvidia/ws_fastlio2/install/interface/local/lib/python3.10/dist-packages:${PYTHONPATH} /usr/bin/cmake /home/nvidia/ws_fastlio2/src/fastlio2_ros2/localizer -DAMENT_CMAKE_SYMLINK_INSTALL=1 -DCMAKE_INSTALL_PREFIX=/home/nvidia/ws_fastlio2/install/localizer
[2.983s] DEBUG:colcon.colcon_core.event_handler.log_command:Invoking command in '/home/nvidia/ws_fastlio2/build/pgo': AMENT_PREFIX_PATH=/home/nvidia/ws_fastlio2/install/interface:${AMENT_PREFIX_PATH} CMAKE_PREFIX_PATH=/home/nvidia/ws_fastlio2/install/interface:/home/nvidia/ws_livox/install/livox_ros_driver2:/home/nvidia/5.1-ros2_ws/install/yhs_can_control:/home/nvidia/5.1-ros2_ws/install/yhs_can_interfaces:/home/nvidia/ros2_ws/install/yhs_chassis_description:/home/nvidia/ros2_ws/install/ai_imu_dr_ros:/opt/ros/humble LD_LIBRARY_PATH=/home/nvidia/ws_fastlio2/install/interface/lib:${LD_LIBRARY_PATH} PYTHONPATH=/home/nvidia/ws_fastlio2/install/interface/local/lib/python3.10/dist-packages:${PYTHONPATH} /usr/bin/cmake /home/nvidia/ws_fastlio2/src/fastlio2_ros2/pgo -DAMENT_CMAKE_SYMLINK_INSTALL=1 -DCMAKE_INSTALL_PREFIX=/home/nvidia/ws_fastlio2/install/pgo
[5.360s] DEBUG:colcon.colcon_core.event_handler.log_command:Invoked command in '/home/nvidia/ws_fastlio2/build/pgo' returned '0': AMENT_PREFIX_PATH=/home/nvidia/ws_fastlio2/install/interface:${AMENT_PREFIX_PATH} CMAKE_PREFIX_PATH=/home/nvidia/ws_fastlio2/install/interface:/home/nvidia/ws_livox/install/livox_ros_driver2:/home/nvidia/5.1-ros2_ws/install/yhs_can_control:/home/nvidia/5.1-ros2_ws/install/yhs_can_interfaces:/home/nvidia/ros2_ws/install/yhs_chassis_description:/home/nvidia/ros2_ws/install/ai_imu_dr_ros:/opt/ros/humble LD_LIBRARY_PATH=/home/nvidia/ws_fastlio2/install/interface/lib:${LD_LIBRARY_PATH} PYTHONPATH=/home/nvidia/ws_fastlio2/install/interface/local/lib/python3.10/dist-packages:${PYTHONPATH} /usr/bin/cmake /home/nvidia/ws_fastlio2/src/fastlio2_ros2/pgo -DAMENT_CMAKE_SYMLINK_INSTALL=1 -DCMAKE_INSTALL_PREFIX=/home/nvidia/ws_fastlio2/install/pgo
[5.361s] DEBUG:colcon.colcon_core.event_handler.log_command:Invoking command in '/home/nvidia/ws_fastlio2/build/pgo': AMENT_PREFIX_PATH=/home/nvidia/ws_fastlio2/install/interface:${AMENT_PREFIX_PATH} CMAKE_PREFIX_PATH=/home/nvidia/ws_fastlio2/install/interface:/home/nvidia/ws_livox/install/livox_ros_driver2:/home/nvidia/5.1-ros2_ws/install/yhs_can_control:/home/nvidia/5.1-ros2_ws/install/yhs_can_interfaces:/home/nvidia/ros2_ws/install/yhs_chassis_description:/home/nvidia/ros2_ws/install/ai_imu_dr_ros:/opt/ros/humble LD_LIBRARY_PATH=/home/nvidia/ws_fastlio2/install/interface/lib:${LD_LIBRARY_PATH} PYTHONPATH=/home/nvidia/ws_fastlio2/install/interface/local/lib/python3.10/dist-packages:${PYTHONPATH} /usr/bin/cmake --build /home/nvidia/ws_fastlio2/build/pgo -- -j20 -l20
[5.422s] DEBUG:colcon.colcon_core.event_handler.log_command:Invoked command in '/home/nvidia/ws_fastlio2/build/localizer' returned '0': AMENT_PREFIX_PATH=/home/nvidia/ws_fastlio2/install/interface:${AMENT_PREFIX_PATH} CMAKE_PREFIX_PATH=/home/nvidia/ws_fastlio2/install/interface:/home/nvidia/ws_livox/install/livox_ros_driver2:/home/nvidia/5.1-ros2_ws/install/yhs_can_control:/home/nvidia/5.1-ros2_ws/install/yhs_can_interfaces:/home/nvidia/ros2_ws/install/yhs_chassis_description:/home/nvidia/ros2_ws/install/ai_imu_dr_ros:/opt/ros/humble LD_LIBRARY_PATH=/home/nvidia/ws_fastlio2/install/interface/lib:${LD_LIBRARY_PATH} PYTHONPATH=/home/nvidia/ws_fastlio2/install/interface/local/lib/python3.10/dist-packages:${PYTHONPATH} /usr/bin/cmake /home/nvidia/ws_fastlio2/src/fastlio2_ros2/localizer -DAMENT_CMAKE_SYMLINK_INSTALL=1 -DCMAKE_INSTALL_PREFIX=/home/nvidia/ws_fastlio2/install/localizer
[5.424s] DEBUG:colcon.colcon_core.event_handler.log_command:Invoking command in '/home/nvidia/ws_fastlio2/build/localizer': AMENT_PREFIX_PATH=/home/nvidia/ws_fastlio2/install/interface:${AMENT_PREFIX_PATH} CMAKE_PREFIX_PATH=/home/nvidia/ws_fastlio2/install/interface:/home/nvidia/ws_livox/install/livox_ros_driver2:/home/nvidia/5.1-ros2_ws/install/yhs_can_control:/home/nvidia/5.1-ros2_ws/install/yhs_can_interfaces:/home/nvidia/ros2_ws/install/yhs_chassis_description:/home/nvidia/ros2_ws/install/ai_imu_dr_ros:/opt/ros/humble LD_LIBRARY_PATH=/home/nvidia/ws_fastlio2/install/interface/lib:${LD_LIBRARY_PATH} PYTHONPATH=/home/nvidia/ws_fastlio2/install/interface/local/lib/python3.10/dist-packages:${PYTHONPATH} /usr/bin/cmake --build /home/nvidia/ws_fastlio2/build/localizer -- -j20 -l20
[5.643s] DEBUG:colcon.colcon_core.event_handler.log_command:Invoked command in '/home/nvidia/ws_fastlio2/build/hba' returned '0': AMENT_PREFIX_PATH=/home/nvidia/ws_fastlio2/install/interface:${AMENT_PREFIX_PATH} CMAKE_PREFIX_PATH=/home/nvidia/ws_fastlio2/install/interface:/home/nvidia/ws_livox/install/livox_ros_driver2:/home/nvidia/5.1-ros2_ws/install/yhs_can_control:/home/nvidia/5.1-ros2_ws/install/yhs_can_interfaces:/home/nvidia/ros2_ws/install/yhs_chassis_description:/home/nvidia/ros2_ws/install/ai_imu_dr_ros:/opt/ros/humble LD_LIBRARY_PATH=/home/nvidia/ws_fastlio2/install/interface/lib:${LD_LIBRARY_PATH} PYTHONPATH=/home/nvidia/ws_fastlio2/install/interface/local/lib/python3.10/dist-packages:${PYTHONPATH} /usr/bin/cmake /home/nvidia/ws_fastlio2/src/fastlio2_ros2/hba -DAMENT_CMAKE_SYMLINK_INSTALL=1 -DCMAKE_INSTALL_PREFIX=/home/nvidia/ws_fastlio2/install/hba
[5.645s] DEBUG:colcon.colcon_core.event_handler.log_command:Invoking command in '/home/nvidia/ws_fastlio2/build/hba': AMENT_PREFIX_PATH=/home/nvidia/ws_fastlio2/install/interface:${AMENT_PREFIX_PATH} CMAKE_PREFIX_PATH=/home/nvidia/ws_fastlio2/install/interface:/home/nvidia/ws_livox/install/livox_ros_driver2:/home/nvidia/5.1-ros2_ws/install/yhs_can_control:/home/nvidia/5.1-ros2_ws/install/yhs_can_interfaces:/home/nvidia/ros2_ws/install/yhs_chassis_description:/home/nvidia/ros2_ws/install/ai_imu_dr_ros:/opt/ros/humble LD_LIBRARY_PATH=/home/nvidia/ws_fastlio2/install/interface/lib:${LD_LIBRARY_PATH} PYTHONPATH=/home/nvidia/ws_fastlio2/install/interface/local/lib/python3.10/dist-packages:${PYTHONPATH} /usr/bin/cmake --build /home/nvidia/ws_fastlio2/build/hba -- -j20 -l20
[19.401s] DEBUG:colcon.colcon_core.event_handler.log_command:Invoked command in '/home/nvidia/ws_fastlio2/build/hba' returned '0': AMENT_PREFIX_PATH=/home/nvidia/ws_fastlio2/install/interface:${AMENT_PREFIX_PATH} CMAKE_PREFIX_PATH=/home/nvidia/ws_fastlio2/install/interface:/home/nvidia/ws_livox/install/livox_ros_driver2:/home/nvidia/5.1-ros2_ws/install/yhs_can_control:/home/nvidia/5.1-ros2_ws/install/yhs_can_interfaces:/home/nvidia/ros2_ws/install/yhs_chassis_description:/home/nvidia/ros2_ws/install/ai_imu_dr_ros:/opt/ros/humble LD_LIBRARY_PATH=/home/nvidia/ws_fastlio2/install/interface/lib:${LD_LIBRARY_PATH} PYTHONPATH=/home/nvidia/ws_fastlio2/install/interface/local/lib/python3.10/dist-packages:${PYTHONPATH} /usr/bin/cmake --build /home/nvidia/ws_fastlio2/build/hba -- -j20 -l20
[19.403s] DEBUG:colcon.colcon_core.event_handler.log_command:Invoking command in '/home/nvidia/ws_fastlio2/build/hba': AMENT_PREFIX_PATH=/home/nvidia/ws_fastlio2/install/interface:${AMENT_PREFIX_PATH} CMAKE_PREFIX_PATH=/home/nvidia/ws_fastlio2/install/interface:/home/nvidia/ws_livox/install/livox_ros_driver2:/home/nvidia/5.1-ros2_ws/install/yhs_can_control:/home/nvidia/5.1-ros2_ws/install/yhs_can_interfaces:/home/nvidia/ros2_ws/install/yhs_chassis_description:/home/nvidia/ros2_ws/install/ai_imu_dr_ros:/opt/ros/humble LD_LIBRARY_PATH=/home/nvidia/ws_fastlio2/install/interface/lib:${LD_LIBRARY_PATH} PYTHONPATH=/home/nvidia/ws_fastlio2/install/interface/local/lib/python3.10/dist-packages:${PYTHONPATH} /usr/bin/cmake --install /home/nvidia/ws_fastlio2/build/hba
[19.501s] Level 1:colcon.colcon_core.environment:create_environment_scripts_only(hba)
[19.502s] Level 1:colcon.colcon_core.environment:checking '/home/nvidia/ws_fastlio2/install/hba' for CMake module files
[19.502s] DEBUG:colcon.colcon_core.event_handler.log_command:Invoked command in '/home/nvidia/ws_fastlio2/build/hba' returned '0': AMENT_PREFIX_PATH=/home/nvidia/ws_fastlio2/install/interface:${AMENT_PREFIX_PATH} CMAKE_PREFIX_PATH=/home/nvidia/ws_fastlio2/install/interface:/home/nvidia/ws_livox/install/livox_ros_driver2:/home/nvidia/5.1-ros2_ws/install/yhs_can_control:/home/nvidia/5.1-ros2_ws/install/yhs_can_interfaces:/home/nvidia/ros2_ws/install/yhs_chassis_description:/home/nvidia/ros2_ws/install/ai_imu_dr_ros:/opt/ros/humble LD_LIBRARY_PATH=/home/nvidia/ws_fastlio2/install/interface/lib:${LD_LIBRARY_PATH} PYTHONPATH=/home/nvidia/ws_fastlio2/install/interface/local/lib/python3.10/dist-packages:${PYTHONPATH} /usr/bin/cmake --install /home/nvidia/ws_fastlio2/build/hba
[19.503s] Level 1:colcon.colcon_core.environment:checking '/home/nvidia/ws_fastlio2/install/hba' for CMake config files
[19.503s] Level 1:colcon.colcon_core.shell:create_environment_hook('hba', 'cmake_prefix_path')
[19.503s] INFO:colcon.colcon_core.shell:Creating environment hook '/home/nvidia/ws_fastlio2/install/hba/share/hba/hook/cmake_prefix_path.ps1'
[19.504s] INFO:colcon.colcon_core.shell:Creating environment descriptor '/home/nvidia/ws_fastlio2/install/hba/share/hba/hook/cmake_prefix_path.dsv'
[19.504s] INFO:colcon.colcon_core.shell:Creating environment hook '/home/nvidia/ws_fastlio2/install/hba/share/hba/hook/cmake_prefix_path.sh'
[19.504s] Level 1:colcon.colcon_core.environment:checking '/home/nvidia/ws_fastlio2/install/hba/lib'
[19.504s] Level 1:colcon.colcon_core.environment:checking '/home/nvidia/ws_fastlio2/install/hba/bin'
[19.504s] Level 1:colcon.colcon_core.environment:checking '/home/nvidia/ws_fastlio2/install/hba/lib/pkgconfig/hba.pc'
[19.505s] Level 1:colcon.colcon_core.environment:checking '/home/nvidia/ws_fastlio2/install/hba/lib/python3.10/site-packages'
[19.505s] Level 1:colcon.colcon_core.environment:checking '/home/nvidia/ws_fastlio2/install/hba/bin'
[19.505s] INFO:colcon.colcon_core.shell:Creating package script '/home/nvidia/ws_fastlio2/install/hba/share/hba/package.ps1'
[19.505s] INFO:colcon.colcon_core.shell:Creating package descriptor '/home/nvidia/ws_fastlio2/install/hba/share/hba/package.dsv'
[19.506s] INFO:colcon.colcon_core.shell:Creating package script '/home/nvidia/ws_fastlio2/install/hba/share/hba/package.sh'
[19.506s] INFO:colcon.colcon_core.shell:Creating package script '/home/nvidia/ws_fastlio2/install/hba/share/hba/package.bash'
[19.506s] INFO:colcon.colcon_core.shell:Creating package script '/home/nvidia/ws_fastlio2/install/hba/share/hba/package.zsh'
[19.506s] Level 1:colcon.colcon_core.environment:create_file_with_runtime_dependencies(/home/nvidia/ws_fastlio2/install/hba/share/colcon-core/packages/hba)
[19.506s] Level 1:colcon.colcon_core.environment:create_environment_scripts_only(hba)
[19.507s] Level 1:colcon.colcon_core.environment:checking '/home/nvidia/ws_fastlio2/install/hba' for CMake module files
[19.507s] Level 1:colcon.colcon_core.environment:checking '/home/nvidia/ws_fastlio2/install/hba' for CMake config files
[19.507s] Level 1:colcon.colcon_core.shell:create_environment_hook('hba', 'cmake_prefix_path')
[19.507s] INFO:colcon.colcon_core.shell:Creating environment hook '/home/nvidia/ws_fastlio2/install/hba/share/hba/hook/cmake_prefix_path.ps1'
[19.507s] INFO:colcon.colcon_core.shell:Creating environment descriptor '/home/nvidia/ws_fastlio2/install/hba/share/hba/hook/cmake_prefix_path.dsv'
[19.507s] INFO:colcon.colcon_core.shell:Creating environment hook '/home/nvidia/ws_fastlio2/install/hba/share/hba/hook/cmake_prefix_path.sh'
[19.508s] Level 1:colcon.colcon_core.environment:checking '/home/nvidia/ws_fastlio2/install/hba/lib'
[19.508s] Level 1:colcon.colcon_core.environment:checking '/home/nvidia/ws_fastlio2/install/hba/bin'
[19.508s] Level 1:colcon.colcon_core.environment:checking '/home/nvidia/ws_fastlio2/install/hba/lib/pkgconfig/hba.pc'
[19.508s] Level 1:colcon.colcon_core.environment:checking '/home/nvidia/ws_fastlio2/install/hba/lib/python3.10/site-packages'
[19.508s] Level 1:colcon.colcon_core.environment:checking '/home/nvidia/ws_fastlio2/install/hba/bin'
[19.508s] INFO:colcon.colcon_core.shell:Creating package script '/home/nvidia/ws_fastlio2/install/hba/share/hba/package.ps1'
[19.509s] INFO:colcon.colcon_core.shell:Creating package descriptor '/home/nvidia/ws_fastlio2/install/hba/share/hba/package.dsv'
[19.509s] INFO:colcon.colcon_core.shell:Creating package script '/home/nvidia/ws_fastlio2/install/hba/share/hba/package.sh'
[19.509s] INFO:colcon.colcon_core.shell:Creating package script '/home/nvidia/ws_fastlio2/install/hba/share/hba/package.bash'
[19.509s] INFO:colcon.colcon_core.shell:Creating package script '/home/nvidia/ws_fastlio2/install/hba/share/hba/package.zsh'
[19.510s] Level 1:colcon.colcon_core.environment:create_file_with_runtime_dependencies(/home/nvidia/ws_fastlio2/install/hba/share/colcon-core/packages/hba)
[20.624s] DEBUG:colcon.colcon_core.event_handler.log_command:Invoked command in '/home/nvidia/ws_fastlio2/build/fastlio2' returned '0': CMAKE_PREFIX_PATH=${CMAKE_PREFIX_PATH}:/home/nvidia/ros2_ws/install/ai_imu_dr_ros:/opt/ros/humble /usr/bin/cmake --build /home/nvidia/ws_fastlio2/build/fastlio2 -- -j20 -l20
[20.625s] DEBUG:colcon.colcon_core.event_handler.log_command:Invoking command in '/home/nvidia/ws_fastlio2/build/fastlio2': CMAKE_PREFIX_PATH=${CMAKE_PREFIX_PATH}:/home/nvidia/ros2_ws/install/ai_imu_dr_ros:/opt/ros/humble /usr/bin/cmake --install /home/nvidia/ws_fastlio2/build/fastlio2
[20.713s] Level 1:colcon.colcon_core.environment:create_environment_scripts_only(fastlio2)
[20.713s] Level 1:colcon.colcon_core.environment:checking '/home/nvidia/ws_fastlio2/install/fastlio2' for CMake module files
[20.713s] DEBUG:colcon.colcon_core.event_handler.log_command:Invoked command in '/home/nvidia/ws_fastlio2/build/fastlio2' returned '0': CMAKE_PREFIX_PATH=${CMAKE_PREFIX_PATH}:/home/nvidia/ros2_ws/install/ai_imu_dr_ros:/opt/ros/humble /usr/bin/cmake --install /home/nvidia/ws_fastlio2/build/fastlio2
[20.714s] Level 1:colcon.colcon_core.environment:checking '/home/nvidia/ws_fastlio2/install/fastlio2' for CMake config files
[20.714s] Level 1:colcon.colcon_core.shell:create_environment_hook('fastlio2', 'cmake_prefix_path')
[20.714s] INFO:colcon.colcon_core.shell:Creating environment hook '/home/nvidia/ws_fastlio2/install/fastlio2/share/fastlio2/hook/cmake_prefix_path.ps1'
[20.714s] INFO:colcon.colcon_core.shell:Creating environment descriptor '/home/nvidia/ws_fastlio2/install/fastlio2/share/fastlio2/hook/cmake_prefix_path.dsv'
[20.715s] INFO:colcon.colcon_core.shell:Creating environment hook '/home/nvidia/ws_fastlio2/install/fastlio2/share/fastlio2/hook/cmake_prefix_path.sh'
[20.715s] Level 1:colcon.colcon_core.environment:checking '/home/nvidia/ws_fastlio2/install/fastlio2/lib'
[20.715s] Level 1:colcon.colcon_core.environment:checking '/home/nvidia/ws_fastlio2/install/fastlio2/bin'
[20.715s] Level 1:colcon.colcon_core.environment:checking '/home/nvidia/ws_fastlio2/install/fastlio2/lib/pkgconfig/fastlio2.pc'
[20.715s] Level 1:colcon.colcon_core.environment:checking '/home/nvidia/ws_fastlio2/install/fastlio2/lib/python3.10/site-packages'
[20.715s] Level 1:colcon.colcon_core.environment:checking '/home/nvidia/ws_fastlio2/install/fastlio2/bin'
[20.716s] INFO:colcon.colcon_core.shell:Creating package script '/home/nvidia/ws_fastlio2/install/fastlio2/share/fastlio2/package.ps1'
[20.716s] INFO:colcon.colcon_core.shell:Creating package descriptor '/home/nvidia/ws_fastlio2/install/fastlio2/share/fastlio2/package.dsv'
[20.716s] INFO:colcon.colcon_core.shell:Creating package script '/home/nvidia/ws_fastlio2/install/fastlio2/share/fastlio2/package.sh'
[20.716s] INFO:colcon.colcon_core.shell:Creating package script '/home/nvidia/ws_fastlio2/install/fastlio2/share/fastlio2/package.bash'
[20.716s] INFO:colcon.colcon_core.shell:Creating package script '/home/nvidia/ws_fastlio2/install/fastlio2/share/fastlio2/package.zsh'
[20.717s] Level 1:colcon.colcon_core.environment:create_file_with_runtime_dependencies(/home/nvidia/ws_fastlio2/install/fastlio2/share/colcon-core/packages/fastlio2)
[20.717s] Level 1:colcon.colcon_core.environment:create_environment_scripts_only(fastlio2)
[20.717s] Level 1:colcon.colcon_core.environment:checking '/home/nvidia/ws_fastlio2/install/fastlio2' for CMake module files
[20.717s] Level 1:colcon.colcon_core.environment:checking '/home/nvidia/ws_fastlio2/install/fastlio2' for CMake config files
[20.718s] Level 1:colcon.colcon_core.shell:create_environment_hook('fastlio2', 'cmake_prefix_path')
[20.718s] INFO:colcon.colcon_core.shell:Creating environment hook '/home/nvidia/ws_fastlio2/install/fastlio2/share/fastlio2/hook/cmake_prefix_path.ps1'
[20.718s] INFO:colcon.colcon_core.shell:Creating environment descriptor '/home/nvidia/ws_fastlio2/install/fastlio2/share/fastlio2/hook/cmake_prefix_path.dsv'
[20.718s] INFO:colcon.colcon_core.shell:Creating environment hook '/home/nvidia/ws_fastlio2/install/fastlio2/share/fastlio2/hook/cmake_prefix_path.sh'
[20.718s] Level 1:colcon.colcon_core.environment:checking '/home/nvidia/ws_fastlio2/install/fastlio2/lib'
[20.718s] Level 1:colcon.colcon_core.environment:checking '/home/nvidia/ws_fastlio2/install/fastlio2/bin'
[20.718s] Level 1:colcon.colcon_core.environment:checking '/home/nvidia/ws_fastlio2/install/fastlio2/lib/pkgconfig/fastlio2.pc'
[20.719s] Level 1:colcon.colcon_core.environment:checking '/home/nvidia/ws_fastlio2/install/fastlio2/lib/python3.10/site-packages'
[20.719s] Level 1:colcon.colcon_core.environment:checking '/home/nvidia/ws_fastlio2/install/fastlio2/bin'
[20.719s] INFO:colcon.colcon_core.shell:Creating package script '/home/nvidia/ws_fastlio2/install/fastlio2/share/fastlio2/package.ps1'
[20.719s] INFO:colcon.colcon_core.shell:Creating package descriptor '/home/nvidia/ws_fastlio2/install/fastlio2/share/fastlio2/package.dsv'
[20.719s] INFO:colcon.colcon_core.shell:Creating package script '/home/nvidia/ws_fastlio2/install/fastlio2/share/fastlio2/package.sh'
[20.720s] INFO:colcon.colcon_core.shell:Creating package script '/home/nvidia/ws_fastlio2/install/fastlio2/share/fastlio2/package.bash'
[20.720s] INFO:colcon.colcon_core.shell:Creating package script '/home/nvidia/ws_fastlio2/install/fastlio2/share/fastlio2/package.zsh'
[20.720s] Level 1:colcon.colcon_core.environment:create_file_with_runtime_dependencies(/home/nvidia/ws_fastlio2/install/fastlio2/share/colcon-core/packages/fastlio2)
[26.582s] DEBUG:colcon.colcon_core.event_handler.log_command:Invoked command in '/home/nvidia/ws_fastlio2/build/localizer' returned '0': AMENT_PREFIX_PATH=/home/nvidia/ws_fastlio2/install/interface:${AMENT_PREFIX_PATH} CMAKE_PREFIX_PATH=/home/nvidia/ws_fastlio2/install/interface:/home/nvidia/ws_livox/install/livox_ros_driver2:/home/nvidia/5.1-ros2_ws/install/yhs_can_control:/home/nvidia/5.1-ros2_ws/install/yhs_can_interfaces:/home/nvidia/ros2_ws/install/yhs_chassis_description:/home/nvidia/ros2_ws/install/ai_imu_dr_ros:/opt/ros/humble LD_LIBRARY_PATH=/home/nvidia/ws_fastlio2/install/interface/lib:${LD_LIBRARY_PATH} PYTHONPATH=/home/nvidia/ws_fastlio2/install/interface/local/lib/python3.10/dist-packages:${PYTHONPATH} /usr/bin/cmake --build /home/nvidia/ws_fastlio2/build/localizer -- -j20 -l20
[26.583s] DEBUG:colcon.colcon_core.event_handler.log_command:Invoking command in '/home/nvidia/ws_fastlio2/build/localizer': AMENT_PREFIX_PATH=/home/nvidia/ws_fastlio2/install/interface:${AMENT_PREFIX_PATH} CMAKE_PREFIX_PATH=/home/nvidia/ws_fastlio2/install/interface:/home/nvidia/ws_livox/install/livox_ros_driver2:/home/nvidia/5.1-ros2_ws/install/yhs_can_control:/home/nvidia/5.1-ros2_ws/install/yhs_can_interfaces:/home/nvidia/ros2_ws/install/yhs_chassis_description:/home/nvidia/ros2_ws/install/ai_imu_dr_ros:/opt/ros/humble LD_LIBRARY_PATH=/home/nvidia/ws_fastlio2/install/interface/lib:${LD_LIBRARY_PATH} PYTHONPATH=/home/nvidia/ws_fastlio2/install/interface/local/lib/python3.10/dist-packages:${PYTHONPATH} /usr/bin/cmake --install /home/nvidia/ws_fastlio2/build/localizer
[26.669s] Level 1:colcon.colcon_core.environment:create_environment_scripts_only(localizer)
[26.669s] Level 1:colcon.colcon_core.environment:checking '/home/nvidia/ws_fastlio2/install/localizer' for CMake module files
[26.670s] DEBUG:colcon.colcon_core.event_handler.log_command:Invoked command in '/home/nvidia/ws_fastlio2/build/localizer' returned '0': AMENT_PREFIX_PATH=/home/nvidia/ws_fastlio2/install/interface:${AMENT_PREFIX_PATH} CMAKE_PREFIX_PATH=/home/nvidia/ws_fastlio2/install/interface:/home/nvidia/ws_livox/install/livox_ros_driver2:/home/nvidia/5.1-ros2_ws/install/yhs_can_control:/home/nvidia/5.1-ros2_ws/install/yhs_can_interfaces:/home/nvidia/ros2_ws/install/yhs_chassis_description:/home/nvidia/ros2_ws/install/ai_imu_dr_ros:/opt/ros/humble LD_LIBRARY_PATH=/home/nvidia/ws_fastlio2/install/interface/lib:${LD_LIBRARY_PATH} PYTHONPATH=/home/nvidia/ws_fastlio2/install/interface/local/lib/python3.10/dist-packages:${PYTHONPATH} /usr/bin/cmake --install /home/nvidia/ws_fastlio2/build/localizer
[26.670s] Level 1:colcon.colcon_core.environment:checking '/home/nvidia/ws_fastlio2/install/localizer' for CMake config files
[26.670s] Level 1:colcon.colcon_core.shell:create_environment_hook('localizer', 'cmake_prefix_path')
[26.670s] INFO:colcon.colcon_core.shell:Creating environment hook '/home/nvidia/ws_fastlio2/install/localizer/share/localizer/hook/cmake_prefix_path.ps1'
[26.671s] INFO:colcon.colcon_core.shell:Creating environment descriptor '/home/nvidia/ws_fastlio2/install/localizer/share/localizer/hook/cmake_prefix_path.dsv'
[26.671s] INFO:colcon.colcon_core.shell:Creating environment hook '/home/nvidia/ws_fastlio2/install/localizer/share/localizer/hook/cmake_prefix_path.sh'
[26.671s] Level 1:colcon.colcon_core.environment:checking '/home/nvidia/ws_fastlio2/install/localizer/lib'
[26.671s] Level 1:colcon.colcon_core.environment:checking '/home/nvidia/ws_fastlio2/install/localizer/bin'
[26.671s] Level 1:colcon.colcon_core.environment:checking '/home/nvidia/ws_fastlio2/install/localizer/lib/pkgconfig/localizer.pc'
[26.671s] Level 1:colcon.colcon_core.environment:checking '/home/nvidia/ws_fastlio2/install/localizer/lib/python3.10/site-packages'
[26.671s] Level 1:colcon.colcon_core.environment:checking '/home/nvidia/ws_fastlio2/install/localizer/bin'
[26.672s] INFO:colcon.colcon_core.shell:Creating package script '/home/nvidia/ws_fastlio2/install/localizer/share/localizer/package.ps1'
[26.672s] INFO:colcon.colcon_core.shell:Creating package descriptor '/home/nvidia/ws_fastlio2/install/localizer/share/localizer/package.dsv'
[26.672s] INFO:colcon.colcon_core.shell:Creating package script '/home/nvidia/ws_fastlio2/install/localizer/share/localizer/package.sh'
[26.672s] INFO:colcon.colcon_core.shell:Creating package script '/home/nvidia/ws_fastlio2/install/localizer/share/localizer/package.bash'
[26.672s] INFO:colcon.colcon_core.shell:Creating package script '/home/nvidia/ws_fastlio2/install/localizer/share/localizer/package.zsh'
[26.673s] Level 1:colcon.colcon_core.environment:create_file_with_runtime_dependencies(/home/nvidia/ws_fastlio2/install/localizer/share/colcon-core/packages/localizer)
[26.673s] Level 1:colcon.colcon_core.environment:create_environment_scripts_only(localizer)
[26.673s] Level 1:colcon.colcon_core.environment:checking '/home/nvidia/ws_fastlio2/install/localizer' for CMake module files
[26.673s] Level 1:colcon.colcon_core.environment:checking '/home/nvidia/ws_fastlio2/install/localizer' for CMake config files
[26.673s] Level 1:colcon.colcon_core.shell:create_environment_hook('localizer', 'cmake_prefix_path')
[26.674s] INFO:colcon.colcon_core.shell:Creating environment hook '/home/nvidia/ws_fastlio2/install/localizer/share/localizer/hook/cmake_prefix_path.ps1'
[26.674s] INFO:colcon.colcon_core.shell:Creating environment descriptor '/home/nvidia/ws_fastlio2/install/localizer/share/localizer/hook/cmake_prefix_path.dsv'
[26.674s] INFO:colcon.colcon_core.shell:Creating environment hook '/home/nvidia/ws_fastlio2/install/localizer/share/localizer/hook/cmake_prefix_path.sh'
[26.674s] Level 1:colcon.colcon_core.environment:checking '/home/nvidia/ws_fastlio2/install/localizer/lib'
[26.674s] Level 1:colcon.colcon_core.environment:checking '/home/nvidia/ws_fastlio2/install/localizer/bin'
[26.674s] Level 1:colcon.colcon_core.environment:checking '/home/nvidia/ws_fastlio2/install/localizer/lib/pkgconfig/localizer.pc'
[26.674s] Level 1:colcon.colcon_core.environment:checking '/home/nvidia/ws_fastlio2/install/localizer/lib/python3.10/site-packages'
[26.675s] Level 1:colcon.colcon_core.environment:checking '/home/nvidia/ws_fastlio2/install/localizer/bin'
[26.675s] INFO:colcon.colcon_core.shell:Creating package script '/home/nvidia/ws_fastlio2/install/localizer/share/localizer/package.ps1'
[26.675s] INFO:colcon.colcon_core.shell:Creating package descriptor '/home/nvidia/ws_fastlio2/install/localizer/share/localizer/package.dsv'
[26.675s] INFO:colcon.colcon_core.shell:Creating package script '/home/nvidia/ws_fastlio2/install/localizer/share/localizer/package.sh'
[26.675s] INFO:colcon.colcon_core.shell:Creating package script '/home/nvidia/ws_fastlio2/install/localizer/share/localizer/package.bash'
[26.676s] INFO:colcon.colcon_core.shell:Creating package script '/home/nvidia/ws_fastlio2/install/localizer/share/localizer/package.zsh'
[26.676s] Level 1:colcon.colcon_core.environment:create_file_with_runtime_dependencies(/home/nvidia/ws_fastlio2/install/localizer/share/colcon-core/packages/localizer)
[29.588s] DEBUG:colcon.colcon_core.event_handler.log_command:Invoked command in '/home/nvidia/ws_fastlio2/build/pgo' returned '0': AMENT_PREFIX_PATH=/home/nvidia/ws_fastlio2/install/interface:${AMENT_PREFIX_PATH} CMAKE_PREFIX_PATH=/home/nvidia/ws_fastlio2/install/interface:/home/nvidia/ws_livox/install/livox_ros_driver2:/home/nvidia/5.1-ros2_ws/install/yhs_can_control:/home/nvidia/5.1-ros2_ws/install/yhs_can_interfaces:/home/nvidia/ros2_ws/install/yhs_chassis_description:/home/nvidia/ros2_ws/install/ai_imu_dr_ros:/opt/ros/humble LD_LIBRARY_PATH=/home/nvidia/ws_fastlio2/install/interface/lib:${LD_LIBRARY_PATH} PYTHONPATH=/home/nvidia/ws_fastlio2/install/interface/local/lib/python3.10/dist-packages:${PYTHONPATH} /usr/bin/cmake --build /home/nvidia/ws_fastlio2/build/pgo -- -j20 -l20
[29.589s] DEBUG:colcon.colcon_core.event_handler.log_command:Invoking command in '/home/nvidia/ws_fastlio2/build/pgo': AMENT_PREFIX_PATH=/home/nvidia/ws_fastlio2/install/interface:${AMENT_PREFIX_PATH} CMAKE_PREFIX_PATH=/home/nvidia/ws_fastlio2/install/interface:/home/nvidia/ws_livox/install/livox_ros_driver2:/home/nvidia/5.1-ros2_ws/install/yhs_can_control:/home/nvidia/5.1-ros2_ws/install/yhs_can_interfaces:/home/nvidia/ros2_ws/install/yhs_chassis_description:/home/nvidia/ros2_ws/install/ai_imu_dr_ros:/opt/ros/humble LD_LIBRARY_PATH=/home/nvidia/ws_fastlio2/install/interface/lib:${LD_LIBRARY_PATH} PYTHONPATH=/home/nvidia/ws_fastlio2/install/interface/local/lib/python3.10/dist-packages:${PYTHONPATH} /usr/bin/cmake --install /home/nvidia/ws_fastlio2/build/pgo
[29.701s] Level 1:colcon.colcon_core.environment:create_environment_scripts_only(pgo)
[29.702s] Level 1:colcon.colcon_core.environment:checking '/home/nvidia/ws_fastlio2/install/pgo' for CMake module files
[29.702s] DEBUG:colcon.colcon_core.event_handler.log_command:Invoked command in '/home/nvidia/ws_fastlio2/build/pgo' returned '0': AMENT_PREFIX_PATH=/home/nvidia/ws_fastlio2/install/interface:${AMENT_PREFIX_PATH} CMAKE_PREFIX_PATH=/home/nvidia/ws_fastlio2/install/interface:/home/nvidia/ws_livox/install/livox_ros_driver2:/home/nvidia/5.1-ros2_ws/install/yhs_can_control:/home/nvidia/5.1-ros2_ws/install/yhs_can_interfaces:/home/nvidia/ros2_ws/install/yhs_chassis_description:/home/nvidia/ros2_ws/install/ai_imu_dr_ros:/opt/ros/humble LD_LIBRARY_PATH=/home/nvidia/ws_fastlio2/install/interface/lib:${LD_LIBRARY_PATH} PYTHONPATH=/home/nvidia/ws_fastlio2/install/interface/local/lib/python3.10/dist-packages:${PYTHONPATH} /usr/bin/cmake --install /home/nvidia/ws_fastlio2/build/pgo
[29.702s] Level 1:colcon.colcon_core.environment:checking '/home/nvidia/ws_fastlio2/install/pgo' for CMake config files
[29.703s] Level 1:colcon.colcon_core.shell:create_environment_hook('pgo', 'cmake_prefix_path')
[29.703s] INFO:colcon.colcon_core.shell:Creating environment hook '/home/nvidia/ws_fastlio2/install/pgo/share/pgo/hook/cmake_prefix_path.ps1'
[29.703s] INFO:colcon.colcon_core.shell:Creating environment descriptor '/home/nvidia/ws_fastlio2/install/pgo/share/pgo/hook/cmake_prefix_path.dsv'
[29.704s] INFO:colcon.colcon_core.shell:Creating environment hook '/home/nvidia/ws_fastlio2/install/pgo/share/pgo/hook/cmake_prefix_path.sh'
[29.704s] Level 1:colcon.colcon_core.environment:checking '/home/nvidia/ws_fastlio2/install/pgo/lib'
[29.704s] Level 1:colcon.colcon_core.environment:checking '/home/nvidia/ws_fastlio2/install/pgo/bin'
[29.704s] Level 1:colcon.colcon_core.environment:checking '/home/nvidia/ws_fastlio2/install/pgo/lib/pkgconfig/pgo.pc'
[29.705s] Level 1:colcon.colcon_core.environment:checking '/home/nvidia/ws_fastlio2/install/pgo/lib/python3.10/site-packages'
[29.705s] Level 1:colcon.colcon_core.environment:checking '/home/nvidia/ws_fastlio2/install/pgo/bin'
[29.705s] INFO:colcon.colcon_core.shell:Creating package script '/home/nvidia/ws_fastlio2/install/pgo/share/pgo/package.ps1'
[29.706s] INFO:colcon.colcon_core.shell:Creating package descriptor '/home/nvidia/ws_fastlio2/install/pgo/share/pgo/package.dsv'
[29.706s] INFO:colcon.colcon_core.shell:Creating package script '/home/nvidia/ws_fastlio2/install/pgo/share/pgo/package.sh'
[29.706s] INFO:colcon.colcon_core.shell:Creating package script '/home/nvidia/ws_fastlio2/install/pgo/share/pgo/package.bash'
[29.707s] INFO:colcon.colcon_core.shell:Creating package script '/home/nvidia/ws_fastlio2/install/pgo/share/pgo/package.zsh'
[29.707s] Level 1:colcon.colcon_core.environment:create_file_with_runtime_dependencies(/home/nvidia/ws_fastlio2/install/pgo/share/colcon-core/packages/pgo)
[29.708s] Level 1:colcon.colcon_core.environment:create_environment_scripts_only(pgo)
[29.708s] Level 1:colcon.colcon_core.environment:checking '/home/nvidia/ws_fastlio2/install/pgo' for CMake module files
[29.708s] Level 1:colcon.colcon_core.environment:checking '/home/nvidia/ws_fastlio2/install/pgo' for CMake config files
[29.709s] Level 1:colcon.colcon_core.shell:create_environment_hook('pgo', 'cmake_prefix_path')
[29.709s] INFO:colcon.colcon_core.shell:Creating environment hook '/home/nvidia/ws_fastlio2/install/pgo/share/pgo/hook/cmake_prefix_path.ps1'
[29.709s] INFO:colcon.colcon_core.shell:Creating environment descriptor '/home/nvidia/ws_fastlio2/install/pgo/share/pgo/hook/cmake_prefix_path.dsv'
[29.710s] INFO:colcon.colcon_core.shell:Creating environment hook '/home/nvidia/ws_fastlio2/install/pgo/share/pgo/hook/cmake_prefix_path.sh'
[29.710s] Level 1:colcon.colcon_core.environment:checking '/home/nvidia/ws_fastlio2/install/pgo/lib'
[29.710s] Level 1:colcon.colcon_core.environment:checking '/home/nvidia/ws_fastlio2/install/pgo/bin'
[29.710s] Level 1:colcon.colcon_core.environment:checking '/home/nvidia/ws_fastlio2/install/pgo/lib/pkgconfig/pgo.pc'
[29.710s] Level 1:colcon.colcon_core.environment:checking '/home/nvidia/ws_fastlio2/install/pgo/lib/python3.10/site-packages'
[29.711s] Level 1:colcon.colcon_core.environment:checking '/home/nvidia/ws_fastlio2/install/pgo/bin'
[29.711s] INFO:colcon.colcon_core.shell:Creating package script '/home/nvidia/ws_fastlio2/install/pgo/share/pgo/package.ps1'
[29.711s] INFO:colcon.colcon_core.shell:Creating package descriptor '/home/nvidia/ws_fastlio2/install/pgo/share/pgo/package.dsv'
[29.712s] INFO:colcon.colcon_core.shell:Creating package script '/home/nvidia/ws_fastlio2/install/pgo/share/pgo/package.sh'
[29.712s] INFO:colcon.colcon_core.shell:Creating package script '/home/nvidia/ws_fastlio2/install/pgo/share/pgo/package.bash'
[29.712s] INFO:colcon.colcon_core.shell:Creating package script '/home/nvidia/ws_fastlio2/install/pgo/share/pgo/package.zsh'
[29.712s] Level 1:colcon.colcon_core.environment:create_file_with_runtime_dependencies(/home/nvidia/ws_fastlio2/install/pgo/share/colcon-core/packages/pgo)
[29.712s] DEBUG:colcon.colcon_parallel_executor.executor.parallel:closing loop
[29.713s] DEBUG:colcon.colcon_parallel_executor.executor.parallel:loop closed
[29.713s] DEBUG:colcon.colcon_parallel_executor.executor.parallel:run_until_complete finished with '0'
[29.713s] DEBUG:colcon.colcon_core.event_reactor:joining thread
[29.717s] INFO:colcon.colcon_core.plugin_system:Skipping extension 'colcon_notification.desktop_notification.terminal_notifier': Not used on non-Darwin systems
[29.717s] INFO:colcon.colcon_core.plugin_system:Skipping extension 'colcon_notification.desktop_notification.win32': Not used on non-Windows systems
[29.717s] INFO:colcon.colcon_notification.desktop_notification:Sending desktop notification using 'notify2'
[29.735s] DEBUG:colcon.colcon_core.event_reactor:joined thread
[29.735s] INFO:colcon.colcon_core.shell:Creating prefix script '/home/nvidia/ws_fastlio2/install/local_setup.ps1'
[29.736s] INFO:colcon.colcon_core.shell:Creating prefix util module '/home/nvidia/ws_fastlio2/install/_local_setup_util_ps1.py'
[29.737s] INFO:colcon.colcon_core.shell:Creating prefix chain script '/home/nvidia/ws_fastlio2/install/setup.ps1'
[29.739s] INFO:colcon.colcon_core.shell:Creating prefix script '/home/nvidia/ws_fastlio2/install/local_setup.sh'
[29.739s] INFO:colcon.colcon_core.shell:Creating prefix util module '/home/nvidia/ws_fastlio2/install/_local_setup_util_sh.py'
[29.740s] INFO:colcon.colcon_core.shell:Creating prefix chain script '/home/nvidia/ws_fastlio2/install/setup.sh'
[29.744s] INFO:colcon.colcon_core.shell:Creating prefix script '/home/nvidia/ws_fastlio2/install/local_setup.bash'
[29.745s] INFO:colcon.colcon_core.shell:Creating prefix chain script '/home/nvidia/ws_fastlio2/install/setup.bash'
[29.747s] INFO:colcon.colcon_core.shell:Creating prefix script '/home/nvidia/ws_fastlio2/install/local_setup.zsh'
[29.748s] INFO:colcon.colcon_core.shell:Creating prefix chain script '/home/nvidia/ws_fastlio2/install/setup.zsh'
