[0.015s] Invoking command in '/home/nvidia/ws_fastlio2/build/hba': AMENT_PREFIX_PATH=/home/nvidia/ws_fastlio2/install/interface:${AMENT_PREFIX_PATH} CMAKE_PREFIX_PATH=/home/nvidia/ws_fastlio2/install/interface:/home/nvidia/ws_livox/install/livox_ros_driver2:/home/nvidia/5.1-ros2_ws/install/yhs_can_control:/home/nvidia/5.1-ros2_ws/install/yhs_can_interfaces:/home/nvidia/ros2_ws/install/yhs_chassis_description:/home/nvidia/ros2_ws/install/ai_imu_dr_ros:/opt/ros/humble LD_LIBRARY_PATH=/home/nvidia/ws_fastlio2/install/interface/lib:${LD_LIBRARY_PATH} PYTHONPATH=/home/nvidia/ws_fastlio2/install/interface/local/lib/python3.10/dist-packages:${PYTHONPATH} /usr/bin/cmake /home/nvidia/ws_fastlio2/src/fastlio2_ros2/hba -DAMENT_CMAKE_SYMLINK_INSTALL=1 -DCMAKE_INSTALL_PREFIX=/home/nvidia/ws_fastlio2/install/hba
[0.064s] -- The C compiler identification is GNU 11.4.0
[0.113s] -- The CXX compiler identification is GNU 11.4.0
[0.117s] -- Detecting C compiler ABI info
[0.159s] -- Detecting C compiler ABI info - done
[0.166s] -- Check for working C compiler: /usr/bin/cc - skipped
[0.167s] -- Detecting C compile features
[0.167s] -- Detecting C compile features - done
[0.170s] -- Detecting CXX compiler ABI info
[0.238s] -- Detecting CXX compiler ABI info - done
[0.245s] -- Check for working CXX compiler: /usr/bin/c++ - skipped
[0.246s] -- Detecting CXX compile features
[0.246s] -- Detecting CXX compile features - done
[0.248s] -- Found ament_cmake: 1.3.12 (/opt/ros/humble/share/ament_cmake/cmake)
[0.394s] -- Found Python3: /usr/bin/python3 (found version "3.10.12") found components: Interpreter 
[0.440s] -- Override CMake install command with custom implementation using symlinks instead of copying resources
[0.468s] -- Found rclcpp: 16.0.15 (/opt/ros/humble/share/rclcpp/cmake)
[0.511s] -- Found rosidl_generator_c: 3.1.7 (/opt/ros/humble/share/rosidl_generator_c/cmake)
[0.517s] -- Found rosidl_adapter: 3.1.7 (/opt/ros/humble/share/rosidl_adapter/cmake)
[0.525s] -- Found rosidl_generator_cpp: 3.1.7 (/opt/ros/humble/share/rosidl_generator_cpp/cmake)
[0.538s] -- Using all available rosidl_typesupport_c: rosidl_typesupport_fastrtps_c;rosidl_typesupport_introspection_c
[0.554s] -- Using all available rosidl_typesupport_cpp: rosidl_typesupport_fastrtps_cpp;rosidl_typesupport_introspection_cpp
[0.600s] -- Found rmw_implementation_cmake: 6.1.2 (/opt/ros/humble/share/rmw_implementation_cmake/cmake)
[0.603s] -- Found rmw_fastrtps_cpp: 6.2.8 (/opt/ros/humble/share/rmw_fastrtps_cpp/cmake)
[0.675s] -- Found OpenSSL: /usr/lib/x86_64-linux-gnu/libcrypto.so (found version "3.0.2")  
[0.701s] -- Found FastRTPS: /opt/ros/humble/include  
[0.739s] -- Using RMW implementation 'rmw_fastrtps_cpp' as default
[0.748s] -- Looking for pthread.h
[0.810s] -- Looking for pthread.h - found
[0.810s] -- Performing Test CMAKE_HAVE_LIBC_PTHREAD
[0.857s] -- Performing Test CMAKE_HAVE_LIBC_PTHREAD - Success
[0.858s] -- Found Threads: TRUE  
[0.911s] -- Found sensor_msgs: 4.9.0 (/opt/ros/humble/share/sensor_msgs/cmake)
[0.942s] -- Found interface: 0.0.0 (/home/nvidia/ws_fastlio2/install/interface/share/interface/cmake)
[0.955s] -- Found pcl_conversions: 2.4.5 (/opt/ros/humble/share/pcl_conversions/cmake)
[0.990s] -- Checking for module 'eigen3'
[0.997s] --   Found eigen3, version 3.4.0
[1.013s] -- Found Eigen: /usr/include/eigen3 (Required is at least version "3.1") 
[1.013s] -- Eigen found (include: /usr/include/eigen3, version: 3.4.0)
[1.047s] -- Checking for module 'flann'
[1.055s] --   Found flann, version 1.9.1
[1.078s] -- Found FLANN: /usr/lib/x86_64-linux-gnu/libflann_cpp.so  
[1.078s] -- FLANN found (include: /usr/include, lib: /usr/lib/x86_64-linux-gnu/libflann_cpp.so)
[1.703s] -- Checking for module 'libusb-1.0'
[1.712s] --   Found libusb-1.0, version 1.0.25
[1.733s] -- Found libusb: /usr/lib/x86_64-linux-gnu/libusb-1.0.so  
[1.734s] -- OpenNI found (version: 1.5.4.0, include: /usr/include/ni, lib: /usr/lib/libOpenNI.so;libusb::libusb)
[1.766s] -- OpenNI2 found (version: 2.2.0.33, include: /usr/include/openni2, lib: /usr/lib/x86_64-linux-gnu/libOpenNI2.so;libusb::libusb)
[1.894s] -- Eigen found (include: /usr/include/eigen3, version: 3.4.0)
[1.899s] -- OpenNI found (version: 1.5.4.0, include: /usr/include/ni, lib: /usr/lib/libOpenNI.so;libusb::libusb)
[1.905s] -- OpenNI2 found (version: 2.2.0.33, include: /usr/include/openni2, lib: /usr/lib/x86_64-linux-gnu/libOpenNI2.so;libusb::libusb)
[2.020s] -- Found Qhull version 8.0.2
[2.124s] -- OpenNI found (version: 1.5.4.0, include: /usr/include/ni, lib: /usr/lib/libOpenNI.so;libusb::libusb)
[2.237s] -- Found PCL_COMMON: /usr/lib/x86_64-linux-gnu/libpcl_common.so  
[2.238s] -- Found PCL_KDTREE: /usr/lib/x86_64-linux-gnu/libpcl_kdtree.so  
[2.238s] -- Found PCL_OCTREE: /usr/lib/x86_64-linux-gnu/libpcl_octree.so  
[2.239s] -- Found PCL_SEARCH: /usr/lib/x86_64-linux-gnu/libpcl_search.so  
[2.240s] -- Found PCL_SAMPLE_CONSENSUS: /usr/lib/x86_64-linux-gnu/libpcl_sample_consensus.so  
[2.240s] -- Found PCL_FILTERS: /usr/lib/x86_64-linux-gnu/libpcl_filters.so  
[2.241s] -- Found PCL_2D: /usr/include/pcl-1.12  
[2.241s] -- Found PCL_GEOMETRY: /usr/include/pcl-1.12  
[2.241s] -- Found PCL_IO: /usr/lib/x86_64-linux-gnu/libpcl_io.so  
[2.242s] -- Found PCL_FEATURES: /usr/lib/x86_64-linux-gnu/libpcl_features.so  
[2.243s] -- Found PCL_ML: /usr/lib/x86_64-linux-gnu/libpcl_ml.so  
[2.243s] -- Found PCL_SEGMENTATION: /usr/lib/x86_64-linux-gnu/libpcl_segmentation.so  
[2.244s] -- Found PCL_VISUALIZATION: /usr/lib/x86_64-linux-gnu/libpcl_visualization.so  
[2.245s] -- Found PCL_SURFACE: /usr/lib/x86_64-linux-gnu/libpcl_surface.so  
[2.245s] -- Found PCL_REGISTRATION: /usr/lib/x86_64-linux-gnu/libpcl_registration.so  
[2.246s] -- Found PCL_KEYPOINTS: /usr/lib/x86_64-linux-gnu/libpcl_keypoints.so  
[2.247s] -- Found PCL_TRACKING: /usr/lib/x86_64-linux-gnu/libpcl_tracking.so  
[2.247s] -- Found PCL_RECOGNITION: /usr/lib/x86_64-linux-gnu/libpcl_recognition.so  
[2.248s] -- Found PCL_STEREO: /usr/lib/x86_64-linux-gnu/libpcl_stereo.so  
[2.249s] -- Found PCL_APPS: /usr/lib/x86_64-linux-gnu/libpcl_apps.so  
[2.249s] -- Found PCL_IN_HAND_SCANNER: /usr/include/pcl-1.12  
[2.249s] -- Found PCL_MODELER: /usr/include/pcl-1.12  
[2.250s] -- Found PCL_POINT_CLOUD_EDITOR: /usr/include/pcl-1.12  
[2.250s] -- Found PCL_OUTOFCORE: /usr/lib/x86_64-linux-gnu/libpcl_outofcore.so  
[2.251s] -- Found PCL_PEOPLE: /usr/lib/x86_64-linux-gnu/libpcl_people.so  
[2.269s] -- Found Boost: /usr/lib/x86_64-linux-gnu/cmake/Boost-1.74.0/BoostConfig.cmake (found suitable version "1.74.0", minimum required is "1.65") found components: serialization system filesystem thread program_options date_time timer chrono regex 
[2.274s] -- GTSAM include directory:  /usr/local/lib/cmake/GTSAM/../../../include
[2.275s] [33mCMake Warning (dev) at CMakeLists.txt:30 (find_package):
[2.275s]   Policy CMP0074 is not set: find_package uses <PackageName>_ROOT variables.
[2.275s]   Run "cmake --help-policy CMP0074" for policy details.  Use the cmake_policy
[2.275s]   command to set the policy and suppress this warning.
[2.275s] 
[2.275s]   CMake variable PCL_ROOT is set to:
[2.275s] 
[2.275s]     /usr
[2.275s] 
[2.275s]   For compatibility, CMake is ignoring the variable.
[2.275s] This warning is for project developers.  Use -Wno-dev to suppress it.
[2.275s] [0m
[2.524s] -- Found ament_lint_auto: 0.12.14 (/opt/ros/humble/share/ament_lint_auto/cmake)
[2.613s] -- Added test 'cppcheck' to perform static code analysis on C / C++ code
[2.613s] -- Configured cppcheck include dirs: 
[2.613s] -- Configured cppcheck exclude dirs and/or files: 
[2.613s] -- Added test 'flake8' to check Python code syntax and style conventions
[2.614s] -- Added test 'lint_cmake' to check CMake code style
[2.614s] -- Added test 'pep257' to check Python code against some of the docstring style conventions in PEP 257
[2.615s] -- Added test 'uncrustify' to check C / C++ code style
[2.616s] -- Configured uncrustify additional arguments: 
[2.616s] -- Added test 'xmllint' to check XML markup files
[2.617s] -- Configuring done
[2.652s] -- Generating done
[2.662s] -- Build files have been written to: /home/nvidia/ws_fastlio2/build/hba
[2.680s] Invoked command in '/home/nvidia/ws_fastlio2/build/hba' returned '0': AMENT_PREFIX_PATH=/home/nvidia/ws_fastlio2/install/interface:${AMENT_PREFIX_PATH} CMAKE_PREFIX_PATH=/home/nvidia/ws_fastlio2/install/interface:/home/nvidia/ws_livox/install/livox_ros_driver2:/home/nvidia/5.1-ros2_ws/install/yhs_can_control:/home/nvidia/5.1-ros2_ws/install/yhs_can_interfaces:/home/nvidia/ros2_ws/install/yhs_chassis_description:/home/nvidia/ros2_ws/install/ai_imu_dr_ros:/opt/ros/humble LD_LIBRARY_PATH=/home/nvidia/ws_fastlio2/install/interface/lib:${LD_LIBRARY_PATH} PYTHONPATH=/home/nvidia/ws_fastlio2/install/interface/local/lib/python3.10/dist-packages:${PYTHONPATH} /usr/bin/cmake /home/nvidia/ws_fastlio2/src/fastlio2_ros2/hba -DAMENT_CMAKE_SYMLINK_INSTALL=1 -DCMAKE_INSTALL_PREFIX=/home/nvidia/ws_fastlio2/install/hba
[2.682s] Invoking command in '/home/nvidia/ws_fastlio2/build/hba': AMENT_PREFIX_PATH=/home/nvidia/ws_fastlio2/install/interface:${AMENT_PREFIX_PATH} CMAKE_PREFIX_PATH=/home/nvidia/ws_fastlio2/install/interface:/home/nvidia/ws_livox/install/livox_ros_driver2:/home/nvidia/5.1-ros2_ws/install/yhs_can_control:/home/nvidia/5.1-ros2_ws/install/yhs_can_interfaces:/home/nvidia/ros2_ws/install/yhs_chassis_description:/home/nvidia/ros2_ws/install/ai_imu_dr_ros:/opt/ros/humble LD_LIBRARY_PATH=/home/nvidia/ws_fastlio2/install/interface/lib:${LD_LIBRARY_PATH} PYTHONPATH=/home/nvidia/ws_fastlio2/install/interface/local/lib/python3.10/dist-packages:${PYTHONPATH} /usr/bin/cmake --build /home/nvidia/ws_fastlio2/build/hba -- -j20 -l20
[2.729s] [ 80%] [32mBuilding CXX object CMakeFiles/hba_node.dir/src/hba/blam.cpp.o[0m
[2.730s] [ 80%] [32mBuilding CXX object CMakeFiles/hba_node.dir/src/hba/hba.cpp.o[0m
[2.730s] [ 80%] [32mBuilding CXX object CMakeFiles/hba_node.dir/src/hba_node.cpp.o[0m
[2.730s] [ 80%] [32mBuilding CXX object CMakeFiles/hba_node.dir/src/hba/commons.cpp.o[0m
[15.842s] [100%] [32m[1mLinking CXX executable hba_node[0m
[16.431s] [100%] Built target hba_node
[16.439s] Invoked command in '/home/nvidia/ws_fastlio2/build/hba' returned '0': AMENT_PREFIX_PATH=/home/nvidia/ws_fastlio2/install/interface:${AMENT_PREFIX_PATH} CMAKE_PREFIX_PATH=/home/nvidia/ws_fastlio2/install/interface:/home/nvidia/ws_livox/install/livox_ros_driver2:/home/nvidia/5.1-ros2_ws/install/yhs_can_control:/home/nvidia/5.1-ros2_ws/install/yhs_can_interfaces:/home/nvidia/ros2_ws/install/yhs_chassis_description:/home/nvidia/ros2_ws/install/ai_imu_dr_ros:/opt/ros/humble LD_LIBRARY_PATH=/home/nvidia/ws_fastlio2/install/interface/lib:${LD_LIBRARY_PATH} PYTHONPATH=/home/nvidia/ws_fastlio2/install/interface/local/lib/python3.10/dist-packages:${PYTHONPATH} /usr/bin/cmake --build /home/nvidia/ws_fastlio2/build/hba -- -j20 -l20
[16.440s] Invoking command in '/home/nvidia/ws_fastlio2/build/hba': AMENT_PREFIX_PATH=/home/nvidia/ws_fastlio2/install/interface:${AMENT_PREFIX_PATH} CMAKE_PREFIX_PATH=/home/nvidia/ws_fastlio2/install/interface:/home/nvidia/ws_livox/install/livox_ros_driver2:/home/nvidia/5.1-ros2_ws/install/yhs_can_control:/home/nvidia/5.1-ros2_ws/install/yhs_can_interfaces:/home/nvidia/ros2_ws/install/yhs_chassis_description:/home/nvidia/ros2_ws/install/ai_imu_dr_ros:/opt/ros/humble LD_LIBRARY_PATH=/home/nvidia/ws_fastlio2/install/interface/lib:${LD_LIBRARY_PATH} PYTHONPATH=/home/nvidia/ws_fastlio2/install/interface/local/lib/python3.10/dist-packages:${PYTHONPATH} /usr/bin/cmake --install /home/nvidia/ws_fastlio2/build/hba
[16.445s] -- Install configuration: "Release"
[16.445s] -- Execute custom install script
[16.445s] -- Symlinking: /home/nvidia/ws_fastlio2/install/hba/lib/hba/hba_node
[16.451s] -- Symlinking: /home/nvidia/ws_fastlio2/install/hba/share/hba/launch/hba_launch.py
[16.456s] -- Symlinking: /home/nvidia/ws_fastlio2/install/hba/share/hba/config/hba.yaml
[16.461s] -- Symlinking: /home/nvidia/ws_fastlio2/install/hba/share/hba/rviz/hba.rviz
[16.466s] -- Symlinking: /home/nvidia/ws_fastlio2/install/hba/share/ament_index/resource_index/package_run_dependencies/hba
[16.471s] -- Symlinking: /home/nvidia/ws_fastlio2/install/hba/share/ament_index/resource_index/parent_prefix_path/hba
[16.475s] -- Symlinking: /home/nvidia/ws_fastlio2/install/hba/share/hba/environment/ament_prefix_path.sh
[16.481s] -- Symlinking: /home/nvidia/ws_fastlio2/install/hba/share/hba/environment/ament_prefix_path.dsv
[16.486s] -- Symlinking: /home/nvidia/ws_fastlio2/install/hba/share/hba/environment/path.sh
[16.490s] -- Symlinking: /home/nvidia/ws_fastlio2/install/hba/share/hba/environment/path.dsv
[16.496s] -- Symlinking: /home/nvidia/ws_fastlio2/install/hba/share/hba/local_setup.bash
[16.500s] -- Symlinking: /home/nvidia/ws_fastlio2/install/hba/share/hba/local_setup.sh
[16.505s] -- Symlinking: /home/nvidia/ws_fastlio2/install/hba/share/hba/local_setup.zsh
[16.510s] -- Symlinking: /home/nvidia/ws_fastlio2/install/hba/share/hba/local_setup.dsv
[16.514s] -- Symlinking: /home/nvidia/ws_fastlio2/install/hba/share/hba/package.dsv
[16.519s] -- Symlinking: /home/nvidia/ws_fastlio2/install/hba/share/ament_index/resource_index/packages/hba
[16.523s] -- Symlinking: /home/nvidia/ws_fastlio2/install/hba/share/hba/cmake/hbaConfig.cmake
[16.528s] -- Symlinking: /home/nvidia/ws_fastlio2/install/hba/share/hba/cmake/hbaConfig-version.cmake
[16.533s] -- Symlinking: /home/nvidia/ws_fastlio2/install/hba/share/hba/package.xml
[16.540s] Invoked command in '/home/nvidia/ws_fastlio2/build/hba' returned '0': AMENT_PREFIX_PATH=/home/nvidia/ws_fastlio2/install/interface:${AMENT_PREFIX_PATH} CMAKE_PREFIX_PATH=/home/nvidia/ws_fastlio2/install/interface:/home/nvidia/ws_livox/install/livox_ros_driver2:/home/nvidia/5.1-ros2_ws/install/yhs_can_control:/home/nvidia/5.1-ros2_ws/install/yhs_can_interfaces:/home/nvidia/ros2_ws/install/yhs_chassis_description:/home/nvidia/ros2_ws/install/ai_imu_dr_ros:/opt/ros/humble LD_LIBRARY_PATH=/home/nvidia/ws_fastlio2/install/interface/lib:${LD_LIBRARY_PATH} PYTHONPATH=/home/nvidia/ws_fastlio2/install/interface/local/lib/python3.10/dist-packages:${PYTHONPATH} /usr/bin/cmake --install /home/nvidia/ws_fastlio2/build/hba
