[  1%] [34m[1mGenerating C code for ROS interfaces[0m
[  3%] [34m[1mGenerating C++ code for ROS interfaces[0m
[  3%] Built target ament_cmake_python_symlink_interface
running egg_info
creating interface.egg-info
writing interface.egg-info/PKG-INFO
writing dependency_links to interface.egg-info/dependency_links.txt
writing top-level names to interface.egg-info/top_level.txt
writing manifest file 'interface.egg-info/SOURCES.txt'
reading manifest file 'interface.egg-info/SOURCES.txt'
writing manifest file 'interface.egg-info/SOURCES.txt'
[  3%] Built target ament_cmake_python_build_interface_egg
[  9%] [32mBuilding C object CMakeFiles/interface__rosidl_generator_c.dir/rosidl_generator_c/interface/srv/detail/refine_map__functions.c.o[0m
[  9%] [32mBuilding C object CMakeFiles/interface__rosidl_generator_c.dir/rosidl_generator_c/interface/srv/detail/save_maps__functions.c.o[0m
[  9%] [32mBuilding C object CMakeFiles/interface__rosidl_generator_c.dir/rosidl_generator_c/interface/srv/detail/is_valid__functions.c.o[0m
[  9%] Built target interface__cpp
[  9%] [32mBuilding C object CMakeFiles/interface__rosidl_generator_c.dir/rosidl_generator_c/interface/srv/detail/relocalize__functions.c.o[0m
[ 11%] [32mBuilding C object CMakeFiles/interface__rosidl_generator_c.dir/rosidl_generator_c/interface/srv/detail/save_poses__functions.c.o[0m
[ 15%] [34m[1mGenerating C++ type support dispatch for ROS interfaces[0m
[ 15%] [34m[1mGenerating C++ introspection for ROS interfaces[0m
[ 15%] [34m[1mGenerating C++ type support for eProsima Fast-RTPS[0m
[ 17%] [32m[1mLinking C shared library libinterface__rosidl_generator_c.so[0m
[ 17%] Built target interface__rosidl_generator_c
[ 19%] [34m[1mGenerating C introspection for ROS interfaces[0m
[ 20%] [34m[1mGenerating C type support for eProsima Fast-RTPS[0m
[ 22%] [34m[1mGenerating C type support dispatch for ROS interfaces[0m
[ 23%] [32mBuilding CXX object CMakeFiles/interface__rosidl_typesupport_cpp.dir/rosidl_typesupport_cpp/interface/srv/save_maps__type_support.cpp.o[0m
[ 25%] [32mBuilding CXX object CMakeFiles/interface__rosidl_typesupport_cpp.dir/rosidl_typesupport_cpp/interface/srv/refine_map__type_support.cpp.o[0m
[ 26%] [32mBuilding CXX object CMakeFiles/interface__rosidl_typesupport_cpp.dir/rosidl_typesupport_cpp/interface/srv/relocalize__type_support.cpp.o[0m
[ 28%] [32mBuilding CXX object CMakeFiles/interface__rosidl_typesupport_cpp.dir/rosidl_typesupport_cpp/interface/srv/is_valid__type_support.cpp.o[0m
[ 30%] [32mBuilding CXX object CMakeFiles/interface__rosidl_typesupport_cpp.dir/rosidl_typesupport_cpp/interface/srv/save_poses__type_support.cpp.o[0m
[ 33%] [32mBuilding CXX object CMakeFiles/interface__rosidl_typesupport_introspection_cpp.dir/rosidl_typesupport_introspection_cpp/interface/srv/detail/is_valid__type_support.cpp.o[0m
[ 33%] [32mBuilding CXX object CMakeFiles/interface__rosidl_typesupport_introspection_cpp.dir/rosidl_typesupport_introspection_cpp/interface/srv/detail/save_maps__type_support.cpp.o[0m
[ 34%] [32mBuilding CXX object CMakeFiles/interface__rosidl_typesupport_introspection_cpp.dir/rosidl_typesupport_introspection_cpp/interface/srv/detail/refine_map__type_support.cpp.o[0m
[ 38%] [32mBuilding CXX object CMakeFiles/interface__rosidl_typesupport_introspection_cpp.dir/rosidl_typesupport_introspection_cpp/interface/srv/detail/save_poses__type_support.cpp.o[0m
[ 38%] [32mBuilding CXX object CMakeFiles/interface__rosidl_typesupport_introspection_cpp.dir/rosidl_typesupport_introspection_cpp/interface/srv/detail/relocalize__type_support.cpp.o[0m
[ 39%] [32mBuilding CXX object CMakeFiles/interface__rosidl_typesupport_c.dir/rosidl_typesupport_c/interface/srv/save_maps__type_support.cpp.o[0m
[ 42%] [32mBuilding CXX object CMakeFiles/interface__rosidl_typesupport_c.dir/rosidl_typesupport_c/interface/srv/refine_map__type_support.cpp.o[0m
[ 42%] [32mBuilding CXX object CMakeFiles/interface__rosidl_typesupport_c.dir/rosidl_typesupport_c/interface/srv/relocalize__type_support.cpp.o[0m
[ 44%] [32mBuilding CXX object CMakeFiles/interface__rosidl_typesupport_c.dir/rosidl_typesupport_c/interface/srv/is_valid__type_support.cpp.o[0m
[ 46%] [32mBuilding CXX object CMakeFiles/interface__rosidl_typesupport_c.dir/rosidl_typesupport_c/interface/srv/save_poses__type_support.cpp.o[0m
[ 47%] [32m[1mLinking CXX shared library libinterface__rosidl_typesupport_c.so[0m
[ 52%] [32mBuilding CXX object CMakeFiles/interface__rosidl_typesupport_fastrtps_cpp.dir/rosidl_typesupport_fastrtps_cpp/interface/srv/detail/dds_fastrtps/save_maps__type_support.cpp.o[0m
[ 52%] [32mBuilding CXX object CMakeFiles/interface__rosidl_typesupport_fastrtps_cpp.dir/rosidl_typesupport_fastrtps_cpp/interface/srv/detail/dds_fastrtps/save_poses__type_support.cpp.o[0m
[ 52%] [32mBuilding CXX object CMakeFiles/interface__rosidl_typesupport_fastrtps_cpp.dir/rosidl_typesupport_fastrtps_cpp/interface/srv/detail/dds_fastrtps/is_valid__type_support.cpp.o[0m
[ 55%] [32mBuilding CXX object CMakeFiles/interface__rosidl_typesupport_fastrtps_cpp.dir/rosidl_typesupport_fastrtps_cpp/interface/srv/detail/dds_fastrtps/relocalize__type_support.cpp.o[0m
[ 55%] [32mBuilding CXX object CMakeFiles/interface__rosidl_typesupport_fastrtps_cpp.dir/rosidl_typesupport_fastrtps_cpp/interface/srv/detail/dds_fastrtps/refine_map__type_support.cpp.o[0m
[ 55%] Built target interface__rosidl_typesupport_c
[ 57%] [32mBuilding C object CMakeFiles/interface__rosidl_typesupport_introspection_c.dir/rosidl_typesupport_introspection_c/interface/srv/detail/save_maps__type_support.c.o[0m
[ 58%] [32mBuilding C object CMakeFiles/interface__rosidl_typesupport_introspection_c.dir/rosidl_typesupport_introspection_c/interface/srv/detail/relocalize__type_support.c.o[0m
[ 60%] [32mBuilding C object CMakeFiles/interface__rosidl_typesupport_introspection_c.dir/rosidl_typesupport_introspection_c/interface/srv/detail/is_valid__type_support.c.o[0m
[ 61%] [32mBuilding CXX object CMakeFiles/interface__rosidl_typesupport_fastrtps_c.dir/rosidl_typesupport_fastrtps_c/interface/srv/detail/save_maps__type_support_c.cpp.o[0m
[ 63%] [32mBuilding C object CMakeFiles/interface__rosidl_typesupport_introspection_c.dir/rosidl_typesupport_introspection_c/interface/srv/detail/refine_map__type_support.c.o[0m
[ 68%] [32mBuilding CXX object CMakeFiles/interface__rosidl_typesupport_fastrtps_c.dir/rosidl_typesupport_fastrtps_c/interface/srv/detail/is_valid__type_support_c.cpp.o[0m
[ 68%] [32mBuilding C object CMakeFiles/interface__rosidl_typesupport_introspection_c.dir/rosidl_typesupport_introspection_c/interface/srv/detail/save_poses__type_support.c.o[0m
[ 68%] [32mBuilding CXX object CMakeFiles/interface__rosidl_typesupport_fastrtps_c.dir/rosidl_typesupport_fastrtps_c/interface/srv/detail/relocalize__type_support_c.cpp.o[0m
[ 69%] [32mBuilding CXX object CMakeFiles/interface__rosidl_typesupport_fastrtps_c.dir/rosidl_typesupport_fastrtps_c/interface/srv/detail/refine_map__type_support_c.cpp.o[0m
[ 71%] [32mBuilding CXX object CMakeFiles/interface__rosidl_typesupport_fastrtps_c.dir/rosidl_typesupport_fastrtps_c/interface/srv/detail/save_poses__type_support_c.cpp.o[0m
[ 73%] [32m[1mLinking C shared library libinterface__rosidl_typesupport_introspection_c.so[0m
[ 74%] [32m[1mLinking CXX shared library libinterface__rosidl_typesupport_cpp.so[0m
[ 74%] Built target interface__rosidl_typesupport_introspection_c
[ 74%] Built target interface__rosidl_typesupport_cpp
[ 76%] [32m[1mLinking CXX shared library libinterface__rosidl_typesupport_introspection_cpp.so[0m
[ 76%] Built target interface__rosidl_typesupport_introspection_cpp
[ 77%] [32m[1mLinking CXX shared library libinterface__rosidl_typesupport_fastrtps_cpp.so[0m
[ 79%] [32m[1mLinking CXX shared library libinterface__rosidl_typesupport_fastrtps_c.so[0m
[ 79%] Built target interface__rosidl_typesupport_fastrtps_cpp
[ 79%] Built target interface__rosidl_typesupport_fastrtps_c
[ 79%] Built target interface
[ 80%] [34m[1mGenerating Python code for ROS interfaces[0m
[ 80%] Built target interface__py
[ 82%] [32mBuilding C object CMakeFiles/interface__rosidl_generator_py.dir/rosidl_generator_py/interface/srv/_save_maps_s.c.o[0m
[ 84%] [32mBuilding C object CMakeFiles/interface__rosidl_generator_py.dir/rosidl_generator_py/interface/srv/_relocalize_s.c.o[0m
[ 85%] [32mBuilding C object CMakeFiles/interface__rosidl_generator_py.dir/rosidl_generator_py/interface/srv/_is_valid_s.c.o[0m
[ 87%] [32mBuilding C object CMakeFiles/interface__rosidl_generator_py.dir/rosidl_generator_py/interface/srv/_save_poses_s.c.o[0m
[ 88%] [32mBuilding C object CMakeFiles/interface__rosidl_generator_py.dir/rosidl_generator_py/interface/srv/_refine_map_s.c.o[0m
[ 90%] [32m[1mLinking C shared library rosidl_generator_py/interface/libinterface__rosidl_generator_py.so[0m
[ 90%] Built target interface__rosidl_generator_py
[ 93%] [32mBuilding C object CMakeFiles/interface__rosidl_typesupport_c__pyext.dir/rosidl_generator_py/interface/_interface_s.ep.rosidl_typesupport_c.c.o[0m
[ 92%] [32mBuilding C object CMakeFiles/interface__rosidl_typesupport_introspection_c__pyext.dir/rosidl_generator_py/interface/_interface_s.ep.rosidl_typesupport_introspection_c.c.o[0m
[ 95%] [32mBuilding C object CMakeFiles/interface__rosidl_typesupport_fastrtps_c__pyext.dir/rosidl_generator_py/interface/_interface_s.ep.rosidl_typesupport_fastrtps_c.c.o[0m
[ 98%] [32m[1mLinking C shared library rosidl_generator_py/interface/interface_s__rosidl_typesupport_introspection_c.cpython-310-x86_64-linux-gnu.so[0m
[ 98%] [32m[1mLinking C shared library rosidl_generator_py/interface/interface_s__rosidl_typesupport_fastrtps_c.cpython-310-x86_64-linux-gnu.so[0m
[100%] [32m[1mLinking C shared library rosidl_generator_py/interface/interface_s__rosidl_typesupport_c.cpython-310-x86_64-linux-gnu.so[0m
[100%] Built target interface__rosidl_typesupport_introspection_c__pyext
[100%] Built target interface__rosidl_typesupport_fastrtps_c__pyext
[100%] Built target interface__rosidl_typesupport_c__pyext
-- Install configuration: ""
-- Execute custom install script
-- Symlinking: /home/nvidia/ws_fastlio2/install/interface/share/ament_index/resource_index/rosidl_interfaces/interface
-- Symlinking: /home/nvidia/ws_fastlio2/install/interface/include/interface/interface/msg/rosidl_generator_c__visibility_control.h
-- Symlinking: /home/nvidia/ws_fastlio2/install/interface/include/interface/interface/srv/detail/is_valid__functions.h
-- Symlinking: /home/nvidia/ws_fastlio2/install/interface/include/interface/interface/srv/detail/is_valid__struct.h
-- Symlinking: /home/nvidia/ws_fastlio2/install/interface/include/interface/interface/srv/detail/is_valid__type_support.h
-- Symlinking: /home/nvidia/ws_fastlio2/install/interface/include/interface/interface/srv/detail/refine_map__functions.h
-- Symlinking: /home/nvidia/ws_fastlio2/install/interface/include/interface/interface/srv/detail/refine_map__struct.h
-- Symlinking: /home/nvidia/ws_fastlio2/install/interface/include/interface/interface/srv/detail/refine_map__type_support.h
-- Symlinking: /home/nvidia/ws_fastlio2/install/interface/include/interface/interface/srv/detail/relocalize__functions.h
-- Symlinking: /home/nvidia/ws_fastlio2/install/interface/include/interface/interface/srv/detail/relocalize__struct.h
-- Symlinking: /home/nvidia/ws_fastlio2/install/interface/include/interface/interface/srv/detail/relocalize__type_support.h
-- Symlinking: /home/nvidia/ws_fastlio2/install/interface/include/interface/interface/srv/detail/save_maps__functions.h
-- Symlinking: /home/nvidia/ws_fastlio2/install/interface/include/interface/interface/srv/detail/save_maps__struct.h
-- Symlinking: /home/nvidia/ws_fastlio2/install/interface/include/interface/interface/srv/detail/save_maps__type_support.h
-- Symlinking: /home/nvidia/ws_fastlio2/install/interface/include/interface/interface/srv/detail/save_poses__functions.h
-- Symlinking: /home/nvidia/ws_fastlio2/install/interface/include/interface/interface/srv/detail/save_poses__struct.h
-- Symlinking: /home/nvidia/ws_fastlio2/install/interface/include/interface/interface/srv/detail/save_poses__type_support.h
-- Symlinking: /home/nvidia/ws_fastlio2/install/interface/include/interface/interface/srv/is_valid.h
-- Symlinking: /home/nvidia/ws_fastlio2/install/interface/include/interface/interface/srv/refine_map.h
-- Symlinking: /home/nvidia/ws_fastlio2/install/interface/include/interface/interface/srv/relocalize.h
-- Symlinking: /home/nvidia/ws_fastlio2/install/interface/include/interface/interface/srv/save_maps.h
-- Symlinking: /home/nvidia/ws_fastlio2/install/interface/include/interface/interface/srv/save_poses.h
-- Symlinking: /home/nvidia/ws_fastlio2/install/interface/share/interface/environment/library_path.sh
-- Symlinking: /home/nvidia/ws_fastlio2/install/interface/share/interface/environment/library_path.dsv
-- Symlinking: /home/nvidia/ws_fastlio2/install/interface/include/interface/interface/msg/rosidl_typesupport_fastrtps_c__visibility_control.h
-- Symlinking: /home/nvidia/ws_fastlio2/install/interface/include/interface/interface/srv/detail/is_valid__rosidl_typesupport_fastrtps_c.h
-- Symlinking: /home/nvidia/ws_fastlio2/install/interface/include/interface/interface/srv/detail/refine_map__rosidl_typesupport_fastrtps_c.h
-- Symlinking: /home/nvidia/ws_fastlio2/install/interface/include/interface/interface/srv/detail/relocalize__rosidl_typesupport_fastrtps_c.h
-- Symlinking: /home/nvidia/ws_fastlio2/install/interface/include/interface/interface/srv/detail/save_maps__rosidl_typesupport_fastrtps_c.h
-- Symlinking: /home/nvidia/ws_fastlio2/install/interface/include/interface/interface/srv/detail/save_poses__rosidl_typesupport_fastrtps_c.h
-- Symlinking: /home/nvidia/ws_fastlio2/install/interface/include/interface/interface/msg/rosidl_generator_cpp__visibility_control.hpp
-- Symlinking: /home/nvidia/ws_fastlio2/install/interface/include/interface/interface/srv/detail/is_valid__builder.hpp
-- Symlinking: /home/nvidia/ws_fastlio2/install/interface/include/interface/interface/srv/detail/is_valid__struct.hpp
-- Symlinking: /home/nvidia/ws_fastlio2/install/interface/include/interface/interface/srv/detail/is_valid__traits.hpp
-- Symlinking: /home/nvidia/ws_fastlio2/install/interface/include/interface/interface/srv/detail/is_valid__type_support.hpp
-- Symlinking: /home/nvidia/ws_fastlio2/install/interface/include/interface/interface/srv/detail/refine_map__builder.hpp
-- Symlinking: /home/nvidia/ws_fastlio2/install/interface/include/interface/interface/srv/detail/refine_map__struct.hpp
-- Symlinking: /home/nvidia/ws_fastlio2/install/interface/include/interface/interface/srv/detail/refine_map__traits.hpp
-- Symlinking: /home/nvidia/ws_fastlio2/install/interface/include/interface/interface/srv/detail/refine_map__type_support.hpp
-- Symlinking: /home/nvidia/ws_fastlio2/install/interface/include/interface/interface/srv/detail/relocalize__builder.hpp
-- Symlinking: /home/nvidia/ws_fastlio2/install/interface/include/interface/interface/srv/detail/relocalize__struct.hpp
-- Symlinking: /home/nvidia/ws_fastlio2/install/interface/include/interface/interface/srv/detail/relocalize__traits.hpp
-- Symlinking: /home/nvidia/ws_fastlio2/install/interface/include/interface/interface/srv/detail/relocalize__type_support.hpp
-- Symlinking: /home/nvidia/ws_fastlio2/install/interface/include/interface/interface/srv/detail/save_maps__builder.hpp
-- Symlinking: /home/nvidia/ws_fastlio2/install/interface/include/interface/interface/srv/detail/save_maps__struct.hpp
-- Symlinking: /home/nvidia/ws_fastlio2/install/interface/include/interface/interface/srv/detail/save_maps__traits.hpp
-- Symlinking: /home/nvidia/ws_fastlio2/install/interface/include/interface/interface/srv/detail/save_maps__type_support.hpp
-- Symlinking: /home/nvidia/ws_fastlio2/install/interface/include/interface/interface/srv/detail/save_poses__builder.hpp
-- Symlinking: /home/nvidia/ws_fastlio2/install/interface/include/interface/interface/srv/detail/save_poses__struct.hpp
-- Symlinking: /home/nvidia/ws_fastlio2/install/interface/include/interface/interface/srv/detail/save_poses__traits.hpp
-- Symlinking: /home/nvidia/ws_fastlio2/install/interface/include/interface/interface/srv/detail/save_poses__type_support.hpp
-- Symlinking: /home/nvidia/ws_fastlio2/install/interface/include/interface/interface/srv/is_valid.hpp
-- Symlinking: /home/nvidia/ws_fastlio2/install/interface/include/interface/interface/srv/refine_map.hpp
-- Symlinking: /home/nvidia/ws_fastlio2/install/interface/include/interface/interface/srv/relocalize.hpp
-- Symlinking: /home/nvidia/ws_fastlio2/install/interface/include/interface/interface/srv/save_maps.hpp
-- Symlinking: /home/nvidia/ws_fastlio2/install/interface/include/interface/interface/srv/save_poses.hpp
-- Symlinking: /home/nvidia/ws_fastlio2/install/interface/include/interface/interface/msg/rosidl_typesupport_fastrtps_cpp__visibility_control.h
-- Symlinking: /home/nvidia/ws_fastlio2/install/interface/include/interface/interface/srv/detail/is_valid__rosidl_typesupport_fastrtps_cpp.hpp
-- Symlinking: /home/nvidia/ws_fastlio2/install/interface/include/interface/interface/srv/detail/refine_map__rosidl_typesupport_fastrtps_cpp.hpp
-- Symlinking: /home/nvidia/ws_fastlio2/install/interface/include/interface/interface/srv/detail/relocalize__rosidl_typesupport_fastrtps_cpp.hpp
-- Symlinking: /home/nvidia/ws_fastlio2/install/interface/include/interface/interface/srv/detail/save_maps__rosidl_typesupport_fastrtps_cpp.hpp
-- Symlinking: /home/nvidia/ws_fastlio2/install/interface/include/interface/interface/srv/detail/save_poses__rosidl_typesupport_fastrtps_cpp.hpp
-- Symlinking: /home/nvidia/ws_fastlio2/install/interface/include/interface/interface/msg/rosidl_typesupport_introspection_c__visibility_control.h
-- Symlinking: /home/nvidia/ws_fastlio2/install/interface/include/interface/interface/srv/detail/is_valid__rosidl_typesupport_introspection_c.h
-- Symlinking: /home/nvidia/ws_fastlio2/install/interface/include/interface/interface/srv/detail/refine_map__rosidl_typesupport_introspection_c.h
-- Symlinking: /home/nvidia/ws_fastlio2/install/interface/include/interface/interface/srv/detail/relocalize__rosidl_typesupport_introspection_c.h
-- Symlinking: /home/nvidia/ws_fastlio2/install/interface/include/interface/interface/srv/detail/save_maps__rosidl_typesupport_introspection_c.h
-- Symlinking: /home/nvidia/ws_fastlio2/install/interface/include/interface/interface/srv/detail/save_poses__rosidl_typesupport_introspection_c.h
-- Symlinking: /home/nvidia/ws_fastlio2/install/interface/include/interface/interface/srv/detail/is_valid__rosidl_typesupport_introspection_cpp.hpp
-- Symlinking: /home/nvidia/ws_fastlio2/install/interface/include/interface/interface/srv/detail/refine_map__rosidl_typesupport_introspection_cpp.hpp
-- Symlinking: /home/nvidia/ws_fastlio2/install/interface/include/interface/interface/srv/detail/relocalize__rosidl_typesupport_introspection_cpp.hpp
-- Symlinking: /home/nvidia/ws_fastlio2/install/interface/include/interface/interface/srv/detail/save_maps__rosidl_typesupport_introspection_cpp.hpp
-- Symlinking: /home/nvidia/ws_fastlio2/install/interface/include/interface/interface/srv/detail/save_poses__rosidl_typesupport_introspection_cpp.hpp
-- Symlinking: /home/nvidia/ws_fastlio2/install/interface/share/interface/environment/pythonpath.sh
-- Symlinking: /home/nvidia/ws_fastlio2/install/interface/share/interface/environment/pythonpath.dsv
-- Symlinking: /home/nvidia/ws_fastlio2/install/interface/local/lib/python3.10/dist-packages/interface-0.0.0-py3.10.egg-info/PKG-INFO
-- Symlinking: /home/nvidia/ws_fastlio2/install/interface/local/lib/python3.10/dist-packages/interface-0.0.0-py3.10.egg-info/SOURCES.txt
-- Symlinking: /home/nvidia/ws_fastlio2/install/interface/local/lib/python3.10/dist-packages/interface-0.0.0-py3.10.egg-info/dependency_links.txt
-- Symlinking: /home/nvidia/ws_fastlio2/install/interface/local/lib/python3.10/dist-packages/interface-0.0.0-py3.10.egg-info/top_level.txt
-- Symlinking: /home/nvidia/ws_fastlio2/install/interface/local/lib/python3.10/dist-packages/interface/__init__.py
-- Symlinking: /home/nvidia/ws_fastlio2/install/interface/local/lib/python3.10/dist-packages/interface/_interface_s.ep.rosidl_typesupport_c.c
-- Symlinking: /home/nvidia/ws_fastlio2/install/interface/local/lib/python3.10/dist-packages/interface/_interface_s.ep.rosidl_typesupport_fastrtps_c.c
-- Symlinking: /home/nvidia/ws_fastlio2/install/interface/local/lib/python3.10/dist-packages/interface/_interface_s.ep.rosidl_typesupport_introspection_c.c
-- Symlinking: /home/nvidia/ws_fastlio2/install/interface/local/lib/python3.10/dist-packages/interface/interface_s__rosidl_typesupport_c.cpython-310-x86_64-linux-gnu.so
-- Symlinking: /home/nvidia/ws_fastlio2/install/interface/local/lib/python3.10/dist-packages/interface/interface_s__rosidl_typesupport_fastrtps_c.cpython-310-x86_64-linux-gnu.so
-- Symlinking: /home/nvidia/ws_fastlio2/install/interface/local/lib/python3.10/dist-packages/interface/interface_s__rosidl_typesupport_introspection_c.cpython-310-x86_64-linux-gnu.so
-- Symlinking: /home/nvidia/ws_fastlio2/install/interface/local/lib/python3.10/dist-packages/interface/libinterface__rosidl_generator_py.so
-- Symlinking: /home/nvidia/ws_fastlio2/install/interface/local/lib/python3.10/dist-packages/interface/srv/__init__.py
-- Symlinking: /home/nvidia/ws_fastlio2/install/interface/local/lib/python3.10/dist-packages/interface/srv/_is_valid.py
-- Symlinking: /home/nvidia/ws_fastlio2/install/interface/local/lib/python3.10/dist-packages/interface/srv/_is_valid_s.c
-- Symlinking: /home/nvidia/ws_fastlio2/install/interface/local/lib/python3.10/dist-packages/interface/srv/_refine_map.py
-- Symlinking: /home/nvidia/ws_fastlio2/install/interface/local/lib/python3.10/dist-packages/interface/srv/_refine_map_s.c
-- Symlinking: /home/nvidia/ws_fastlio2/install/interface/local/lib/python3.10/dist-packages/interface/srv/_relocalize.py
-- Symlinking: /home/nvidia/ws_fastlio2/install/interface/local/lib/python3.10/dist-packages/interface/srv/_relocalize_s.c
-- Symlinking: /home/nvidia/ws_fastlio2/install/interface/local/lib/python3.10/dist-packages/interface/srv/_save_maps.py
-- Symlinking: /home/nvidia/ws_fastlio2/install/interface/local/lib/python3.10/dist-packages/interface/srv/_save_maps_s.c
-- Symlinking: /home/nvidia/ws_fastlio2/install/interface/local/lib/python3.10/dist-packages/interface/srv/_save_poses.py
-- Symlinking: /home/nvidia/ws_fastlio2/install/interface/local/lib/python3.10/dist-packages/interface/srv/_save_poses_s.c
-- Up-to-date symlink: /home/nvidia/ws_fastlio2/install/interface/local/lib/python3.10/dist-packages/interface/interface_s__rosidl_typesupport_fastrtps_c.cpython-310-x86_64-linux-gnu.so
-- Up-to-date symlink: /home/nvidia/ws_fastlio2/install/interface/local/lib/python3.10/dist-packages/interface/interface_s__rosidl_typesupport_introspection_c.cpython-310-x86_64-linux-gnu.so
-- Up-to-date symlink: /home/nvidia/ws_fastlio2/install/interface/local/lib/python3.10/dist-packages/interface/interface_s__rosidl_typesupport_c.cpython-310-x86_64-linux-gnu.so
-- Symlinking: /home/nvidia/ws_fastlio2/install/interface/share/interface/srv/SaveMaps.idl
-- Symlinking: /home/nvidia/ws_fastlio2/install/interface/share/interface/srv/Relocalize.idl
-- Symlinking: /home/nvidia/ws_fastlio2/install/interface/share/interface/srv/IsValid.idl
-- Symlinking: /home/nvidia/ws_fastlio2/install/interface/share/interface/srv/RefineMap.idl
-- Symlinking: /home/nvidia/ws_fastlio2/install/interface/share/interface/srv/SavePoses.idl
-- Symlinking: /home/nvidia/ws_fastlio2/install/interface/share/interface/srv/SaveMaps.srv
-- Symlinking: /home/nvidia/ws_fastlio2/install/interface/share/interface/srv/SaveMaps_Request.msg
-- Symlinking: /home/nvidia/ws_fastlio2/install/interface/share/interface/srv/SaveMaps_Response.msg
-- Symlinking: /home/nvidia/ws_fastlio2/install/interface/share/interface/srv/Relocalize.srv
-- Symlinking: /home/nvidia/ws_fastlio2/install/interface/share/interface/srv/Relocalize_Request.msg
-- Symlinking: /home/nvidia/ws_fastlio2/install/interface/share/interface/srv/Relocalize_Response.msg
-- Symlinking: /home/nvidia/ws_fastlio2/install/interface/share/interface/srv/IsValid.srv
-- Symlinking: /home/nvidia/ws_fastlio2/install/interface/share/interface/srv/IsValid_Request.msg
-- Symlinking: /home/nvidia/ws_fastlio2/install/interface/share/interface/srv/IsValid_Response.msg
-- Symlinking: /home/nvidia/ws_fastlio2/install/interface/share/interface/srv/RefineMap.srv
-- Symlinking: /home/nvidia/ws_fastlio2/install/interface/share/interface/srv/RefineMap_Request.msg
-- Symlinking: /home/nvidia/ws_fastlio2/install/interface/share/interface/srv/RefineMap_Response.msg
-- Symlinking: /home/nvidia/ws_fastlio2/install/interface/share/interface/srv/SavePoses.srv
-- Symlinking: /home/nvidia/ws_fastlio2/install/interface/share/interface/srv/SavePoses_Request.msg
-- Symlinking: /home/nvidia/ws_fastlio2/install/interface/share/interface/srv/SavePoses_Response.msg
-- Symlinking: /home/nvidia/ws_fastlio2/install/interface/share/ament_index/resource_index/package_run_dependencies/interface
-- Symlinking: /home/nvidia/ws_fastlio2/install/interface/share/ament_index/resource_index/parent_prefix_path/interface
-- Symlinking: /home/nvidia/ws_fastlio2/install/interface/share/interface/environment/ament_prefix_path.sh
-- Symlinking: /home/nvidia/ws_fastlio2/install/interface/share/interface/environment/ament_prefix_path.dsv
-- Symlinking: /home/nvidia/ws_fastlio2/install/interface/share/interface/environment/path.sh
-- Symlinking: /home/nvidia/ws_fastlio2/install/interface/share/interface/environment/path.dsv
-- Symlinking: /home/nvidia/ws_fastlio2/install/interface/share/interface/local_setup.bash
-- Symlinking: /home/nvidia/ws_fastlio2/install/interface/share/interface/local_setup.sh
-- Symlinking: /home/nvidia/ws_fastlio2/install/interface/share/interface/local_setup.zsh
-- Symlinking: /home/nvidia/ws_fastlio2/install/interface/share/interface/local_setup.dsv
-- Symlinking: /home/nvidia/ws_fastlio2/install/interface/share/interface/package.dsv
-- Symlinking: /home/nvidia/ws_fastlio2/install/interface/share/ament_index/resource_index/packages/interface
-- Symlinking: /home/nvidia/ws_fastlio2/install/interface/share/interface/cmake/rosidl_cmake-extras.cmake
-- Symlinking: /home/nvidia/ws_fastlio2/install/interface/share/interface/cmake/ament_cmake_export_dependencies-extras.cmake
-- Symlinking: /home/nvidia/ws_fastlio2/install/interface/share/interface/cmake/ament_cmake_export_include_directories-extras.cmake
-- Symlinking: /home/nvidia/ws_fastlio2/install/interface/share/interface/cmake/ament_cmake_export_libraries-extras.cmake
-- Symlinking: /home/nvidia/ws_fastlio2/install/interface/share/interface/cmake/ament_cmake_export_targets-extras.cmake
-- Symlinking: /home/nvidia/ws_fastlio2/install/interface/share/interface/cmake/rosidl_cmake_export_typesupport_targets-extras.cmake
-- Symlinking: /home/nvidia/ws_fastlio2/install/interface/share/interface/cmake/rosidl_cmake_export_typesupport_libraries-extras.cmake
-- Symlinking: /home/nvidia/ws_fastlio2/install/interface/share/interface/cmake/interfaceConfig.cmake
-- Symlinking: /home/nvidia/ws_fastlio2/install/interface/share/interface/cmake/interfaceConfig-version.cmake
-- Symlinking: /home/nvidia/ws_fastlio2/install/interface/share/interface/package.xml
-- Installing: /home/nvidia/ws_fastlio2/install/interface/lib/libinterface__rosidl_generator_c.so
-- Set runtime path of "/home/nvidia/ws_fastlio2/install/interface/lib/libinterface__rosidl_generator_c.so" to ""
-- Installing: /home/nvidia/ws_fastlio2/install/interface/lib/libinterface__rosidl_typesupport_fastrtps_c.so
-- Set runtime path of "/home/nvidia/ws_fastlio2/install/interface/lib/libinterface__rosidl_typesupport_fastrtps_c.so" to ""
-- Installing: /home/nvidia/ws_fastlio2/install/interface/lib/libinterface__rosidl_typesupport_fastrtps_cpp.so
-- Set runtime path of "/home/nvidia/ws_fastlio2/install/interface/lib/libinterface__rosidl_typesupport_fastrtps_cpp.so" to ""
-- Installing: /home/nvidia/ws_fastlio2/install/interface/lib/libinterface__rosidl_typesupport_introspection_c.so
-- Set runtime path of "/home/nvidia/ws_fastlio2/install/interface/lib/libinterface__rosidl_typesupport_introspection_c.so" to ""
-- Installing: /home/nvidia/ws_fastlio2/install/interface/lib/libinterface__rosidl_typesupport_c.so
-- Set runtime path of "/home/nvidia/ws_fastlio2/install/interface/lib/libinterface__rosidl_typesupport_c.so" to ""
-- Installing: /home/nvidia/ws_fastlio2/install/interface/lib/libinterface__rosidl_typesupport_introspection_cpp.so
-- Set runtime path of "/home/nvidia/ws_fastlio2/install/interface/lib/libinterface__rosidl_typesupport_introspection_cpp.so" to ""
-- Installing: /home/nvidia/ws_fastlio2/install/interface/lib/libinterface__rosidl_typesupport_cpp.so
-- Set runtime path of "/home/nvidia/ws_fastlio2/install/interface/lib/libinterface__rosidl_typesupport_cpp.so" to ""
Listing '/home/nvidia/ws_fastlio2/install/interface/local/lib/python3.10/dist-packages/interface'...
Compiling '/home/nvidia/ws_fastlio2/install/interface/local/lib/python3.10/dist-packages/interface/__init__.py'...
Listing '/home/nvidia/ws_fastlio2/install/interface/local/lib/python3.10/dist-packages/interface/srv'...
Compiling '/home/nvidia/ws_fastlio2/install/interface/local/lib/python3.10/dist-packages/interface/srv/__init__.py'...
Compiling '/home/nvidia/ws_fastlio2/install/interface/local/lib/python3.10/dist-packages/interface/srv/_is_valid.py'...
Compiling '/home/nvidia/ws_fastlio2/install/interface/local/lib/python3.10/dist-packages/interface/srv/_refine_map.py'...
Compiling '/home/nvidia/ws_fastlio2/install/interface/local/lib/python3.10/dist-packages/interface/srv/_relocalize.py'...
Compiling '/home/nvidia/ws_fastlio2/install/interface/local/lib/python3.10/dist-packages/interface/srv/_save_maps.py'...
Compiling '/home/nvidia/ws_fastlio2/install/interface/local/lib/python3.10/dist-packages/interface/srv/_save_poses.py'...
-- Installing: /home/nvidia/ws_fastlio2/install/interface/lib/libinterface__rosidl_generator_py.so
-- Set runtime path of "/home/nvidia/ws_fastlio2/install/interface/lib/libinterface__rosidl_generator_py.so" to ""
-- Installing: /home/nvidia/ws_fastlio2/install/interface/share/interface/cmake/export_interface__rosidl_generator_cExport.cmake
-- Installing: /home/nvidia/ws_fastlio2/install/interface/share/interface/cmake/export_interface__rosidl_generator_cExport-noconfig.cmake
-- Installing: /home/nvidia/ws_fastlio2/install/interface/share/interface/cmake/export_interface__rosidl_typesupport_fastrtps_cExport.cmake
-- Installing: /home/nvidia/ws_fastlio2/install/interface/share/interface/cmake/export_interface__rosidl_typesupport_fastrtps_cExport-noconfig.cmake
-- Installing: /home/nvidia/ws_fastlio2/install/interface/share/interface/cmake/export_interface__rosidl_generator_cppExport.cmake
-- Installing: /home/nvidia/ws_fastlio2/install/interface/share/interface/cmake/export_interface__rosidl_typesupport_fastrtps_cppExport.cmake
-- Installing: /home/nvidia/ws_fastlio2/install/interface/share/interface/cmake/export_interface__rosidl_typesupport_fastrtps_cppExport-noconfig.cmake
-- Installing: /home/nvidia/ws_fastlio2/install/interface/share/interface/cmake/interface__rosidl_typesupport_introspection_cExport.cmake
-- Installing: /home/nvidia/ws_fastlio2/install/interface/share/interface/cmake/interface__rosidl_typesupport_introspection_cExport-noconfig.cmake
-- Installing: /home/nvidia/ws_fastlio2/install/interface/share/interface/cmake/interface__rosidl_typesupport_cExport.cmake
-- Installing: /home/nvidia/ws_fastlio2/install/interface/share/interface/cmake/interface__rosidl_typesupport_cExport-noconfig.cmake
-- Installing: /home/nvidia/ws_fastlio2/install/interface/share/interface/cmake/interface__rosidl_typesupport_introspection_cppExport.cmake
-- Installing: /home/nvidia/ws_fastlio2/install/interface/share/interface/cmake/interface__rosidl_typesupport_introspection_cppExport-noconfig.cmake
-- Installing: /home/nvidia/ws_fastlio2/install/interface/share/interface/cmake/interface__rosidl_typesupport_cppExport.cmake
-- Installing: /home/nvidia/ws_fastlio2/install/interface/share/interface/cmake/interface__rosidl_typesupport_cppExport-noconfig.cmake
-- Installing: /home/nvidia/ws_fastlio2/install/interface/share/interface/cmake/export_interface__rosidl_generator_pyExport.cmake
-- Installing: /home/nvidia/ws_fastlio2/install/interface/share/interface/cmake/export_interface__rosidl_generator_pyExport-noconfig.cmake
