[0.008s] Invoking command in '/home/nvidia/ws_fastlio2/build/interface': CMAKE_PREFIX_PATH=${CMAKE_PREFIX_PATH}:/home/nvidia/ros2_ws/install/ai_imu_dr_ros:/opt/ros/humble /usr/bin/cmake --build /home/nvidia/ws_fastlio2/build/interface -- -j20 -l20
[0.032s] [  1%] [34m[1mGenerating C code for ROS interfaces[0m
[0.037s] [  3%] [34m[1mGenerating C++ code for ROS interfaces[0m
[0.041s] [  3%] Built target ament_cmake_python_symlink_interface
[0.179s] running egg_info
[0.180s] creating interface.egg-info
[0.180s] writing interface.egg-info/PKG-INFO
[0.180s] writing dependency_links to interface.egg-info/dependency_links.txt
[0.180s] writing top-level names to interface.egg-info/top_level.txt
[0.180s] writing manifest file 'interface.egg-info/SOURCES.txt'
[0.181s] reading manifest file 'interface.egg-info/SOURCES.txt'
[0.181s] writing manifest file 'interface.egg-info/SOURCES.txt'
[0.197s] [  3%] Built target ament_cmake_python_build_interface_egg
[0.365s] [  9%] [32mBuilding C object CMakeFiles/interface__rosidl_generator_c.dir/rosidl_generator_c/interface/srv/detail/refine_map__functions.c.o[0m
[0.366s] [  9%] [32mBuilding C object CMakeFiles/interface__rosidl_generator_c.dir/rosidl_generator_c/interface/srv/detail/save_maps__functions.c.o[0m
[0.366s] [  9%] [32mBuilding C object CMakeFiles/interface__rosidl_generator_c.dir/rosidl_generator_c/interface/srv/detail/is_valid__functions.c.o[0m
[0.366s] [  9%] Built target interface__cpp
[0.366s] [  9%] [32mBuilding C object CMakeFiles/interface__rosidl_generator_c.dir/rosidl_generator_c/interface/srv/detail/relocalize__functions.c.o[0m
[0.366s] [ 11%] [32mBuilding C object CMakeFiles/interface__rosidl_generator_c.dir/rosidl_generator_c/interface/srv/detail/save_poses__functions.c.o[0m
[0.371s] [ 15%] [34m[1mGenerating C++ type support dispatch for ROS interfaces[0m
[0.371s] [ 15%] [34m[1mGenerating C++ introspection for ROS interfaces[0m
[0.371s] [ 15%] [34m[1mGenerating C++ type support for eProsima Fast-RTPS[0m
[0.400s] [ 17%] [32m[1mLinking C shared library libinterface__rosidl_generator_c.so[0m
[0.422s] [ 17%] Built target interface__rosidl_generator_c
[0.427s] [ 19%] [34m[1mGenerating C introspection for ROS interfaces[0m
[0.427s] [ 20%] [34m[1mGenerating C type support for eProsima Fast-RTPS[0m
[0.427s] [ 22%] [34m[1mGenerating C type support dispatch for ROS interfaces[0m
[0.587s] [ 23%] [32mBuilding CXX object CMakeFiles/interface__rosidl_typesupport_cpp.dir/rosidl_typesupport_cpp/interface/srv/save_maps__type_support.cpp.o[0m
[0.588s] [ 25%] [32mBuilding CXX object CMakeFiles/interface__rosidl_typesupport_cpp.dir/rosidl_typesupport_cpp/interface/srv/refine_map__type_support.cpp.o[0m
[0.588s] [ 26%] [32mBuilding CXX object CMakeFiles/interface__rosidl_typesupport_cpp.dir/rosidl_typesupport_cpp/interface/srv/relocalize__type_support.cpp.o[0m
[0.589s] [ 28%] [32mBuilding CXX object CMakeFiles/interface__rosidl_typesupport_cpp.dir/rosidl_typesupport_cpp/interface/srv/is_valid__type_support.cpp.o[0m
[0.589s] [ 30%] [32mBuilding CXX object CMakeFiles/interface__rosidl_typesupport_cpp.dir/rosidl_typesupport_cpp/interface/srv/save_poses__type_support.cpp.o[0m
[0.630s] [ 33%] [32mBuilding CXX object CMakeFiles/interface__rosidl_typesupport_introspection_cpp.dir/rosidl_typesupport_introspection_cpp/interface/srv/detail/is_valid__type_support.cpp.o[0m
[0.630s] [ 33%] [32mBuilding CXX object CMakeFiles/interface__rosidl_typesupport_introspection_cpp.dir/rosidl_typesupport_introspection_cpp/interface/srv/detail/save_maps__type_support.cpp.o[0m
[0.630s] [ 34%] [32mBuilding CXX object CMakeFiles/interface__rosidl_typesupport_introspection_cpp.dir/rosidl_typesupport_introspection_cpp/interface/srv/detail/refine_map__type_support.cpp.o[0m
[0.630s] [ 38%] [32mBuilding CXX object CMakeFiles/interface__rosidl_typesupport_introspection_cpp.dir/rosidl_typesupport_introspection_cpp/interface/srv/detail/save_poses__type_support.cpp.o[0m
[0.630s] [ 38%] [32mBuilding CXX object CMakeFiles/interface__rosidl_typesupport_introspection_cpp.dir/rosidl_typesupport_introspection_cpp/interface/srv/detail/relocalize__type_support.cpp.o[0m
[0.644s] [ 39%] [32mBuilding CXX object CMakeFiles/interface__rosidl_typesupport_c.dir/rosidl_typesupport_c/interface/srv/save_maps__type_support.cpp.o[0m
[0.644s] [ 42%] [32mBuilding CXX object CMakeFiles/interface__rosidl_typesupport_c.dir/rosidl_typesupport_c/interface/srv/refine_map__type_support.cpp.o[0m
[0.644s] [ 42%] [32mBuilding CXX object CMakeFiles/interface__rosidl_typesupport_c.dir/rosidl_typesupport_c/interface/srv/relocalize__type_support.cpp.o[0m
[0.646s] [ 44%] [32mBuilding CXX object CMakeFiles/interface__rosidl_typesupport_c.dir/rosidl_typesupport_c/interface/srv/is_valid__type_support.cpp.o[0m
[0.653s] [ 46%] [32mBuilding CXX object CMakeFiles/interface__rosidl_typesupport_c.dir/rosidl_typesupport_c/interface/srv/save_poses__type_support.cpp.o[0m
[0.686s] [ 47%] [32m[1mLinking CXX shared library libinterface__rosidl_typesupport_c.so[0m
[0.697s] [ 52%] [32mBuilding CXX object CMakeFiles/interface__rosidl_typesupport_fastrtps_cpp.dir/rosidl_typesupport_fastrtps_cpp/interface/srv/detail/dds_fastrtps/save_maps__type_support.cpp.o[0m
[0.697s] [ 52%] [32mBuilding CXX object CMakeFiles/interface__rosidl_typesupport_fastrtps_cpp.dir/rosidl_typesupport_fastrtps_cpp/interface/srv/detail/dds_fastrtps/save_poses__type_support.cpp.o[0m
[0.698s] [ 52%] [32mBuilding CXX object CMakeFiles/interface__rosidl_typesupport_fastrtps_cpp.dir/rosidl_typesupport_fastrtps_cpp/interface/srv/detail/dds_fastrtps/is_valid__type_support.cpp.o[0m
[0.698s] [ 55%] [32mBuilding CXX object CMakeFiles/interface__rosidl_typesupport_fastrtps_cpp.dir/rosidl_typesupport_fastrtps_cpp/interface/srv/detail/dds_fastrtps/relocalize__type_support.cpp.o[0m
[0.698s] [ 55%] [32mBuilding CXX object CMakeFiles/interface__rosidl_typesupport_fastrtps_cpp.dir/rosidl_typesupport_fastrtps_cpp/interface/srv/detail/dds_fastrtps/refine_map__type_support.cpp.o[0m
[0.726s] [ 55%] Built target interface__rosidl_typesupport_c
[0.764s] [ 57%] [32mBuilding C object CMakeFiles/interface__rosidl_typesupport_introspection_c.dir/rosidl_typesupport_introspection_c/interface/srv/detail/save_maps__type_support.c.o[0m
[0.764s] [ 58%] [32mBuilding C object CMakeFiles/interface__rosidl_typesupport_introspection_c.dir/rosidl_typesupport_introspection_c/interface/srv/detail/relocalize__type_support.c.o[0m
[0.770s] [ 60%] [32mBuilding C object CMakeFiles/interface__rosidl_typesupport_introspection_c.dir/rosidl_typesupport_introspection_c/interface/srv/detail/is_valid__type_support.c.o[0m
[0.772s] [ 61%] [32mBuilding CXX object CMakeFiles/interface__rosidl_typesupport_fastrtps_c.dir/rosidl_typesupport_fastrtps_c/interface/srv/detail/save_maps__type_support_c.cpp.o[0m
[0.784s] [ 63%] [32mBuilding C object CMakeFiles/interface__rosidl_typesupport_introspection_c.dir/rosidl_typesupport_introspection_c/interface/srv/detail/refine_map__type_support.c.o[0m
[0.797s] [ 68%] [32mBuilding CXX object CMakeFiles/interface__rosidl_typesupport_fastrtps_c.dir/rosidl_typesupport_fastrtps_c/interface/srv/detail/is_valid__type_support_c.cpp.o[0m
[0.797s] [ 68%] [32mBuilding C object CMakeFiles/interface__rosidl_typesupport_introspection_c.dir/rosidl_typesupport_introspection_c/interface/srv/detail/save_poses__type_support.c.o[0m
[0.797s] [ 68%] [32mBuilding CXX object CMakeFiles/interface__rosidl_typesupport_fastrtps_c.dir/rosidl_typesupport_fastrtps_c/interface/srv/detail/relocalize__type_support_c.cpp.o[0m
[0.803s] [ 69%] [32mBuilding CXX object CMakeFiles/interface__rosidl_typesupport_fastrtps_c.dir/rosidl_typesupport_fastrtps_c/interface/srv/detail/refine_map__type_support_c.cpp.o[0m
[0.821s] [ 71%] [32mBuilding CXX object CMakeFiles/interface__rosidl_typesupport_fastrtps_c.dir/rosidl_typesupport_fastrtps_c/interface/srv/detail/save_poses__type_support_c.cpp.o[0m
[0.831s] [ 73%] [32m[1mLinking C shared library libinterface__rosidl_typesupport_introspection_c.so[0m
[0.851s] [ 74%] [32m[1mLinking CXX shared library libinterface__rosidl_typesupport_cpp.so[0m
[0.865s] [ 74%] Built target interface__rosidl_typesupport_introspection_c
[0.891s] [ 74%] Built target interface__rosidl_typesupport_cpp
[1.003s] [ 76%] [32m[1mLinking CXX shared library libinterface__rosidl_typesupport_introspection_cpp.so[0m
[1.050s] [ 76%] Built target interface__rosidl_typesupport_introspection_cpp
[1.093s] [ 77%] [32m[1mLinking CXX shared library libinterface__rosidl_typesupport_fastrtps_cpp.so[0m
[1.095s] [ 79%] [32m[1mLinking CXX shared library libinterface__rosidl_typesupport_fastrtps_c.so[0m
[1.141s] [ 79%] Built target interface__rosidl_typesupport_fastrtps_cpp
[1.141s] [ 79%] Built target interface__rosidl_typesupport_fastrtps_c
[1.152s] [ 79%] Built target interface
[1.162s] [ 80%] [34m[1mGenerating Python code for ROS interfaces[0m
[1.687s] [ 80%] Built target interface__py
[1.698s] [ 82%] [32mBuilding C object CMakeFiles/interface__rosidl_generator_py.dir/rosidl_generator_py/interface/srv/_save_maps_s.c.o[0m
[1.698s] [ 84%] [32mBuilding C object CMakeFiles/interface__rosidl_generator_py.dir/rosidl_generator_py/interface/srv/_relocalize_s.c.o[0m
[1.698s] [ 85%] [32mBuilding C object CMakeFiles/interface__rosidl_generator_py.dir/rosidl_generator_py/interface/srv/_is_valid_s.c.o[0m
[1.698s] [ 87%] [32mBuilding C object CMakeFiles/interface__rosidl_generator_py.dir/rosidl_generator_py/interface/srv/_save_poses_s.c.o[0m
[1.698s] [ 88%] [32mBuilding C object CMakeFiles/interface__rosidl_generator_py.dir/rosidl_generator_py/interface/srv/_refine_map_s.c.o[0m
[1.762s] [ 90%] [32m[1mLinking C shared library rosidl_generator_py/interface/libinterface__rosidl_generator_py.so[0m
[1.786s] [ 90%] Built target interface__rosidl_generator_py
[1.796s] [ 93%] [32mBuilding C object CMakeFiles/interface__rosidl_typesupport_c__pyext.dir/rosidl_generator_py/interface/_interface_s.ep.rosidl_typesupport_c.c.o[0m
[1.796s] [ 92%] [32mBuilding C object CMakeFiles/interface__rosidl_typesupport_introspection_c__pyext.dir/rosidl_generator_py/interface/_interface_s.ep.rosidl_typesupport_introspection_c.c.o[0m
[1.796s] [ 95%] [32mBuilding C object CMakeFiles/interface__rosidl_typesupport_fastrtps_c__pyext.dir/rosidl_generator_py/interface/_interface_s.ep.rosidl_typesupport_fastrtps_c.c.o[0m
[1.870s] [ 98%] [32m[1mLinking C shared library rosidl_generator_py/interface/interface_s__rosidl_typesupport_introspection_c.cpython-310-x86_64-linux-gnu.so[0m
[1.870s] [ 98%] [32m[1mLinking C shared library rosidl_generator_py/interface/interface_s__rosidl_typesupport_fastrtps_c.cpython-310-x86_64-linux-gnu.so[0m
[1.870s] [100%] [32m[1mLinking C shared library rosidl_generator_py/interface/interface_s__rosidl_typesupport_c.cpython-310-x86_64-linux-gnu.so[0m
[1.891s] [100%] Built target interface__rosidl_typesupport_introspection_c__pyext
[1.891s] [100%] Built target interface__rosidl_typesupport_fastrtps_c__pyext
[1.891s] [100%] Built target interface__rosidl_typesupport_c__pyext
[1.897s] Invoked command in '/home/nvidia/ws_fastlio2/build/interface' returned '0': CMAKE_PREFIX_PATH=${CMAKE_PREFIX_PATH}:/home/nvidia/ros2_ws/install/ai_imu_dr_ros:/opt/ros/humble /usr/bin/cmake --build /home/nvidia/ws_fastlio2/build/interface -- -j20 -l20
[1.903s] Invoking command in '/home/nvidia/ws_fastlio2/build/interface': CMAKE_PREFIX_PATH=${CMAKE_PREFIX_PATH}:/home/nvidia/ros2_ws/install/ai_imu_dr_ros:/opt/ros/humble /usr/bin/cmake --install /home/nvidia/ws_fastlio2/build/interface
[1.906s] -- Install configuration: ""
[1.907s] -- Execute custom install script
[1.907s] -- Symlinking: /home/nvidia/ws_fastlio2/install/interface/share/ament_index/resource_index/rosidl_interfaces/interface
[1.911s] -- Symlinking: /home/nvidia/ws_fastlio2/install/interface/include/interface/interface/msg/rosidl_generator_c__visibility_control.h
[1.915s] -- Symlinking: /home/nvidia/ws_fastlio2/install/interface/include/interface/interface/srv/detail/is_valid__functions.h
[1.919s] -- Symlinking: /home/nvidia/ws_fastlio2/install/interface/include/interface/interface/srv/detail/is_valid__struct.h
[1.923s] -- Symlinking: /home/nvidia/ws_fastlio2/install/interface/include/interface/interface/srv/detail/is_valid__type_support.h
[1.927s] -- Symlinking: /home/nvidia/ws_fastlio2/install/interface/include/interface/interface/srv/detail/refine_map__functions.h
[1.930s] -- Symlinking: /home/nvidia/ws_fastlio2/install/interface/include/interface/interface/srv/detail/refine_map__struct.h
[1.936s] -- Symlinking: /home/nvidia/ws_fastlio2/install/interface/include/interface/interface/srv/detail/refine_map__type_support.h
[1.940s] -- Symlinking: /home/nvidia/ws_fastlio2/install/interface/include/interface/interface/srv/detail/relocalize__functions.h
[1.944s] -- Symlinking: /home/nvidia/ws_fastlio2/install/interface/include/interface/interface/srv/detail/relocalize__struct.h
[1.948s] -- Symlinking: /home/nvidia/ws_fastlio2/install/interface/include/interface/interface/srv/detail/relocalize__type_support.h
[1.952s] -- Symlinking: /home/nvidia/ws_fastlio2/install/interface/include/interface/interface/srv/detail/save_maps__functions.h
[1.956s] -- Symlinking: /home/nvidia/ws_fastlio2/install/interface/include/interface/interface/srv/detail/save_maps__struct.h
[1.960s] -- Symlinking: /home/nvidia/ws_fastlio2/install/interface/include/interface/interface/srv/detail/save_maps__type_support.h
[1.963s] -- Symlinking: /home/nvidia/ws_fastlio2/install/interface/include/interface/interface/srv/detail/save_poses__functions.h
[1.967s] -- Symlinking: /home/nvidia/ws_fastlio2/install/interface/include/interface/interface/srv/detail/save_poses__struct.h
[1.971s] -- Symlinking: /home/nvidia/ws_fastlio2/install/interface/include/interface/interface/srv/detail/save_poses__type_support.h
[1.975s] -- Symlinking: /home/nvidia/ws_fastlio2/install/interface/include/interface/interface/srv/is_valid.h
[1.979s] -- Symlinking: /home/nvidia/ws_fastlio2/install/interface/include/interface/interface/srv/refine_map.h
[1.983s] -- Symlinking: /home/nvidia/ws_fastlio2/install/interface/include/interface/interface/srv/relocalize.h
[1.988s] -- Symlinking: /home/nvidia/ws_fastlio2/install/interface/include/interface/interface/srv/save_maps.h
[1.992s] -- Symlinking: /home/nvidia/ws_fastlio2/install/interface/include/interface/interface/srv/save_poses.h
[1.998s] -- Symlinking: /home/nvidia/ws_fastlio2/install/interface/share/interface/environment/library_path.sh
[2.004s] -- Symlinking: /home/nvidia/ws_fastlio2/install/interface/share/interface/environment/library_path.dsv
[2.010s] -- Symlinking: /home/nvidia/ws_fastlio2/install/interface/include/interface/interface/msg/rosidl_typesupport_fastrtps_c__visibility_control.h
[2.015s] -- Symlinking: /home/nvidia/ws_fastlio2/install/interface/include/interface/interface/srv/detail/is_valid__rosidl_typesupport_fastrtps_c.h
[2.021s] -- Symlinking: /home/nvidia/ws_fastlio2/install/interface/include/interface/interface/srv/detail/refine_map__rosidl_typesupport_fastrtps_c.h
[2.026s] -- Symlinking: /home/nvidia/ws_fastlio2/install/interface/include/interface/interface/srv/detail/relocalize__rosidl_typesupport_fastrtps_c.h
[2.033s] -- Symlinking: /home/nvidia/ws_fastlio2/install/interface/include/interface/interface/srv/detail/save_maps__rosidl_typesupport_fastrtps_c.h
[2.039s] -- Symlinking: /home/nvidia/ws_fastlio2/install/interface/include/interface/interface/srv/detail/save_poses__rosidl_typesupport_fastrtps_c.h
[2.045s] -- Symlinking: /home/nvidia/ws_fastlio2/install/interface/include/interface/interface/msg/rosidl_generator_cpp__visibility_control.hpp
[2.051s] -- Symlinking: /home/nvidia/ws_fastlio2/install/interface/include/interface/interface/srv/detail/is_valid__builder.hpp
[2.057s] -- Symlinking: /home/nvidia/ws_fastlio2/install/interface/include/interface/interface/srv/detail/is_valid__struct.hpp
[2.064s] -- Symlinking: /home/nvidia/ws_fastlio2/install/interface/include/interface/interface/srv/detail/is_valid__traits.hpp
[2.069s] -- Symlinking: /home/nvidia/ws_fastlio2/install/interface/include/interface/interface/srv/detail/is_valid__type_support.hpp
[2.075s] -- Symlinking: /home/nvidia/ws_fastlio2/install/interface/include/interface/interface/srv/detail/refine_map__builder.hpp
[2.080s] -- Symlinking: /home/nvidia/ws_fastlio2/install/interface/include/interface/interface/srv/detail/refine_map__struct.hpp
[2.086s] -- Symlinking: /home/nvidia/ws_fastlio2/install/interface/include/interface/interface/srv/detail/refine_map__traits.hpp
[2.091s] -- Symlinking: /home/nvidia/ws_fastlio2/install/interface/include/interface/interface/srv/detail/refine_map__type_support.hpp
[2.097s] -- Symlinking: /home/nvidia/ws_fastlio2/install/interface/include/interface/interface/srv/detail/relocalize__builder.hpp
[2.103s] -- Symlinking: /home/nvidia/ws_fastlio2/install/interface/include/interface/interface/srv/detail/relocalize__struct.hpp
[2.108s] -- Symlinking: /home/nvidia/ws_fastlio2/install/interface/include/interface/interface/srv/detail/relocalize__traits.hpp
[2.114s] -- Symlinking: /home/nvidia/ws_fastlio2/install/interface/include/interface/interface/srv/detail/relocalize__type_support.hpp
[2.119s] -- Symlinking: /home/nvidia/ws_fastlio2/install/interface/include/interface/interface/srv/detail/save_maps__builder.hpp
[2.125s] -- Symlinking: /home/nvidia/ws_fastlio2/install/interface/include/interface/interface/srv/detail/save_maps__struct.hpp
[2.132s] -- Symlinking: /home/nvidia/ws_fastlio2/install/interface/include/interface/interface/srv/detail/save_maps__traits.hpp
[2.139s] -- Symlinking: /home/nvidia/ws_fastlio2/install/interface/include/interface/interface/srv/detail/save_maps__type_support.hpp
[2.145s] -- Symlinking: /home/nvidia/ws_fastlio2/install/interface/include/interface/interface/srv/detail/save_poses__builder.hpp
[2.152s] -- Symlinking: /home/nvidia/ws_fastlio2/install/interface/include/interface/interface/srv/detail/save_poses__struct.hpp
[2.158s] -- Symlinking: /home/nvidia/ws_fastlio2/install/interface/include/interface/interface/srv/detail/save_poses__traits.hpp
[2.164s] -- Symlinking: /home/nvidia/ws_fastlio2/install/interface/include/interface/interface/srv/detail/save_poses__type_support.hpp
[2.170s] -- Symlinking: /home/nvidia/ws_fastlio2/install/interface/include/interface/interface/srv/is_valid.hpp
[2.175s] -- Symlinking: /home/nvidia/ws_fastlio2/install/interface/include/interface/interface/srv/refine_map.hpp
[2.181s] -- Symlinking: /home/nvidia/ws_fastlio2/install/interface/include/interface/interface/srv/relocalize.hpp
[2.186s] -- Symlinking: /home/nvidia/ws_fastlio2/install/interface/include/interface/interface/srv/save_maps.hpp
[2.192s] -- Symlinking: /home/nvidia/ws_fastlio2/install/interface/include/interface/interface/srv/save_poses.hpp
[2.199s] -- Symlinking: /home/nvidia/ws_fastlio2/install/interface/include/interface/interface/msg/rosidl_typesupport_fastrtps_cpp__visibility_control.h
[2.205s] -- Symlinking: /home/nvidia/ws_fastlio2/install/interface/include/interface/interface/srv/detail/is_valid__rosidl_typesupport_fastrtps_cpp.hpp
[2.211s] -- Symlinking: /home/nvidia/ws_fastlio2/install/interface/include/interface/interface/srv/detail/refine_map__rosidl_typesupport_fastrtps_cpp.hpp
[2.217s] -- Symlinking: /home/nvidia/ws_fastlio2/install/interface/include/interface/interface/srv/detail/relocalize__rosidl_typesupport_fastrtps_cpp.hpp
[2.223s] -- Symlinking: /home/nvidia/ws_fastlio2/install/interface/include/interface/interface/srv/detail/save_maps__rosidl_typesupport_fastrtps_cpp.hpp
[2.229s] -- Symlinking: /home/nvidia/ws_fastlio2/install/interface/include/interface/interface/srv/detail/save_poses__rosidl_typesupport_fastrtps_cpp.hpp
[2.236s] -- Symlinking: /home/nvidia/ws_fastlio2/install/interface/include/interface/interface/msg/rosidl_typesupport_introspection_c__visibility_control.h
[2.243s] -- Symlinking: /home/nvidia/ws_fastlio2/install/interface/include/interface/interface/srv/detail/is_valid__rosidl_typesupport_introspection_c.h
[2.248s] -- Symlinking: /home/nvidia/ws_fastlio2/install/interface/include/interface/interface/srv/detail/refine_map__rosidl_typesupport_introspection_c.h
[2.254s] -- Symlinking: /home/nvidia/ws_fastlio2/install/interface/include/interface/interface/srv/detail/relocalize__rosidl_typesupport_introspection_c.h
[2.261s] -- Symlinking: /home/nvidia/ws_fastlio2/install/interface/include/interface/interface/srv/detail/save_maps__rosidl_typesupport_introspection_c.h
[2.266s] -- Symlinking: /home/nvidia/ws_fastlio2/install/interface/include/interface/interface/srv/detail/save_poses__rosidl_typesupport_introspection_c.h
[2.272s] -- Symlinking: /home/nvidia/ws_fastlio2/install/interface/include/interface/interface/srv/detail/is_valid__rosidl_typesupport_introspection_cpp.hpp
[2.277s] -- Symlinking: /home/nvidia/ws_fastlio2/install/interface/include/interface/interface/srv/detail/refine_map__rosidl_typesupport_introspection_cpp.hpp
[2.283s] -- Symlinking: /home/nvidia/ws_fastlio2/install/interface/include/interface/interface/srv/detail/relocalize__rosidl_typesupport_introspection_cpp.hpp
[2.288s] -- Symlinking: /home/nvidia/ws_fastlio2/install/interface/include/interface/interface/srv/detail/save_maps__rosidl_typesupport_introspection_cpp.hpp
[2.294s] -- Symlinking: /home/nvidia/ws_fastlio2/install/interface/include/interface/interface/srv/detail/save_poses__rosidl_typesupport_introspection_cpp.hpp
[2.299s] -- Symlinking: /home/nvidia/ws_fastlio2/install/interface/share/interface/environment/pythonpath.sh
[2.305s] -- Symlinking: /home/nvidia/ws_fastlio2/install/interface/share/interface/environment/pythonpath.dsv
[2.311s] -- Symlinking: /home/nvidia/ws_fastlio2/install/interface/local/lib/python3.10/dist-packages/interface-0.0.0-py3.10.egg-info/PKG-INFO
[2.316s] -- Symlinking: /home/nvidia/ws_fastlio2/install/interface/local/lib/python3.10/dist-packages/interface-0.0.0-py3.10.egg-info/SOURCES.txt
[2.321s] -- Symlinking: /home/nvidia/ws_fastlio2/install/interface/local/lib/python3.10/dist-packages/interface-0.0.0-py3.10.egg-info/dependency_links.txt
[2.327s] -- Symlinking: /home/nvidia/ws_fastlio2/install/interface/local/lib/python3.10/dist-packages/interface-0.0.0-py3.10.egg-info/top_level.txt
[2.335s] -- Symlinking: /home/nvidia/ws_fastlio2/install/interface/local/lib/python3.10/dist-packages/interface/__init__.py
[2.341s] -- Symlinking: /home/nvidia/ws_fastlio2/install/interface/local/lib/python3.10/dist-packages/interface/_interface_s.ep.rosidl_typesupport_c.c
[2.347s] -- Symlinking: /home/nvidia/ws_fastlio2/install/interface/local/lib/python3.10/dist-packages/interface/_interface_s.ep.rosidl_typesupport_fastrtps_c.c
[2.352s] -- Symlinking: /home/nvidia/ws_fastlio2/install/interface/local/lib/python3.10/dist-packages/interface/_interface_s.ep.rosidl_typesupport_introspection_c.c
[2.357s] -- Symlinking: /home/nvidia/ws_fastlio2/install/interface/local/lib/python3.10/dist-packages/interface/interface_s__rosidl_typesupport_c.cpython-310-x86_64-linux-gnu.so
[2.363s] -- Symlinking: /home/nvidia/ws_fastlio2/install/interface/local/lib/python3.10/dist-packages/interface/interface_s__rosidl_typesupport_fastrtps_c.cpython-310-x86_64-linux-gnu.so
[2.368s] -- Symlinking: /home/nvidia/ws_fastlio2/install/interface/local/lib/python3.10/dist-packages/interface/interface_s__rosidl_typesupport_introspection_c.cpython-310-x86_64-linux-gnu.so
[2.375s] -- Symlinking: /home/nvidia/ws_fastlio2/install/interface/local/lib/python3.10/dist-packages/interface/libinterface__rosidl_generator_py.so
[2.380s] -- Symlinking: /home/nvidia/ws_fastlio2/install/interface/local/lib/python3.10/dist-packages/interface/srv/__init__.py
[2.386s] -- Symlinking: /home/nvidia/ws_fastlio2/install/interface/local/lib/python3.10/dist-packages/interface/srv/_is_valid.py
[2.391s] -- Symlinking: /home/nvidia/ws_fastlio2/install/interface/local/lib/python3.10/dist-packages/interface/srv/_is_valid_s.c
[2.396s] -- Symlinking: /home/nvidia/ws_fastlio2/install/interface/local/lib/python3.10/dist-packages/interface/srv/_refine_map.py
[2.402s] -- Symlinking: /home/nvidia/ws_fastlio2/install/interface/local/lib/python3.10/dist-packages/interface/srv/_refine_map_s.c
[2.408s] -- Symlinking: /home/nvidia/ws_fastlio2/install/interface/local/lib/python3.10/dist-packages/interface/srv/_relocalize.py
[2.413s] -- Symlinking: /home/nvidia/ws_fastlio2/install/interface/local/lib/python3.10/dist-packages/interface/srv/_relocalize_s.c
[2.419s] -- Symlinking: /home/nvidia/ws_fastlio2/install/interface/local/lib/python3.10/dist-packages/interface/srv/_save_maps.py
[2.424s] -- Symlinking: /home/nvidia/ws_fastlio2/install/interface/local/lib/python3.10/dist-packages/interface/srv/_save_maps_s.c
[2.430s] -- Symlinking: /home/nvidia/ws_fastlio2/install/interface/local/lib/python3.10/dist-packages/interface/srv/_save_poses.py
[2.437s] -- Symlinking: /home/nvidia/ws_fastlio2/install/interface/local/lib/python3.10/dist-packages/interface/srv/_save_poses_s.c
[2.443s] -- Up-to-date symlink: /home/nvidia/ws_fastlio2/install/interface/local/lib/python3.10/dist-packages/interface/interface_s__rosidl_typesupport_fastrtps_c.cpython-310-x86_64-linux-gnu.so
[2.443s] -- Up-to-date symlink: /home/nvidia/ws_fastlio2/install/interface/local/lib/python3.10/dist-packages/interface/interface_s__rosidl_typesupport_introspection_c.cpython-310-x86_64-linux-gnu.so
[2.443s] -- Up-to-date symlink: /home/nvidia/ws_fastlio2/install/interface/local/lib/python3.10/dist-packages/interface/interface_s__rosidl_typesupport_c.cpython-310-x86_64-linux-gnu.so
[2.444s] -- Symlinking: /home/nvidia/ws_fastlio2/install/interface/share/interface/srv/SaveMaps.idl
[2.449s] -- Symlinking: /home/nvidia/ws_fastlio2/install/interface/share/interface/srv/Relocalize.idl
[2.455s] -- Symlinking: /home/nvidia/ws_fastlio2/install/interface/share/interface/srv/IsValid.idl
[2.462s] -- Symlinking: /home/nvidia/ws_fastlio2/install/interface/share/interface/srv/RefineMap.idl
[2.467s] -- Symlinking: /home/nvidia/ws_fastlio2/install/interface/share/interface/srv/SavePoses.idl
[2.473s] -- Symlinking: /home/nvidia/ws_fastlio2/install/interface/share/interface/srv/SaveMaps.srv
[2.478s] -- Symlinking: /home/nvidia/ws_fastlio2/install/interface/share/interface/srv/SaveMaps_Request.msg
[2.484s] -- Symlinking: /home/nvidia/ws_fastlio2/install/interface/share/interface/srv/SaveMaps_Response.msg
[2.489s] -- Symlinking: /home/nvidia/ws_fastlio2/install/interface/share/interface/srv/Relocalize.srv
[2.495s] -- Symlinking: /home/nvidia/ws_fastlio2/install/interface/share/interface/srv/Relocalize_Request.msg
[2.500s] -- Symlinking: /home/nvidia/ws_fastlio2/install/interface/share/interface/srv/Relocalize_Response.msg
[2.506s] -- Symlinking: /home/nvidia/ws_fastlio2/install/interface/share/interface/srv/IsValid.srv
[2.511s] -- Symlinking: /home/nvidia/ws_fastlio2/install/interface/share/interface/srv/IsValid_Request.msg
[2.516s] -- Symlinking: /home/nvidia/ws_fastlio2/install/interface/share/interface/srv/IsValid_Response.msg
[2.522s] -- Symlinking: /home/nvidia/ws_fastlio2/install/interface/share/interface/srv/RefineMap.srv
[2.527s] -- Symlinking: /home/nvidia/ws_fastlio2/install/interface/share/interface/srv/RefineMap_Request.msg
[2.535s] -- Symlinking: /home/nvidia/ws_fastlio2/install/interface/share/interface/srv/RefineMap_Response.msg
[2.541s] -- Symlinking: /home/nvidia/ws_fastlio2/install/interface/share/interface/srv/SavePoses.srv
[2.547s] -- Symlinking: /home/nvidia/ws_fastlio2/install/interface/share/interface/srv/SavePoses_Request.msg
[2.553s] -- Symlinking: /home/nvidia/ws_fastlio2/install/interface/share/interface/srv/SavePoses_Response.msg
[2.559s] -- Symlinking: /home/nvidia/ws_fastlio2/install/interface/share/ament_index/resource_index/package_run_dependencies/interface
[2.564s] -- Symlinking: /home/nvidia/ws_fastlio2/install/interface/share/ament_index/resource_index/parent_prefix_path/interface
[2.570s] -- Symlinking: /home/nvidia/ws_fastlio2/install/interface/share/interface/environment/ament_prefix_path.sh
[2.575s] -- Symlinking: /home/nvidia/ws_fastlio2/install/interface/share/interface/environment/ament_prefix_path.dsv
[2.581s] -- Symlinking: /home/nvidia/ws_fastlio2/install/interface/share/interface/environment/path.sh
[2.587s] -- Symlinking: /home/nvidia/ws_fastlio2/install/interface/share/interface/environment/path.dsv
[2.593s] -- Symlinking: /home/nvidia/ws_fastlio2/install/interface/share/interface/local_setup.bash
[2.598s] -- Symlinking: /home/nvidia/ws_fastlio2/install/interface/share/interface/local_setup.sh
[2.604s] -- Symlinking: /home/nvidia/ws_fastlio2/install/interface/share/interface/local_setup.zsh
[2.610s] -- Symlinking: /home/nvidia/ws_fastlio2/install/interface/share/interface/local_setup.dsv
[2.616s] -- Symlinking: /home/nvidia/ws_fastlio2/install/interface/share/interface/package.dsv
[2.622s] -- Symlinking: /home/nvidia/ws_fastlio2/install/interface/share/ament_index/resource_index/packages/interface
[2.628s] -- Symlinking: /home/nvidia/ws_fastlio2/install/interface/share/interface/cmake/rosidl_cmake-extras.cmake
[2.635s] -- Symlinking: /home/nvidia/ws_fastlio2/install/interface/share/interface/cmake/ament_cmake_export_dependencies-extras.cmake
[2.642s] -- Symlinking: /home/nvidia/ws_fastlio2/install/interface/share/interface/cmake/ament_cmake_export_include_directories-extras.cmake
[2.647s] -- Symlinking: /home/nvidia/ws_fastlio2/install/interface/share/interface/cmake/ament_cmake_export_libraries-extras.cmake
[2.652s] -- Symlinking: /home/nvidia/ws_fastlio2/install/interface/share/interface/cmake/ament_cmake_export_targets-extras.cmake
[2.657s] -- Symlinking: /home/nvidia/ws_fastlio2/install/interface/share/interface/cmake/rosidl_cmake_export_typesupport_targets-extras.cmake
[2.664s] -- Symlinking: /home/nvidia/ws_fastlio2/install/interface/share/interface/cmake/rosidl_cmake_export_typesupport_libraries-extras.cmake
[2.669s] -- Symlinking: /home/nvidia/ws_fastlio2/install/interface/share/interface/cmake/interfaceConfig.cmake
[2.675s] -- Symlinking: /home/nvidia/ws_fastlio2/install/interface/share/interface/cmake/interfaceConfig-version.cmake
[2.680s] -- Symlinking: /home/nvidia/ws_fastlio2/install/interface/share/interface/package.xml
[2.686s] -- Installing: /home/nvidia/ws_fastlio2/install/interface/lib/libinterface__rosidl_generator_c.so
[2.686s] -- Set runtime path of "/home/nvidia/ws_fastlio2/install/interface/lib/libinterface__rosidl_generator_c.so" to ""
[2.686s] -- Installing: /home/nvidia/ws_fastlio2/install/interface/lib/libinterface__rosidl_typesupport_fastrtps_c.so
[2.686s] -- Set runtime path of "/home/nvidia/ws_fastlio2/install/interface/lib/libinterface__rosidl_typesupport_fastrtps_c.so" to ""
[2.687s] -- Installing: /home/nvidia/ws_fastlio2/install/interface/lib/libinterface__rosidl_typesupport_fastrtps_cpp.so
[2.687s] -- Set runtime path of "/home/nvidia/ws_fastlio2/install/interface/lib/libinterface__rosidl_typesupport_fastrtps_cpp.so" to ""
[2.687s] -- Installing: /home/nvidia/ws_fastlio2/install/interface/lib/libinterface__rosidl_typesupport_introspection_c.so
[2.687s] -- Set runtime path of "/home/nvidia/ws_fastlio2/install/interface/lib/libinterface__rosidl_typesupport_introspection_c.so" to ""
[2.687s] -- Installing: /home/nvidia/ws_fastlio2/install/interface/lib/libinterface__rosidl_typesupport_c.so
[2.687s] -- Set runtime path of "/home/nvidia/ws_fastlio2/install/interface/lib/libinterface__rosidl_typesupport_c.so" to ""
[2.687s] -- Installing: /home/nvidia/ws_fastlio2/install/interface/lib/libinterface__rosidl_typesupport_introspection_cpp.so
[2.688s] -- Set runtime path of "/home/nvidia/ws_fastlio2/install/interface/lib/libinterface__rosidl_typesupport_introspection_cpp.so" to ""
[2.688s] -- Installing: /home/nvidia/ws_fastlio2/install/interface/lib/libinterface__rosidl_typesupport_cpp.so
[2.688s] -- Set runtime path of "/home/nvidia/ws_fastlio2/install/interface/lib/libinterface__rosidl_typesupport_cpp.so" to ""
[2.718s] Listing '/home/nvidia/ws_fastlio2/install/interface/local/lib/python3.10/dist-packages/interface'...
[2.718s] Compiling '/home/nvidia/ws_fastlio2/install/interface/local/lib/python3.10/dist-packages/interface/__init__.py'...
[2.718s] Listing '/home/nvidia/ws_fastlio2/install/interface/local/lib/python3.10/dist-packages/interface/srv'...
[2.718s] Compiling '/home/nvidia/ws_fastlio2/install/interface/local/lib/python3.10/dist-packages/interface/srv/__init__.py'...
[2.718s] Compiling '/home/nvidia/ws_fastlio2/install/interface/local/lib/python3.10/dist-packages/interface/srv/_is_valid.py'...
[2.718s] Compiling '/home/nvidia/ws_fastlio2/install/interface/local/lib/python3.10/dist-packages/interface/srv/_refine_map.py'...
[2.718s] Compiling '/home/nvidia/ws_fastlio2/install/interface/local/lib/python3.10/dist-packages/interface/srv/_relocalize.py'...
[2.718s] Compiling '/home/nvidia/ws_fastlio2/install/interface/local/lib/python3.10/dist-packages/interface/srv/_save_maps.py'...
[2.719s] Compiling '/home/nvidia/ws_fastlio2/install/interface/local/lib/python3.10/dist-packages/interface/srv/_save_poses.py'...
[2.722s] -- Installing: /home/nvidia/ws_fastlio2/install/interface/lib/libinterface__rosidl_generator_py.so
[2.722s] -- Set runtime path of "/home/nvidia/ws_fastlio2/install/interface/lib/libinterface__rosidl_generator_py.so" to ""
[2.722s] -- Installing: /home/nvidia/ws_fastlio2/install/interface/share/interface/cmake/export_interface__rosidl_generator_cExport.cmake
[2.722s] -- Installing: /home/nvidia/ws_fastlio2/install/interface/share/interface/cmake/export_interface__rosidl_generator_cExport-noconfig.cmake
[2.722s] -- Installing: /home/nvidia/ws_fastlio2/install/interface/share/interface/cmake/export_interface__rosidl_typesupport_fastrtps_cExport.cmake
[2.722s] -- Installing: /home/nvidia/ws_fastlio2/install/interface/share/interface/cmake/export_interface__rosidl_typesupport_fastrtps_cExport-noconfig.cmake
[2.722s] -- Installing: /home/nvidia/ws_fastlio2/install/interface/share/interface/cmake/export_interface__rosidl_generator_cppExport.cmake
[2.722s] -- Installing: /home/nvidia/ws_fastlio2/install/interface/share/interface/cmake/export_interface__rosidl_typesupport_fastrtps_cppExport.cmake
[2.722s] -- Installing: /home/nvidia/ws_fastlio2/install/interface/share/interface/cmake/export_interface__rosidl_typesupport_fastrtps_cppExport-noconfig.cmake
[2.723s] -- Installing: /home/nvidia/ws_fastlio2/install/interface/share/interface/cmake/interface__rosidl_typesupport_introspection_cExport.cmake
[2.723s] -- Installing: /home/nvidia/ws_fastlio2/install/interface/share/interface/cmake/interface__rosidl_typesupport_introspection_cExport-noconfig.cmake
[2.723s] -- Installing: /home/nvidia/ws_fastlio2/install/interface/share/interface/cmake/interface__rosidl_typesupport_cExport.cmake
[2.723s] -- Installing: /home/nvidia/ws_fastlio2/install/interface/share/interface/cmake/interface__rosidl_typesupport_cExport-noconfig.cmake
[2.723s] -- Installing: /home/nvidia/ws_fastlio2/install/interface/share/interface/cmake/interface__rosidl_typesupport_introspection_cppExport.cmake
[2.723s] -- Installing: /home/nvidia/ws_fastlio2/install/interface/share/interface/cmake/interface__rosidl_typesupport_introspection_cppExport-noconfig.cmake
[2.723s] -- Installing: /home/nvidia/ws_fastlio2/install/interface/share/interface/cmake/interface__rosidl_typesupport_cppExport.cmake
[2.723s] -- Installing: /home/nvidia/ws_fastlio2/install/interface/share/interface/cmake/interface__rosidl_typesupport_cppExport-noconfig.cmake
[2.723s] -- Installing: /home/nvidia/ws_fastlio2/install/interface/share/interface/cmake/export_interface__rosidl_generator_pyExport.cmake
[2.723s] -- Installing: /home/nvidia/ws_fastlio2/install/interface/share/interface/cmake/export_interface__rosidl_generator_pyExport-noconfig.cmake
[2.725s] Invoked command in '/home/nvidia/ws_fastlio2/build/interface' returned '0': CMAKE_PREFIX_PATH=${CMAKE_PREFIX_PATH}:/home/nvidia/ros2_ws/install/ai_imu_dr_ros:/opt/ros/humble /usr/bin/cmake --install /home/nvidia/ws_fastlio2/build/interface
