[0.006s] Invoking command in '/home/nvidia/wheeltec_imu_ws/build/serial': CMAKE_PREFIX_PATH=${CMAKE_PREFIX_PATH}:/home/nvidia/ros2_ws/install/ai_imu_dr_ros:/opt/ros/humble /usr/bin/cmake --build /home/nvidia/wheeltec_imu_ws/build/serial -- -j20 -l20
[0.047s] [100%] Built target serial
[0.055s] Invoked command in '/home/nvidia/wheeltec_imu_ws/build/serial' returned '0': CMAKE_PREFIX_PATH=${CMAKE_PREFIX_PATH}:/home/nvidia/ros2_ws/install/ai_imu_dr_ros:/opt/ros/humble /usr/bin/cmake --build /home/nvidia/wheeltec_imu_ws/build/serial -- -j20 -l20
[0.060s] Invoking command in '/home/nvidia/wheeltec_imu_ws/build/serial': CMAKE_PREFIX_PATH=${CMAKE_PREFIX_PATH}:/home/nvidia/ros2_ws/install/ai_imu_dr_ros:/opt/ros/humble /usr/bin/cmake --install /home/nvidia/wheeltec_imu_ws/build/serial
[0.065s] -- Install configuration: ""
[0.065s] -- Up-to-date: /home/nvidia/wheeltec_imu_ws/install/serial/lib/libserial.a
[0.065s] -- Up-to-date: /home/nvidia/wheeltec_imu_ws/install/serial/share/serial/environment/library_path.sh
[0.065s] -- Up-to-date: /home/nvidia/wheeltec_imu_ws/install/serial/share/serial/environment/library_path.dsv
[0.065s] -- Up-to-date: /home/nvidia/wheeltec_imu_ws/install/serial/include/serial
[0.065s] -- Up-to-date: /home/nvidia/wheeltec_imu_ws/install/serial/include/serial/impl
[0.065s] -- Up-to-date: /home/nvidia/wheeltec_imu_ws/install/serial/include/serial/impl/unix.h
[0.065s] -- Up-to-date: /home/nvidia/wheeltec_imu_ws/install/serial/include/serial/impl/win.h
[0.065s] -- Up-to-date: /home/nvidia/wheeltec_imu_ws/install/serial/include/serial/v8stdint.h
[0.065s] -- Up-to-date: /home/nvidia/wheeltec_imu_ws/install/serial/include/serial/serial.h
[0.065s] -- Up-to-date: /home/nvidia/wheeltec_imu_ws/install/serial/share/ament_index/resource_index/package_run_dependencies/serial
[0.065s] -- Up-to-date: /home/nvidia/wheeltec_imu_ws/install/serial/share/ament_index/resource_index/parent_prefix_path/serial
[0.065s] -- Up-to-date: /home/nvidia/wheeltec_imu_ws/install/serial/share/serial/environment/ament_prefix_path.sh
[0.065s] -- Up-to-date: /home/nvidia/wheeltec_imu_ws/install/serial/share/serial/environment/ament_prefix_path.dsv
[0.065s] -- Up-to-date: /home/nvidia/wheeltec_imu_ws/install/serial/share/serial/environment/path.sh
[0.065s] -- Up-to-date: /home/nvidia/wheeltec_imu_ws/install/serial/share/serial/environment/path.dsv
[0.065s] -- Up-to-date: /home/nvidia/wheeltec_imu_ws/install/serial/share/serial/local_setup.bash
[0.065s] -- Up-to-date: /home/nvidia/wheeltec_imu_ws/install/serial/share/serial/local_setup.sh
[0.065s] -- Up-to-date: /home/nvidia/wheeltec_imu_ws/install/serial/share/serial/local_setup.zsh
[0.065s] -- Up-to-date: /home/nvidia/wheeltec_imu_ws/install/serial/share/serial/local_setup.dsv
[0.065s] -- Installing: /home/nvidia/wheeltec_imu_ws/install/serial/share/serial/package.dsv
[0.065s] -- Up-to-date: /home/nvidia/wheeltec_imu_ws/install/serial/share/ament_index/resource_index/packages/serial
[0.065s] -- Up-to-date: /home/nvidia/wheeltec_imu_ws/install/serial/share/serial/cmake/ament_cmake_export_include_directories-extras.cmake
[0.065s] -- Up-to-date: /home/nvidia/wheeltec_imu_ws/install/serial/share/serial/cmake/ament_cmake_export_libraries-extras.cmake
[0.066s] -- Up-to-date: /home/nvidia/wheeltec_imu_ws/install/serial/share/serial/cmake/ament_cmake_export_dependencies-extras.cmake
[0.066s] -- Up-to-date: /home/nvidia/wheeltec_imu_ws/install/serial/share/serial/cmake/serialConfig.cmake
[0.066s] -- Up-to-date: /home/nvidia/wheeltec_imu_ws/install/serial/share/serial/cmake/serialConfig-version.cmake
[0.066s] -- Up-to-date: /home/nvidia/wheeltec_imu_ws/install/serial/share/serial/package.xml
[0.066s] Invoked command in '/home/nvidia/wheeltec_imu_ws/build/serial' returned '0': CMAKE_PREFIX_PATH=${CMAKE_PREFIX_PATH}:/home/nvidia/ros2_ws/install/ai_imu_dr_ros:/opt/ros/humble /usr/bin/cmake --install /home/nvidia/wheeltec_imu_ws/build/serial
