[  0%] Built target yhs_can_interfaces__cpp
[ 12%] Built target yhs_can_interfaces__rosidl_generator_c
[ 12%] Built target ament_cmake_python_copy_yhs_can_interfaces
[ 46%] Built target yhs_can_interfaces__rosidl_typesupport_cpp
[ 48%] Built target yhs_can_interfaces__rosidl_typesupport_c
[ 48%] Built target yhs_can_interfaces__rosidl_typesupport_introspection_cpp
[ 64%] Built target yhs_can_interfaces__rosidl_typesupport_introspection_c
[ 71%] Built target yhs_can_interfaces__rosidl_typesupport_fastrtps_cpp
[ 83%] Built target yhs_can_interfaces__rosidl_typesupport_fastrtps_c
[ 83%] Built target yhs_can_interfaces
[ 84%] Built target yhs_can_interfaces__py
[ 95%] Built target yhs_can_interfaces__rosidl_generator_py
[ 98%] Built target yhs_can_interfaces__rosidl_typesupport_c__pyext
[ 99%] Built target yhs_can_interfaces__rosidl_typesupport_introspection_c__pyext
[100%] Built target yhs_can_interfaces__rosidl_typesupport_fastrtps_c__pyext
running egg_info
writing yhs_can_interfaces.egg-info/PKG-INFO
writing dependency_links to yhs_can_interfaces.egg-info/dependency_links.txt
writing top-level names to yhs_can_interfaces.egg-info/top_level.txt
reading manifest file 'yhs_can_interfaces.egg-info/SOURCES.txt'
writing manifest file 'yhs_can_interfaces.egg-info/SOURCES.txt'
[100%] Built target ament_cmake_python_build_yhs_can_interfaces_egg
-- Install configuration: ""
-- Up-to-date: /home/nvidia/5.1-ros2_ws/install/yhs_can_interfaces/share/ament_index/resource_index/rosidl_interfaces/yhs_can_interfaces
-- Up-to-date: /home/nvidia/5.1-ros2_ws/install/yhs_can_interfaces/include/yhs_can_interfaces/yhs_can_interfaces
-- Up-to-date: /home/nvidia/5.1-ros2_ws/install/yhs_can_interfaces/include/yhs_can_interfaces/yhs_can_interfaces/msg
-- Up-to-date: /home/nvidia/5.1-ros2_ws/install/yhs_can_interfaces/include/yhs_can_interfaces/yhs_can_interfaces/msg/rosidl_generator_c__visibility_control.h
-- Up-to-date: /home/nvidia/5.1-ros2_ws/install/yhs_can_interfaces/include/yhs_can_interfaces/yhs_can_interfaces/msg/io_fb.h
-- Up-to-date: /home/nvidia/5.1-ros2_ws/install/yhs_can_interfaces/include/yhs_can_interfaces/yhs_can_interfaces/msg/detail
-- Up-to-date: /home/nvidia/5.1-ros2_ws/install/yhs_can_interfaces/include/yhs_can_interfaces/yhs_can_interfaces/msg/detail/bms_flag_info_fb__functions.h
-- Up-to-date: /home/nvidia/5.1-ros2_ws/install/yhs_can_interfaces/include/yhs_can_interfaces/yhs_can_interfaces/msg/detail/io_cmd__functions.c
-- Up-to-date: /home/nvidia/5.1-ros2_ws/install/yhs_can_interfaces/include/yhs_can_interfaces/yhs_can_interfaces/msg/detail/bms_info_fb__functions.c
-- Up-to-date: /home/nvidia/5.1-ros2_ws/install/yhs_can_interfaces/include/yhs_can_interfaces/yhs_can_interfaces/msg/detail/io_fb__struct.h
-- Up-to-date: /home/nvidia/5.1-ros2_ws/install/yhs_can_interfaces/include/yhs_can_interfaces/yhs_can_interfaces/msg/detail/lr_wheel_fb__functions.h
-- Up-to-date: /home/nvidia/5.1-ros2_ws/install/yhs_can_interfaces/include/yhs_can_interfaces/yhs_can_interfaces/msg/detail/chassis_info_fb__functions.c
-- Up-to-date: /home/nvidia/5.1-ros2_ws/install/yhs_can_interfaces/include/yhs_can_interfaces/yhs_can_interfaces/msg/detail/bms_flag_info_fb__struct.h
-- Up-to-date: /home/nvidia/5.1-ros2_ws/install/yhs_can_interfaces/include/yhs_can_interfaces/yhs_can_interfaces/msg/detail/io_fb__functions.c
-- Up-to-date: /home/nvidia/5.1-ros2_ws/install/yhs_can_interfaces/include/yhs_can_interfaces/yhs_can_interfaces/msg/detail/bms_flag_info_fb__functions.c
-- Up-to-date: /home/nvidia/5.1-ros2_ws/install/yhs_can_interfaces/include/yhs_can_interfaces/yhs_can_interfaces/msg/detail/chassis_info_fb__functions.h
-- Up-to-date: /home/nvidia/5.1-ros2_ws/install/yhs_can_interfaces/include/yhs_can_interfaces/yhs_can_interfaces/msg/detail/lr_wheel_fb__type_support.h
-- Up-to-date: /home/nvidia/5.1-ros2_ws/install/yhs_can_interfaces/include/yhs_can_interfaces/yhs_can_interfaces/msg/detail/lr_wheel_fb__struct.h
-- Up-to-date: /home/nvidia/5.1-ros2_ws/install/yhs_can_interfaces/include/yhs_can_interfaces/yhs_can_interfaces/msg/detail/io_cmd__type_support.h
-- Up-to-date: /home/nvidia/5.1-ros2_ws/install/yhs_can_interfaces/include/yhs_can_interfaces/yhs_can_interfaces/msg/detail/lr_wheel_fb__functions.c
-- Up-to-date: /home/nvidia/5.1-ros2_ws/install/yhs_can_interfaces/include/yhs_can_interfaces/yhs_can_interfaces/msg/detail/bms_info_fb__type_support.h
-- Up-to-date: /home/nvidia/5.1-ros2_ws/install/yhs_can_interfaces/include/yhs_can_interfaces/yhs_can_interfaces/msg/detail/drive_mcu_ecode_fb__functions.c
-- Up-to-date: /home/nvidia/5.1-ros2_ws/install/yhs_can_interfaces/include/yhs_can_interfaces/yhs_can_interfaces/msg/detail/drive_mcu_ecode_fb__functions.h
-- Up-to-date: /home/nvidia/5.1-ros2_ws/install/yhs_can_interfaces/include/yhs_can_interfaces/yhs_can_interfaces/msg/detail/veh_diag_fb__functions.c
-- Up-to-date: /home/nvidia/5.1-ros2_ws/install/yhs_can_interfaces/include/yhs_can_interfaces/yhs_can_interfaces/msg/detail/rr_wheel_fb__type_support.h
-- Up-to-date: /home/nvidia/5.1-ros2_ws/install/yhs_can_interfaces/include/yhs_can_interfaces/yhs_can_interfaces/msg/detail/ctrl_fb__type_support.h
-- Up-to-date: /home/nvidia/5.1-ros2_ws/install/yhs_can_interfaces/include/yhs_can_interfaces/yhs_can_interfaces/msg/detail/chassis_info_fb__struct.h
-- Up-to-date: /home/nvidia/5.1-ros2_ws/install/yhs_can_interfaces/include/yhs_can_interfaces/yhs_can_interfaces/msg/detail/rr_wheel_fb__functions.c
-- Up-to-date: /home/nvidia/5.1-ros2_ws/install/yhs_can_interfaces/include/yhs_can_interfaces/yhs_can_interfaces/msg/detail/ctrl_fb__struct.h
-- Up-to-date: /home/nvidia/5.1-ros2_ws/install/yhs_can_interfaces/include/yhs_can_interfaces/yhs_can_interfaces/msg/detail/bms_info_fb__functions.h
-- Up-to-date: /home/nvidia/5.1-ros2_ws/install/yhs_can_interfaces/include/yhs_can_interfaces/yhs_can_interfaces/msg/detail/veh_diag_fb__struct.h
-- Up-to-date: /home/nvidia/5.1-ros2_ws/install/yhs_can_interfaces/include/yhs_can_interfaces/yhs_can_interfaces/msg/detail/rr_wheel_fb__struct.h
-- Up-to-date: /home/nvidia/5.1-ros2_ws/install/yhs_can_interfaces/include/yhs_can_interfaces/yhs_can_interfaces/msg/detail/chassis_info_fb__type_support.h
-- Up-to-date: /home/nvidia/5.1-ros2_ws/install/yhs_can_interfaces/include/yhs_can_interfaces/yhs_can_interfaces/msg/detail/rr_wheel_fb__functions.h
-- Up-to-date: /home/nvidia/5.1-ros2_ws/install/yhs_can_interfaces/include/yhs_can_interfaces/yhs_can_interfaces/msg/detail/veh_diag_fb__functions.h
-- Up-to-date: /home/nvidia/5.1-ros2_ws/install/yhs_can_interfaces/include/yhs_can_interfaces/yhs_can_interfaces/msg/detail/ctrl_cmd__struct.h
-- Up-to-date: /home/nvidia/5.1-ros2_ws/install/yhs_can_interfaces/include/yhs_can_interfaces/yhs_can_interfaces/msg/detail/ctrl_fb__functions.h
-- Up-to-date: /home/nvidia/5.1-ros2_ws/install/yhs_can_interfaces/include/yhs_can_interfaces/yhs_can_interfaces/msg/detail/bms_flag_info_fb__type_support.h
-- Up-to-date: /home/nvidia/5.1-ros2_ws/install/yhs_can_interfaces/include/yhs_can_interfaces/yhs_can_interfaces/msg/detail/drive_mcu_ecode_fb__type_support.h
-- Up-to-date: /home/nvidia/5.1-ros2_ws/install/yhs_can_interfaces/include/yhs_can_interfaces/yhs_can_interfaces/msg/detail/ctrl_cmd__functions.h
-- Up-to-date: /home/nvidia/5.1-ros2_ws/install/yhs_can_interfaces/include/yhs_can_interfaces/yhs_can_interfaces/msg/detail/io_fb__type_support.h
-- Up-to-date: /home/nvidia/5.1-ros2_ws/install/yhs_can_interfaces/include/yhs_can_interfaces/yhs_can_interfaces/msg/detail/ctrl_cmd__type_support.h
-- Up-to-date: /home/nvidia/5.1-ros2_ws/install/yhs_can_interfaces/include/yhs_can_interfaces/yhs_can_interfaces/msg/detail/ctrl_cmd__functions.c
-- Up-to-date: /home/nvidia/5.1-ros2_ws/install/yhs_can_interfaces/include/yhs_can_interfaces/yhs_can_interfaces/msg/detail/io_cmd__struct.h
-- Up-to-date: /home/nvidia/5.1-ros2_ws/install/yhs_can_interfaces/include/yhs_can_interfaces/yhs_can_interfaces/msg/detail/io_fb__functions.h
-- Up-to-date: /home/nvidia/5.1-ros2_ws/install/yhs_can_interfaces/include/yhs_can_interfaces/yhs_can_interfaces/msg/detail/bms_info_fb__struct.h
-- Up-to-date: /home/nvidia/5.1-ros2_ws/install/yhs_can_interfaces/include/yhs_can_interfaces/yhs_can_interfaces/msg/detail/io_cmd__functions.h
-- Up-to-date: /home/nvidia/5.1-ros2_ws/install/yhs_can_interfaces/include/yhs_can_interfaces/yhs_can_interfaces/msg/detail/veh_diag_fb__type_support.h
-- Up-to-date: /home/nvidia/5.1-ros2_ws/install/yhs_can_interfaces/include/yhs_can_interfaces/yhs_can_interfaces/msg/detail/drive_mcu_ecode_fb__struct.h
-- Up-to-date: /home/nvidia/5.1-ros2_ws/install/yhs_can_interfaces/include/yhs_can_interfaces/yhs_can_interfaces/msg/detail/ctrl_fb__functions.c
-- Up-to-date: /home/nvidia/5.1-ros2_ws/install/yhs_can_interfaces/include/yhs_can_interfaces/yhs_can_interfaces/msg/drive_mcu_ecode_fb.h
-- Up-to-date: /home/nvidia/5.1-ros2_ws/install/yhs_can_interfaces/include/yhs_can_interfaces/yhs_can_interfaces/msg/io_cmd.h
-- Up-to-date: /home/nvidia/5.1-ros2_ws/install/yhs_can_interfaces/include/yhs_can_interfaces/yhs_can_interfaces/msg/bms_info_fb.h
-- Up-to-date: /home/nvidia/5.1-ros2_ws/install/yhs_can_interfaces/include/yhs_can_interfaces/yhs_can_interfaces/msg/bms_flag_info_fb.h
-- Up-to-date: /home/nvidia/5.1-ros2_ws/install/yhs_can_interfaces/include/yhs_can_interfaces/yhs_can_interfaces/msg/ctrl_fb.h
-- Up-to-date: /home/nvidia/5.1-ros2_ws/install/yhs_can_interfaces/include/yhs_can_interfaces/yhs_can_interfaces/msg/veh_diag_fb.h
-- Up-to-date: /home/nvidia/5.1-ros2_ws/install/yhs_can_interfaces/include/yhs_can_interfaces/yhs_can_interfaces/msg/rr_wheel_fb.h
-- Up-to-date: /home/nvidia/5.1-ros2_ws/install/yhs_can_interfaces/include/yhs_can_interfaces/yhs_can_interfaces/msg/chassis_info_fb.h
-- Up-to-date: /home/nvidia/5.1-ros2_ws/install/yhs_can_interfaces/include/yhs_can_interfaces/yhs_can_interfaces/msg/lr_wheel_fb.h
-- Up-to-date: /home/nvidia/5.1-ros2_ws/install/yhs_can_interfaces/include/yhs_can_interfaces/yhs_can_interfaces/msg/ctrl_cmd.h
-- Up-to-date: /home/nvidia/5.1-ros2_ws/install/yhs_can_interfaces/share/yhs_can_interfaces/environment/library_path.sh
-- Up-to-date: /home/nvidia/5.1-ros2_ws/install/yhs_can_interfaces/share/yhs_can_interfaces/environment/library_path.dsv
-- Up-to-date: /home/nvidia/5.1-ros2_ws/install/yhs_can_interfaces/lib/libyhs_can_interfaces__rosidl_generator_c.so
-- Up-to-date: /home/nvidia/5.1-ros2_ws/install/yhs_can_interfaces/include/yhs_can_interfaces/yhs_can_interfaces
-- Up-to-date: /home/nvidia/5.1-ros2_ws/install/yhs_can_interfaces/include/yhs_can_interfaces/yhs_can_interfaces/msg
-- Up-to-date: /home/nvidia/5.1-ros2_ws/install/yhs_can_interfaces/include/yhs_can_interfaces/yhs_can_interfaces/msg/detail
-- Up-to-date: /home/nvidia/5.1-ros2_ws/install/yhs_can_interfaces/include/yhs_can_interfaces/yhs_can_interfaces/msg/detail/bms_info_fb__rosidl_typesupport_fastrtps_c.h
-- Up-to-date: /home/nvidia/5.1-ros2_ws/install/yhs_can_interfaces/include/yhs_can_interfaces/yhs_can_interfaces/msg/detail/io_cmd__rosidl_typesupport_fastrtps_c.h
-- Up-to-date: /home/nvidia/5.1-ros2_ws/install/yhs_can_interfaces/include/yhs_can_interfaces/yhs_can_interfaces/msg/detail/ctrl_fb__rosidl_typesupport_fastrtps_c.h
-- Up-to-date: /home/nvidia/5.1-ros2_ws/install/yhs_can_interfaces/include/yhs_can_interfaces/yhs_can_interfaces/msg/detail/drive_mcu_ecode_fb__rosidl_typesupport_fastrtps_c.h
-- Up-to-date: /home/nvidia/5.1-ros2_ws/install/yhs_can_interfaces/include/yhs_can_interfaces/yhs_can_interfaces/msg/detail/lr_wheel_fb__rosidl_typesupport_fastrtps_c.h
-- Up-to-date: /home/nvidia/5.1-ros2_ws/install/yhs_can_interfaces/include/yhs_can_interfaces/yhs_can_interfaces/msg/detail/bms_flag_info_fb__rosidl_typesupport_fastrtps_c.h
-- Up-to-date: /home/nvidia/5.1-ros2_ws/install/yhs_can_interfaces/include/yhs_can_interfaces/yhs_can_interfaces/msg/detail/rr_wheel_fb__rosidl_typesupport_fastrtps_c.h
-- Up-to-date: /home/nvidia/5.1-ros2_ws/install/yhs_can_interfaces/include/yhs_can_interfaces/yhs_can_interfaces/msg/detail/ctrl_cmd__rosidl_typesupport_fastrtps_c.h
-- Up-to-date: /home/nvidia/5.1-ros2_ws/install/yhs_can_interfaces/include/yhs_can_interfaces/yhs_can_interfaces/msg/detail/veh_diag_fb__rosidl_typesupport_fastrtps_c.h
-- Up-to-date: /home/nvidia/5.1-ros2_ws/install/yhs_can_interfaces/include/yhs_can_interfaces/yhs_can_interfaces/msg/detail/chassis_info_fb__rosidl_typesupport_fastrtps_c.h
-- Up-to-date: /home/nvidia/5.1-ros2_ws/install/yhs_can_interfaces/include/yhs_can_interfaces/yhs_can_interfaces/msg/detail/io_fb__rosidl_typesupport_fastrtps_c.h
-- Up-to-date: /home/nvidia/5.1-ros2_ws/install/yhs_can_interfaces/include/yhs_can_interfaces/yhs_can_interfaces/msg/rosidl_typesupport_fastrtps_c__visibility_control.h
-- Up-to-date: /home/nvidia/5.1-ros2_ws/install/yhs_can_interfaces/lib/libyhs_can_interfaces__rosidl_typesupport_fastrtps_c.so
-- Up-to-date: /home/nvidia/5.1-ros2_ws/install/yhs_can_interfaces/include/yhs_can_interfaces/yhs_can_interfaces
-- Up-to-date: /home/nvidia/5.1-ros2_ws/install/yhs_can_interfaces/include/yhs_can_interfaces/yhs_can_interfaces/msg
-- Up-to-date: /home/nvidia/5.1-ros2_ws/install/yhs_can_interfaces/include/yhs_can_interfaces/yhs_can_interfaces/msg/rosidl_typesupport_introspection_c__visibility_control.h
-- Up-to-date: /home/nvidia/5.1-ros2_ws/install/yhs_can_interfaces/include/yhs_can_interfaces/yhs_can_interfaces/msg/detail
-- Up-to-date: /home/nvidia/5.1-ros2_ws/install/yhs_can_interfaces/include/yhs_can_interfaces/yhs_can_interfaces/msg/detail/chassis_info_fb__type_support.c
-- Up-to-date: /home/nvidia/5.1-ros2_ws/install/yhs_can_interfaces/include/yhs_can_interfaces/yhs_can_interfaces/msg/detail/bms_flag_info_fb__type_support.c
-- Up-to-date: /home/nvidia/5.1-ros2_ws/install/yhs_can_interfaces/include/yhs_can_interfaces/yhs_can_interfaces/msg/detail/io_fb__rosidl_typesupport_introspection_c.h
-- Up-to-date: /home/nvidia/5.1-ros2_ws/install/yhs_can_interfaces/include/yhs_can_interfaces/yhs_can_interfaces/msg/detail/veh_diag_fb__type_support.c
-- Up-to-date: /home/nvidia/5.1-ros2_ws/install/yhs_can_interfaces/include/yhs_can_interfaces/yhs_can_interfaces/msg/detail/drive_mcu_ecode_fb__type_support.c
-- Up-to-date: /home/nvidia/5.1-ros2_ws/install/yhs_can_interfaces/include/yhs_can_interfaces/yhs_can_interfaces/msg/detail/bms_flag_info_fb__rosidl_typesupport_introspection_c.h
-- Up-to-date: /home/nvidia/5.1-ros2_ws/install/yhs_can_interfaces/include/yhs_can_interfaces/yhs_can_interfaces/msg/detail/rr_wheel_fb__rosidl_typesupport_introspection_c.h
-- Up-to-date: /home/nvidia/5.1-ros2_ws/install/yhs_can_interfaces/include/yhs_can_interfaces/yhs_can_interfaces/msg/detail/chassis_info_fb__rosidl_typesupport_introspection_c.h
-- Up-to-date: /home/nvidia/5.1-ros2_ws/install/yhs_can_interfaces/include/yhs_can_interfaces/yhs_can_interfaces/msg/detail/io_cmd__type_support.c
-- Up-to-date: /home/nvidia/5.1-ros2_ws/install/yhs_can_interfaces/include/yhs_can_interfaces/yhs_can_interfaces/msg/detail/ctrl_cmd__type_support.c
-- Up-to-date: /home/nvidia/5.1-ros2_ws/install/yhs_can_interfaces/include/yhs_can_interfaces/yhs_can_interfaces/msg/detail/bms_info_fb__rosidl_typesupport_introspection_c.h
-- Up-to-date: /home/nvidia/5.1-ros2_ws/install/yhs_can_interfaces/include/yhs_can_interfaces/yhs_can_interfaces/msg/detail/io_fb__type_support.c
-- Up-to-date: /home/nvidia/5.1-ros2_ws/install/yhs_can_interfaces/include/yhs_can_interfaces/yhs_can_interfaces/msg/detail/rr_wheel_fb__type_support.c
-- Up-to-date: /home/nvidia/5.1-ros2_ws/install/yhs_can_interfaces/include/yhs_can_interfaces/yhs_can_interfaces/msg/detail/bms_info_fb__type_support.c
-- Up-to-date: /home/nvidia/5.1-ros2_ws/install/yhs_can_interfaces/include/yhs_can_interfaces/yhs_can_interfaces/msg/detail/io_cmd__rosidl_typesupport_introspection_c.h
-- Up-to-date: /home/nvidia/5.1-ros2_ws/install/yhs_can_interfaces/include/yhs_can_interfaces/yhs_can_interfaces/msg/detail/ctrl_fb__type_support.c
-- Up-to-date: /home/nvidia/5.1-ros2_ws/install/yhs_can_interfaces/include/yhs_can_interfaces/yhs_can_interfaces/msg/detail/ctrl_fb__rosidl_typesupport_introspection_c.h
-- Up-to-date: /home/nvidia/5.1-ros2_ws/install/yhs_can_interfaces/include/yhs_can_interfaces/yhs_can_interfaces/msg/detail/veh_diag_fb__rosidl_typesupport_introspection_c.h
-- Up-to-date: /home/nvidia/5.1-ros2_ws/install/yhs_can_interfaces/include/yhs_can_interfaces/yhs_can_interfaces/msg/detail/ctrl_cmd__rosidl_typesupport_introspection_c.h
-- Up-to-date: /home/nvidia/5.1-ros2_ws/install/yhs_can_interfaces/include/yhs_can_interfaces/yhs_can_interfaces/msg/detail/lr_wheel_fb__type_support.c
-- Up-to-date: /home/nvidia/5.1-ros2_ws/install/yhs_can_interfaces/include/yhs_can_interfaces/yhs_can_interfaces/msg/detail/lr_wheel_fb__rosidl_typesupport_introspection_c.h
-- Up-to-date: /home/nvidia/5.1-ros2_ws/install/yhs_can_interfaces/include/yhs_can_interfaces/yhs_can_interfaces/msg/detail/drive_mcu_ecode_fb__rosidl_typesupport_introspection_c.h
-- Up-to-date: /home/nvidia/5.1-ros2_ws/install/yhs_can_interfaces/lib/libyhs_can_interfaces__rosidl_typesupport_introspection_c.so
-- Up-to-date: /home/nvidia/5.1-ros2_ws/install/yhs_can_interfaces/lib/libyhs_can_interfaces__rosidl_typesupport_c.so
-- Up-to-date: /home/nvidia/5.1-ros2_ws/install/yhs_can_interfaces/include/yhs_can_interfaces/yhs_can_interfaces
-- Up-to-date: /home/nvidia/5.1-ros2_ws/install/yhs_can_interfaces/include/yhs_can_interfaces/yhs_can_interfaces/msg
-- Up-to-date: /home/nvidia/5.1-ros2_ws/install/yhs_can_interfaces/include/yhs_can_interfaces/yhs_can_interfaces/msg/io_fb.hpp
-- Up-to-date: /home/nvidia/5.1-ros2_ws/install/yhs_can_interfaces/include/yhs_can_interfaces/yhs_can_interfaces/msg/io_cmd.hpp
-- Up-to-date: /home/nvidia/5.1-ros2_ws/install/yhs_can_interfaces/include/yhs_can_interfaces/yhs_can_interfaces/msg/bms_info_fb.hpp
-- Up-to-date: /home/nvidia/5.1-ros2_ws/install/yhs_can_interfaces/include/yhs_can_interfaces/yhs_can_interfaces/msg/ctrl_cmd.hpp
-- Up-to-date: /home/nvidia/5.1-ros2_ws/install/yhs_can_interfaces/include/yhs_can_interfaces/yhs_can_interfaces/msg/detail
-- Up-to-date: /home/nvidia/5.1-ros2_ws/install/yhs_can_interfaces/include/yhs_can_interfaces/yhs_can_interfaces/msg/detail/io_fb__builder.hpp
-- Up-to-date: /home/nvidia/5.1-ros2_ws/install/yhs_can_interfaces/include/yhs_can_interfaces/yhs_can_interfaces/msg/detail/bms_flag_info_fb__builder.hpp
-- Up-to-date: /home/nvidia/5.1-ros2_ws/install/yhs_can_interfaces/include/yhs_can_interfaces/yhs_can_interfaces/msg/detail/ctrl_cmd__builder.hpp
-- Up-to-date: /home/nvidia/5.1-ros2_ws/install/yhs_can_interfaces/include/yhs_can_interfaces/yhs_can_interfaces/msg/detail/rr_wheel_fb__traits.hpp
-- Up-to-date: /home/nvidia/5.1-ros2_ws/install/yhs_can_interfaces/include/yhs_can_interfaces/yhs_can_interfaces/msg/detail/lr_wheel_fb__struct.hpp
-- Up-to-date: /home/nvidia/5.1-ros2_ws/install/yhs_can_interfaces/include/yhs_can_interfaces/yhs_can_interfaces/msg/detail/io_cmd__struct.hpp
-- Up-to-date: /home/nvidia/5.1-ros2_ws/install/yhs_can_interfaces/include/yhs_can_interfaces/yhs_can_interfaces/msg/detail/bms_info_fb__builder.hpp
-- Up-to-date: /home/nvidia/5.1-ros2_ws/install/yhs_can_interfaces/include/yhs_can_interfaces/yhs_can_interfaces/msg/detail/drive_mcu_ecode_fb__traits.hpp
-- Up-to-date: /home/nvidia/5.1-ros2_ws/install/yhs_can_interfaces/include/yhs_can_interfaces/yhs_can_interfaces/msg/detail/io_fb__type_support.hpp
-- Up-to-date: /home/nvidia/5.1-ros2_ws/install/yhs_can_interfaces/include/yhs_can_interfaces/yhs_can_interfaces/msg/detail/ctrl_cmd__traits.hpp
-- Up-to-date: /home/nvidia/5.1-ros2_ws/install/yhs_can_interfaces/include/yhs_can_interfaces/yhs_can_interfaces/msg/detail/io_cmd__type_support.hpp
-- Up-to-date: /home/nvidia/5.1-ros2_ws/install/yhs_can_interfaces/include/yhs_can_interfaces/yhs_can_interfaces/msg/detail/io_fb__struct.hpp
-- Up-to-date: /home/nvidia/5.1-ros2_ws/install/yhs_can_interfaces/include/yhs_can_interfaces/yhs_can_interfaces/msg/detail/rr_wheel_fb__struct.hpp
-- Up-to-date: /home/nvidia/5.1-ros2_ws/install/yhs_can_interfaces/include/yhs_can_interfaces/yhs_can_interfaces/msg/detail/bms_info_fb__struct.hpp
-- Up-to-date: /home/nvidia/5.1-ros2_ws/install/yhs_can_interfaces/include/yhs_can_interfaces/yhs_can_interfaces/msg/detail/io_cmd__traits.hpp
-- Up-to-date: /home/nvidia/5.1-ros2_ws/install/yhs_can_interfaces/include/yhs_can_interfaces/yhs_can_interfaces/msg/detail/veh_diag_fb__struct.hpp
-- Up-to-date: /home/nvidia/5.1-ros2_ws/install/yhs_can_interfaces/include/yhs_can_interfaces/yhs_can_interfaces/msg/detail/bms_flag_info_fb__struct.hpp
-- Up-to-date: /home/nvidia/5.1-ros2_ws/install/yhs_can_interfaces/include/yhs_can_interfaces/yhs_can_interfaces/msg/detail/veh_diag_fb__traits.hpp
-- Up-to-date: /home/nvidia/5.1-ros2_ws/install/yhs_can_interfaces/include/yhs_can_interfaces/yhs_can_interfaces/msg/detail/lr_wheel_fb__type_support.hpp
-- Up-to-date: /home/nvidia/5.1-ros2_ws/install/yhs_can_interfaces/include/yhs_can_interfaces/yhs_can_interfaces/msg/detail/veh_diag_fb__builder.hpp
-- Up-to-date: /home/nvidia/5.1-ros2_ws/install/yhs_can_interfaces/include/yhs_can_interfaces/yhs_can_interfaces/msg/detail/ctrl_cmd__type_support.hpp
-- Up-to-date: /home/nvidia/5.1-ros2_ws/install/yhs_can_interfaces/include/yhs_can_interfaces/yhs_can_interfaces/msg/detail/io_fb__traits.hpp
-- Up-to-date: /home/nvidia/5.1-ros2_ws/install/yhs_can_interfaces/include/yhs_can_interfaces/yhs_can_interfaces/msg/detail/rr_wheel_fb__type_support.hpp
-- Up-to-date: /home/nvidia/5.1-ros2_ws/install/yhs_can_interfaces/include/yhs_can_interfaces/yhs_can_interfaces/msg/detail/drive_mcu_ecode_fb__builder.hpp
-- Up-to-date: /home/nvidia/5.1-ros2_ws/install/yhs_can_interfaces/include/yhs_can_interfaces/yhs_can_interfaces/msg/detail/chassis_info_fb__struct.hpp
-- Up-to-date: /home/nvidia/5.1-ros2_ws/install/yhs_can_interfaces/include/yhs_can_interfaces/yhs_can_interfaces/msg/detail/drive_mcu_ecode_fb__type_support.hpp
-- Up-to-date: /home/nvidia/5.1-ros2_ws/install/yhs_can_interfaces/include/yhs_can_interfaces/yhs_can_interfaces/msg/detail/chassis_info_fb__type_support.hpp
-- Up-to-date: /home/nvidia/5.1-ros2_ws/install/yhs_can_interfaces/include/yhs_can_interfaces/yhs_can_interfaces/msg/detail/ctrl_fb__type_support.hpp
-- Up-to-date: /home/nvidia/5.1-ros2_ws/install/yhs_can_interfaces/include/yhs_can_interfaces/yhs_can_interfaces/msg/detail/bms_flag_info_fb__traits.hpp
-- Up-to-date: /home/nvidia/5.1-ros2_ws/install/yhs_can_interfaces/include/yhs_can_interfaces/yhs_can_interfaces/msg/detail/ctrl_cmd__struct.hpp
-- Up-to-date: /home/nvidia/5.1-ros2_ws/install/yhs_can_interfaces/include/yhs_can_interfaces/yhs_can_interfaces/msg/detail/io_cmd__builder.hpp
-- Up-to-date: /home/nvidia/5.1-ros2_ws/install/yhs_can_interfaces/include/yhs_can_interfaces/yhs_can_interfaces/msg/detail/lr_wheel_fb__builder.hpp
-- Up-to-date: /home/nvidia/5.1-ros2_ws/install/yhs_can_interfaces/include/yhs_can_interfaces/yhs_can_interfaces/msg/detail/bms_flag_info_fb__type_support.hpp
-- Up-to-date: /home/nvidia/5.1-ros2_ws/install/yhs_can_interfaces/include/yhs_can_interfaces/yhs_can_interfaces/msg/detail/ctrl_fb__builder.hpp
-- Up-to-date: /home/nvidia/5.1-ros2_ws/install/yhs_can_interfaces/include/yhs_can_interfaces/yhs_can_interfaces/msg/detail/ctrl_fb__traits.hpp
-- Up-to-date: /home/nvidia/5.1-ros2_ws/install/yhs_can_interfaces/include/yhs_can_interfaces/yhs_can_interfaces/msg/detail/bms_info_fb__traits.hpp
-- Up-to-date: /home/nvidia/5.1-ros2_ws/install/yhs_can_interfaces/include/yhs_can_interfaces/yhs_can_interfaces/msg/detail/drive_mcu_ecode_fb__struct.hpp
-- Up-to-date: /home/nvidia/5.1-ros2_ws/install/yhs_can_interfaces/include/yhs_can_interfaces/yhs_can_interfaces/msg/detail/rr_wheel_fb__builder.hpp
-- Up-to-date: /home/nvidia/5.1-ros2_ws/install/yhs_can_interfaces/include/yhs_can_interfaces/yhs_can_interfaces/msg/detail/ctrl_fb__struct.hpp
-- Up-to-date: /home/nvidia/5.1-ros2_ws/install/yhs_can_interfaces/include/yhs_can_interfaces/yhs_can_interfaces/msg/detail/chassis_info_fb__builder.hpp
-- Up-to-date: /home/nvidia/5.1-ros2_ws/install/yhs_can_interfaces/include/yhs_can_interfaces/yhs_can_interfaces/msg/detail/lr_wheel_fb__traits.hpp
-- Up-to-date: /home/nvidia/5.1-ros2_ws/install/yhs_can_interfaces/include/yhs_can_interfaces/yhs_can_interfaces/msg/detail/bms_info_fb__type_support.hpp
-- Up-to-date: /home/nvidia/5.1-ros2_ws/install/yhs_can_interfaces/include/yhs_can_interfaces/yhs_can_interfaces/msg/detail/veh_diag_fb__type_support.hpp
-- Up-to-date: /home/nvidia/5.1-ros2_ws/install/yhs_can_interfaces/include/yhs_can_interfaces/yhs_can_interfaces/msg/detail/chassis_info_fb__traits.hpp
-- Up-to-date: /home/nvidia/5.1-ros2_ws/install/yhs_can_interfaces/include/yhs_can_interfaces/yhs_can_interfaces/msg/chassis_info_fb.hpp
-- Up-to-date: /home/nvidia/5.1-ros2_ws/install/yhs_can_interfaces/include/yhs_can_interfaces/yhs_can_interfaces/msg/rosidl_generator_cpp__visibility_control.hpp
-- Up-to-date: /home/nvidia/5.1-ros2_ws/install/yhs_can_interfaces/include/yhs_can_interfaces/yhs_can_interfaces/msg/rr_wheel_fb.hpp
-- Up-to-date: /home/nvidia/5.1-ros2_ws/install/yhs_can_interfaces/include/yhs_can_interfaces/yhs_can_interfaces/msg/ctrl_fb.hpp
-- Up-to-date: /home/nvidia/5.1-ros2_ws/install/yhs_can_interfaces/include/yhs_can_interfaces/yhs_can_interfaces/msg/lr_wheel_fb.hpp
-- Up-to-date: /home/nvidia/5.1-ros2_ws/install/yhs_can_interfaces/include/yhs_can_interfaces/yhs_can_interfaces/msg/veh_diag_fb.hpp
-- Up-to-date: /home/nvidia/5.1-ros2_ws/install/yhs_can_interfaces/include/yhs_can_interfaces/yhs_can_interfaces/msg/bms_flag_info_fb.hpp
-- Up-to-date: /home/nvidia/5.1-ros2_ws/install/yhs_can_interfaces/include/yhs_can_interfaces/yhs_can_interfaces/msg/drive_mcu_ecode_fb.hpp
-- Up-to-date: /home/nvidia/5.1-ros2_ws/install/yhs_can_interfaces/include/yhs_can_interfaces/yhs_can_interfaces
-- Up-to-date: /home/nvidia/5.1-ros2_ws/install/yhs_can_interfaces/include/yhs_can_interfaces/yhs_can_interfaces/msg
-- Up-to-date: /home/nvidia/5.1-ros2_ws/install/yhs_can_interfaces/include/yhs_can_interfaces/yhs_can_interfaces/msg/detail
-- Up-to-date: /home/nvidia/5.1-ros2_ws/install/yhs_can_interfaces/include/yhs_can_interfaces/yhs_can_interfaces/msg/detail/dds_fastrtps
-- Up-to-date: /home/nvidia/5.1-ros2_ws/install/yhs_can_interfaces/include/yhs_can_interfaces/yhs_can_interfaces/msg/detail/io_cmd__rosidl_typesupport_fastrtps_cpp.hpp
-- Up-to-date: /home/nvidia/5.1-ros2_ws/install/yhs_can_interfaces/include/yhs_can_interfaces/yhs_can_interfaces/msg/detail/chassis_info_fb__rosidl_typesupport_fastrtps_cpp.hpp
-- Up-to-date: /home/nvidia/5.1-ros2_ws/install/yhs_can_interfaces/include/yhs_can_interfaces/yhs_can_interfaces/msg/detail/veh_diag_fb__rosidl_typesupport_fastrtps_cpp.hpp
-- Up-to-date: /home/nvidia/5.1-ros2_ws/install/yhs_can_interfaces/include/yhs_can_interfaces/yhs_can_interfaces/msg/detail/rr_wheel_fb__rosidl_typesupport_fastrtps_cpp.hpp
-- Up-to-date: /home/nvidia/5.1-ros2_ws/install/yhs_can_interfaces/include/yhs_can_interfaces/yhs_can_interfaces/msg/detail/lr_wheel_fb__rosidl_typesupport_fastrtps_cpp.hpp
-- Up-to-date: /home/nvidia/5.1-ros2_ws/install/yhs_can_interfaces/include/yhs_can_interfaces/yhs_can_interfaces/msg/detail/bms_info_fb__rosidl_typesupport_fastrtps_cpp.hpp
-- Up-to-date: /home/nvidia/5.1-ros2_ws/install/yhs_can_interfaces/include/yhs_can_interfaces/yhs_can_interfaces/msg/detail/ctrl_fb__rosidl_typesupport_fastrtps_cpp.hpp
-- Up-to-date: /home/nvidia/5.1-ros2_ws/install/yhs_can_interfaces/include/yhs_can_interfaces/yhs_can_interfaces/msg/detail/bms_flag_info_fb__rosidl_typesupport_fastrtps_cpp.hpp
-- Up-to-date: /home/nvidia/5.1-ros2_ws/install/yhs_can_interfaces/include/yhs_can_interfaces/yhs_can_interfaces/msg/detail/drive_mcu_ecode_fb__rosidl_typesupport_fastrtps_cpp.hpp
-- Up-to-date: /home/nvidia/5.1-ros2_ws/install/yhs_can_interfaces/include/yhs_can_interfaces/yhs_can_interfaces/msg/detail/ctrl_cmd__rosidl_typesupport_fastrtps_cpp.hpp
-- Up-to-date: /home/nvidia/5.1-ros2_ws/install/yhs_can_interfaces/include/yhs_can_interfaces/yhs_can_interfaces/msg/detail/io_fb__rosidl_typesupport_fastrtps_cpp.hpp
-- Up-to-date: /home/nvidia/5.1-ros2_ws/install/yhs_can_interfaces/include/yhs_can_interfaces/yhs_can_interfaces/msg/rosidl_typesupport_fastrtps_cpp__visibility_control.h
-- Up-to-date: /home/nvidia/5.1-ros2_ws/install/yhs_can_interfaces/lib/libyhs_can_interfaces__rosidl_typesupport_fastrtps_cpp.so
-- Up-to-date: /home/nvidia/5.1-ros2_ws/install/yhs_can_interfaces/include/yhs_can_interfaces/yhs_can_interfaces
-- Up-to-date: /home/nvidia/5.1-ros2_ws/install/yhs_can_interfaces/include/yhs_can_interfaces/yhs_can_interfaces/msg
-- Up-to-date: /home/nvidia/5.1-ros2_ws/install/yhs_can_interfaces/include/yhs_can_interfaces/yhs_can_interfaces/msg/detail
-- Up-to-date: /home/nvidia/5.1-ros2_ws/install/yhs_can_interfaces/include/yhs_can_interfaces/yhs_can_interfaces/msg/detail/io_fb__rosidl_typesupport_introspection_cpp.hpp
-- Up-to-date: /home/nvidia/5.1-ros2_ws/install/yhs_can_interfaces/include/yhs_can_interfaces/yhs_can_interfaces/msg/detail/io_cmd__type_support.cpp
-- Up-to-date: /home/nvidia/5.1-ros2_ws/install/yhs_can_interfaces/include/yhs_can_interfaces/yhs_can_interfaces/msg/detail/chassis_info_fb__type_support.cpp
-- Up-to-date: /home/nvidia/5.1-ros2_ws/install/yhs_can_interfaces/include/yhs_can_interfaces/yhs_can_interfaces/msg/detail/io_fb__type_support.cpp
-- Up-to-date: /home/nvidia/5.1-ros2_ws/install/yhs_can_interfaces/include/yhs_can_interfaces/yhs_can_interfaces/msg/detail/veh_diag_fb__rosidl_typesupport_introspection_cpp.hpp
-- Up-to-date: /home/nvidia/5.1-ros2_ws/install/yhs_can_interfaces/include/yhs_can_interfaces/yhs_can_interfaces/msg/detail/lr_wheel_fb__rosidl_typesupport_introspection_cpp.hpp
-- Up-to-date: /home/nvidia/5.1-ros2_ws/install/yhs_can_interfaces/include/yhs_can_interfaces/yhs_can_interfaces/msg/detail/lr_wheel_fb__type_support.cpp
-- Up-to-date: /home/nvidia/5.1-ros2_ws/install/yhs_can_interfaces/include/yhs_can_interfaces/yhs_can_interfaces/msg/detail/rr_wheel_fb__type_support.cpp
-- Up-to-date: /home/nvidia/5.1-ros2_ws/install/yhs_can_interfaces/include/yhs_can_interfaces/yhs_can_interfaces/msg/detail/ctrl_cmd__type_support.cpp
-- Up-to-date: /home/nvidia/5.1-ros2_ws/install/yhs_can_interfaces/include/yhs_can_interfaces/yhs_can_interfaces/msg/detail/drive_mcu_ecode_fb__rosidl_typesupport_introspection_cpp.hpp
-- Up-to-date: /home/nvidia/5.1-ros2_ws/install/yhs_can_interfaces/include/yhs_can_interfaces/yhs_can_interfaces/msg/detail/ctrl_cmd__rosidl_typesupport_introspection_cpp.hpp
-- Up-to-date: /home/nvidia/5.1-ros2_ws/install/yhs_can_interfaces/include/yhs_can_interfaces/yhs_can_interfaces/msg/detail/bms_flag_info_fb__rosidl_typesupport_introspection_cpp.hpp
-- Up-to-date: /home/nvidia/5.1-ros2_ws/install/yhs_can_interfaces/include/yhs_can_interfaces/yhs_can_interfaces/msg/detail/veh_diag_fb__type_support.cpp
-- Up-to-date: /home/nvidia/5.1-ros2_ws/install/yhs_can_interfaces/include/yhs_can_interfaces/yhs_can_interfaces/msg/detail/bms_info_fb__type_support.cpp
-- Up-to-date: /home/nvidia/5.1-ros2_ws/install/yhs_can_interfaces/include/yhs_can_interfaces/yhs_can_interfaces/msg/detail/drive_mcu_ecode_fb__type_support.cpp
-- Up-to-date: /home/nvidia/5.1-ros2_ws/install/yhs_can_interfaces/include/yhs_can_interfaces/yhs_can_interfaces/msg/detail/bms_flag_info_fb__type_support.cpp
-- Up-to-date: /home/nvidia/5.1-ros2_ws/install/yhs_can_interfaces/include/yhs_can_interfaces/yhs_can_interfaces/msg/detail/ctrl_fb__rosidl_typesupport_introspection_cpp.hpp
-- Up-to-date: /home/nvidia/5.1-ros2_ws/install/yhs_can_interfaces/include/yhs_can_interfaces/yhs_can_interfaces/msg/detail/ctrl_fb__type_support.cpp
-- Up-to-date: /home/nvidia/5.1-ros2_ws/install/yhs_can_interfaces/include/yhs_can_interfaces/yhs_can_interfaces/msg/detail/bms_info_fb__rosidl_typesupport_introspection_cpp.hpp
-- Up-to-date: /home/nvidia/5.1-ros2_ws/install/yhs_can_interfaces/include/yhs_can_interfaces/yhs_can_interfaces/msg/detail/io_cmd__rosidl_typesupport_introspection_cpp.hpp
-- Up-to-date: /home/nvidia/5.1-ros2_ws/install/yhs_can_interfaces/include/yhs_can_interfaces/yhs_can_interfaces/msg/detail/chassis_info_fb__rosidl_typesupport_introspection_cpp.hpp
-- Up-to-date: /home/nvidia/5.1-ros2_ws/install/yhs_can_interfaces/include/yhs_can_interfaces/yhs_can_interfaces/msg/detail/rr_wheel_fb__rosidl_typesupport_introspection_cpp.hpp
-- Up-to-date: /home/nvidia/5.1-ros2_ws/install/yhs_can_interfaces/lib/libyhs_can_interfaces__rosidl_typesupport_introspection_cpp.so
-- Up-to-date: /home/nvidia/5.1-ros2_ws/install/yhs_can_interfaces/lib/libyhs_can_interfaces__rosidl_typesupport_cpp.so
-- Up-to-date: /home/nvidia/5.1-ros2_ws/install/yhs_can_interfaces/share/yhs_can_interfaces/environment/pythonpath.sh
-- Up-to-date: /home/nvidia/5.1-ros2_ws/install/yhs_can_interfaces/share/yhs_can_interfaces/environment/pythonpath.dsv
-- Up-to-date: /home/nvidia/5.1-ros2_ws/install/yhs_can_interfaces/local/lib/python3.10/dist-packages/yhs_can_interfaces-0.0.0-py3.10.egg-info
-- Installing: /home/nvidia/5.1-ros2_ws/install/yhs_can_interfaces/local/lib/python3.10/dist-packages/yhs_can_interfaces-0.0.0-py3.10.egg-info/PKG-INFO
-- Installing: /home/nvidia/5.1-ros2_ws/install/yhs_can_interfaces/local/lib/python3.10/dist-packages/yhs_can_interfaces-0.0.0-py3.10.egg-info/SOURCES.txt
-- Installing: /home/nvidia/5.1-ros2_ws/install/yhs_can_interfaces/local/lib/python3.10/dist-packages/yhs_can_interfaces-0.0.0-py3.10.egg-info/dependency_links.txt
-- Installing: /home/nvidia/5.1-ros2_ws/install/yhs_can_interfaces/local/lib/python3.10/dist-packages/yhs_can_interfaces-0.0.0-py3.10.egg-info/top_level.txt
-- Up-to-date: /home/nvidia/5.1-ros2_ws/install/yhs_can_interfaces/local/lib/python3.10/dist-packages/yhs_can_interfaces
-- Up-to-date: /home/nvidia/5.1-ros2_ws/install/yhs_can_interfaces/local/lib/python3.10/dist-packages/yhs_can_interfaces/__init__.py
-- Up-to-date: /home/nvidia/5.1-ros2_ws/install/yhs_can_interfaces/local/lib/python3.10/dist-packages/yhs_can_interfaces/libyhs_can_interfaces__rosidl_generator_py.so
-- Up-to-date: /home/nvidia/5.1-ros2_ws/install/yhs_can_interfaces/local/lib/python3.10/dist-packages/yhs_can_interfaces/_yhs_can_interfaces_s.ep.rosidl_typesupport_introspection_c.c
-- Up-to-date: /home/nvidia/5.1-ros2_ws/install/yhs_can_interfaces/local/lib/python3.10/dist-packages/yhs_can_interfaces/yhs_can_interfaces_s__rosidl_typesupport_c.cpython-310-x86_64-linux-gnu.so
-- Up-to-date: /home/nvidia/5.1-ros2_ws/install/yhs_can_interfaces/local/lib/python3.10/dist-packages/yhs_can_interfaces/msg
-- Up-to-date: /home/nvidia/5.1-ros2_ws/install/yhs_can_interfaces/local/lib/python3.10/dist-packages/yhs_can_interfaces/msg/_drive_mcu_ecode_fb_s.c
-- Up-to-date: /home/nvidia/5.1-ros2_ws/install/yhs_can_interfaces/local/lib/python3.10/dist-packages/yhs_can_interfaces/msg/_rr_wheel_fb.py
-- Up-to-date: /home/nvidia/5.1-ros2_ws/install/yhs_can_interfaces/local/lib/python3.10/dist-packages/yhs_can_interfaces/msg/__init__.py
-- Up-to-date: /home/nvidia/5.1-ros2_ws/install/yhs_can_interfaces/local/lib/python3.10/dist-packages/yhs_can_interfaces/msg/_ctrl_cmd_s.c
-- Up-to-date: /home/nvidia/5.1-ros2_ws/install/yhs_can_interfaces/local/lib/python3.10/dist-packages/yhs_can_interfaces/msg/_lr_wheel_fb_s.c
-- Up-to-date: /home/nvidia/5.1-ros2_ws/install/yhs_can_interfaces/local/lib/python3.10/dist-packages/yhs_can_interfaces/msg/_veh_diag_fb_s.c
-- Up-to-date: /home/nvidia/5.1-ros2_ws/install/yhs_can_interfaces/local/lib/python3.10/dist-packages/yhs_can_interfaces/msg/_rr_wheel_fb_s.c
-- Up-to-date: /home/nvidia/5.1-ros2_ws/install/yhs_can_interfaces/local/lib/python3.10/dist-packages/yhs_can_interfaces/msg/_ctrl_fb.py
-- Up-to-date: /home/nvidia/5.1-ros2_ws/install/yhs_can_interfaces/local/lib/python3.10/dist-packages/yhs_can_interfaces/msg/_io_cmd.py
-- Up-to-date: /home/nvidia/5.1-ros2_ws/install/yhs_can_interfaces/local/lib/python3.10/dist-packages/yhs_can_interfaces/msg/_bms_flag_info_fb.py
-- Up-to-date: /home/nvidia/5.1-ros2_ws/install/yhs_can_interfaces/local/lib/python3.10/dist-packages/yhs_can_interfaces/msg/_veh_diag_fb.py
-- Up-to-date: /home/nvidia/5.1-ros2_ws/install/yhs_can_interfaces/local/lib/python3.10/dist-packages/yhs_can_interfaces/msg/_drive_mcu_ecode_fb.py
-- Up-to-date: /home/nvidia/5.1-ros2_ws/install/yhs_can_interfaces/local/lib/python3.10/dist-packages/yhs_can_interfaces/msg/_io_fb.py
-- Up-to-date: /home/nvidia/5.1-ros2_ws/install/yhs_can_interfaces/local/lib/python3.10/dist-packages/yhs_can_interfaces/msg/_lr_wheel_fb.py
-- Up-to-date: /home/nvidia/5.1-ros2_ws/install/yhs_can_interfaces/local/lib/python3.10/dist-packages/yhs_can_interfaces/msg/_ctrl_fb_s.c
-- Up-to-date: /home/nvidia/5.1-ros2_ws/install/yhs_can_interfaces/local/lib/python3.10/dist-packages/yhs_can_interfaces/msg/_chassis_info_fb_s.c
-- Up-to-date: /home/nvidia/5.1-ros2_ws/install/yhs_can_interfaces/local/lib/python3.10/dist-packages/yhs_can_interfaces/msg/_io_fb_s.c
-- Up-to-date: /home/nvidia/5.1-ros2_ws/install/yhs_can_interfaces/local/lib/python3.10/dist-packages/yhs_can_interfaces/msg/_io_cmd_s.c
-- Up-to-date: /home/nvidia/5.1-ros2_ws/install/yhs_can_interfaces/local/lib/python3.10/dist-packages/yhs_can_interfaces/msg/_ctrl_cmd.py
-- Up-to-date: /home/nvidia/5.1-ros2_ws/install/yhs_can_interfaces/local/lib/python3.10/dist-packages/yhs_can_interfaces/msg/_chassis_info_fb.py
-- Up-to-date: /home/nvidia/5.1-ros2_ws/install/yhs_can_interfaces/local/lib/python3.10/dist-packages/yhs_can_interfaces/msg/_bms_info_fb_s.c
-- Up-to-date: /home/nvidia/5.1-ros2_ws/install/yhs_can_interfaces/local/lib/python3.10/dist-packages/yhs_can_interfaces/msg/_bms_flag_info_fb_s.c
-- Up-to-date: /home/nvidia/5.1-ros2_ws/install/yhs_can_interfaces/local/lib/python3.10/dist-packages/yhs_can_interfaces/msg/_bms_info_fb.py
-- Up-to-date: /home/nvidia/5.1-ros2_ws/install/yhs_can_interfaces/local/lib/python3.10/dist-packages/yhs_can_interfaces/yhs_can_interfaces_s__rosidl_typesupport_fastrtps_c.cpython-310-x86_64-linux-gnu.so
-- Up-to-date: /home/nvidia/5.1-ros2_ws/install/yhs_can_interfaces/local/lib/python3.10/dist-packages/yhs_can_interfaces/yhs_can_interfaces_s__rosidl_typesupport_introspection_c.cpython-310-x86_64-linux-gnu.so
-- Up-to-date: /home/nvidia/5.1-ros2_ws/install/yhs_can_interfaces/local/lib/python3.10/dist-packages/yhs_can_interfaces/_yhs_can_interfaces_s.ep.rosidl_typesupport_fastrtps_c.c
-- Up-to-date: /home/nvidia/5.1-ros2_ws/install/yhs_can_interfaces/local/lib/python3.10/dist-packages/yhs_can_interfaces/_yhs_can_interfaces_s.ep.rosidl_typesupport_c.c
Listing '/home/nvidia/5.1-ros2_ws/install/yhs_can_interfaces/local/lib/python3.10/dist-packages/yhs_can_interfaces'...
Listing '/home/nvidia/5.1-ros2_ws/install/yhs_can_interfaces/local/lib/python3.10/dist-packages/yhs_can_interfaces/msg'...
-- Up-to-date: /home/nvidia/5.1-ros2_ws/install/yhs_can_interfaces/local/lib/python3.10/dist-packages/yhs_can_interfaces/yhs_can_interfaces_s__rosidl_typesupport_fastrtps_c.cpython-310-x86_64-linux-gnu.so
-- Up-to-date: /home/nvidia/5.1-ros2_ws/install/yhs_can_interfaces/local/lib/python3.10/dist-packages/yhs_can_interfaces/yhs_can_interfaces_s__rosidl_typesupport_introspection_c.cpython-310-x86_64-linux-gnu.so
-- Up-to-date: /home/nvidia/5.1-ros2_ws/install/yhs_can_interfaces/local/lib/python3.10/dist-packages/yhs_can_interfaces/yhs_can_interfaces_s__rosidl_typesupport_c.cpython-310-x86_64-linux-gnu.so
-- Up-to-date: /home/nvidia/5.1-ros2_ws/install/yhs_can_interfaces/lib/libyhs_can_interfaces__rosidl_generator_py.so
-- Up-to-date: /home/nvidia/5.1-ros2_ws/install/yhs_can_interfaces/share/yhs_can_interfaces/msg/BmsFlagInfoFb.idl
-- Up-to-date: /home/nvidia/5.1-ros2_ws/install/yhs_can_interfaces/share/yhs_can_interfaces/msg/BmsInfoFb.idl
-- Up-to-date: /home/nvidia/5.1-ros2_ws/install/yhs_can_interfaces/share/yhs_can_interfaces/msg/ChassisInfoFb.idl
-- Up-to-date: /home/nvidia/5.1-ros2_ws/install/yhs_can_interfaces/share/yhs_can_interfaces/msg/CtrlCmd.idl
-- Up-to-date: /home/nvidia/5.1-ros2_ws/install/yhs_can_interfaces/share/yhs_can_interfaces/msg/CtrlFb.idl
-- Up-to-date: /home/nvidia/5.1-ros2_ws/install/yhs_can_interfaces/share/yhs_can_interfaces/msg/DriveMcuEcodeFb.idl
-- Up-to-date: /home/nvidia/5.1-ros2_ws/install/yhs_can_interfaces/share/yhs_can_interfaces/msg/IoCmd.idl
-- Up-to-date: /home/nvidia/5.1-ros2_ws/install/yhs_can_interfaces/share/yhs_can_interfaces/msg/IoFb.idl
-- Up-to-date: /home/nvidia/5.1-ros2_ws/install/yhs_can_interfaces/share/yhs_can_interfaces/msg/LrWheelFb.idl
-- Up-to-date: /home/nvidia/5.1-ros2_ws/install/yhs_can_interfaces/share/yhs_can_interfaces/msg/RrWheelFb.idl
-- Up-to-date: /home/nvidia/5.1-ros2_ws/install/yhs_can_interfaces/share/yhs_can_interfaces/msg/VehDiagFb.idl
-- Up-to-date: /home/nvidia/5.1-ros2_ws/install/yhs_can_interfaces/share/yhs_can_interfaces/msg/BmsFlagInfoFb.msg
-- Up-to-date: /home/nvidia/5.1-ros2_ws/install/yhs_can_interfaces/share/yhs_can_interfaces/msg/BmsInfoFb.msg
-- Up-to-date: /home/nvidia/5.1-ros2_ws/install/yhs_can_interfaces/share/yhs_can_interfaces/msg/ChassisInfoFb.msg
-- Up-to-date: /home/nvidia/5.1-ros2_ws/install/yhs_can_interfaces/share/yhs_can_interfaces/msg/CtrlCmd.msg
-- Up-to-date: /home/nvidia/5.1-ros2_ws/install/yhs_can_interfaces/share/yhs_can_interfaces/msg/CtrlFb.msg
-- Up-to-date: /home/nvidia/5.1-ros2_ws/install/yhs_can_interfaces/share/yhs_can_interfaces/msg/DriveMcuEcodeFb.msg
-- Up-to-date: /home/nvidia/5.1-ros2_ws/install/yhs_can_interfaces/share/yhs_can_interfaces/msg/IoCmd.msg
-- Up-to-date: /home/nvidia/5.1-ros2_ws/install/yhs_can_interfaces/share/yhs_can_interfaces/msg/IoFb.msg
-- Up-to-date: /home/nvidia/5.1-ros2_ws/install/yhs_can_interfaces/share/yhs_can_interfaces/msg/LrWheelFb.msg
-- Up-to-date: /home/nvidia/5.1-ros2_ws/install/yhs_can_interfaces/share/yhs_can_interfaces/msg/RrWheelFb.msg
-- Up-to-date: /home/nvidia/5.1-ros2_ws/install/yhs_can_interfaces/share/yhs_can_interfaces/msg/VehDiagFb.msg
-- Up-to-date: /home/nvidia/5.1-ros2_ws/install/yhs_can_interfaces/share/ament_index/resource_index/package_run_dependencies/yhs_can_interfaces
-- Up-to-date: /home/nvidia/5.1-ros2_ws/install/yhs_can_interfaces/share/ament_index/resource_index/parent_prefix_path/yhs_can_interfaces
-- Up-to-date: /home/nvidia/5.1-ros2_ws/install/yhs_can_interfaces/share/yhs_can_interfaces/environment/ament_prefix_path.sh
-- Up-to-date: /home/nvidia/5.1-ros2_ws/install/yhs_can_interfaces/share/yhs_can_interfaces/environment/ament_prefix_path.dsv
-- Up-to-date: /home/nvidia/5.1-ros2_ws/install/yhs_can_interfaces/share/yhs_can_interfaces/environment/path.sh
-- Up-to-date: /home/nvidia/5.1-ros2_ws/install/yhs_can_interfaces/share/yhs_can_interfaces/environment/path.dsv
-- Up-to-date: /home/nvidia/5.1-ros2_ws/install/yhs_can_interfaces/share/yhs_can_interfaces/local_setup.bash
-- Up-to-date: /home/nvidia/5.1-ros2_ws/install/yhs_can_interfaces/share/yhs_can_interfaces/local_setup.sh
-- Up-to-date: /home/nvidia/5.1-ros2_ws/install/yhs_can_interfaces/share/yhs_can_interfaces/local_setup.zsh
-- Up-to-date: /home/nvidia/5.1-ros2_ws/install/yhs_can_interfaces/share/yhs_can_interfaces/local_setup.dsv
-- Installing: /home/nvidia/5.1-ros2_ws/install/yhs_can_interfaces/share/yhs_can_interfaces/package.dsv
-- Up-to-date: /home/nvidia/5.1-ros2_ws/install/yhs_can_interfaces/share/ament_index/resource_index/packages/yhs_can_interfaces
-- Up-to-date: /home/nvidia/5.1-ros2_ws/install/yhs_can_interfaces/share/yhs_can_interfaces/cmake/export_yhs_can_interfaces__rosidl_generator_cExport.cmake
-- Up-to-date: /home/nvidia/5.1-ros2_ws/install/yhs_can_interfaces/share/yhs_can_interfaces/cmake/export_yhs_can_interfaces__rosidl_generator_cExport-noconfig.cmake
-- Up-to-date: /home/nvidia/5.1-ros2_ws/install/yhs_can_interfaces/share/yhs_can_interfaces/cmake/export_yhs_can_interfaces__rosidl_typesupport_fastrtps_cExport.cmake
-- Up-to-date: /home/nvidia/5.1-ros2_ws/install/yhs_can_interfaces/share/yhs_can_interfaces/cmake/export_yhs_can_interfaces__rosidl_typesupport_fastrtps_cExport-noconfig.cmake
-- Up-to-date: /home/nvidia/5.1-ros2_ws/install/yhs_can_interfaces/share/yhs_can_interfaces/cmake/yhs_can_interfaces__rosidl_typesupport_introspection_cExport.cmake
-- Up-to-date: /home/nvidia/5.1-ros2_ws/install/yhs_can_interfaces/share/yhs_can_interfaces/cmake/yhs_can_interfaces__rosidl_typesupport_introspection_cExport-noconfig.cmake
-- Up-to-date: /home/nvidia/5.1-ros2_ws/install/yhs_can_interfaces/share/yhs_can_interfaces/cmake/yhs_can_interfaces__rosidl_typesupport_cExport.cmake
-- Up-to-date: /home/nvidia/5.1-ros2_ws/install/yhs_can_interfaces/share/yhs_can_interfaces/cmake/yhs_can_interfaces__rosidl_typesupport_cExport-noconfig.cmake
-- Up-to-date: /home/nvidia/5.1-ros2_ws/install/yhs_can_interfaces/share/yhs_can_interfaces/cmake/export_yhs_can_interfaces__rosidl_generator_cppExport.cmake
-- Up-to-date: /home/nvidia/5.1-ros2_ws/install/yhs_can_interfaces/share/yhs_can_interfaces/cmake/export_yhs_can_interfaces__rosidl_typesupport_fastrtps_cppExport.cmake
-- Up-to-date: /home/nvidia/5.1-ros2_ws/install/yhs_can_interfaces/share/yhs_can_interfaces/cmake/export_yhs_can_interfaces__rosidl_typesupport_fastrtps_cppExport-noconfig.cmake
-- Up-to-date: /home/nvidia/5.1-ros2_ws/install/yhs_can_interfaces/share/yhs_can_interfaces/cmake/yhs_can_interfaces__rosidl_typesupport_introspection_cppExport.cmake
-- Up-to-date: /home/nvidia/5.1-ros2_ws/install/yhs_can_interfaces/share/yhs_can_interfaces/cmake/yhs_can_interfaces__rosidl_typesupport_introspection_cppExport-noconfig.cmake
-- Up-to-date: /home/nvidia/5.1-ros2_ws/install/yhs_can_interfaces/share/yhs_can_interfaces/cmake/yhs_can_interfaces__rosidl_typesupport_cppExport.cmake
-- Up-to-date: /home/nvidia/5.1-ros2_ws/install/yhs_can_interfaces/share/yhs_can_interfaces/cmake/yhs_can_interfaces__rosidl_typesupport_cppExport-noconfig.cmake
-- Up-to-date: /home/nvidia/5.1-ros2_ws/install/yhs_can_interfaces/share/yhs_can_interfaces/cmake/export_yhs_can_interfaces__rosidl_generator_pyExport.cmake
-- Up-to-date: /home/nvidia/5.1-ros2_ws/install/yhs_can_interfaces/share/yhs_can_interfaces/cmake/export_yhs_can_interfaces__rosidl_generator_pyExport-noconfig.cmake
-- Up-to-date: /home/nvidia/5.1-ros2_ws/install/yhs_can_interfaces/share/yhs_can_interfaces/cmake/rosidl_cmake-extras.cmake
-- Up-to-date: /home/nvidia/5.1-ros2_ws/install/yhs_can_interfaces/share/yhs_can_interfaces/cmake/ament_cmake_export_dependencies-extras.cmake
-- Up-to-date: /home/nvidia/5.1-ros2_ws/install/yhs_can_interfaces/share/yhs_can_interfaces/cmake/ament_cmake_export_include_directories-extras.cmake
-- Up-to-date: /home/nvidia/5.1-ros2_ws/install/yhs_can_interfaces/share/yhs_can_interfaces/cmake/ament_cmake_export_libraries-extras.cmake
-- Up-to-date: /home/nvidia/5.1-ros2_ws/install/yhs_can_interfaces/share/yhs_can_interfaces/cmake/ament_cmake_export_targets-extras.cmake
-- Up-to-date: /home/nvidia/5.1-ros2_ws/install/yhs_can_interfaces/share/yhs_can_interfaces/cmake/rosidl_cmake_export_typesupport_targets-extras.cmake
-- Up-to-date: /home/nvidia/5.1-ros2_ws/install/yhs_can_interfaces/share/yhs_can_interfaces/cmake/rosidl_cmake_export_typesupport_libraries-extras.cmake
-- Up-to-date: /home/nvidia/5.1-ros2_ws/install/yhs_can_interfaces/share/yhs_can_interfaces/cmake/yhs_can_interfacesConfig.cmake
-- Up-to-date: /home/nvidia/5.1-ros2_ws/install/yhs_can_interfaces/share/yhs_can_interfaces/cmake/yhs_can_interfacesConfig-version.cmake
-- Up-to-date: /home/nvidia/5.1-ros2_ws/install/yhs_can_interfaces/share/yhs_can_interfaces/package.xml
