[0.060s] DEBUG:colcon:Command line arguments: ['/usr/bin/colcon', 'build', '--packages-select', 'serial']
[0.060s] DEBUG:colcon:Parsed command line arguments: Namespace(log_base=None, log_level=None, verb_name='build', build_base='build', install_base='install', merge_install=False, symlink_install=False, test_result_base=None, continue_on_error=False, executor='parallel', parallel_workers=20, event_handlers=None, ignore_user_meta=False, metas=['./colcon.meta'], base_paths=['.'], packages_ignore=None, packages_ignore_regex=None, paths=None, packages_up_to=None, packages_up_to_regex=None, packages_above=None, packages_above_and_dependencies=None, packages_above_depth=None, packages_select_by_dep=None, packages_skip_by_dep=None, packages_skip_up_to=None, packages_select_build_failed=False, packages_skip_build_finished=False, packages_select_test_failures=False, packages_skip_test_passed=False, packages_select=['serial'], packages_skip=None, packages_select_regex=None, packages_skip_regex=None, packages_start=None, packages_end=None, allow_overriding=[], cmake_args=None, cmake_target=None, cmake_target_skip_unavailable=False, cmake_clean_cache=False, cmake_clean_first=False, cmake_force_configure=False, ament_cmake_args=None, catkin_cmake_args=None, catkin_skip_building_tests=False, verb_parser=<colcon_defaults.argument_parser.defaults.DefaultArgumentsDecorator object at 0x7aca135cf820>, verb_extension=<colcon_core.verb.build.BuildVerb object at 0x7aca135cf2b0>, main=<bound method BuildVerb.main of <colcon_core.verb.build.BuildVerb object at 0x7aca135cf2b0>>)
[0.149s] Level 1:colcon.colcon_core.package_discovery:discover_packages(colcon_meta) check parameters
[0.149s] Level 1:colcon.colcon_core.package_discovery:discover_packages(recursive) check parameters
[0.149s] Level 1:colcon.colcon_core.package_discovery:discover_packages(ignore) check parameters
[0.149s] Level 1:colcon.colcon_core.package_discovery:discover_packages(path) check parameters
[0.149s] Level 1:colcon.colcon_core.package_discovery:discover_packages(colcon_meta) discover
[0.149s] Level 1:colcon.colcon_core.package_discovery:discover_packages(recursive) discover
[0.149s] INFO:colcon.colcon_core.package_discovery:Crawling recursively for packages in '/home/nvidia/wheeltec_imu_ws'
[0.149s] Level 1:colcon.colcon_core.package_identification:_identify(.) by extensions ['ignore', 'ignore_ament_install']
[0.150s] Level 1:colcon.colcon_core.package_identification:_identify(.) by extension 'ignore'
[0.150s] Level 1:colcon.colcon_core.package_identification:_identify(.) by extension 'ignore_ament_install'
[0.150s] Level 1:colcon.colcon_core.package_identification:_identify(.) by extensions ['colcon_pkg']
[0.150s] Level 1:colcon.colcon_core.package_identification:_identify(.) by extension 'colcon_pkg'
[0.150s] Level 1:colcon.colcon_core.package_identification:_identify(.) by extensions ['colcon_meta']
[0.150s] Level 1:colcon.colcon_core.package_identification:_identify(.) by extension 'colcon_meta'
[0.150s] Level 1:colcon.colcon_core.package_identification:_identify(.) by extensions ['ros']
[0.150s] Level 1:colcon.colcon_core.package_identification:_identify(.) by extension 'ros'
[0.157s] Level 1:colcon.colcon_core.package_identification:_identify(.) by extensions ['cmake', 'python']
[0.157s] Level 1:colcon.colcon_core.package_identification:_identify(.) by extension 'cmake'
[0.157s] Level 1:colcon.colcon_core.package_identification:_identify(.) by extension 'python'
[0.157s] Level 1:colcon.colcon_core.package_identification:_identify(.) by extensions ['python_setup_py']
[0.157s] Level 1:colcon.colcon_core.package_identification:_identify(.) by extension 'python_setup_py'
[0.157s] Level 1:colcon.colcon_core.package_identification:_identify(build) by extensions ['ignore', 'ignore_ament_install']
[0.157s] Level 1:colcon.colcon_core.package_identification:_identify(build) by extension 'ignore'
[0.157s] Level 1:colcon.colcon_core.package_identification:_identify(build) ignored
[0.157s] Level 1:colcon.colcon_core.package_identification:_identify(install) by extensions ['ignore', 'ignore_ament_install']
[0.157s] Level 1:colcon.colcon_core.package_identification:_identify(install) by extension 'ignore'
[0.157s] Level 1:colcon.colcon_core.package_identification:_identify(install) ignored
[0.157s] Level 1:colcon.colcon_core.package_identification:_identify(log) by extensions ['ignore', 'ignore_ament_install']
[0.157s] Level 1:colcon.colcon_core.package_identification:_identify(log) by extension 'ignore'
[0.157s] Level 1:colcon.colcon_core.package_identification:_identify(log) ignored
[0.157s] Level 1:colcon.colcon_core.package_identification:_identify(src) by extensions ['ignore', 'ignore_ament_install']
[0.157s] Level 1:colcon.colcon_core.package_identification:_identify(src) by extension 'ignore'
[0.157s] Level 1:colcon.colcon_core.package_identification:_identify(src) by extension 'ignore_ament_install'
[0.157s] Level 1:colcon.colcon_core.package_identification:_identify(src) by extensions ['colcon_pkg']
[0.157s] Level 1:colcon.colcon_core.package_identification:_identify(src) by extension 'colcon_pkg'
[0.157s] Level 1:colcon.colcon_core.package_identification:_identify(src) by extensions ['colcon_meta']
[0.157s] Level 1:colcon.colcon_core.package_identification:_identify(src) by extension 'colcon_meta'
[0.158s] Level 1:colcon.colcon_core.package_identification:_identify(src) by extensions ['ros']
[0.158s] Level 1:colcon.colcon_core.package_identification:_identify(src) by extension 'ros'
[0.158s] Level 1:colcon.colcon_core.package_identification:_identify(src) by extensions ['cmake', 'python']
[0.158s] Level 1:colcon.colcon_core.package_identification:_identify(src) by extension 'cmake'
[0.158s] Level 1:colcon.colcon_core.package_identification:_identify(src) by extension 'python'
[0.158s] Level 1:colcon.colcon_core.package_identification:_identify(src) by extensions ['python_setup_py']
[0.158s] Level 1:colcon.colcon_core.package_identification:_identify(src) by extension 'python_setup_py'
[0.158s] Level 1:colcon.colcon_core.package_identification:_identify(src/build) by extensions ['ignore', 'ignore_ament_install']
[0.158s] Level 1:colcon.colcon_core.package_identification:_identify(src/build) by extension 'ignore'
[0.158s] Level 1:colcon.colcon_core.package_identification:_identify(src/build) ignored
[0.158s] Level 1:colcon.colcon_core.package_identification:_identify(src/fdilink_ahrs) by extensions ['ignore', 'ignore_ament_install']
[0.158s] Level 1:colcon.colcon_core.package_identification:_identify(src/fdilink_ahrs) by extension 'ignore'
[0.158s] Level 1:colcon.colcon_core.package_identification:_identify(src/fdilink_ahrs) by extension 'ignore_ament_install'
[0.158s] Level 1:colcon.colcon_core.package_identification:_identify(src/fdilink_ahrs) by extensions ['colcon_pkg']
[0.158s] Level 1:colcon.colcon_core.package_identification:_identify(src/fdilink_ahrs) by extension 'colcon_pkg'
[0.158s] Level 1:colcon.colcon_core.package_identification:_identify(src/fdilink_ahrs) by extensions ['colcon_meta']
[0.158s] Level 1:colcon.colcon_core.package_identification:_identify(src/fdilink_ahrs) by extension 'colcon_meta'
[0.158s] Level 1:colcon.colcon_core.package_identification:_identify(src/fdilink_ahrs) by extensions ['ros']
[0.158s] Level 1:colcon.colcon_core.package_identification:_identify(src/fdilink_ahrs) by extension 'ros'
[0.160s] DEBUG:colcon.colcon_core.package_identification:Package 'src/fdilink_ahrs' with type 'ros.ament_cmake' and name 'fdilink_ahrs'
[0.160s] Level 1:colcon.colcon_core.package_identification:_identify(src/install) by extensions ['ignore', 'ignore_ament_install']
[0.160s] Level 1:colcon.colcon_core.package_identification:_identify(src/install) by extension 'ignore'
[0.160s] Level 1:colcon.colcon_core.package_identification:_identify(src/install) ignored
[0.160s] Level 1:colcon.colcon_core.package_identification:_identify(src/log) by extensions ['ignore', 'ignore_ament_install']
[0.160s] Level 1:colcon.colcon_core.package_identification:_identify(src/log) by extension 'ignore'
[0.160s] Level 1:colcon.colcon_core.package_identification:_identify(src/log) ignored
[0.160s] Level 1:colcon.colcon_core.package_identification:_identify(src/serial) by extensions ['ignore', 'ignore_ament_install']
[0.160s] Level 1:colcon.colcon_core.package_identification:_identify(src/serial) by extension 'ignore'
[0.160s] Level 1:colcon.colcon_core.package_identification:_identify(src/serial) by extension 'ignore_ament_install'
[0.160s] Level 1:colcon.colcon_core.package_identification:_identify(src/serial) by extensions ['colcon_pkg']
[0.160s] Level 1:colcon.colcon_core.package_identification:_identify(src/serial) by extension 'colcon_pkg'
[0.160s] Level 1:colcon.colcon_core.package_identification:_identify(src/serial) by extensions ['colcon_meta']
[0.160s] Level 1:colcon.colcon_core.package_identification:_identify(src/serial) by extension 'colcon_meta'
[0.160s] Level 1:colcon.colcon_core.package_identification:_identify(src/serial) by extensions ['ros']
[0.160s] Level 1:colcon.colcon_core.package_identification:_identify(src/serial) by extension 'ros'
[0.161s] DEBUG:colcon.colcon_core.package_identification:Package 'src/serial' with type 'ros.ament_cmake' and name 'serial'
[0.161s] Level 1:colcon.colcon_core.package_discovery:discover_packages(recursive) using defaults
[0.161s] Level 1:colcon.colcon_core.package_discovery:discover_packages(ignore) discover
[0.161s] Level 1:colcon.colcon_core.package_discovery:discover_packages(ignore) using defaults
[0.161s] Level 1:colcon.colcon_core.package_discovery:discover_packages(path) discover
[0.161s] Level 1:colcon.colcon_core.package_discovery:discover_packages(path) using defaults
[0.179s] INFO:colcon.colcon_core.package_selection:Skipping not selected package 'fdilink_ahrs' in 'src/fdilink_ahrs'
[0.179s] Level 1:colcon.colcon_core.package_discovery:discover_packages(prefix_path) check parameters
[0.179s] Level 1:colcon.colcon_core.package_discovery:discover_packages(prefix_path) discover
[0.180s] DEBUG:colcon.colcon_installed_package_information.package_discovery:Found 272 installed packages in /opt/ros/humble
[0.181s] Level 1:colcon.colcon_core.package_discovery:discover_packages(prefix_path) using defaults
[0.201s] Level 5:colcon.colcon_core.verb:set package 'serial' build argument 'cmake_args' from command line to 'None'
[0.201s] Level 5:colcon.colcon_core.verb:set package 'serial' build argument 'cmake_target' from command line to 'None'
[0.201s] Level 5:colcon.colcon_core.verb:set package 'serial' build argument 'cmake_target_skip_unavailable' from command line to 'False'
[0.201s] Level 5:colcon.colcon_core.verb:set package 'serial' build argument 'cmake_clean_cache' from command line to 'False'
[0.201s] Level 5:colcon.colcon_core.verb:set package 'serial' build argument 'cmake_clean_first' from command line to 'False'
[0.201s] Level 5:colcon.colcon_core.verb:set package 'serial' build argument 'cmake_force_configure' from command line to 'False'
[0.201s] Level 5:colcon.colcon_core.verb:set package 'serial' build argument 'ament_cmake_args' from command line to 'None'
[0.201s] Level 5:colcon.colcon_core.verb:set package 'serial' build argument 'catkin_cmake_args' from command line to 'None'
[0.201s] Level 5:colcon.colcon_core.verb:set package 'serial' build argument 'catkin_skip_building_tests' from command line to 'False'
[0.201s] DEBUG:colcon.colcon_core.verb:Building package 'serial' with the following arguments: {'ament_cmake_args': None, 'build_base': '/home/nvidia/wheeltec_imu_ws/build/serial', 'catkin_cmake_args': None, 'catkin_skip_building_tests': False, 'cmake_args': None, 'cmake_clean_cache': False, 'cmake_clean_first': False, 'cmake_force_configure': False, 'cmake_target': None, 'cmake_target_skip_unavailable': False, 'install_base': '/home/nvidia/wheeltec_imu_ws/install/serial', 'merge_install': False, 'path': '/home/nvidia/wheeltec_imu_ws/src/serial', 'symlink_install': False, 'test_result_base': None}
[0.201s] INFO:colcon.colcon_core.executor:Executing jobs using 'parallel' executor
[0.202s] DEBUG:colcon.colcon_parallel_executor.executor.parallel:run_until_complete
[0.202s] INFO:colcon.colcon_ros.task.ament_cmake.build:Building ROS package in '/home/nvidia/wheeltec_imu_ws/src/serial' with build type 'ament_cmake'
[0.202s] INFO:colcon.colcon_cmake.task.cmake.build:Building CMake package in '/home/nvidia/wheeltec_imu_ws/src/serial'
[0.204s] INFO:colcon.colcon_core.plugin_system:Skipping extension 'colcon_core.shell.bat': Not used on non-Windows systems
[0.204s] INFO:colcon.colcon_core.shell:Skip shell extension 'powershell' for command environment: Not usable outside of PowerShell
[0.204s] DEBUG:colcon.colcon_core.shell:Skip shell extension 'dsv' for command environment
[0.209s] DEBUG:colcon.colcon_core.event_handler.log_command:Invoking command in '/home/nvidia/wheeltec_imu_ws/build/serial': CMAKE_PREFIX_PATH=/opt/ros/humble /usr/bin/cmake --build /home/nvidia/wheeltec_imu_ws/build/serial -- -j20 -l20
[0.294s] DEBUG:colcon.colcon_core.event_handler.log_command:Invoked command in '/home/nvidia/wheeltec_imu_ws/build/serial' returned '0': CMAKE_PREFIX_PATH=/opt/ros/humble /usr/bin/cmake --build /home/nvidia/wheeltec_imu_ws/build/serial -- -j20 -l20
[0.312s] DEBUG:colcon.colcon_core.event_handler.log_command:Invoking command in '/home/nvidia/wheeltec_imu_ws/build/serial': CMAKE_PREFIX_PATH=/opt/ros/humble /usr/bin/cmake --install /home/nvidia/wheeltec_imu_ws/build/serial
[0.330s] Level 1:colcon.colcon_core.environment:create_environment_scripts_only(serial)
[0.331s] DEBUG:colcon.colcon_core.event_handler.log_command:Invoked command in '/home/nvidia/wheeltec_imu_ws/build/serial' returned '0': CMAKE_PREFIX_PATH=/opt/ros/humble /usr/bin/cmake --install /home/nvidia/wheeltec_imu_ws/build/serial
[0.333s] Level 1:colcon.colcon_core.environment:checking '/home/nvidia/wheeltec_imu_ws/install/serial' for CMake module files
[0.334s] Level 1:colcon.colcon_core.environment:checking '/home/nvidia/wheeltec_imu_ws/install/serial' for CMake config files
[0.334s] Level 1:colcon.colcon_core.shell:create_environment_hook('serial', 'cmake_prefix_path')
[0.334s] INFO:colcon.colcon_core.shell:Creating environment hook '/home/nvidia/wheeltec_imu_ws/install/serial/share/serial/hook/cmake_prefix_path.ps1'
[0.335s] INFO:colcon.colcon_core.shell:Creating environment descriptor '/home/nvidia/wheeltec_imu_ws/install/serial/share/serial/hook/cmake_prefix_path.dsv'
[0.335s] INFO:colcon.colcon_core.shell:Creating environment hook '/home/nvidia/wheeltec_imu_ws/install/serial/share/serial/hook/cmake_prefix_path.sh'
[0.336s] Level 1:colcon.colcon_core.environment:checking '/home/nvidia/wheeltec_imu_ws/install/serial/lib'
[0.336s] Level 1:colcon.colcon_core.environment:checking '/home/nvidia/wheeltec_imu_ws/install/serial/bin'
[0.336s] Level 1:colcon.colcon_core.environment:checking '/home/nvidia/wheeltec_imu_ws/install/serial/lib/pkgconfig/serial.pc'
[0.336s] Level 1:colcon.colcon_core.environment:checking '/home/nvidia/wheeltec_imu_ws/install/serial/lib/python3.10/site-packages'
[0.336s] Level 1:colcon.colcon_core.environment:checking '/home/nvidia/wheeltec_imu_ws/install/serial/bin'
[0.336s] INFO:colcon.colcon_core.shell:Creating package script '/home/nvidia/wheeltec_imu_ws/install/serial/share/serial/package.ps1'
[0.337s] INFO:colcon.colcon_core.shell:Creating package descriptor '/home/nvidia/wheeltec_imu_ws/install/serial/share/serial/package.dsv'
[0.337s] INFO:colcon.colcon_core.shell:Creating package script '/home/nvidia/wheeltec_imu_ws/install/serial/share/serial/package.sh'
[0.337s] INFO:colcon.colcon_core.shell:Creating package script '/home/nvidia/wheeltec_imu_ws/install/serial/share/serial/package.bash'
[0.338s] INFO:colcon.colcon_core.shell:Creating package script '/home/nvidia/wheeltec_imu_ws/install/serial/share/serial/package.zsh'
[0.338s] Level 1:colcon.colcon_core.environment:create_file_with_runtime_dependencies(/home/nvidia/wheeltec_imu_ws/install/serial/share/colcon-core/packages/serial)
[0.339s] Level 1:colcon.colcon_core.environment:create_environment_scripts_only(serial)
[0.339s] Level 1:colcon.colcon_core.environment:checking '/home/nvidia/wheeltec_imu_ws/install/serial' for CMake module files
[0.339s] Level 1:colcon.colcon_core.environment:checking '/home/nvidia/wheeltec_imu_ws/install/serial' for CMake config files
[0.339s] Level 1:colcon.colcon_core.shell:create_environment_hook('serial', 'cmake_prefix_path')
[0.339s] INFO:colcon.colcon_core.shell:Creating environment hook '/home/nvidia/wheeltec_imu_ws/install/serial/share/serial/hook/cmake_prefix_path.ps1'
[0.339s] INFO:colcon.colcon_core.shell:Creating environment descriptor '/home/nvidia/wheeltec_imu_ws/install/serial/share/serial/hook/cmake_prefix_path.dsv'
[0.340s] INFO:colcon.colcon_core.shell:Creating environment hook '/home/nvidia/wheeltec_imu_ws/install/serial/share/serial/hook/cmake_prefix_path.sh'
[0.340s] Level 1:colcon.colcon_core.environment:checking '/home/nvidia/wheeltec_imu_ws/install/serial/lib'
[0.340s] Level 1:colcon.colcon_core.environment:checking '/home/nvidia/wheeltec_imu_ws/install/serial/bin'
[0.340s] Level 1:colcon.colcon_core.environment:checking '/home/nvidia/wheeltec_imu_ws/install/serial/lib/pkgconfig/serial.pc'
[0.340s] Level 1:colcon.colcon_core.environment:checking '/home/nvidia/wheeltec_imu_ws/install/serial/lib/python3.10/site-packages'
[0.340s] Level 1:colcon.colcon_core.environment:checking '/home/nvidia/wheeltec_imu_ws/install/serial/bin'
[0.340s] INFO:colcon.colcon_core.shell:Creating package script '/home/nvidia/wheeltec_imu_ws/install/serial/share/serial/package.ps1'
[0.341s] INFO:colcon.colcon_core.shell:Creating package descriptor '/home/nvidia/wheeltec_imu_ws/install/serial/share/serial/package.dsv'
[0.341s] INFO:colcon.colcon_core.shell:Creating package script '/home/nvidia/wheeltec_imu_ws/install/serial/share/serial/package.sh'
[0.341s] INFO:colcon.colcon_core.shell:Creating package script '/home/nvidia/wheeltec_imu_ws/install/serial/share/serial/package.bash'
[0.341s] INFO:colcon.colcon_core.shell:Creating package script '/home/nvidia/wheeltec_imu_ws/install/serial/share/serial/package.zsh'
[0.342s] Level 1:colcon.colcon_core.environment:create_file_with_runtime_dependencies(/home/nvidia/wheeltec_imu_ws/install/serial/share/colcon-core/packages/serial)
[0.342s] DEBUG:colcon.colcon_parallel_executor.executor.parallel:closing loop
[0.342s] DEBUG:colcon.colcon_parallel_executor.executor.parallel:loop closed
[0.342s] DEBUG:colcon.colcon_parallel_executor.executor.parallel:run_until_complete finished with '0'
[0.342s] DEBUG:colcon.colcon_core.event_reactor:joining thread
[0.345s] INFO:colcon.colcon_core.plugin_system:Skipping extension 'colcon_notification.desktop_notification.terminal_notifier': Not used on non-Darwin systems
[0.345s] INFO:colcon.colcon_core.plugin_system:Skipping extension 'colcon_notification.desktop_notification.win32': Not used on non-Windows systems
[0.345s] INFO:colcon.colcon_notification.desktop_notification:Sending desktop notification using 'notify2'
[0.352s] DEBUG:colcon.colcon_core.event_reactor:joined thread
[0.353s] INFO:colcon.colcon_core.shell:Creating prefix script '/home/nvidia/wheeltec_imu_ws/install/local_setup.ps1'
[0.353s] INFO:colcon.colcon_core.shell:Creating prefix util module '/home/nvidia/wheeltec_imu_ws/install/_local_setup_util_ps1.py'
[0.354s] INFO:colcon.colcon_core.shell:Creating prefix chain script '/home/nvidia/wheeltec_imu_ws/install/setup.ps1'
[0.355s] INFO:colcon.colcon_core.shell:Creating prefix script '/home/nvidia/wheeltec_imu_ws/install/local_setup.sh'
[0.355s] INFO:colcon.colcon_core.shell:Creating prefix util module '/home/nvidia/wheeltec_imu_ws/install/_local_setup_util_sh.py'
[0.356s] INFO:colcon.colcon_core.shell:Creating prefix chain script '/home/nvidia/wheeltec_imu_ws/install/setup.sh'
[0.356s] INFO:colcon.colcon_core.shell:Creating prefix script '/home/nvidia/wheeltec_imu_ws/install/local_setup.bash'
[0.356s] INFO:colcon.colcon_core.shell:Creating prefix chain script '/home/nvidia/wheeltec_imu_ws/install/setup.bash'
[0.357s] INFO:colcon.colcon_core.shell:Creating prefix script '/home/nvidia/wheeltec_imu_ws/install/local_setup.zsh'
[0.357s] INFO:colcon.colcon_core.shell:Creating prefix chain script '/home/nvidia/wheeltec_imu_ws/install/setup.zsh'
[0.060s] DEBUG:colcon:Command line arguments: ['/usr/bin/colcon', 'build', '--packages-select', 'fdilink_ahrs']
[0.060s] DEBUG:colcon:Parsed command line arguments: Namespace(log_base=None, log_level=None, verb_name='build', build_base='build', install_base='install', merge_install=False, symlink_install=False, test_result_base=None, continue_on_error=False, executor='parallel', parallel_workers=20, event_handlers=None, ignore_user_meta=False, metas=['./colcon.meta'], base_paths=['.'], packages_ignore=None, packages_ignore_regex=None, paths=None, packages_up_to=None, packages_up_to_regex=None, packages_above=None, packages_above_and_dependencies=None, packages_above_depth=None, packages_select_by_dep=None, packages_skip_by_dep=None, packages_skip_up_to=None, packages_select_build_failed=False, packages_skip_build_finished=False, packages_select_test_failures=False, packages_skip_test_passed=False, packages_select=['fdilink_ahrs'], packages_skip=None, packages_select_regex=None, packages_skip_regex=None, packages_start=None, packages_end=None, allow_overriding=[], cmake_args=None, cmake_target=None, cmake_target_skip_unavailable=False, cmake_clean_cache=False, cmake_clean_first=False, cmake_force_configure=False, ament_cmake_args=None, catkin_cmake_args=None, catkin_skip_building_tests=False, verb_parser=<colcon_defaults.argument_parser.defaults.DefaultArgumentsDecorator object at 0x721b66c337f0>, verb_extension=<colcon_core.verb.build.BuildVerb object at 0x721b66c33280>, main=<bound method BuildVerb.main of <colcon_core.verb.build.BuildVerb object at 0x721b66c33280>>)
[0.148s] Level 1:colcon.colcon_core.package_discovery:discover_packages(colcon_meta) check parameters
[0.148s] Level 1:colcon.colcon_core.package_discovery:discover_packages(recursive) check parameters
[0.148s] Level 1:colcon.colcon_core.package_discovery:discover_packages(ignore) check parameters
[0.148s] Level 1:colcon.colcon_core.package_discovery:discover_packages(path) check parameters
[0.148s] Level 1:colcon.colcon_core.package_discovery:discover_packages(colcon_meta) discover
[0.148s] Level 1:colcon.colcon_core.package_discovery:discover_packages(recursive) discover
[0.148s] INFO:colcon.colcon_core.package_discovery:Crawling recursively for packages in '/home/nvidia/wheeltec_imu_ws'
[0.148s] Level 1:colcon.colcon_core.package_identification:_identify(.) by extensions ['ignore', 'ignore_ament_install']
[0.148s] Level 1:colcon.colcon_core.package_identification:_identify(.) by extension 'ignore'
[0.148s] Level 1:colcon.colcon_core.package_identification:_identify(.) by extension 'ignore_ament_install'
[0.148s] Level 1:colcon.colcon_core.package_identification:_identify(.) by extensions ['colcon_pkg']
[0.148s] Level 1:colcon.colcon_core.package_identification:_identify(.) by extension 'colcon_pkg'
[0.148s] Level 1:colcon.colcon_core.package_identification:_identify(.) by extensions ['colcon_meta']
[0.148s] Level 1:colcon.colcon_core.package_identification:_identify(.) by extension 'colcon_meta'
[0.148s] Level 1:colcon.colcon_core.package_identification:_identify(.) by extensions ['ros']
[0.148s] Level 1:colcon.colcon_core.package_identification:_identify(.) by extension 'ros'
[0.156s] Level 1:colcon.colcon_core.package_identification:_identify(.) by extensions ['cmake', 'python']
[0.156s] Level 1:colcon.colcon_core.package_identification:_identify(.) by extension 'cmake'
[0.156s] Level 1:colcon.colcon_core.package_identification:_identify(.) by extension 'python'
[0.156s] Level 1:colcon.colcon_core.package_identification:_identify(.) by extensions ['python_setup_py']
[0.156s] Level 1:colcon.colcon_core.package_identification:_identify(.) by extension 'python_setup_py'
[0.156s] Level 1:colcon.colcon_core.package_identification:_identify(build) by extensions ['ignore', 'ignore_ament_install']
[0.156s] Level 1:colcon.colcon_core.package_identification:_identify(build) by extension 'ignore'
[0.156s] Level 1:colcon.colcon_core.package_identification:_identify(build) ignored
[0.156s] Level 1:colcon.colcon_core.package_identification:_identify(install) by extensions ['ignore', 'ignore_ament_install']
[0.156s] Level 1:colcon.colcon_core.package_identification:_identify(install) by extension 'ignore'
[0.156s] Level 1:colcon.colcon_core.package_identification:_identify(install) ignored
[0.156s] Level 1:colcon.colcon_core.package_identification:_identify(log) by extensions ['ignore', 'ignore_ament_install']
[0.156s] Level 1:colcon.colcon_core.package_identification:_identify(log) by extension 'ignore'
[0.156s] Level 1:colcon.colcon_core.package_identification:_identify(log) ignored
[0.156s] Level 1:colcon.colcon_core.package_identification:_identify(src) by extensions ['ignore', 'ignore_ament_install']
[0.156s] Level 1:colcon.colcon_core.package_identification:_identify(src) by extension 'ignore'
[0.156s] Level 1:colcon.colcon_core.package_identification:_identify(src) by extension 'ignore_ament_install'
[0.156s] Level 1:colcon.colcon_core.package_identification:_identify(src) by extensions ['colcon_pkg']
[0.156s] Level 1:colcon.colcon_core.package_identification:_identify(src) by extension 'colcon_pkg'
[0.156s] Level 1:colcon.colcon_core.package_identification:_identify(src) by extensions ['colcon_meta']
[0.156s] Level 1:colcon.colcon_core.package_identification:_identify(src) by extension 'colcon_meta'
[0.156s] Level 1:colcon.colcon_core.package_identification:_identify(src) by extensions ['ros']
[0.156s] Level 1:colcon.colcon_core.package_identification:_identify(src) by extension 'ros'
[0.156s] Level 1:colcon.colcon_core.package_identification:_identify(src) by extensions ['cmake', 'python']
[0.156s] Level 1:colcon.colcon_core.package_identification:_identify(src) by extension 'cmake'
[0.156s] Level 1:colcon.colcon_core.package_identification:_identify(src) by extension 'python'
[0.156s] Level 1:colcon.colcon_core.package_identification:_identify(src) by extensions ['python_setup_py']
[0.156s] Level 1:colcon.colcon_core.package_identification:_identify(src) by extension 'python_setup_py'
[0.156s] Level 1:colcon.colcon_core.package_identification:_identify(src/build) by extensions ['ignore', 'ignore_ament_install']
[0.156s] Level 1:colcon.colcon_core.package_identification:_identify(src/build) by extension 'ignore'
[0.156s] Level 1:colcon.colcon_core.package_identification:_identify(src/build) ignored
[0.157s] Level 1:colcon.colcon_core.package_identification:_identify(src/fdilink_ahrs) by extensions ['ignore', 'ignore_ament_install']
[0.157s] Level 1:colcon.colcon_core.package_identification:_identify(src/fdilink_ahrs) by extension 'ignore'
[0.157s] Level 1:colcon.colcon_core.package_identification:_identify(src/fdilink_ahrs) by extension 'ignore_ament_install'
[0.157s] Level 1:colcon.colcon_core.package_identification:_identify(src/fdilink_ahrs) by extensions ['colcon_pkg']
[0.157s] Level 1:colcon.colcon_core.package_identification:_identify(src/fdilink_ahrs) by extension 'colcon_pkg'
[0.157s] Level 1:colcon.colcon_core.package_identification:_identify(src/fdilink_ahrs) by extensions ['colcon_meta']
[0.157s] Level 1:colcon.colcon_core.package_identification:_identify(src/fdilink_ahrs) by extension 'colcon_meta'
[0.157s] Level 1:colcon.colcon_core.package_identification:_identify(src/fdilink_ahrs) by extensions ['ros']
[0.157s] Level 1:colcon.colcon_core.package_identification:_identify(src/fdilink_ahrs) by extension 'ros'
[0.158s] DEBUG:colcon.colcon_core.package_identification:Package 'src/fdilink_ahrs' with type 'ros.ament_cmake' and name 'fdilink_ahrs'
[0.158s] Level 1:colcon.colcon_core.package_identification:_identify(src/install) by extensions ['ignore', 'ignore_ament_install']
[0.158s] Level 1:colcon.colcon_core.package_identification:_identify(src/install) by extension 'ignore'
[0.158s] Level 1:colcon.colcon_core.package_identification:_identify(src/install) ignored
[0.159s] Level 1:colcon.colcon_core.package_identification:_identify(src/log) by extensions ['ignore', 'ignore_ament_install']
[0.159s] Level 1:colcon.colcon_core.package_identification:_identify(src/log) by extension 'ignore'
[0.159s] Level 1:colcon.colcon_core.package_identification:_identify(src/log) ignored
[0.159s] Level 1:colcon.colcon_core.package_identification:_identify(src/serial) by extensions ['ignore', 'ignore_ament_install']
[0.159s] Level 1:colcon.colcon_core.package_identification:_identify(src/serial) by extension 'ignore'
[0.159s] Level 1:colcon.colcon_core.package_identification:_identify(src/serial) by extension 'ignore_ament_install'
[0.159s] Level 1:colcon.colcon_core.package_identification:_identify(src/serial) by extensions ['colcon_pkg']
[0.159s] Level 1:colcon.colcon_core.package_identification:_identify(src/serial) by extension 'colcon_pkg'
[0.159s] Level 1:colcon.colcon_core.package_identification:_identify(src/serial) by extensions ['colcon_meta']
[0.159s] Level 1:colcon.colcon_core.package_identification:_identify(src/serial) by extension 'colcon_meta'
[0.159s] Level 1:colcon.colcon_core.package_identification:_identify(src/serial) by extensions ['ros']
[0.159s] Level 1:colcon.colcon_core.package_identification:_identify(src/serial) by extension 'ros'
[0.159s] DEBUG:colcon.colcon_core.package_identification:Package 'src/serial' with type 'ros.ament_cmake' and name 'serial'
[0.159s] Level 1:colcon.colcon_core.package_discovery:discover_packages(recursive) using defaults
[0.159s] Level 1:colcon.colcon_core.package_discovery:discover_packages(ignore) discover
[0.159s] Level 1:colcon.colcon_core.package_discovery:discover_packages(ignore) using defaults
[0.159s] Level 1:colcon.colcon_core.package_discovery:discover_packages(path) discover
[0.159s] Level 1:colcon.colcon_core.package_discovery:discover_packages(path) using defaults
[0.177s] INFO:colcon.colcon_core.package_selection:Skipping not selected package 'serial' in 'src/serial'
[0.177s] Level 1:colcon.colcon_core.package_discovery:discover_packages(prefix_path) check parameters
[0.177s] Level 1:colcon.colcon_core.package_discovery:discover_packages(prefix_path) discover
[0.178s] DEBUG:colcon.colcon_installed_package_information.package_discovery:Found 2 installed packages in /home/nvidia/wheeltec_imu_ws/install
[0.179s] DEBUG:colcon.colcon_installed_package_information.package_discovery:Found 272 installed packages in /opt/ros/humble
[0.179s] Level 1:colcon.colcon_core.package_discovery:discover_packages(prefix_path) using defaults
[0.199s] Level 5:colcon.colcon_core.verb:set package 'fdilink_ahrs' build argument 'cmake_args' from command line to 'None'
[0.199s] Level 5:colcon.colcon_core.verb:set package 'fdilink_ahrs' build argument 'cmake_target' from command line to 'None'
[0.199s] Level 5:colcon.colcon_core.verb:set package 'fdilink_ahrs' build argument 'cmake_target_skip_unavailable' from command line to 'False'
[0.199s] Level 5:colcon.colcon_core.verb:set package 'fdilink_ahrs' build argument 'cmake_clean_cache' from command line to 'False'
[0.199s] Level 5:colcon.colcon_core.verb:set package 'fdilink_ahrs' build argument 'cmake_clean_first' from command line to 'False'
[0.199s] Level 5:colcon.colcon_core.verb:set package 'fdilink_ahrs' build argument 'cmake_force_configure' from command line to 'False'
[0.199s] Level 5:colcon.colcon_core.verb:set package 'fdilink_ahrs' build argument 'ament_cmake_args' from command line to 'None'
[0.199s] Level 5:colcon.colcon_core.verb:set package 'fdilink_ahrs' build argument 'catkin_cmake_args' from command line to 'None'
[0.199s] Level 5:colcon.colcon_core.verb:set package 'fdilink_ahrs' build argument 'catkin_skip_building_tests' from command line to 'False'
[0.199s] DEBUG:colcon.colcon_core.verb:Building package 'fdilink_ahrs' with the following arguments: {'ament_cmake_args': None, 'build_base': '/home/nvidia/wheeltec_imu_ws/build/fdilink_ahrs', 'catkin_cmake_args': None, 'catkin_skip_building_tests': False, 'cmake_args': None, 'cmake_clean_cache': False, 'cmake_clean_first': False, 'cmake_force_configure': False, 'cmake_target': None, 'cmake_target_skip_unavailable': False, 'install_base': '/home/nvidia/wheeltec_imu_ws/install/fdilink_ahrs', 'merge_install': False, 'path': '/home/nvidia/wheeltec_imu_ws/src/fdilink_ahrs', 'symlink_install': False, 'test_result_base': None}
[0.199s] INFO:colcon.colcon_core.executor:Executing jobs using 'parallel' executor
[0.200s] DEBUG:colcon.colcon_parallel_executor.executor.parallel:run_until_complete
[0.200s] INFO:colcon.colcon_ros.task.ament_cmake.build:Building ROS package in '/home/nvidia/wheeltec_imu_ws/src/fdilink_ahrs' with build type 'ament_cmake'
[0.200s] INFO:colcon.colcon_cmake.task.cmake.build:Building CMake package in '/home/nvidia/wheeltec_imu_ws/src/fdilink_ahrs'
[0.201s] INFO:colcon.colcon_core.plugin_system:Skipping extension 'colcon_core.shell.bat': Not used on non-Windows systems
[0.202s] INFO:colcon.colcon_core.shell:Skip shell extension 'powershell' for command environment: Not usable outside of PowerShell
[0.202s] DEBUG:colcon.colcon_core.shell:Skip shell extension 'dsv' for command environment
[0.208s] DEBUG:colcon.colcon_core.event_handler.log_command:Invoking command in '/home/nvidia/wheeltec_imu_ws/build/fdilink_ahrs': CMAKE_PREFIX_PATH=${CMAKE_PREFIX_PATH}:/opt/ros/humble /usr/bin/cmake --build /home/nvidia/wheeltec_imu_ws/build/fdilink_ahrs -- -j20 -l20
[6.518s] DEBUG:colcon.colcon_core.event_handler.log_command:Invoked command in '/home/nvidia/wheeltec_imu_ws/build/fdilink_ahrs' returned '0': CMAKE_PREFIX_PATH=${CMAKE_PREFIX_PATH}:/opt/ros/humble /usr/bin/cmake --build /home/nvidia/wheeltec_imu_ws/build/fdilink_ahrs -- -j20 -l20
[6.526s] DEBUG:colcon.colcon_core.event_handler.log_command:Invoking command in '/home/nvidia/wheeltec_imu_ws/build/fdilink_ahrs': CMAKE_PREFIX_PATH=${CMAKE_PREFIX_PATH}:/opt/ros/humble /usr/bin/cmake --install /home/nvidia/wheeltec_imu_ws/build/fdilink_ahrs
[6.542s] Level 1:colcon.colcon_core.environment:create_environment_scripts_only(fdilink_ahrs)
[6.543s] DEBUG:colcon.colcon_core.event_handler.log_command:Invoked command in '/home/nvidia/wheeltec_imu_ws/build/fdilink_ahrs' returned '0': CMAKE_PREFIX_PATH=${CMAKE_PREFIX_PATH}:/opt/ros/humble /usr/bin/cmake --install /home/nvidia/wheeltec_imu_ws/build/fdilink_ahrs
[6.546s] Level 1:colcon.colcon_core.environment:checking '/home/nvidia/wheeltec_imu_ws/install/fdilink_ahrs' for CMake module files
[6.547s] Level 1:colcon.colcon_core.environment:checking '/home/nvidia/wheeltec_imu_ws/install/fdilink_ahrs' for CMake config files
[6.547s] Level 1:colcon.colcon_core.shell:create_environment_hook('fdilink_ahrs', 'cmake_prefix_path')
[6.547s] INFO:colcon.colcon_core.shell:Creating environment hook '/home/nvidia/wheeltec_imu_ws/install/fdilink_ahrs/share/fdilink_ahrs/hook/cmake_prefix_path.ps1'
[6.548s] INFO:colcon.colcon_core.shell:Creating environment descriptor '/home/nvidia/wheeltec_imu_ws/install/fdilink_ahrs/share/fdilink_ahrs/hook/cmake_prefix_path.dsv'
[6.548s] INFO:colcon.colcon_core.shell:Creating environment hook '/home/nvidia/wheeltec_imu_ws/install/fdilink_ahrs/share/fdilink_ahrs/hook/cmake_prefix_path.sh'
[6.549s] Level 1:colcon.colcon_core.environment:checking '/home/nvidia/wheeltec_imu_ws/install/fdilink_ahrs/lib'
[6.549s] Level 1:colcon.colcon_core.environment:checking '/home/nvidia/wheeltec_imu_ws/install/fdilink_ahrs/bin'
[6.549s] Level 1:colcon.colcon_core.environment:checking '/home/nvidia/wheeltec_imu_ws/install/fdilink_ahrs/lib/pkgconfig/fdilink_ahrs.pc'
[6.550s] Level 1:colcon.colcon_core.environment:checking '/home/nvidia/wheeltec_imu_ws/install/fdilink_ahrs/lib/python3.10/site-packages'
[6.550s] Level 1:colcon.colcon_core.environment:checking '/home/nvidia/wheeltec_imu_ws/install/fdilink_ahrs/bin'
[6.550s] INFO:colcon.colcon_core.shell:Creating package script '/home/nvidia/wheeltec_imu_ws/install/fdilink_ahrs/share/fdilink_ahrs/package.ps1'
[6.551s] INFO:colcon.colcon_core.shell:Creating package descriptor '/home/nvidia/wheeltec_imu_ws/install/fdilink_ahrs/share/fdilink_ahrs/package.dsv'
[6.552s] INFO:colcon.colcon_core.shell:Creating package script '/home/nvidia/wheeltec_imu_ws/install/fdilink_ahrs/share/fdilink_ahrs/package.sh'
[6.553s] INFO:colcon.colcon_core.shell:Creating package script '/home/nvidia/wheeltec_imu_ws/install/fdilink_ahrs/share/fdilink_ahrs/package.bash'
[6.553s] INFO:colcon.colcon_core.shell:Creating package script '/home/nvidia/wheeltec_imu_ws/install/fdilink_ahrs/share/fdilink_ahrs/package.zsh'
[6.554s] Level 1:colcon.colcon_core.environment:create_file_with_runtime_dependencies(/home/nvidia/wheeltec_imu_ws/install/fdilink_ahrs/share/colcon-core/packages/fdilink_ahrs)
[6.554s] Level 1:colcon.colcon_core.environment:create_environment_scripts_only(fdilink_ahrs)
[6.554s] Level 1:colcon.colcon_core.environment:checking '/home/nvidia/wheeltec_imu_ws/install/fdilink_ahrs' for CMake module files
[6.554s] Level 1:colcon.colcon_core.environment:checking '/home/nvidia/wheeltec_imu_ws/install/fdilink_ahrs' for CMake config files
[6.555s] Level 1:colcon.colcon_core.shell:create_environment_hook('fdilink_ahrs', 'cmake_prefix_path')
[6.555s] INFO:colcon.colcon_core.shell:Creating environment hook '/home/nvidia/wheeltec_imu_ws/install/fdilink_ahrs/share/fdilink_ahrs/hook/cmake_prefix_path.ps1'
[6.555s] INFO:colcon.colcon_core.shell:Creating environment descriptor '/home/nvidia/wheeltec_imu_ws/install/fdilink_ahrs/share/fdilink_ahrs/hook/cmake_prefix_path.dsv'
[6.555s] INFO:colcon.colcon_core.shell:Creating environment hook '/home/nvidia/wheeltec_imu_ws/install/fdilink_ahrs/share/fdilink_ahrs/hook/cmake_prefix_path.sh'
[6.555s] Level 1:colcon.colcon_core.environment:checking '/home/nvidia/wheeltec_imu_ws/install/fdilink_ahrs/lib'
[6.555s] Level 1:colcon.colcon_core.environment:checking '/home/nvidia/wheeltec_imu_ws/install/fdilink_ahrs/bin'
[6.555s] Level 1:colcon.colcon_core.environment:checking '/home/nvidia/wheeltec_imu_ws/install/fdilink_ahrs/lib/pkgconfig/fdilink_ahrs.pc'
[6.555s] Level 1:colcon.colcon_core.environment:checking '/home/nvidia/wheeltec_imu_ws/install/fdilink_ahrs/lib/python3.10/site-packages'
[6.556s] Level 1:colcon.colcon_core.environment:checking '/home/nvidia/wheeltec_imu_ws/install/fdilink_ahrs/bin'
[6.556s] INFO:colcon.colcon_core.shell:Creating package script '/home/nvidia/wheeltec_imu_ws/install/fdilink_ahrs/share/fdilink_ahrs/package.ps1'
[6.556s] INFO:colcon.colcon_core.shell:Creating package descriptor '/home/nvidia/wheeltec_imu_ws/install/fdilink_ahrs/share/fdilink_ahrs/package.dsv'
[6.556s] INFO:colcon.colcon_core.shell:Creating package script '/home/nvidia/wheeltec_imu_ws/install/fdilink_ahrs/share/fdilink_ahrs/package.sh'
[6.557s] INFO:colcon.colcon_core.shell:Creating package script '/home/nvidia/wheeltec_imu_ws/install/fdilink_ahrs/share/fdilink_ahrs/package.bash'
[6.557s] INFO:colcon.colcon_core.shell:Creating package script '/home/nvidia/wheeltec_imu_ws/install/fdilink_ahrs/share/fdilink_ahrs/package.zsh'
[6.557s] Level 1:colcon.colcon_core.environment:create_file_with_runtime_dependencies(/home/nvidia/wheeltec_imu_ws/install/fdilink_ahrs/share/colcon-core/packages/fdilink_ahrs)
[6.557s] DEBUG:colcon.colcon_parallel_executor.executor.parallel:closing loop
[6.557s] DEBUG:colcon.colcon_parallel_executor.executor.parallel:loop closed
[6.557s] DEBUG:colcon.colcon_parallel_executor.executor.parallel:run_until_complete finished with '0'
[6.557s] DEBUG:colcon.colcon_core.event_reactor:joining thread
[6.562s] INFO:colcon.colcon_core.plugin_system:Skipping extension 'colcon_notification.desktop_notification.terminal_notifier': Not used on non-Darwin systems
[6.562s] INFO:colcon.colcon_core.plugin_system:Skipping extension 'colcon_notification.desktop_notification.win32': Not used on non-Windows systems
[6.562s] INFO:colcon.colcon_notification.desktop_notification:Sending desktop notification using 'notify2'
[6.582s] DEBUG:colcon.colcon_core.event_reactor:joined thread
[6.583s] INFO:colcon.colcon_core.shell:Creating prefix script '/home/nvidia/wheeltec_imu_ws/install/local_setup.ps1'
[6.585s] INFO:colcon.colcon_core.shell:Creating prefix util module '/home/nvidia/wheeltec_imu_ws/install/_local_setup_util_ps1.py'
[6.587s] INFO:colcon.colcon_core.shell:Creating prefix chain script '/home/nvidia/wheeltec_imu_ws/install/setup.ps1'
[6.588s] INFO:colcon.colcon_core.shell:Creating prefix script '/home/nvidia/wheeltec_imu_ws/install/local_setup.sh'
[6.589s] INFO:colcon.colcon_core.shell:Creating prefix util module '/home/nvidia/wheeltec_imu_ws/install/_local_setup_util_sh.py'
[6.589s] INFO:colcon.colcon_core.shell:Creating prefix chain script '/home/nvidia/wheeltec_imu_ws/install/setup.sh'
[6.590s] INFO:colcon.colcon_core.shell:Creating prefix script '/home/nvidia/wheeltec_imu_ws/install/local_setup.bash'
[6.591s] INFO:colcon.colcon_core.shell:Creating prefix chain script '/home/nvidia/wheeltec_imu_ws/install/setup.bash'
[6.592s] INFO:colcon.colcon_core.shell:Creating prefix script '/home/nvidia/wheeltec_imu_ws/install/local_setup.zsh'
[6.593s] INFO:colcon.colcon_core.shell:Creating prefix chain script '/home/nvidia/wheeltec_imu_ws/install/setup.zsh'
