running egg_info
writing ../../build/ai_imu_dr_ros/ai_imu_dr_ros.egg-info/PKG-INFO
writing dependency_links to ../../build/ai_imu_dr_ros/ai_imu_dr_ros.egg-info/dependency_links.txt
writing entry points to ../../build/ai_imu_dr_ros/ai_imu_dr_ros.egg-info/entry_points.txt
writing requirements to ../../build/ai_imu_dr_ros/ai_imu_dr_ros.egg-info/requires.txt
writing top-level names to ../../build/ai_imu_dr_ros/ai_imu_dr_ros.egg-info/top_level.txt
reading manifest file '../../build/ai_imu_dr_ros/ai_imu_dr_ros.egg-info/SOURCES.txt'
writing manifest file '../../build/ai_imu_dr_ros/ai_imu_dr_ros.egg-info/SOURCES.txt'
running build
running build_py
copying ai_imu_dr_ros/ai_imu_dr_node.py -> /home/nvidia/ros2_ws/build/ai_imu_dr_ros/build/lib/ai_imu_dr_ros
running install
running install_lib
copying /home/nvidia/ros2_ws/build/ai_imu_dr_ros/build/lib/ai_imu_dr_ros/ai_imu_dr_node.py -> /home/nvidia/ros2_ws/install/ai_imu_dr_ros/lib/python3.10/site-packages/ai_imu_dr_ros
byte-compiling /home/nvidia/ros2_ws/install/ai_imu_dr_ros/lib/python3.10/site-packages/ai_imu_dr_ros/ai_imu_dr_node.py to ai_imu_dr_node.cpython-310.pyc
running install_data
running install_egg_info
removing '/home/nvidia/ros2_ws/install/ai_imu_dr_ros/lib/python3.10/site-packages/ai_imu_dr_ros-0.0.0-py3.10.egg-info' (and everything under it)
Copying ../../build/ai_imu_dr_ros/ai_imu_dr_ros.egg-info to /home/nvidia/ros2_ws/install/ai_imu_dr_ros/lib/python3.10/site-packages/ai_imu_dr_ros-0.0.0-py3.10.egg-info
running install_scripts
Installing ai_imu_dr_node script to /home/nvidia/ros2_ws/install/ai_imu_dr_ros/lib/ai_imu_dr_ros
writing list of installed files to '/home/nvidia/ros2_ws/build/ai_imu_dr_ros/install.log'
