[0.060s] DEBUG:colcon:Command line arguments: ['/usr/bin/colcon', 'build', '--cmake-args', '-DROS_EDITION=ROS2', '-DHUMBLE_ROS=humble']
[0.060s] DEBUG:colcon:Parsed command line arguments: Namespace(log_base=None, log_level=None, verb_name='build', build_base='build', install_base='install', merge_install=False, symlink_install=False, test_result_base=None, continue_on_error=False, executor='parallel', parallel_workers=20, event_handlers=None, ignore_user_meta=False, metas=['./colcon.meta'], base_paths=['.'], packages_ignore=None, packages_ignore_regex=None, paths=None, packages_up_to=None, packages_up_to_regex=None, packages_above=None, packages_above_and_dependencies=None, packages_above_depth=None, packages_select_by_dep=None, packages_skip_by_dep=None, packages_skip_up_to=None, packages_select_build_failed=False, packages_skip_build_finished=False, packages_select_test_failures=False, packages_skip_test_passed=False, packages_select=None, packages_skip=None, packages_select_regex=None, packages_skip_regex=None, packages_start=None, packages_end=None, allow_overriding=[], cmake_args=['-DROS_EDITION=ROS2', '-DHUMBLE_ROS=humble'], cmake_target=None, cmake_target_skip_unavailable=False, cmake_clean_cache=False, cmake_clean_first=False, cmake_force_configure=False, ament_cmake_args=None, catkin_cmake_args=None, catkin_skip_building_tests=False, verb_parser=<colcon_defaults.argument_parser.defaults.DefaultArgumentsDecorator object at 0x7f29dfc4c640>, verb_extension=<colcon_core.verb.build.BuildVerb object at 0x7f29dfc4c040>, main=<bound method BuildVerb.main of <colcon_core.verb.build.BuildVerb object at 0x7f29dfc4c040>>)
[0.154s] Level 1:colcon.colcon_core.package_discovery:discover_packages(colcon_meta) check parameters
[0.154s] Level 1:colcon.colcon_core.package_discovery:discover_packages(recursive) check parameters
[0.154s] Level 1:colcon.colcon_core.package_discovery:discover_packages(ignore) check parameters
[0.154s] Level 1:colcon.colcon_core.package_discovery:discover_packages(path) check parameters
[0.154s] Level 1:colcon.colcon_core.package_discovery:discover_packages(colcon_meta) discover
[0.154s] Level 1:colcon.colcon_core.package_discovery:discover_packages(recursive) discover
[0.154s] INFO:colcon.colcon_core.package_discovery:Crawling recursively for packages in '/home/nvidia/ws_livox'
[0.154s] Level 1:colcon.colcon_core.package_identification:_identify(.) by extensions ['ignore', 'ignore_ament_install']
[0.154s] Level 1:colcon.colcon_core.package_identification:_identify(.) by extension 'ignore'
[0.154s] Level 1:colcon.colcon_core.package_identification:_identify(.) by extension 'ignore_ament_install'
[0.154s] Level 1:colcon.colcon_core.package_identification:_identify(.) by extensions ['colcon_pkg']
[0.154s] Level 1:colcon.colcon_core.package_identification:_identify(.) by extension 'colcon_pkg'
[0.155s] Level 1:colcon.colcon_core.package_identification:_identify(.) by extensions ['colcon_meta']
[0.155s] Level 1:colcon.colcon_core.package_identification:_identify(.) by extension 'colcon_meta'
[0.155s] Level 1:colcon.colcon_core.package_identification:_identify(.) by extensions ['ros']
[0.155s] Level 1:colcon.colcon_core.package_identification:_identify(.) by extension 'ros'
[0.162s] Level 1:colcon.colcon_core.package_identification:_identify(.) by extensions ['cmake', 'python']
[0.162s] Level 1:colcon.colcon_core.package_identification:_identify(.) by extension 'cmake'
[0.162s] Level 1:colcon.colcon_core.package_identification:_identify(.) by extension 'python'
[0.162s] Level 1:colcon.colcon_core.package_identification:_identify(.) by extensions ['python_setup_py']
[0.162s] Level 1:colcon.colcon_core.package_identification:_identify(.) by extension 'python_setup_py'
[0.162s] Level 1:colcon.colcon_core.package_identification:_identify(build) by extensions ['ignore', 'ignore_ament_install']
[0.162s] Level 1:colcon.colcon_core.package_identification:_identify(build) by extension 'ignore'
[0.162s] Level 1:colcon.colcon_core.package_identification:_identify(build) ignored
[0.162s] Level 1:colcon.colcon_core.package_identification:_identify(install) by extensions ['ignore', 'ignore_ament_install']
[0.162s] Level 1:colcon.colcon_core.package_identification:_identify(install) by extension 'ignore'
[0.162s] Level 1:colcon.colcon_core.package_identification:_identify(install) ignored
[0.162s] Level 1:colcon.colcon_core.package_identification:_identify(log) by extensions ['ignore', 'ignore_ament_install']
[0.162s] Level 1:colcon.colcon_core.package_identification:_identify(log) by extension 'ignore'
[0.162s] Level 1:colcon.colcon_core.package_identification:_identify(log) ignored
[0.162s] Level 1:colcon.colcon_core.package_identification:_identify(src) by extensions ['ignore', 'ignore_ament_install']
[0.162s] Level 1:colcon.colcon_core.package_identification:_identify(src) by extension 'ignore'
[0.162s] Level 1:colcon.colcon_core.package_identification:_identify(src) by extension 'ignore_ament_install'
[0.162s] Level 1:colcon.colcon_core.package_identification:_identify(src) by extensions ['colcon_pkg']
[0.162s] Level 1:colcon.colcon_core.package_identification:_identify(src) by extension 'colcon_pkg'
[0.162s] Level 1:colcon.colcon_core.package_identification:_identify(src) by extensions ['colcon_meta']
[0.162s] Level 1:colcon.colcon_core.package_identification:_identify(src) by extension 'colcon_meta'
[0.162s] Level 1:colcon.colcon_core.package_identification:_identify(src) by extensions ['ros']
[0.162s] Level 1:colcon.colcon_core.package_identification:_identify(src) by extension 'ros'
[0.162s] Level 1:colcon.colcon_core.package_identification:_identify(src) by extensions ['cmake', 'python']
[0.162s] Level 1:colcon.colcon_core.package_identification:_identify(src) by extension 'cmake'
[0.163s] Level 1:colcon.colcon_core.package_identification:_identify(src) by extension 'python'
[0.163s] Level 1:colcon.colcon_core.package_identification:_identify(src) by extensions ['python_setup_py']
[0.163s] Level 1:colcon.colcon_core.package_identification:_identify(src) by extension 'python_setup_py'
[0.163s] Level 1:colcon.colcon_core.package_identification:_identify(src/livox_ros_driver2) by extensions ['ignore', 'ignore_ament_install']
[0.163s] Level 1:colcon.colcon_core.package_identification:_identify(src/livox_ros_driver2) by extension 'ignore'
[0.163s] Level 1:colcon.colcon_core.package_identification:_identify(src/livox_ros_driver2) by extension 'ignore_ament_install'
[0.163s] Level 1:colcon.colcon_core.package_identification:_identify(src/livox_ros_driver2) by extensions ['colcon_pkg']
[0.163s] Level 1:colcon.colcon_core.package_identification:_identify(src/livox_ros_driver2) by extension 'colcon_pkg'
[0.163s] Level 1:colcon.colcon_core.package_identification:_identify(src/livox_ros_driver2) by extensions ['colcon_meta']
[0.163s] Level 1:colcon.colcon_core.package_identification:_identify(src/livox_ros_driver2) by extension 'colcon_meta'
[0.163s] Level 1:colcon.colcon_core.package_identification:_identify(src/livox_ros_driver2) by extensions ['ros']
[0.163s] Level 1:colcon.colcon_core.package_identification:_identify(src/livox_ros_driver2) by extension 'ros'
[0.165s] DEBUG:colcon.colcon_core.package_identification:Package 'src/livox_ros_driver2' with type 'ros.ament_cmake' and name 'livox_ros_driver2'
[0.165s] Level 1:colcon.colcon_core.package_discovery:discover_packages(recursive) using defaults
[0.165s] Level 1:colcon.colcon_core.package_discovery:discover_packages(ignore) discover
[0.165s] Level 1:colcon.colcon_core.package_discovery:discover_packages(ignore) using defaults
[0.165s] Level 1:colcon.colcon_core.package_discovery:discover_packages(path) discover
[0.165s] Level 1:colcon.colcon_core.package_discovery:discover_packages(path) using defaults
[0.183s] Level 1:colcon.colcon_core.package_discovery:discover_packages(prefix_path) check parameters
[0.183s] Level 1:colcon.colcon_core.package_discovery:discover_packages(prefix_path) discover
[0.184s] DEBUG:colcon.colcon_installed_package_information.package_discovery:Found 2 installed packages in /home/nvidia/5.1-ros2_ws/install
[0.184s] DEBUG:colcon.colcon_installed_package_information.package_discovery:Found 2 installed packages in /home/nvidia/ros2_ws/install
[0.185s] DEBUG:colcon.colcon_installed_package_information.package_discovery:Found 327 installed packages in /opt/ros/humble
[0.185s] Level 1:colcon.colcon_core.package_discovery:discover_packages(prefix_path) using defaults
[0.209s] Level 5:colcon.colcon_core.verb:set package 'livox_ros_driver2' build argument 'cmake_args' from command line to '['-DROS_EDITION=ROS2', '-DHUMBLE_ROS=humble']'
[0.209s] Level 5:colcon.colcon_core.verb:set package 'livox_ros_driver2' build argument 'cmake_target' from command line to 'None'
[0.209s] Level 5:colcon.colcon_core.verb:set package 'livox_ros_driver2' build argument 'cmake_target_skip_unavailable' from command line to 'False'
[0.209s] Level 5:colcon.colcon_core.verb:set package 'livox_ros_driver2' build argument 'cmake_clean_cache' from command line to 'False'
[0.209s] Level 5:colcon.colcon_core.verb:set package 'livox_ros_driver2' build argument 'cmake_clean_first' from command line to 'False'
[0.209s] Level 5:colcon.colcon_core.verb:set package 'livox_ros_driver2' build argument 'cmake_force_configure' from command line to 'False'
[0.209s] Level 5:colcon.colcon_core.verb:set package 'livox_ros_driver2' build argument 'ament_cmake_args' from command line to 'None'
[0.209s] Level 5:colcon.colcon_core.verb:set package 'livox_ros_driver2' build argument 'catkin_cmake_args' from command line to 'None'
[0.209s] Level 5:colcon.colcon_core.verb:set package 'livox_ros_driver2' build argument 'catkin_skip_building_tests' from command line to 'False'
[0.209s] DEBUG:colcon.colcon_core.verb:Building package 'livox_ros_driver2' with the following arguments: {'ament_cmake_args': None, 'build_base': '/home/nvidia/ws_livox/build/livox_ros_driver2', 'catkin_cmake_args': None, 'catkin_skip_building_tests': False, 'cmake_args': ['-DROS_EDITION=ROS2', '-DHUMBLE_ROS=humble'], 'cmake_clean_cache': False, 'cmake_clean_first': False, 'cmake_force_configure': False, 'cmake_target': None, 'cmake_target_skip_unavailable': False, 'install_base': '/home/nvidia/ws_livox/install/livox_ros_driver2', 'merge_install': False, 'path': '/home/nvidia/ws_livox/src/livox_ros_driver2', 'symlink_install': False, 'test_result_base': None}
[0.209s] INFO:colcon.colcon_core.executor:Executing jobs using 'parallel' executor
[0.210s] DEBUG:colcon.colcon_parallel_executor.executor.parallel:run_until_complete
[0.210s] INFO:colcon.colcon_ros.task.ament_cmake.build:Building ROS package in '/home/nvidia/ws_livox/src/livox_ros_driver2' with build type 'ament_cmake'
[0.210s] INFO:colcon.colcon_cmake.task.cmake.build:Building CMake package in '/home/nvidia/ws_livox/src/livox_ros_driver2'
[0.211s] INFO:colcon.colcon_core.plugin_system:Skipping extension 'colcon_core.shell.bat': Not used on non-Windows systems
[0.211s] INFO:colcon.colcon_core.shell:Skip shell extension 'powershell' for command environment: Not usable outside of PowerShell
[0.211s] DEBUG:colcon.colcon_core.shell:Skip shell extension 'dsv' for command environment
[0.216s] DEBUG:colcon.colcon_core.event_handler.log_command:Invoking command in '/home/nvidia/ws_livox/build/livox_ros_driver2': CMAKE_PREFIX_PATH=${CMAKE_PREFIX_PATH}:/home/nvidia/ros2_ws/install/ai_imu_dr_ros:/opt/ros/humble /usr/bin/cmake /home/nvidia/ws_livox/src/livox_ros_driver2 -DROS_EDITION=ROS2 -DHUMBLE_ROS=humble -DCMAKE_INSTALL_PREFIX=/home/nvidia/ws_livox/install/livox_ros_driver2
[3.070s] DEBUG:colcon.colcon_core.event_handler.log_command:Invoked command in '/home/nvidia/ws_livox/build/livox_ros_driver2' returned '0': CMAKE_PREFIX_PATH=${CMAKE_PREFIX_PATH}:/home/nvidia/ros2_ws/install/ai_imu_dr_ros:/opt/ros/humble /usr/bin/cmake /home/nvidia/ws_livox/src/livox_ros_driver2 -DROS_EDITION=ROS2 -DHUMBLE_ROS=humble -DCMAKE_INSTALL_PREFIX=/home/nvidia/ws_livox/install/livox_ros_driver2
[3.070s] DEBUG:colcon.colcon_core.event_handler.log_command:Invoking command in '/home/nvidia/ws_livox/build/livox_ros_driver2': CMAKE_PREFIX_PATH=${CMAKE_PREFIX_PATH}:/home/nvidia/ros2_ws/install/ai_imu_dr_ros:/opt/ros/humble /usr/bin/cmake --build /home/nvidia/ws_livox/build/livox_ros_driver2 -- -j20 -l20
[8.859s] DEBUG:colcon.colcon_core.event_handler.log_command:Invoked command in '/home/nvidia/ws_livox/build/livox_ros_driver2' returned '0': CMAKE_PREFIX_PATH=${CMAKE_PREFIX_PATH}:/home/nvidia/ros2_ws/install/ai_imu_dr_ros:/opt/ros/humble /usr/bin/cmake --build /home/nvidia/ws_livox/build/livox_ros_driver2 -- -j20 -l20
[8.865s] DEBUG:colcon.colcon_core.event_handler.log_command:Invoking command in '/home/nvidia/ws_livox/build/livox_ros_driver2': CMAKE_PREFIX_PATH=${CMAKE_PREFIX_PATH}:/home/nvidia/ros2_ws/install/ai_imu_dr_ros:/opt/ros/humble /usr/bin/cmake --install /home/nvidia/ws_livox/build/livox_ros_driver2
[8.912s] Level 1:colcon.colcon_core.environment:create_environment_scripts_only(livox_ros_driver2)
[8.912s] DEBUG:colcon.colcon_core.event_handler.log_command:Invoked command in '/home/nvidia/ws_livox/build/livox_ros_driver2' returned '0': CMAKE_PREFIX_PATH=${CMAKE_PREFIX_PATH}:/home/nvidia/ros2_ws/install/ai_imu_dr_ros:/opt/ros/humble /usr/bin/cmake --install /home/nvidia/ws_livox/build/livox_ros_driver2
[8.914s] Level 1:colcon.colcon_core.environment:checking '/home/nvidia/ws_livox/install/livox_ros_driver2' for CMake module files
[8.914s] Level 1:colcon.colcon_core.environment:checking '/home/nvidia/ws_livox/install/livox_ros_driver2' for CMake config files
[8.914s] Level 1:colcon.colcon_core.shell:create_environment_hook('livox_ros_driver2', 'cmake_prefix_path')
[8.914s] INFO:colcon.colcon_core.shell:Creating environment hook '/home/nvidia/ws_livox/install/livox_ros_driver2/share/livox_ros_driver2/hook/cmake_prefix_path.ps1'
[8.915s] INFO:colcon.colcon_core.shell:Creating environment descriptor '/home/nvidia/ws_livox/install/livox_ros_driver2/share/livox_ros_driver2/hook/cmake_prefix_path.dsv'
[8.915s] INFO:colcon.colcon_core.shell:Creating environment hook '/home/nvidia/ws_livox/install/livox_ros_driver2/share/livox_ros_driver2/hook/cmake_prefix_path.sh'
[8.915s] Level 1:colcon.colcon_core.environment:checking '/home/nvidia/ws_livox/install/livox_ros_driver2/lib'
[8.916s] Level 1:colcon.colcon_core.shell:create_environment_hook('livox_ros_driver2', 'ld_library_path_lib')
[8.916s] INFO:colcon.colcon_core.shell:Creating environment hook '/home/nvidia/ws_livox/install/livox_ros_driver2/share/livox_ros_driver2/hook/ld_library_path_lib.ps1'
[8.916s] INFO:colcon.colcon_core.shell:Creating environment descriptor '/home/nvidia/ws_livox/install/livox_ros_driver2/share/livox_ros_driver2/hook/ld_library_path_lib.dsv'
[8.916s] INFO:colcon.colcon_core.shell:Creating environment hook '/home/nvidia/ws_livox/install/livox_ros_driver2/share/livox_ros_driver2/hook/ld_library_path_lib.sh'
[8.916s] Level 1:colcon.colcon_core.environment:checking '/home/nvidia/ws_livox/install/livox_ros_driver2/bin'
[8.916s] Level 1:colcon.colcon_core.environment:checking '/home/nvidia/ws_livox/install/livox_ros_driver2/lib/pkgconfig/livox_ros_driver2.pc'
[8.917s] Level 1:colcon.colcon_core.environment:checking '/home/nvidia/ws_livox/install/livox_ros_driver2/lib/python3.10/site-packages'
[8.917s] Level 1:colcon.colcon_core.environment:checking '/home/nvidia/ws_livox/install/livox_ros_driver2/bin'
[8.917s] INFO:colcon.colcon_core.shell:Creating package script '/home/nvidia/ws_livox/install/livox_ros_driver2/share/livox_ros_driver2/package.ps1'
[8.917s] INFO:colcon.colcon_core.shell:Creating package descriptor '/home/nvidia/ws_livox/install/livox_ros_driver2/share/livox_ros_driver2/package.dsv'
[8.918s] INFO:colcon.colcon_core.shell:Creating package script '/home/nvidia/ws_livox/install/livox_ros_driver2/share/livox_ros_driver2/package.sh'
[8.918s] INFO:colcon.colcon_core.shell:Creating package script '/home/nvidia/ws_livox/install/livox_ros_driver2/share/livox_ros_driver2/package.bash'
[8.918s] INFO:colcon.colcon_core.shell:Creating package script '/home/nvidia/ws_livox/install/livox_ros_driver2/share/livox_ros_driver2/package.zsh'
[8.919s] Level 1:colcon.colcon_core.environment:create_file_with_runtime_dependencies(/home/nvidia/ws_livox/install/livox_ros_driver2/share/colcon-core/packages/livox_ros_driver2)
[8.919s] Level 1:colcon.colcon_core.environment:create_environment_scripts_only(livox_ros_driver2)
[8.919s] Level 1:colcon.colcon_core.environment:checking '/home/nvidia/ws_livox/install/livox_ros_driver2' for CMake module files
[8.920s] Level 1:colcon.colcon_core.environment:checking '/home/nvidia/ws_livox/install/livox_ros_driver2' for CMake config files
[8.920s] Level 1:colcon.colcon_core.shell:create_environment_hook('livox_ros_driver2', 'cmake_prefix_path')
[8.920s] INFO:colcon.colcon_core.shell:Creating environment hook '/home/nvidia/ws_livox/install/livox_ros_driver2/share/livox_ros_driver2/hook/cmake_prefix_path.ps1'
[8.921s] INFO:colcon.colcon_core.shell:Creating environment descriptor '/home/nvidia/ws_livox/install/livox_ros_driver2/share/livox_ros_driver2/hook/cmake_prefix_path.dsv'
[8.921s] INFO:colcon.colcon_core.shell:Creating environment hook '/home/nvidia/ws_livox/install/livox_ros_driver2/share/livox_ros_driver2/hook/cmake_prefix_path.sh'
[8.921s] Level 1:colcon.colcon_core.environment:checking '/home/nvidia/ws_livox/install/livox_ros_driver2/lib'
[8.921s] Level 1:colcon.colcon_core.shell:create_environment_hook('livox_ros_driver2', 'ld_library_path_lib')
[8.922s] INFO:colcon.colcon_core.shell:Creating environment hook '/home/nvidia/ws_livox/install/livox_ros_driver2/share/livox_ros_driver2/hook/ld_library_path_lib.ps1'
[8.922s] INFO:colcon.colcon_core.shell:Creating environment descriptor '/home/nvidia/ws_livox/install/livox_ros_driver2/share/livox_ros_driver2/hook/ld_library_path_lib.dsv'
[8.922s] INFO:colcon.colcon_core.shell:Creating environment hook '/home/nvidia/ws_livox/install/livox_ros_driver2/share/livox_ros_driver2/hook/ld_library_path_lib.sh'
[8.922s] Level 1:colcon.colcon_core.environment:checking '/home/nvidia/ws_livox/install/livox_ros_driver2/bin'
[8.922s] Level 1:colcon.colcon_core.environment:checking '/home/nvidia/ws_livox/install/livox_ros_driver2/lib/pkgconfig/livox_ros_driver2.pc'
[8.923s] Level 1:colcon.colcon_core.environment:checking '/home/nvidia/ws_livox/install/livox_ros_driver2/lib/python3.10/site-packages'
[8.923s] Level 1:colcon.colcon_core.environment:checking '/home/nvidia/ws_livox/install/livox_ros_driver2/bin'
[8.923s] INFO:colcon.colcon_core.shell:Creating package script '/home/nvidia/ws_livox/install/livox_ros_driver2/share/livox_ros_driver2/package.ps1'
[8.923s] INFO:colcon.colcon_core.shell:Creating package descriptor '/home/nvidia/ws_livox/install/livox_ros_driver2/share/livox_ros_driver2/package.dsv'
[8.924s] INFO:colcon.colcon_core.shell:Creating package script '/home/nvidia/ws_livox/install/livox_ros_driver2/share/livox_ros_driver2/package.sh'
[8.924s] INFO:colcon.colcon_core.shell:Creating package script '/home/nvidia/ws_livox/install/livox_ros_driver2/share/livox_ros_driver2/package.bash'
[8.924s] INFO:colcon.colcon_core.shell:Creating package script '/home/nvidia/ws_livox/install/livox_ros_driver2/share/livox_ros_driver2/package.zsh'
[8.924s] Level 1:colcon.colcon_core.environment:create_file_with_runtime_dependencies(/home/nvidia/ws_livox/install/livox_ros_driver2/share/colcon-core/packages/livox_ros_driver2)
[8.924s] DEBUG:colcon.colcon_parallel_executor.executor.parallel:closing loop
[8.925s] DEBUG:colcon.colcon_parallel_executor.executor.parallel:loop closed
[8.925s] DEBUG:colcon.colcon_parallel_executor.executor.parallel:run_until_complete finished with '0'
[8.925s] DEBUG:colcon.colcon_core.event_reactor:joining thread
[8.928s] INFO:colcon.colcon_core.plugin_system:Skipping extension 'colcon_notification.desktop_notification.terminal_notifier': Not used on non-Darwin systems
[8.928s] INFO:colcon.colcon_core.plugin_system:Skipping extension 'colcon_notification.desktop_notification.win32': Not used on non-Windows systems
[8.928s] INFO:colcon.colcon_notification.desktop_notification:Sending desktop notification using 'notify2'
[8.940s] DEBUG:colcon.colcon_core.event_reactor:joined thread
[8.941s] INFO:colcon.colcon_core.shell:Creating prefix script '/home/nvidia/ws_livox/install/local_setup.ps1'
[8.943s] INFO:colcon.colcon_core.shell:Creating prefix util module '/home/nvidia/ws_livox/install/_local_setup_util_ps1.py'
[8.947s] INFO:colcon.colcon_core.shell:Creating prefix chain script '/home/nvidia/ws_livox/install/setup.ps1'
[8.950s] INFO:colcon.colcon_core.shell:Creating prefix script '/home/nvidia/ws_livox/install/local_setup.sh'
[8.951s] INFO:colcon.colcon_core.shell:Creating prefix util module '/home/nvidia/ws_livox/install/_local_setup_util_sh.py'
[8.952s] INFO:colcon.colcon_core.shell:Creating prefix chain script '/home/nvidia/ws_livox/install/setup.sh'
[8.952s] INFO:colcon.colcon_core.shell:Creating prefix script '/home/nvidia/ws_livox/install/local_setup.bash'
[8.952s] INFO:colcon.colcon_core.shell:Creating prefix chain script '/home/nvidia/ws_livox/install/setup.bash'
[8.953s] INFO:colcon.colcon_core.shell:Creating prefix script '/home/nvidia/ws_livox/install/local_setup.zsh'
[8.954s] INFO:colcon.colcon_core.shell:Creating prefix chain script '/home/nvidia/ws_livox/install/setup.zsh'
