running egg_info
creating ../../build/ai_imu_dr_ros/ai_imu_dr_ros.egg-info
writing ../../build/ai_imu_dr_ros/ai_imu_dr_ros.egg-info/PKG-INFO
writing dependency_links to ../../build/ai_imu_dr_ros/ai_imu_dr_ros.egg-info/dependency_links.txt
writing entry points to ../../build/ai_imu_dr_ros/ai_imu_dr_ros.egg-info/entry_points.txt
writing requirements to ../../build/ai_imu_dr_ros/ai_imu_dr_ros.egg-info/requires.txt
writing top-level names to ../../build/ai_imu_dr_ros/ai_imu_dr_ros.egg-info/top_level.txt
writing manifest file '../../build/ai_imu_dr_ros/ai_imu_dr_ros.egg-info/SOURCES.txt'
reading manifest file '../../build/ai_imu_dr_ros/ai_imu_dr_ros.egg-info/SOURCES.txt'
writing manifest file '../../build/ai_imu_dr_ros/ai_imu_dr_ros.egg-info/SOURCES.txt'
running build
running build_py
creating /home/nvidia/ros2_ws/build/ai_imu_dr_ros/build
creating /home/nvidia/ros2_ws/build/ai_imu_dr_ros/build/lib
creating /home/nvidia/ros2_ws/build/ai_imu_dr_ros/build/lib/ai_imu_dr_ros
copying ai_imu_dr_ros/__init__.py -> /home/nvidia/ros2_ws/build/ai_imu_dr_ros/build/lib/ai_imu_dr_ros
running install
running install_lib
creating /home/nvidia/ros2_ws/install/ai_imu_dr_ros/lib/python3.10/site-packages/ai_imu_dr_ros
copying /home/nvidia/ros2_ws/build/ai_imu_dr_ros/build/lib/ai_imu_dr_ros/__init__.py -> /home/nvidia/ros2_ws/install/ai_imu_dr_ros/lib/python3.10/site-packages/ai_imu_dr_ros
byte-compiling /home/nvidia/ros2_ws/install/ai_imu_dr_ros/lib/python3.10/site-packages/ai_imu_dr_ros/__init__.py to __init__.cpython-310.pyc
running install_data
creating /home/nvidia/ros2_ws/install/ai_imu_dr_ros/share/ament_index
creating /home/nvidia/ros2_ws/install/ai_imu_dr_ros/share/ament_index/resource_index
creating /home/nvidia/ros2_ws/install/ai_imu_dr_ros/share/ament_index/resource_index/packages
copying resource/ai_imu_dr_ros -> /home/nvidia/ros2_ws/install/ai_imu_dr_ros/share/ament_index/resource_index/packages
copying package.xml -> /home/nvidia/ros2_ws/install/ai_imu_dr_ros/share/ai_imu_dr_ros
running install_egg_info
Copying ../../build/ai_imu_dr_ros/ai_imu_dr_ros.egg-info to /home/nvidia/ros2_ws/install/ai_imu_dr_ros/lib/python3.10/site-packages/ai_imu_dr_ros-0.0.0-py3.10.egg-info
running install_scripts
writing list of installed files to '/home/nvidia/ros2_ws/build/ai_imu_dr_ros/install.log'
