[0.363s] Invoking command in '/home/nvidia/ros2_ws/src/ai_imu_dr_ros': PYTHONPATH=/home/nvidia/ros2_ws/build/ai_imu_dr_ros/prefix_override:/usr/lib/python3/dist-packages/colcon_core/task/python/colcon_distutils_commands:/home/nvidia/ros2_ws/install/ai_imu_dr_ros/lib/python3.10/site-packages:${PYTHONPATH} /usr/bin/python3 -W ignore:setup.py install is deprecated -W ignore:easy_install command is deprecated setup.py egg_info --egg-base ../../build/ai_imu_dr_ros build --build-base /home/nvidia/ros2_ws/build/ai_imu_dr_ros/build install --record /home/nvidia/ros2_ws/build/ai_imu_dr_ros/install.log --single-version-externally-managed install_data
[0.495s] running egg_info
[0.495s] creating ../../build/ai_imu_dr_ros/ai_imu_dr_ros.egg-info
[0.495s] writing ../../build/ai_imu_dr_ros/ai_imu_dr_ros.egg-info/PKG-INFO
[0.495s] writing dependency_links to ../../build/ai_imu_dr_ros/ai_imu_dr_ros.egg-info/dependency_links.txt
[0.495s] writing entry points to ../../build/ai_imu_dr_ros/ai_imu_dr_ros.egg-info/entry_points.txt
[0.495s] writing requirements to ../../build/ai_imu_dr_ros/ai_imu_dr_ros.egg-info/requires.txt
[0.495s] writing top-level names to ../../build/ai_imu_dr_ros/ai_imu_dr_ros.egg-info/top_level.txt
[0.495s] writing manifest file '../../build/ai_imu_dr_ros/ai_imu_dr_ros.egg-info/SOURCES.txt'
[0.496s] reading manifest file '../../build/ai_imu_dr_ros/ai_imu_dr_ros.egg-info/SOURCES.txt'
[0.496s] writing manifest file '../../build/ai_imu_dr_ros/ai_imu_dr_ros.egg-info/SOURCES.txt'
[0.496s] running build
[0.496s] running build_py
[0.496s] creating /home/nvidia/ros2_ws/build/ai_imu_dr_ros/build
[0.496s] creating /home/nvidia/ros2_ws/build/ai_imu_dr_ros/build/lib
[0.496s] creating /home/nvidia/ros2_ws/build/ai_imu_dr_ros/build/lib/ai_imu_dr_ros
[0.496s] copying ai_imu_dr_ros/__init__.py -> /home/nvidia/ros2_ws/build/ai_imu_dr_ros/build/lib/ai_imu_dr_ros
[0.497s] running install
[0.497s] running install_lib
[0.497s] creating /home/nvidia/ros2_ws/install/ai_imu_dr_ros/lib/python3.10/site-packages/ai_imu_dr_ros
[0.497s] copying /home/nvidia/ros2_ws/build/ai_imu_dr_ros/build/lib/ai_imu_dr_ros/__init__.py -> /home/nvidia/ros2_ws/install/ai_imu_dr_ros/lib/python3.10/site-packages/ai_imu_dr_ros
[0.497s] byte-compiling /home/nvidia/ros2_ws/install/ai_imu_dr_ros/lib/python3.10/site-packages/ai_imu_dr_ros/__init__.py to __init__.cpython-310.pyc
[0.497s] running install_data
[0.497s] creating /home/nvidia/ros2_ws/install/ai_imu_dr_ros/share/ament_index
[0.498s] creating /home/nvidia/ros2_ws/install/ai_imu_dr_ros/share/ament_index/resource_index
[0.498s] creating /home/nvidia/ros2_ws/install/ai_imu_dr_ros/share/ament_index/resource_index/packages
[0.498s] copying resource/ai_imu_dr_ros -> /home/nvidia/ros2_ws/install/ai_imu_dr_ros/share/ament_index/resource_index/packages
[0.498s] copying package.xml -> /home/nvidia/ros2_ws/install/ai_imu_dr_ros/share/ai_imu_dr_ros
[0.498s] running install_egg_info
[0.499s] Copying ../../build/ai_imu_dr_ros/ai_imu_dr_ros.egg-info to /home/nvidia/ros2_ws/install/ai_imu_dr_ros/lib/python3.10/site-packages/ai_imu_dr_ros-0.0.0-py3.10.egg-info
[0.499s] running install_scripts
[0.512s] writing list of installed files to '/home/nvidia/ros2_ws/build/ai_imu_dr_ros/install.log'
[0.526s] Invoked command in '/home/nvidia/ros2_ws/src/ai_imu_dr_ros' returned '0': PYTHONPATH=/home/nvidia/ros2_ws/build/ai_imu_dr_ros/prefix_override:/usr/lib/python3/dist-packages/colcon_core/task/python/colcon_distutils_commands:/home/nvidia/ros2_ws/install/ai_imu_dr_ros/lib/python3.10/site-packages:${PYTHONPATH} /usr/bin/python3 -W ignore:setup.py install is deprecated -W ignore:easy_install command is deprecated setup.py egg_info --egg-base ../../build/ai_imu_dr_ros build --build-base /home/nvidia/ros2_ws/build/ai_imu_dr_ros/build install --record /home/nvidia/ros2_ws/build/ai_imu_dr_ros/install.log --single-version-externally-managed install_data
