[0.007s] Invoking command in '/home/nvidia/wheeltec_imu_ws/build/fdilink_ahrs': CMAKE_PREFIX_PATH=${CMAKE_PREFIX_PATH}:/opt/ros/humble /usr/bin/cmake --build /home/nvidia/wheeltec_imu_ws/build/fdilink_ahrs -- -j20 -l20
[0.027s] -- Found rclcpp: 16.0.15 (/opt/ros/humble/share/rclcpp/cmake)
[0.132s] -- Found rosidl_generator_c: 3.1.7 (/opt/ros/humble/share/rosidl_generator_c/cmake)
[0.134s] -- Found rosidl_adapter: 3.1.7 (/opt/ros/humble/share/rosidl_adapter/cmake)
[0.137s] -- Found rosidl_generator_cpp: 3.1.7 (/opt/ros/humble/share/rosidl_generator_cpp/cmake)
[0.143s] -- Using all available rosidl_typesupport_c: rosidl_typesupport_fastrtps_c;rosidl_typesupport_introspection_c
[0.150s] -- Using all available rosidl_typesupport_cpp: rosidl_typesupport_fastrtps_cpp;rosidl_typesupport_introspection_cpp
[0.169s] -- Found rmw_implementation_cmake: 6.1.2 (/opt/ros/humble/share/rmw_implementation_cmake/cmake)
[0.170s] -- Found rmw_fastrtps_cpp: 6.2.8 (/opt/ros/humble/share/rmw_fastrtps_cpp/cmake)
[0.232s] -- Using RMW implementation 'rmw_fastrtps_cpp' as default
[0.261s] -- Found nav_msgs: 4.9.0 (/opt/ros/humble/share/nav_msgs/cmake)
[0.280s] -- Found rclpy: 3.3.17 (/opt/ros/humble/share/rclpy/cmake)
[0.280s] -- Found sensor_msgs: 4.9.0 (/opt/ros/humble/share/sensor_msgs/cmake)
[0.290s] -- Found tf2: 0.25.16 (/opt/ros/humble/share/tf2/cmake)
[0.292s] -- Found tf2_ros: 0.25.16 (/opt/ros/humble/share/tf2_ros/cmake)
[0.339s] -- Found serial: 1.2.1 (/home/nvidia/wheeltec_imu_ws/install/serial/share/serial/cmake)
[0.340s] -- Found tf2_geometry_msgs: 0.25.16 (/opt/ros/humble/share/tf2_geometry_msgs/cmake)
[0.342s] -- Found eigen3_cmake_module: 0.1.1 (/opt/ros/humble/share/eigen3_cmake_module/cmake)
[0.343s] -- Ensuring Eigen3 include directory is part of orocos-kdl CMake target
[0.344s] -- Configuring incomplete, errors occurred!
[0.344s] See also "/home/nvidia/wheeltec_imu_ws/build/fdilink_ahrs/CMakeFiles/CMakeOutput.log".
[0.344s] [31mCMake Error at /opt/ros/humble/share/ament_cmake_target_dependencies/cmake/ament_target_dependencies.cmake:77 (message):
[0.344s]   ament_target_dependencies() the passed package name 'REQUIRED' was not
[0.344s]   found before
[0.344s] Call Stack (most recent call first):
[0.344s]   CMakeLists.txt:55 (ament_target_dependencies)
[0.344s] 
[0.344s] [0m
[0.348s] gmake: *** [Makefile:376：cmake_check_build_system] 错误 1
[0.351s] Invoked command in '/home/nvidia/wheeltec_imu_ws/build/fdilink_ahrs' returned '2': CMAKE_PREFIX_PATH=${CMAKE_PREFIX_PATH}:/opt/ros/humble /usr/bin/cmake --build /home/nvidia/wheeltec_imu_ws/build/fdilink_ahrs -- -j20 -l20
