[0.007s] Invoking command in '/home/nvidia/wheeltec_imu_ws/build/fdilink_ahrs': CMAKE_PREFIX_PATH=/opt/ros/humble /usr/bin/cmake /home/nvidia/wheeltec_imu_ws/src/fdlink_ahrs -DCMAKE_INSTALL_PREFIX=/home/nvidia/wheeltec_imu_ws/install/fdilink_ahrs
[0.130s] -- The C compiler identification is GNU 11.4.0
[0.210s] -- The CXX compiler identification is GNU 11.4.0
[0.216s] -- Detecting C compiler ABI info
[0.291s] -- Detecting C compiler ABI info - done
[0.304s] -- Check for working C compiler: /usr/bin/cc - skipped
[0.304s] -- Detecting C compile features
[0.305s] -- Detecting C compile features - done
[0.308s] -- Detecting CXX compiler ABI info
[0.421s] -- Detecting CXX compiler ABI info - done
[0.426s] -- Check for working CXX compiler: /usr/bin/c++ - skipped
[0.426s] -- Detecting CXX compile features
[0.426s] -- Detecting CXX compile features - done
[0.434s] -- Found ament_cmake: 1.3.12 (/opt/ros/humble/share/ament_cmake/cmake)
[0.554s] -- Found Python3: /usr/bin/python3 (found version "3.10.12") found components: Interpreter 
[0.614s] -- Found rclcpp: 16.0.15 (/opt/ros/humble/share/rclcpp/cmake)
[0.644s] -- Found rosidl_generator_c: 3.1.7 (/opt/ros/humble/share/rosidl_generator_c/cmake)
[0.647s] -- Found rosidl_adapter: 3.1.7 (/opt/ros/humble/share/rosidl_adapter/cmake)
[0.653s] -- Found rosidl_generator_cpp: 3.1.7 (/opt/ros/humble/share/rosidl_generator_cpp/cmake)
[0.661s] -- Using all available rosidl_typesupport_c: rosidl_typesupport_fastrtps_c;rosidl_typesupport_introspection_c
[0.672s] -- Using all available rosidl_typesupport_cpp: rosidl_typesupport_fastrtps_cpp;rosidl_typesupport_introspection_cpp
[0.701s] -- Found rmw_implementation_cmake: 6.1.2 (/opt/ros/humble/share/rmw_implementation_cmake/cmake)
[0.703s] -- Found rmw_fastrtps_cpp: 6.2.8 (/opt/ros/humble/share/rmw_fastrtps_cpp/cmake)
[0.797s] -- Found OpenSSL: /usr/lib/x86_64-linux-gnu/libcrypto.so (found version "3.0.2")  
[0.823s] -- Found FastRTPS: /opt/ros/humble/include  
[0.859s] -- Using RMW implementation 'rmw_fastrtps_cpp' as default
[0.865s] -- Looking for pthread.h
[0.949s] -- Looking for pthread.h - found
[0.949s] -- Performing Test CMAKE_HAVE_LIBC_PTHREAD
[1.043s] -- Performing Test CMAKE_HAVE_LIBC_PTHREAD - Success
[1.043s] -- Found Threads: TRUE  
[1.084s] -- Found rclpy: 3.3.17 (/opt/ros/humble/share/rclpy/cmake)
[1.085s] -- Found sensor_msgs: 4.9.0 (/opt/ros/humble/share/sensor_msgs/cmake)
[1.108s] -- Found tf2: 0.25.16 (/opt/ros/humble/share/tf2/cmake)
[1.114s] -- Found tf2_ros: 0.25.16 (/opt/ros/humble/share/tf2_ros/cmake)
[1.181s] [31mCMake Error at CMakeLists.txt:30 (find_package):
[1.181s]   By not providing "Findserial.cmake" in CMAKE_MODULE_PATH this project has
[1.181s]   asked CMake to find a package configuration file provided by "serial", but
[1.181s]   CMake did not find one.
[1.181s] 
[1.181s]   Could not find a package configuration file provided by "serial" with any
[1.181s]   of the following names:
[1.181s] 
[1.181s]     serialConfig.cmake
[1.181s]     serial-config.cmake
[1.181s] 
[1.181s]   Add the installation prefix of "serial" to CMAKE_PREFIX_PATH or set
[1.181s]   "serial_DIR" to a directory containing one of the above files.  If "serial"
[1.181s]   provides a separate development package or SDK, be sure it has been
[1.181s]   installed.
[1.181s] 
[1.181s] [0m
[1.181s] -- Configuring incomplete, errors occurred!
[1.181s] See also "/home/nvidia/wheeltec_imu_ws/build/fdilink_ahrs/CMakeFiles/CMakeOutput.log".
[1.187s] Invoked command in '/home/nvidia/wheeltec_imu_ws/build/fdilink_ahrs' returned '1': CMAKE_PREFIX_PATH=/opt/ros/humble /usr/bin/cmake /home/nvidia/wheeltec_imu_ws/src/fdlink_ahrs -DCMAKE_INSTALL_PREFIX=/home/nvidia/wheeltec_imu_ws/install/fdilink_ahrs
