-- Found ament_cmake: 1.3.12 (/opt/ros/humble/share/ament_cmake/cmake)
-- Found std_msgs: 4.9.0 (/opt/ros/humble/share/std_msgs/cmake)
-- Found rosidl_generator_c: 3.1.7 (/opt/ros/humble/share/rosidl_generator_c/cmake)
-- Found rosidl_adapter: 3.1.7 (/opt/ros/humble/share/rosidl_adapter/cmake)
-- Found rosidl_generator_cpp: 3.1.7 (/opt/ros/humble/share/rosidl_generator_cpp/cmake)
-- Using all available rosidl_typesupport_c: rosidl_typesupport_fastrtps_c;rosidl_typesupport_introspection_c
-- Using all available rosidl_typesupport_cpp: rosidl_typesupport_fastrtps_cpp;rosidl_typesupport_introspection_cpp
-- Found rclcpp: 16.0.15 (/opt/ros/humble/share/rclcpp/cmake)
-- Found rmw_implementation_cmake: 6.1.2 (/opt/ros/humble/share/rmw_implementation_cmake/cmake)
-- Found rmw_fastrtps_cpp: 6.2.8 (/opt/ros/humble/share/rmw_fastrtps_cpp/cmake)
-- Using RMW implementation 'rmw_fastrtps_cpp' as default
-- Found nav2_msgs: 1.1.18 (/opt/ros/humble/share/nav2_msgs/cmake)
-- Found tf2_msgs: 0.25.16 (/opt/ros/humble/share/tf2_msgs/cmake)
-- Found tf2_ros: 0.25.16 (/opt/ros/humble/share/tf2_ros/cmake)
-- Found sensor_msgs: 4.9.0 (/opt/ros/humble/share/sensor_msgs/cmake)
-- Found yhs_can_interfaces: 0.0.0 (/home/nvidia/5.1-ros2_ws/install/yhs_can_interfaces/share/yhs_can_interfaces/cmake)
-- Found ament_lint_auto: 0.12.14 (/opt/ros/humble/share/ament_lint_auto/cmake)
-- Added test 'cppcheck' to perform static code analysis on C / C++ code
-- Configured cppcheck include dirs: $<BUILD_INTERFACE:/home/nvidia/5.1-ros2_ws/src/MK-mini-ros2/yhs_can_control/include>
-- Configured cppcheck exclude dirs and/or files: 
-- Added test 'flake8' to check Python code syntax and style conventions
-- Added test 'lint_cmake' to check CMake code style
-- Added test 'pep257' to check Python code against some of the docstring style conventions in PEP 257
-- Added test 'uncrustify' to check C / C++ code style
-- Configured uncrustify additional arguments: 
-- Added test 'xmllint' to check XML markup files
-- Configuring done
-- Generating done
-- Build files have been written to: /home/nvidia/5.1-ros2_ws/build/yhs_can_control
[35m[1mConsolidate compiler generated dependencies of target yhs_can_control_node[0m
[ 25%] [32mBuilding CXX object CMakeFiles/odom_velocity_filter.dir/src/odom_velocity_filter.cpp.o[0m
[ 75%] Built target yhs_can_control_node
[01m[K/home/nvidia/5.1-ros2_ws/src/MK-mini-ros2/yhs_can_control/src/odom_velocity_filter.cpp:[m[K In member function ‘[01m[Kdouble OdomVelocityFilter::moving_average_filter(double)[m[K’:
[01m[K/home/nvidia/5.1-ros2_ws/src/MK-mini-ros2/yhs_can_control/src/odom_velocity_filter.cpp:77:37:[m[K [01;35m[Kwarning: [m[Kcomparison of integer expressions of different signedness: ‘[01m[Kstd::deque<double>::size_type[m[K’ {aka ‘[01m[Klong unsigned int[m[K’} and ‘[01m[Kint[m[K’ [[01;35m[K]8;;https://gcc.gnu.org/onlinedocs/gcc/Warning-Options.html#index-Wsign-compare-Wsign-compare]8;;[m[K]
   77 |         if ([01;35m[Kvelocity_buffer_.size() > window_size_[m[K) {
      |             [01;35m[K~~~~~~~~~~~~~~~~~~~~~~~~^~~~~~~~~~~~~~[m[K
[100%] [32m[1mLinking CXX executable odom_velocity_filter[0m
[100%] Built target odom_velocity_filter
-- Install configuration: ""
-- Up-to-date: /home/nvidia/5.1-ros2_ws/install/yhs_can_control/lib/yhs_can_control/yhs_can_control_node
-- Up-to-date: /home/nvidia/5.1-ros2_ws/install/yhs_can_control/share/yhs_can_control/launch
-- Up-to-date: /home/nvidia/5.1-ros2_ws/install/yhs_can_control/share/yhs_can_control/launch/yhs_can_control.launch.py
-- Up-to-date: /home/nvidia/5.1-ros2_ws/install/yhs_can_control/share/yhs_can_control/params
-- Up-to-date: /home/nvidia/5.1-ros2_ws/install/yhs_can_control/share/yhs_can_control/params/cfg.yaml
-- Installing: /home/nvidia/5.1-ros2_ws/install/yhs_can_control/lib/yhs_can_control/odom_velocity_filter
-- Set runtime path of "/home/nvidia/5.1-ros2_ws/install/yhs_can_control/lib/yhs_can_control/odom_velocity_filter" to ""
-- Up-to-date: /home/nvidia/5.1-ros2_ws/install/yhs_can_control/share/ament_index/resource_index/package_run_dependencies/yhs_can_control
-- Installing: /home/nvidia/5.1-ros2_ws/install/yhs_can_control/share/ament_index/resource_index/parent_prefix_path/yhs_can_control
-- Up-to-date: /home/nvidia/5.1-ros2_ws/install/yhs_can_control/share/yhs_can_control/environment/ament_prefix_path.sh
-- Installing: /home/nvidia/5.1-ros2_ws/install/yhs_can_control/share/yhs_can_control/environment/ament_prefix_path.dsv
-- Up-to-date: /home/nvidia/5.1-ros2_ws/install/yhs_can_control/share/yhs_can_control/environment/path.sh
-- Installing: /home/nvidia/5.1-ros2_ws/install/yhs_can_control/share/yhs_can_control/environment/path.dsv
-- Up-to-date: /home/nvidia/5.1-ros2_ws/install/yhs_can_control/share/yhs_can_control/local_setup.bash
-- Up-to-date: /home/nvidia/5.1-ros2_ws/install/yhs_can_control/share/yhs_can_control/local_setup.sh
-- Up-to-date: /home/nvidia/5.1-ros2_ws/install/yhs_can_control/share/yhs_can_control/local_setup.zsh
-- Installing: /home/nvidia/5.1-ros2_ws/install/yhs_can_control/share/yhs_can_control/local_setup.dsv
-- Installing: /home/nvidia/5.1-ros2_ws/install/yhs_can_control/share/yhs_can_control/package.dsv
-- Up-to-date: /home/nvidia/5.1-ros2_ws/install/yhs_can_control/share/ament_index/resource_index/packages/yhs_can_control
-- Up-to-date: /home/nvidia/5.1-ros2_ws/install/yhs_can_control/share/yhs_can_control/cmake/yhs_can_controlConfig.cmake
-- Up-to-date: /home/nvidia/5.1-ros2_ws/install/yhs_can_control/share/yhs_can_control/cmake/yhs_can_controlConfig-version.cmake
-- Up-to-date: /home/nvidia/5.1-ros2_ws/install/yhs_can_control/share/yhs_can_control/package.xml
