[0.008s] Invoking command in '/home/nvidia/5.1-ros2_ws/build/yhs_can_control': CMAKE_PREFIX_PATH=/home/nvidia/5.1-ros2_ws/install/yhs_can_interfaces:/home/nvidia/5.1-ros2_ws/install/yhs_can_control:/home/nvidia/ros2_ws/install/yhs_chassis_description:/home/nvidia/ros2_ws/install/ai_imu_dr_ros:/opt/ros/humble /usr/bin/cmake --build /home/nvidia/5.1-ros2_ws/build/yhs_can_control -- -j20 -l20
[0.026s] -- Found ament_cmake: 1.3.12 (/opt/ros/humble/share/ament_cmake/cmake)
[0.111s] -- Found std_msgs: 4.9.0 (/opt/ros/humble/share/std_msgs/cmake)
[0.126s] -- Found rosidl_generator_c: 3.1.7 (/opt/ros/humble/share/rosidl_generator_c/cmake)
[0.127s] -- Found rosidl_adapter: 3.1.7 (/opt/ros/humble/share/rosidl_adapter/cmake)
[0.131s] -- Found rosidl_generator_cpp: 3.1.7 (/opt/ros/humble/share/rosidl_generator_cpp/cmake)
[0.137s] -- Using all available rosidl_typesupport_c: rosidl_typesupport_fastrtps_c;rosidl_typesupport_introspection_c
[0.144s] -- Using all available rosidl_typesupport_cpp: rosidl_typesupport_fastrtps_cpp;rosidl_typesupport_introspection_cpp
[0.158s] -- Found rclcpp: 16.0.15 (/opt/ros/humble/share/rclcpp/cmake)
[0.173s] -- Found rmw_implementation_cmake: 6.1.2 (/opt/ros/humble/share/rmw_implementation_cmake/cmake)
[0.174s] -- Found rmw_fastrtps_cpp: 6.2.8 (/opt/ros/humble/share/rmw_fastrtps_cpp/cmake)
[0.248s] -- Using RMW implementation 'rmw_fastrtps_cpp' as default
[0.274s] -- Found nav2_msgs: 1.1.18 (/opt/ros/humble/share/nav2_msgs/cmake)
[0.319s] -- Found tf2_msgs: 0.25.16 (/opt/ros/humble/share/tf2_msgs/cmake)
[0.333s] -- Found tf2_ros: 0.25.16 (/opt/ros/humble/share/tf2_ros/cmake)
[0.359s] -- Found sensor_msgs: 4.9.0 (/opt/ros/humble/share/sensor_msgs/cmake)
[0.370s] -- Found yhs_can_interfaces: 0.0.0 (/home/nvidia/5.1-ros2_ws/install/yhs_can_interfaces/share/yhs_can_interfaces/cmake)
[0.380s] -- Found ament_lint_auto: 0.12.14 (/opt/ros/humble/share/ament_lint_auto/cmake)
[0.426s] -- Added test 'cppcheck' to perform static code analysis on C / C++ code
[0.426s] -- Configured cppcheck include dirs: $<BUILD_INTERFACE:/home/nvidia/5.1-ros2_ws/src/MK-mini-ros2/yhs_can_control/include>
[0.426s] -- Configured cppcheck exclude dirs and/or files: 
[0.426s] -- Added test 'flake8' to check Python code syntax and style conventions
[0.427s] -- Added test 'lint_cmake' to check CMake code style
[0.427s] -- Added test 'pep257' to check Python code against some of the docstring style conventions in PEP 257
[0.427s] -- Added test 'uncrustify' to check C / C++ code style
[0.427s] -- Configured uncrustify additional arguments: 
[0.428s] -- Added test 'xmllint' to check XML markup files
[0.428s] -- Configuring done
[0.437s] -- Generating done
[0.441s] -- Build files have been written to: /home/nvidia/5.1-ros2_ws/build/yhs_can_control
[0.462s] [35m[1mConsolidate compiler generated dependencies of target yhs_can_control_node[0m
[0.468s] [ 25%] [32mBuilding CXX object CMakeFiles/odom_velocity_filter.dir/src/odom_velocity_filter.cpp.o[0m
[0.473s] [ 75%] Built target yhs_can_control_node
[1.874s] [01m[K/home/nvidia/5.1-ros2_ws/src/MK-mini-ros2/yhs_can_control/src/odom_velocity_filter.cpp:[m[K In member function ‘[01m[Kdouble OdomVelocityFilter::moving_average_filter(double)[m[K’:
[1.874s] [01m[K/home/nvidia/5.1-ros2_ws/src/MK-mini-ros2/yhs_can_control/src/odom_velocity_filter.cpp:77:37:[m[K [01;35m[Kwarning: [m[Kcomparison of integer expressions of different signedness: ‘[01m[Kstd::deque<double>::size_type[m[K’ {aka ‘[01m[Klong unsigned int[m[K’} and ‘[01m[Kint[m[K’ [[01;35m[K]8;;https://gcc.gnu.org/onlinedocs/gcc/Warning-Options.html#index-Wsign-compare-Wsign-compare]8;;[m[K]
[1.874s]    77 |         if ([01;35m[Kvelocity_buffer_.size() > window_size_[m[K) {
[1.874s]       |             [01;35m[K~~~~~~~~~~~~~~~~~~~~~~~~^~~~~~~~~~~~~~[m[K
[5.552s] [100%] [32m[1mLinking CXX executable odom_velocity_filter[0m
[5.805s] [100%] Built target odom_velocity_filter
[5.814s] Invoked command in '/home/nvidia/5.1-ros2_ws/build/yhs_can_control' returned '0': CMAKE_PREFIX_PATH=/home/nvidia/5.1-ros2_ws/install/yhs_can_interfaces:/home/nvidia/5.1-ros2_ws/install/yhs_can_control:/home/nvidia/ros2_ws/install/yhs_chassis_description:/home/nvidia/ros2_ws/install/ai_imu_dr_ros:/opt/ros/humble /usr/bin/cmake --build /home/nvidia/5.1-ros2_ws/build/yhs_can_control -- -j20 -l20
[5.814s] Invoking command in '/home/nvidia/5.1-ros2_ws/build/yhs_can_control': CMAKE_PREFIX_PATH=/home/nvidia/5.1-ros2_ws/install/yhs_can_interfaces:/home/nvidia/5.1-ros2_ws/install/yhs_can_control:/home/nvidia/ros2_ws/install/yhs_chassis_description:/home/nvidia/ros2_ws/install/ai_imu_dr_ros:/opt/ros/humble /usr/bin/cmake --install /home/nvidia/5.1-ros2_ws/build/yhs_can_control
[5.820s] -- Install configuration: ""
[5.820s] -- Up-to-date: /home/nvidia/5.1-ros2_ws/install/yhs_can_control/lib/yhs_can_control/yhs_can_control_node
[5.820s] -- Up-to-date: /home/nvidia/5.1-ros2_ws/install/yhs_can_control/share/yhs_can_control/launch
[5.820s] -- Up-to-date: /home/nvidia/5.1-ros2_ws/install/yhs_can_control/share/yhs_can_control/launch/yhs_can_control.launch.py
[5.820s] -- Up-to-date: /home/nvidia/5.1-ros2_ws/install/yhs_can_control/share/yhs_can_control/params
[5.820s] -- Up-to-date: /home/nvidia/5.1-ros2_ws/install/yhs_can_control/share/yhs_can_control/params/cfg.yaml
[5.820s] -- Installing: /home/nvidia/5.1-ros2_ws/install/yhs_can_control/lib/yhs_can_control/odom_velocity_filter
[5.822s] -- Set runtime path of "/home/nvidia/5.1-ros2_ws/install/yhs_can_control/lib/yhs_can_control/odom_velocity_filter" to ""
[5.822s] -- Up-to-date: /home/nvidia/5.1-ros2_ws/install/yhs_can_control/share/ament_index/resource_index/package_run_dependencies/yhs_can_control
[5.822s] -- Installing: /home/nvidia/5.1-ros2_ws/install/yhs_can_control/share/ament_index/resource_index/parent_prefix_path/yhs_can_control
[5.822s] -- Up-to-date: /home/nvidia/5.1-ros2_ws/install/yhs_can_control/share/yhs_can_control/environment/ament_prefix_path.sh
[5.822s] -- Installing: /home/nvidia/5.1-ros2_ws/install/yhs_can_control/share/yhs_can_control/environment/ament_prefix_path.dsv
[5.823s] -- Up-to-date: /home/nvidia/5.1-ros2_ws/install/yhs_can_control/share/yhs_can_control/environment/path.sh
[5.823s] -- Installing: /home/nvidia/5.1-ros2_ws/install/yhs_can_control/share/yhs_can_control/environment/path.dsv
[5.823s] -- Up-to-date: /home/nvidia/5.1-ros2_ws/install/yhs_can_control/share/yhs_can_control/local_setup.bash
[5.823s] -- Up-to-date: /home/nvidia/5.1-ros2_ws/install/yhs_can_control/share/yhs_can_control/local_setup.sh
[5.823s] -- Up-to-date: /home/nvidia/5.1-ros2_ws/install/yhs_can_control/share/yhs_can_control/local_setup.zsh
[5.823s] -- Installing: /home/nvidia/5.1-ros2_ws/install/yhs_can_control/share/yhs_can_control/local_setup.dsv
[5.823s] -- Installing: /home/nvidia/5.1-ros2_ws/install/yhs_can_control/share/yhs_can_control/package.dsv
[5.823s] -- Up-to-date: /home/nvidia/5.1-ros2_ws/install/yhs_can_control/share/ament_index/resource_index/packages/yhs_can_control
[5.823s] -- Up-to-date: /home/nvidia/5.1-ros2_ws/install/yhs_can_control/share/yhs_can_control/cmake/yhs_can_controlConfig.cmake
[5.823s] -- Up-to-date: /home/nvidia/5.1-ros2_ws/install/yhs_can_control/share/yhs_can_control/cmake/yhs_can_controlConfig-version.cmake
[5.823s] -- Up-to-date: /home/nvidia/5.1-ros2_ws/install/yhs_can_control/share/yhs_can_control/package.xml
[5.824s] Invoked command in '/home/nvidia/5.1-ros2_ws/build/yhs_can_control' returned '0': CMAKE_PREFIX_PATH=/home/nvidia/5.1-ros2_ws/install/yhs_can_interfaces:/home/nvidia/5.1-ros2_ws/install/yhs_can_control:/home/nvidia/ros2_ws/install/yhs_chassis_description:/home/nvidia/ros2_ws/install/ai_imu_dr_ros:/opt/ros/humble /usr/bin/cmake --install /home/nvidia/5.1-ros2_ws/build/yhs_can_control
