[0.059s] DEBUG:colcon:Command line arguments: ['/usr/bin/colcon', 'build', '--packages-select', 'yhs_chassis_description']
[0.059s] DEBUG:colcon:Parsed command line arguments: Namespace(log_base=None, log_level=None, verb_name='build', build_base='build', install_base='install', merge_install=False, symlink_install=False, test_result_base=None, continue_on_error=False, executor='parallel', parallel_workers=20, event_handlers=None, ignore_user_meta=False, metas=['./colcon.meta'], base_paths=['.'], packages_ignore=None, packages_ignore_regex=None, paths=None, packages_up_to=None, packages_up_to_regex=None, packages_above=None, packages_above_and_dependencies=None, packages_above_depth=None, packages_select_by_dep=None, packages_skip_by_dep=None, packages_skip_up_to=None, packages_select_build_failed=False, packages_skip_build_finished=False, packages_select_test_failures=False, packages_skip_test_passed=False, packages_select=['yhs_chassis_description'], packages_skip=None, packages_select_regex=None, packages_skip_regex=None, packages_start=None, packages_end=None, allow_overriding=[], cmake_args=None, cmake_target=None, cmake_target_skip_unavailable=False, cmake_clean_cache=False, cmake_clean_first=False, cmake_force_configure=False, ament_cmake_args=None, catkin_cmake_args=None, catkin_skip_building_tests=False, verb_parser=<colcon_defaults.argument_parser.defaults.DefaultArgumentsDecorator object at 0x7396e4e0fa90>, verb_extension=<colcon_core.verb.build.BuildVerb object at 0x7396e4e0f520>, main=<bound method BuildVerb.main of <colcon_core.verb.build.BuildVerb object at 0x7396e4e0f520>>)
[0.149s] Level 1:colcon.colcon_core.package_discovery:discover_packages(colcon_meta) check parameters
[0.149s] Level 1:colcon.colcon_core.package_discovery:discover_packages(recursive) check parameters
[0.149s] Level 1:colcon.colcon_core.package_discovery:discover_packages(ignore) check parameters
[0.149s] Level 1:colcon.colcon_core.package_discovery:discover_packages(path) check parameters
[0.149s] Level 1:colcon.colcon_core.package_discovery:discover_packages(colcon_meta) discover
[0.149s] Level 1:colcon.colcon_core.package_discovery:discover_packages(recursive) discover
[0.149s] INFO:colcon.colcon_core.package_discovery:Crawling recursively for packages in '/home/nvidia/ros2_ws'
[0.149s] Level 1:colcon.colcon_core.package_identification:_identify(.) by extensions ['ignore', 'ignore_ament_install']
[0.149s] Level 1:colcon.colcon_core.package_identification:_identify(.) by extension 'ignore'
[0.149s] Level 1:colcon.colcon_core.package_identification:_identify(.) by extension 'ignore_ament_install'
[0.149s] Level 1:colcon.colcon_core.package_identification:_identify(.) by extensions ['colcon_pkg']
[0.149s] Level 1:colcon.colcon_core.package_identification:_identify(.) by extension 'colcon_pkg'
[0.149s] Level 1:colcon.colcon_core.package_identification:_identify(.) by extensions ['colcon_meta']
[0.149s] Level 1:colcon.colcon_core.package_identification:_identify(.) by extension 'colcon_meta'
[0.149s] Level 1:colcon.colcon_core.package_identification:_identify(.) by extensions ['ros']
[0.149s] Level 1:colcon.colcon_core.package_identification:_identify(.) by extension 'ros'
[0.156s] Level 1:colcon.colcon_core.package_identification:_identify(.) by extensions ['cmake', 'python']
[0.156s] Level 1:colcon.colcon_core.package_identification:_identify(.) by extension 'cmake'
[0.156s] Level 1:colcon.colcon_core.package_identification:_identify(.) by extension 'python'
[0.156s] Level 1:colcon.colcon_core.package_identification:_identify(.) by extensions ['python_setup_py']
[0.156s] Level 1:colcon.colcon_core.package_identification:_identify(.) by extension 'python_setup_py'
[0.156s] Level 1:colcon.colcon_core.package_identification:_identify(build) by extensions ['ignore', 'ignore_ament_install']
[0.156s] Level 1:colcon.colcon_core.package_identification:_identify(build) by extension 'ignore'
[0.156s] Level 1:colcon.colcon_core.package_identification:_identify(build) ignored
[0.156s] Level 1:colcon.colcon_core.package_identification:_identify(install) by extensions ['ignore', 'ignore_ament_install']
[0.156s] Level 1:colcon.colcon_core.package_identification:_identify(install) by extension 'ignore'
[0.156s] Level 1:colcon.colcon_core.package_identification:_identify(install) ignored
[0.156s] Level 1:colcon.colcon_core.package_identification:_identify(log) by extensions ['ignore', 'ignore_ament_install']
[0.156s] Level 1:colcon.colcon_core.package_identification:_identify(log) by extension 'ignore'
[0.156s] Level 1:colcon.colcon_core.package_identification:_identify(log) ignored
[0.156s] Level 1:colcon.colcon_core.package_identification:_identify(src) by extensions ['ignore', 'ignore_ament_install']
[0.156s] Level 1:colcon.colcon_core.package_identification:_identify(src) by extension 'ignore'
[0.156s] Level 1:colcon.colcon_core.package_identification:_identify(src) by extension 'ignore_ament_install'
[0.157s] Level 1:colcon.colcon_core.package_identification:_identify(src) by extensions ['colcon_pkg']
[0.157s] Level 1:colcon.colcon_core.package_identification:_identify(src) by extension 'colcon_pkg'
[0.157s] Level 1:colcon.colcon_core.package_identification:_identify(src) by extensions ['colcon_meta']
[0.157s] Level 1:colcon.colcon_core.package_identification:_identify(src) by extension 'colcon_meta'
[0.157s] Level 1:colcon.colcon_core.package_identification:_identify(src) by extensions ['ros']
[0.157s] Level 1:colcon.colcon_core.package_identification:_identify(src) by extension 'ros'
[0.157s] Level 1:colcon.colcon_core.package_identification:_identify(src) by extensions ['cmake', 'python']
[0.157s] Level 1:colcon.colcon_core.package_identification:_identify(src) by extension 'cmake'
[0.157s] Level 1:colcon.colcon_core.package_identification:_identify(src) by extension 'python'
[0.157s] Level 1:colcon.colcon_core.package_identification:_identify(src) by extensions ['python_setup_py']
[0.157s] Level 1:colcon.colcon_core.package_identification:_identify(src) by extension 'python_setup_py'
[0.157s] Level 1:colcon.colcon_core.package_identification:_identify(src/YHS-ROBOT-Description) by extensions ['ignore', 'ignore_ament_install']
[0.157s] Level 1:colcon.colcon_core.package_identification:_identify(src/YHS-ROBOT-Description) by extension 'ignore'
[0.157s] Level 1:colcon.colcon_core.package_identification:_identify(src/YHS-ROBOT-Description) by extension 'ignore_ament_install'
[0.157s] Level 1:colcon.colcon_core.package_identification:_identify(src/YHS-ROBOT-Description) by extensions ['colcon_pkg']
[0.157s] Level 1:colcon.colcon_core.package_identification:_identify(src/YHS-ROBOT-Description) by extension 'colcon_pkg'
[0.157s] Level 1:colcon.colcon_core.package_identification:_identify(src/YHS-ROBOT-Description) by extensions ['colcon_meta']
[0.157s] Level 1:colcon.colcon_core.package_identification:_identify(src/YHS-ROBOT-Description) by extension 'colcon_meta'
[0.157s] Level 1:colcon.colcon_core.package_identification:_identify(src/YHS-ROBOT-Description) by extensions ['ros']
[0.157s] Level 1:colcon.colcon_core.package_identification:_identify(src/YHS-ROBOT-Description) by extension 'ros'
[0.157s] Level 1:colcon.colcon_core.package_identification:_identify(src/YHS-ROBOT-Description) by extensions ['cmake', 'python']
[0.157s] Level 1:colcon.colcon_core.package_identification:_identify(src/YHS-ROBOT-Description) by extension 'cmake'
[0.157s] Level 1:colcon.colcon_core.package_identification:_identify(src/YHS-ROBOT-Description) by extension 'python'
[0.157s] Level 1:colcon.colcon_core.package_identification:_identify(src/YHS-ROBOT-Description) by extensions ['python_setup_py']
[0.157s] Level 1:colcon.colcon_core.package_identification:_identify(src/YHS-ROBOT-Description) by extension 'python_setup_py'
[0.157s] Level 1:colcon.colcon_core.package_identification:_identify(src/YHS-ROBOT-Description/DT-Robot) by extensions ['ignore', 'ignore_ament_install']
[0.157s] Level 1:colcon.colcon_core.package_identification:_identify(src/YHS-ROBOT-Description/DT-Robot) by extension 'ignore'
[0.157s] Level 1:colcon.colcon_core.package_identification:_identify(src/YHS-ROBOT-Description/DT-Robot) by extension 'ignore_ament_install'
[0.157s] Level 1:colcon.colcon_core.package_identification:_identify(src/YHS-ROBOT-Description/DT-Robot) by extensions ['colcon_pkg']
[0.157s] Level 1:colcon.colcon_core.package_identification:_identify(src/YHS-ROBOT-Description/DT-Robot) by extension 'colcon_pkg'
[0.157s] Level 1:colcon.colcon_core.package_identification:_identify(src/YHS-ROBOT-Description/DT-Robot) by extensions ['colcon_meta']
[0.157s] Level 1:colcon.colcon_core.package_identification:_identify(src/YHS-ROBOT-Description/DT-Robot) by extension 'colcon_meta'
[0.157s] Level 1:colcon.colcon_core.package_identification:_identify(src/YHS-ROBOT-Description/DT-Robot) by extensions ['ros']
[0.157s] Level 1:colcon.colcon_core.package_identification:_identify(src/YHS-ROBOT-Description/DT-Robot) by extension 'ros'
[0.157s] Level 1:colcon.colcon_core.package_identification:_identify(src/YHS-ROBOT-Description/DT-Robot) by extensions ['cmake', 'python']
[0.157s] Level 1:colcon.colcon_core.package_identification:_identify(src/YHS-ROBOT-Description/DT-Robot) by extension 'cmake'
[0.157s] Level 1:colcon.colcon_core.package_identification:_identify(src/YHS-ROBOT-Description/DT-Robot) by extension 'python'
[0.157s] Level 1:colcon.colcon_core.package_identification:_identify(src/YHS-ROBOT-Description/DT-Robot) by extensions ['python_setup_py']
[0.157s] Level 1:colcon.colcon_core.package_identification:_identify(src/YHS-ROBOT-Description/DT-Robot) by extension 'python_setup_py'
[0.157s] Level 1:colcon.colcon_core.package_identification:_identify(src/YHS-ROBOT-Description/DT-Robot/DT-mid-description-ros1) by extensions ['ignore', 'ignore_ament_install']
[0.158s] Level 1:colcon.colcon_core.package_identification:_identify(src/YHS-ROBOT-Description/DT-Robot/DT-mid-description-ros1) by extension 'ignore'
[0.158s] Level 1:colcon.colcon_core.package_identification:_identify(src/YHS-ROBOT-Description/DT-Robot/DT-mid-description-ros1) by extension 'ignore_ament_install'
[0.158s] Level 1:colcon.colcon_core.package_identification:_identify(src/YHS-ROBOT-Description/DT-Robot/DT-mid-description-ros1) by extensions ['colcon_pkg']
[0.158s] Level 1:colcon.colcon_core.package_identification:_identify(src/YHS-ROBOT-Description/DT-Robot/DT-mid-description-ros1) by extension 'colcon_pkg'
[0.158s] Level 1:colcon.colcon_core.package_identification:_identify(src/YHS-ROBOT-Description/DT-Robot/DT-mid-description-ros1) by extensions ['colcon_meta']
[0.158s] Level 1:colcon.colcon_core.package_identification:_identify(src/YHS-ROBOT-Description/DT-Robot/DT-mid-description-ros1) by extension 'colcon_meta'
[0.158s] Level 1:colcon.colcon_core.package_identification:_identify(src/YHS-ROBOT-Description/DT-Robot/DT-mid-description-ros1) by extensions ['ros']
[0.158s] Level 1:colcon.colcon_core.package_identification:_identify(src/YHS-ROBOT-Description/DT-Robot/DT-mid-description-ros1) by extension 'ros'
[0.158s] Level 1:colcon.colcon_core.package_identification:_identify(src/YHS-ROBOT-Description/DT-Robot/DT-mid-description-ros1) by extensions ['cmake', 'python']
[0.158s] Level 1:colcon.colcon_core.package_identification:_identify(src/YHS-ROBOT-Description/DT-Robot/DT-mid-description-ros1) by extension 'cmake'
[0.158s] Level 1:colcon.colcon_core.package_identification:_identify(src/YHS-ROBOT-Description/DT-Robot/DT-mid-description-ros1) by extension 'python'
[0.158s] Level 1:colcon.colcon_core.package_identification:_identify(src/YHS-ROBOT-Description/DT-Robot/DT-mid-description-ros1) by extensions ['python_setup_py']
[0.158s] Level 1:colcon.colcon_core.package_identification:_identify(src/YHS-ROBOT-Description/DT-Robot/DT-mid-description-ros1) by extension 'python_setup_py'
[0.158s] Level 1:colcon.colcon_core.package_identification:_identify(src/YHS-ROBOT-Description/DT-Robot/DT-mid-description-ros1/src) by extensions ['ignore', 'ignore_ament_install']
[0.158s] Level 1:colcon.colcon_core.package_identification:_identify(src/YHS-ROBOT-Description/DT-Robot/DT-mid-description-ros1/src) by extension 'ignore'
[0.158s] Level 1:colcon.colcon_core.package_identification:_identify(src/YHS-ROBOT-Description/DT-Robot/DT-mid-description-ros1/src) by extension 'ignore_ament_install'
[0.158s] Level 1:colcon.colcon_core.package_identification:_identify(src/YHS-ROBOT-Description/DT-Robot/DT-mid-description-ros1/src) by extensions ['colcon_pkg']
[0.158s] Level 1:colcon.colcon_core.package_identification:_identify(src/YHS-ROBOT-Description/DT-Robot/DT-mid-description-ros1/src) by extension 'colcon_pkg'
[0.158s] Level 1:colcon.colcon_core.package_identification:_identify(src/YHS-ROBOT-Description/DT-Robot/DT-mid-description-ros1/src) by extensions ['colcon_meta']
[0.158s] Level 1:colcon.colcon_core.package_identification:_identify(src/YHS-ROBOT-Description/DT-Robot/DT-mid-description-ros1/src) by extension 'colcon_meta'
[0.158s] Level 1:colcon.colcon_core.package_identification:_identify(src/YHS-ROBOT-Description/DT-Robot/DT-mid-description-ros1/src) by extensions ['ros']
[0.158s] Level 1:colcon.colcon_core.package_identification:_identify(src/YHS-ROBOT-Description/DT-Robot/DT-mid-description-ros1/src) by extension 'ros'
[0.159s] DEBUG:colcon.colcon_core.package_identification:Package 'src/YHS-ROBOT-Description/DT-Robot/DT-mid-description-ros1/src' with type 'ros.catkin' and name 'yhs_chassis_description'
[0.160s] Level 1:colcon.colcon_core.package_identification:_identify(src/YHS-ROBOT-Description/DT-Robot/DT-mid-description-ros2) by extensions ['ignore', 'ignore_ament_install']
[0.160s] Level 1:colcon.colcon_core.package_identification:_identify(src/YHS-ROBOT-Description/DT-Robot/DT-mid-description-ros2) by extension 'ignore'
[0.160s] Level 1:colcon.colcon_core.package_identification:_identify(src/YHS-ROBOT-Description/DT-Robot/DT-mid-description-ros2) by extension 'ignore_ament_install'
[0.160s] Level 1:colcon.colcon_core.package_identification:_identify(src/YHS-ROBOT-Description/DT-Robot/DT-mid-description-ros2) by extensions ['colcon_pkg']
[0.160s] Level 1:colcon.colcon_core.package_identification:_identify(src/YHS-ROBOT-Description/DT-Robot/DT-mid-description-ros2) by extension 'colcon_pkg'
[0.160s] Level 1:colcon.colcon_core.package_identification:_identify(src/YHS-ROBOT-Description/DT-Robot/DT-mid-description-ros2) by extensions ['colcon_meta']
[0.160s] Level 1:colcon.colcon_core.package_identification:_identify(src/YHS-ROBOT-Description/DT-Robot/DT-mid-description-ros2) by extension 'colcon_meta'
[0.160s] Level 1:colcon.colcon_core.package_identification:_identify(src/YHS-ROBOT-Description/DT-Robot/DT-mid-description-ros2) by extensions ['ros']
[0.160s] Level 1:colcon.colcon_core.package_identification:_identify(src/YHS-ROBOT-Description/DT-Robot/DT-mid-description-ros2) by extension 'ros'
[0.160s] DEBUG:colcon.colcon_core.package_identification:Package 'src/YHS-ROBOT-Description/DT-Robot/DT-mid-description-ros2' with type 'ros.ament_cmake' and name 'yhs_chassis_description'
[0.160s] Level 1:colcon.colcon_core.package_identification:_identify(src/YHS-ROBOT-Description/DT-Robot/DT-mini-description-ros1) by extensions ['ignore', 'ignore_ament_install']
[0.160s] Level 1:colcon.colcon_core.package_identification:_identify(src/YHS-ROBOT-Description/DT-Robot/DT-mini-description-ros1) by extension 'ignore'
[0.160s] Level 1:colcon.colcon_core.package_identification:_identify(src/YHS-ROBOT-Description/DT-Robot/DT-mini-description-ros1) by extension 'ignore_ament_install'
[0.160s] Level 1:colcon.colcon_core.package_identification:_identify(src/YHS-ROBOT-Description/DT-Robot/DT-mini-description-ros1) by extensions ['colcon_pkg']
[0.160s] Level 1:colcon.colcon_core.package_identification:_identify(src/YHS-ROBOT-Description/DT-Robot/DT-mini-description-ros1) by extension 'colcon_pkg'
[0.160s] Level 1:colcon.colcon_core.package_identification:_identify(src/YHS-ROBOT-Description/DT-Robot/DT-mini-description-ros1) by extensions ['colcon_meta']
[0.160s] Level 1:colcon.colcon_core.package_identification:_identify(src/YHS-ROBOT-Description/DT-Robot/DT-mini-description-ros1) by extension 'colcon_meta'
[0.160s] Level 1:colcon.colcon_core.package_identification:_identify(src/YHS-ROBOT-Description/DT-Robot/DT-mini-description-ros1) by extensions ['ros']
[0.160s] Level 1:colcon.colcon_core.package_identification:_identify(src/YHS-ROBOT-Description/DT-Robot/DT-mini-description-ros1) by extension 'ros'
[0.160s] Level 1:colcon.colcon_core.package_identification:_identify(src/YHS-ROBOT-Description/DT-Robot/DT-mini-description-ros1) by extensions ['cmake', 'python']
[0.161s] Level 1:colcon.colcon_core.package_identification:_identify(src/YHS-ROBOT-Description/DT-Robot/DT-mini-description-ros1) by extension 'cmake'
[0.161s] Level 1:colcon.colcon_core.package_identification:_identify(src/YHS-ROBOT-Description/DT-Robot/DT-mini-description-ros1) by extension 'python'
[0.161s] Level 1:colcon.colcon_core.package_identification:_identify(src/YHS-ROBOT-Description/DT-Robot/DT-mini-description-ros1) by extensions ['python_setup_py']
[0.161s] Level 1:colcon.colcon_core.package_identification:_identify(src/YHS-ROBOT-Description/DT-Robot/DT-mini-description-ros1) by extension 'python_setup_py'
[0.161s] Level 1:colcon.colcon_core.package_identification:_identify(src/YHS-ROBOT-Description/DT-Robot/DT-mini-description-ros1/src) by extensions ['ignore', 'ignore_ament_install']
[0.161s] Level 1:colcon.colcon_core.package_identification:_identify(src/YHS-ROBOT-Description/DT-Robot/DT-mini-description-ros1/src) by extension 'ignore'
[0.161s] Level 1:colcon.colcon_core.package_identification:_identify(src/YHS-ROBOT-Description/DT-Robot/DT-mini-description-ros1/src) by extension 'ignore_ament_install'
[0.161s] Level 1:colcon.colcon_core.package_identification:_identify(src/YHS-ROBOT-Description/DT-Robot/DT-mini-description-ros1/src) by extensions ['colcon_pkg']
[0.161s] Level 1:colcon.colcon_core.package_identification:_identify(src/YHS-ROBOT-Description/DT-Robot/DT-mini-description-ros1/src) by extension 'colcon_pkg'
[0.161s] Level 1:colcon.colcon_core.package_identification:_identify(src/YHS-ROBOT-Description/DT-Robot/DT-mini-description-ros1/src) by extensions ['colcon_meta']
[0.161s] Level 1:colcon.colcon_core.package_identification:_identify(src/YHS-ROBOT-Description/DT-Robot/DT-mini-description-ros1/src) by extension 'colcon_meta'
[0.161s] Level 1:colcon.colcon_core.package_identification:_identify(src/YHS-ROBOT-Description/DT-Robot/DT-mini-description-ros1/src) by extensions ['ros']
[0.161s] Level 1:colcon.colcon_core.package_identification:_identify(src/YHS-ROBOT-Description/DT-Robot/DT-mini-description-ros1/src) by extension 'ros'
[0.161s] DEBUG:colcon.colcon_core.package_identification:Package 'src/YHS-ROBOT-Description/DT-Robot/DT-mini-description-ros1/src' with type 'ros.catkin' and name 'yhs_chassis_description'
[0.161s] Level 1:colcon.colcon_core.package_identification:_identify(src/YHS-ROBOT-Description/DT-Robot/DT-mini-description-ros2) by extensions ['ignore', 'ignore_ament_install']
[0.161s] Level 1:colcon.colcon_core.package_identification:_identify(src/YHS-ROBOT-Description/DT-Robot/DT-mini-description-ros2) by extension 'ignore'
[0.161s] Level 1:colcon.colcon_core.package_identification:_identify(src/YHS-ROBOT-Description/DT-Robot/DT-mini-description-ros2) by extension 'ignore_ament_install'
[0.161s] Level 1:colcon.colcon_core.package_identification:_identify(src/YHS-ROBOT-Description/DT-Robot/DT-mini-description-ros2) by extensions ['colcon_pkg']
[0.161s] Level 1:colcon.colcon_core.package_identification:_identify(src/YHS-ROBOT-Description/DT-Robot/DT-mini-description-ros2) by extension 'colcon_pkg'
[0.161s] Level 1:colcon.colcon_core.package_identification:_identify(src/YHS-ROBOT-Description/DT-Robot/DT-mini-description-ros2) by extensions ['colcon_meta']
[0.161s] Level 1:colcon.colcon_core.package_identification:_identify(src/YHS-ROBOT-Description/DT-Robot/DT-mini-description-ros2) by extension 'colcon_meta'
[0.162s] Level 1:colcon.colcon_core.package_identification:_identify(src/YHS-ROBOT-Description/DT-Robot/DT-mini-description-ros2) by extensions ['ros']
[0.162s] Level 1:colcon.colcon_core.package_identification:_identify(src/YHS-ROBOT-Description/DT-Robot/DT-mini-description-ros2) by extension 'ros'
[0.162s] DEBUG:colcon.colcon_core.package_identification:Package 'src/YHS-ROBOT-Description/DT-Robot/DT-mini-description-ros2' with type 'ros.ament_cmake' and name 'yhs_chassis_description'
[0.162s] Level 1:colcon.colcon_core.package_identification:_identify(src/YHS-ROBOT-Description/FR-Robot) by extensions ['ignore', 'ignore_ament_install']
[0.162s] Level 1:colcon.colcon_core.package_identification:_identify(src/YHS-ROBOT-Description/FR-Robot) by extension 'ignore'
[0.162s] Level 1:colcon.colcon_core.package_identification:_identify(src/YHS-ROBOT-Description/FR-Robot) by extension 'ignore_ament_install'
[0.162s] Level 1:colcon.colcon_core.package_identification:_identify(src/YHS-ROBOT-Description/FR-Robot) by extensions ['colcon_pkg']
[0.162s] Level 1:colcon.colcon_core.package_identification:_identify(src/YHS-ROBOT-Description/FR-Robot) by extension 'colcon_pkg'
[0.162s] Level 1:colcon.colcon_core.package_identification:_identify(src/YHS-ROBOT-Description/FR-Robot) by extensions ['colcon_meta']
[0.162s] Level 1:colcon.colcon_core.package_identification:_identify(src/YHS-ROBOT-Description/FR-Robot) by extension 'colcon_meta'
[0.162s] Level 1:colcon.colcon_core.package_identification:_identify(src/YHS-ROBOT-Description/FR-Robot) by extensions ['ros']
[0.162s] Level 1:colcon.colcon_core.package_identification:_identify(src/YHS-ROBOT-Description/FR-Robot) by extension 'ros'
[0.162s] Level 1:colcon.colcon_core.package_identification:_identify(src/YHS-ROBOT-Description/FR-Robot) by extensions ['cmake', 'python']
[0.162s] Level 1:colcon.colcon_core.package_identification:_identify(src/YHS-ROBOT-Description/FR-Robot) by extension 'cmake'
[0.162s] Level 1:colcon.colcon_core.package_identification:_identify(src/YHS-ROBOT-Description/FR-Robot) by extension 'python'
[0.162s] Level 1:colcon.colcon_core.package_identification:_identify(src/YHS-ROBOT-Description/FR-Robot) by extensions ['python_setup_py']
[0.162s] Level 1:colcon.colcon_core.package_identification:_identify(src/YHS-ROBOT-Description/FR-Robot) by extension 'python_setup_py'
[0.162s] Level 1:colcon.colcon_core.package_identification:_identify(src/YHS-ROBOT-Description/FR-Robot/FR-max-description-ros1) by extensions ['ignore', 'ignore_ament_install']
[0.162s] Level 1:colcon.colcon_core.package_identification:_identify(src/YHS-ROBOT-Description/FR-Robot/FR-max-description-ros1) by extension 'ignore'
[0.162s] Level 1:colcon.colcon_core.package_identification:_identify(src/YHS-ROBOT-Description/FR-Robot/FR-max-description-ros1) by extension 'ignore_ament_install'
[0.162s] Level 1:colcon.colcon_core.package_identification:_identify(src/YHS-ROBOT-Description/FR-Robot/FR-max-description-ros1) by extensions ['colcon_pkg']
[0.162s] Level 1:colcon.colcon_core.package_identification:_identify(src/YHS-ROBOT-Description/FR-Robot/FR-max-description-ros1) by extension 'colcon_pkg'
[0.162s] Level 1:colcon.colcon_core.package_identification:_identify(src/YHS-ROBOT-Description/FR-Robot/FR-max-description-ros1) by extensions ['colcon_meta']
[0.162s] Level 1:colcon.colcon_core.package_identification:_identify(src/YHS-ROBOT-Description/FR-Robot/FR-max-description-ros1) by extension 'colcon_meta'
[0.162s] Level 1:colcon.colcon_core.package_identification:_identify(src/YHS-ROBOT-Description/FR-Robot/FR-max-description-ros1) by extensions ['ros']
[0.162s] Level 1:colcon.colcon_core.package_identification:_identify(src/YHS-ROBOT-Description/FR-Robot/FR-max-description-ros1) by extension 'ros'
[0.162s] Level 1:colcon.colcon_core.package_identification:_identify(src/YHS-ROBOT-Description/FR-Robot/FR-max-description-ros1) by extensions ['cmake', 'python']
[0.163s] Level 1:colcon.colcon_core.package_identification:_identify(src/YHS-ROBOT-Description/FR-Robot/FR-max-description-ros1) by extension 'cmake'
[0.163s] Level 1:colcon.colcon_core.package_identification:_identify(src/YHS-ROBOT-Description/FR-Robot/FR-max-description-ros1) by extension 'python'
[0.163s] Level 1:colcon.colcon_core.package_identification:_identify(src/YHS-ROBOT-Description/FR-Robot/FR-max-description-ros1) by extensions ['python_setup_py']
[0.163s] Level 1:colcon.colcon_core.package_identification:_identify(src/YHS-ROBOT-Description/FR-Robot/FR-max-description-ros1) by extension 'python_setup_py'
[0.163s] Level 1:colcon.colcon_core.package_identification:_identify(src/YHS-ROBOT-Description/FR-Robot/FR-max-description-ros1/src) by extensions ['ignore', 'ignore_ament_install']
[0.163s] Level 1:colcon.colcon_core.package_identification:_identify(src/YHS-ROBOT-Description/FR-Robot/FR-max-description-ros1/src) by extension 'ignore'
[0.163s] Level 1:colcon.colcon_core.package_identification:_identify(src/YHS-ROBOT-Description/FR-Robot/FR-max-description-ros1/src) by extension 'ignore_ament_install'
[0.163s] Level 1:colcon.colcon_core.package_identification:_identify(src/YHS-ROBOT-Description/FR-Robot/FR-max-description-ros1/src) by extensions ['colcon_pkg']
[0.163s] Level 1:colcon.colcon_core.package_identification:_identify(src/YHS-ROBOT-Description/FR-Robot/FR-max-description-ros1/src) by extension 'colcon_pkg'
[0.163s] Level 1:colcon.colcon_core.package_identification:_identify(src/YHS-ROBOT-Description/FR-Robot/FR-max-description-ros1/src) by extensions ['colcon_meta']
[0.163s] Level 1:colcon.colcon_core.package_identification:_identify(src/YHS-ROBOT-Description/FR-Robot/FR-max-description-ros1/src) by extension 'colcon_meta'
[0.163s] Level 1:colcon.colcon_core.package_identification:_identify(src/YHS-ROBOT-Description/FR-Robot/FR-max-description-ros1/src) by extensions ['ros']
[0.163s] Level 1:colcon.colcon_core.package_identification:_identify(src/YHS-ROBOT-Description/FR-Robot/FR-max-description-ros1/src) by extension 'ros'
[0.163s] DEBUG:colcon.colcon_core.package_identification:Package 'src/YHS-ROBOT-Description/FR-Robot/FR-max-description-ros1/src' with type 'ros.catkin' and name 'yhs_chassis_description'
[0.163s] Level 1:colcon.colcon_core.package_identification:_identify(src/YHS-ROBOT-Description/FR-Robot/FR-max-description-ros2) by extensions ['ignore', 'ignore_ament_install']
[0.163s] Level 1:colcon.colcon_core.package_identification:_identify(src/YHS-ROBOT-Description/FR-Robot/FR-max-description-ros2) by extension 'ignore'
[0.163s] Level 1:colcon.colcon_core.package_identification:_identify(src/YHS-ROBOT-Description/FR-Robot/FR-max-description-ros2) by extension 'ignore_ament_install'
[0.163s] Level 1:colcon.colcon_core.package_identification:_identify(src/YHS-ROBOT-Description/FR-Robot/FR-max-description-ros2) by extensions ['colcon_pkg']
[0.163s] Level 1:colcon.colcon_core.package_identification:_identify(src/YHS-ROBOT-Description/FR-Robot/FR-max-description-ros2) by extension 'colcon_pkg'
[0.164s] Level 1:colcon.colcon_core.package_identification:_identify(src/YHS-ROBOT-Description/FR-Robot/FR-max-description-ros2) by extensions ['colcon_meta']
[0.164s] Level 1:colcon.colcon_core.package_identification:_identify(src/YHS-ROBOT-Description/FR-Robot/FR-max-description-ros2) by extension 'colcon_meta'
[0.164s] Level 1:colcon.colcon_core.package_identification:_identify(src/YHS-ROBOT-Description/FR-Robot/FR-max-description-ros2) by extensions ['ros']
[0.164s] Level 1:colcon.colcon_core.package_identification:_identify(src/YHS-ROBOT-Description/FR-Robot/FR-max-description-ros2) by extension 'ros'
[0.164s] DEBUG:colcon.colcon_core.package_identification:Package 'src/YHS-ROBOT-Description/FR-Robot/FR-max-description-ros2' with type 'ros.ament_cmake' and name 'yhs_chassis_description'
[0.164s] Level 1:colcon.colcon_core.package_identification:_identify(src/YHS-ROBOT-Description/FR-Robot/FR-mid-description-ros1) by extensions ['ignore', 'ignore_ament_install']
[0.164s] Level 1:colcon.colcon_core.package_identification:_identify(src/YHS-ROBOT-Description/FR-Robot/FR-mid-description-ros1) by extension 'ignore'
[0.164s] Level 1:colcon.colcon_core.package_identification:_identify(src/YHS-ROBOT-Description/FR-Robot/FR-mid-description-ros1) by extension 'ignore_ament_install'
[0.164s] Level 1:colcon.colcon_core.package_identification:_identify(src/YHS-ROBOT-Description/FR-Robot/FR-mid-description-ros1) by extensions ['colcon_pkg']
[0.164s] Level 1:colcon.colcon_core.package_identification:_identify(src/YHS-ROBOT-Description/FR-Robot/FR-mid-description-ros1) by extension 'colcon_pkg'
[0.164s] Level 1:colcon.colcon_core.package_identification:_identify(src/YHS-ROBOT-Description/FR-Robot/FR-mid-description-ros1) by extensions ['colcon_meta']
[0.164s] Level 1:colcon.colcon_core.package_identification:_identify(src/YHS-ROBOT-Description/FR-Robot/FR-mid-description-ros1) by extension 'colcon_meta'
[0.164s] Level 1:colcon.colcon_core.package_identification:_identify(src/YHS-ROBOT-Description/FR-Robot/FR-mid-description-ros1) by extensions ['ros']
[0.164s] Level 1:colcon.colcon_core.package_identification:_identify(src/YHS-ROBOT-Description/FR-Robot/FR-mid-description-ros1) by extension 'ros'
[0.164s] Level 1:colcon.colcon_core.package_identification:_identify(src/YHS-ROBOT-Description/FR-Robot/FR-mid-description-ros1) by extensions ['cmake', 'python']
[0.164s] Level 1:colcon.colcon_core.package_identification:_identify(src/YHS-ROBOT-Description/FR-Robot/FR-mid-description-ros1) by extension 'cmake'
[0.164s] Level 1:colcon.colcon_core.package_identification:_identify(src/YHS-ROBOT-Description/FR-Robot/FR-mid-description-ros1) by extension 'python'
[0.164s] Level 1:colcon.colcon_core.package_identification:_identify(src/YHS-ROBOT-Description/FR-Robot/FR-mid-description-ros1) by extensions ['python_setup_py']
[0.164s] Level 1:colcon.colcon_core.package_identification:_identify(src/YHS-ROBOT-Description/FR-Robot/FR-mid-description-ros1) by extension 'python_setup_py'
[0.164s] Level 1:colcon.colcon_core.package_identification:_identify(src/YHS-ROBOT-Description/FR-Robot/FR-mid-description-ros1/src) by extensions ['ignore', 'ignore_ament_install']
[0.164s] Level 1:colcon.colcon_core.package_identification:_identify(src/YHS-ROBOT-Description/FR-Robot/FR-mid-description-ros1/src) by extension 'ignore'
[0.164s] Level 1:colcon.colcon_core.package_identification:_identify(src/YHS-ROBOT-Description/FR-Robot/FR-mid-description-ros1/src) by extension 'ignore_ament_install'
[0.164s] Level 1:colcon.colcon_core.package_identification:_identify(src/YHS-ROBOT-Description/FR-Robot/FR-mid-description-ros1/src) by extensions ['colcon_pkg']
[0.164s] Level 1:colcon.colcon_core.package_identification:_identify(src/YHS-ROBOT-Description/FR-Robot/FR-mid-description-ros1/src) by extension 'colcon_pkg'
[0.164s] Level 1:colcon.colcon_core.package_identification:_identify(src/YHS-ROBOT-Description/FR-Robot/FR-mid-description-ros1/src) by extensions ['colcon_meta']
[0.164s] Level 1:colcon.colcon_core.package_identification:_identify(src/YHS-ROBOT-Description/FR-Robot/FR-mid-description-ros1/src) by extension 'colcon_meta'
[0.165s] Level 1:colcon.colcon_core.package_identification:_identify(src/YHS-ROBOT-Description/FR-Robot/FR-mid-description-ros1/src) by extensions ['ros']
[0.165s] Level 1:colcon.colcon_core.package_identification:_identify(src/YHS-ROBOT-Description/FR-Robot/FR-mid-description-ros1/src) by extension 'ros'
[0.165s] DEBUG:colcon.colcon_core.package_identification:Package 'src/YHS-ROBOT-Description/FR-Robot/FR-mid-description-ros1/src' with type 'ros.catkin' and name 'yhs_chassis_description'
[0.165s] Level 1:colcon.colcon_core.package_identification:_identify(src/YHS-ROBOT-Description/FR-Robot/FR-mid-description-ros2) by extensions ['ignore', 'ignore_ament_install']
[0.165s] Level 1:colcon.colcon_core.package_identification:_identify(src/YHS-ROBOT-Description/FR-Robot/FR-mid-description-ros2) by extension 'ignore'
[0.165s] Level 1:colcon.colcon_core.package_identification:_identify(src/YHS-ROBOT-Description/FR-Robot/FR-mid-description-ros2) by extension 'ignore_ament_install'
[0.165s] Level 1:colcon.colcon_core.package_identification:_identify(src/YHS-ROBOT-Description/FR-Robot/FR-mid-description-ros2) by extensions ['colcon_pkg']
[0.165s] Level 1:colcon.colcon_core.package_identification:_identify(src/YHS-ROBOT-Description/FR-Robot/FR-mid-description-ros2) by extension 'colcon_pkg'
[0.165s] Level 1:colcon.colcon_core.package_identification:_identify(src/YHS-ROBOT-Description/FR-Robot/FR-mid-description-ros2) by extensions ['colcon_meta']
[0.165s] Level 1:colcon.colcon_core.package_identification:_identify(src/YHS-ROBOT-Description/FR-Robot/FR-mid-description-ros2) by extension 'colcon_meta'
[0.165s] Level 1:colcon.colcon_core.package_identification:_identify(src/YHS-ROBOT-Description/FR-Robot/FR-mid-description-ros2) by extensions ['ros']
[0.165s] Level 1:colcon.colcon_core.package_identification:_identify(src/YHS-ROBOT-Description/FR-Robot/FR-mid-description-ros2) by extension 'ros'
[0.166s] DEBUG:colcon.colcon_core.package_identification:Package 'src/YHS-ROBOT-Description/FR-Robot/FR-mid-description-ros2' with type 'ros.ament_cmake' and name 'yhs_chassis_description'
[0.166s] Level 1:colcon.colcon_core.package_identification:_identify(src/YHS-ROBOT-Description/FW-Robot) by extensions ['ignore', 'ignore_ament_install']
[0.166s] Level 1:colcon.colcon_core.package_identification:_identify(src/YHS-ROBOT-Description/FW-Robot) by extension 'ignore'
[0.166s] Level 1:colcon.colcon_core.package_identification:_identify(src/YHS-ROBOT-Description/FW-Robot) by extension 'ignore_ament_install'
[0.166s] Level 1:colcon.colcon_core.package_identification:_identify(src/YHS-ROBOT-Description/FW-Robot) by extensions ['colcon_pkg']
[0.166s] Level 1:colcon.colcon_core.package_identification:_identify(src/YHS-ROBOT-Description/FW-Robot) by extension 'colcon_pkg'
[0.166s] Level 1:colcon.colcon_core.package_identification:_identify(src/YHS-ROBOT-Description/FW-Robot) by extensions ['colcon_meta']
[0.166s] Level 1:colcon.colcon_core.package_identification:_identify(src/YHS-ROBOT-Description/FW-Robot) by extension 'colcon_meta'
[0.166s] Level 1:colcon.colcon_core.package_identification:_identify(src/YHS-ROBOT-Description/FW-Robot) by extensions ['ros']
[0.166s] Level 1:colcon.colcon_core.package_identification:_identify(src/YHS-ROBOT-Description/FW-Robot) by extension 'ros'
[0.166s] Level 1:colcon.colcon_core.package_identification:_identify(src/YHS-ROBOT-Description/FW-Robot) by extensions ['cmake', 'python']
[0.166s] Level 1:colcon.colcon_core.package_identification:_identify(src/YHS-ROBOT-Description/FW-Robot) by extension 'cmake'
[0.166s] Level 1:colcon.colcon_core.package_identification:_identify(src/YHS-ROBOT-Description/FW-Robot) by extension 'python'
[0.166s] Level 1:colcon.colcon_core.package_identification:_identify(src/YHS-ROBOT-Description/FW-Robot) by extensions ['python_setup_py']
[0.166s] Level 1:colcon.colcon_core.package_identification:_identify(src/YHS-ROBOT-Description/FW-Robot) by extension 'python_setup_py'
[0.166s] Level 1:colcon.colcon_core.package_identification:_identify(src/YHS-ROBOT-Description/FW-Robot/FW-max-description) by extensions ['ignore', 'ignore_ament_install']
[0.166s] Level 1:colcon.colcon_core.package_identification:_identify(src/YHS-ROBOT-Description/FW-Robot/FW-max-description) by extension 'ignore'
[0.166s] Level 1:colcon.colcon_core.package_identification:_identify(src/YHS-ROBOT-Description/FW-Robot/FW-max-description) by extension 'ignore_ament_install'
[0.166s] Level 1:colcon.colcon_core.package_identification:_identify(src/YHS-ROBOT-Description/FW-Robot/FW-max-description) by extensions ['colcon_pkg']
[0.166s] Level 1:colcon.colcon_core.package_identification:_identify(src/YHS-ROBOT-Description/FW-Robot/FW-max-description) by extension 'colcon_pkg'
[0.166s] Level 1:colcon.colcon_core.package_identification:_identify(src/YHS-ROBOT-Description/FW-Robot/FW-max-description) by extensions ['colcon_meta']
[0.166s] Level 1:colcon.colcon_core.package_identification:_identify(src/YHS-ROBOT-Description/FW-Robot/FW-max-description) by extension 'colcon_meta'
[0.166s] Level 1:colcon.colcon_core.package_identification:_identify(src/YHS-ROBOT-Description/FW-Robot/FW-max-description) by extensions ['ros']
[0.166s] Level 1:colcon.colcon_core.package_identification:_identify(src/YHS-ROBOT-Description/FW-Robot/FW-max-description) by extension 'ros'
[0.166s] Level 1:colcon.colcon_core.package_identification:_identify(src/YHS-ROBOT-Description/FW-Robot/FW-max-description) by extensions ['cmake', 'python']
[0.166s] Level 1:colcon.colcon_core.package_identification:_identify(src/YHS-ROBOT-Description/FW-Robot/FW-max-description) by extension 'cmake'
[0.166s] Level 1:colcon.colcon_core.package_identification:_identify(src/YHS-ROBOT-Description/FW-Robot/FW-max-description) by extension 'python'
[0.166s] Level 1:colcon.colcon_core.package_identification:_identify(src/YHS-ROBOT-Description/FW-Robot/FW-max-description) by extensions ['python_setup_py']
[0.166s] Level 1:colcon.colcon_core.package_identification:_identify(src/YHS-ROBOT-Description/FW-Robot/FW-max-description) by extension 'python_setup_py'
[0.166s] Level 1:colcon.colcon_core.package_identification:_identify(src/YHS-ROBOT-Description/FW-Robot/FW-max-description/FW-max-description-ros1) by extensions ['ignore', 'ignore_ament_install']
[0.167s] Level 1:colcon.colcon_core.package_identification:_identify(src/YHS-ROBOT-Description/FW-Robot/FW-max-description/FW-max-description-ros1) by extension 'ignore'
[0.167s] Level 1:colcon.colcon_core.package_identification:_identify(src/YHS-ROBOT-Description/FW-Robot/FW-max-description/FW-max-description-ros1) by extension 'ignore_ament_install'
[0.167s] Level 1:colcon.colcon_core.package_identification:_identify(src/YHS-ROBOT-Description/FW-Robot/FW-max-description/FW-max-description-ros1) by extensions ['colcon_pkg']
[0.167s] Level 1:colcon.colcon_core.package_identification:_identify(src/YHS-ROBOT-Description/FW-Robot/FW-max-description/FW-max-description-ros1) by extension 'colcon_pkg'
[0.167s] Level 1:colcon.colcon_core.package_identification:_identify(src/YHS-ROBOT-Description/FW-Robot/FW-max-description/FW-max-description-ros1) by extensions ['colcon_meta']
[0.167s] Level 1:colcon.colcon_core.package_identification:_identify(src/YHS-ROBOT-Description/FW-Robot/FW-max-description/FW-max-description-ros1) by extension 'colcon_meta'
[0.167s] Level 1:colcon.colcon_core.package_identification:_identify(src/YHS-ROBOT-Description/FW-Robot/FW-max-description/FW-max-description-ros1) by extensions ['ros']
[0.167s] Level 1:colcon.colcon_core.package_identification:_identify(src/YHS-ROBOT-Description/FW-Robot/FW-max-description/FW-max-description-ros1) by extension 'ros'
[0.167s] Level 1:colcon.colcon_core.package_identification:_identify(src/YHS-ROBOT-Description/FW-Robot/FW-max-description/FW-max-description-ros1) by extensions ['cmake', 'python']
[0.167s] Level 1:colcon.colcon_core.package_identification:_identify(src/YHS-ROBOT-Description/FW-Robot/FW-max-description/FW-max-description-ros1) by extension 'cmake'
[0.167s] Level 1:colcon.colcon_core.package_identification:_identify(src/YHS-ROBOT-Description/FW-Robot/FW-max-description/FW-max-description-ros1) by extension 'python'
[0.167s] Level 1:colcon.colcon_core.package_identification:_identify(src/YHS-ROBOT-Description/FW-Robot/FW-max-description/FW-max-description-ros1) by extensions ['python_setup_py']
[0.167s] Level 1:colcon.colcon_core.package_identification:_identify(src/YHS-ROBOT-Description/FW-Robot/FW-max-description/FW-max-description-ros1) by extension 'python_setup_py'
[0.167s] Level 1:colcon.colcon_core.package_identification:_identify(src/YHS-ROBOT-Description/FW-Robot/FW-max-description/FW-max-description-ros1/src) by extensions ['ignore', 'ignore_ament_install']
[0.167s] Level 1:colcon.colcon_core.package_identification:_identify(src/YHS-ROBOT-Description/FW-Robot/FW-max-description/FW-max-description-ros1/src) by extension 'ignore'
[0.167s] Level 1:colcon.colcon_core.package_identification:_identify(src/YHS-ROBOT-Description/FW-Robot/FW-max-description/FW-max-description-ros1/src) by extension 'ignore_ament_install'
[0.167s] Level 1:colcon.colcon_core.package_identification:_identify(src/YHS-ROBOT-Description/FW-Robot/FW-max-description/FW-max-description-ros1/src) by extensions ['colcon_pkg']
[0.167s] Level 1:colcon.colcon_core.package_identification:_identify(src/YHS-ROBOT-Description/FW-Robot/FW-max-description/FW-max-description-ros1/src) by extension 'colcon_pkg'
[0.167s] Level 1:colcon.colcon_core.package_identification:_identify(src/YHS-ROBOT-Description/FW-Robot/FW-max-description/FW-max-description-ros1/src) by extensions ['colcon_meta']
[0.167s] Level 1:colcon.colcon_core.package_identification:_identify(src/YHS-ROBOT-Description/FW-Robot/FW-max-description/FW-max-description-ros1/src) by extension 'colcon_meta'
[0.167s] Level 1:colcon.colcon_core.package_identification:_identify(src/YHS-ROBOT-Description/FW-Robot/FW-max-description/FW-max-description-ros1/src) by extensions ['ros']
[0.167s] Level 1:colcon.colcon_core.package_identification:_identify(src/YHS-ROBOT-Description/FW-Robot/FW-max-description/FW-max-description-ros1/src) by extension 'ros'
[0.167s] DEBUG:colcon.colcon_core.package_identification:Package 'src/YHS-ROBOT-Description/FW-Robot/FW-max-description/FW-max-description-ros1/src' with type 'ros.catkin' and name 'yhs_chassis_description'
[0.168s] Level 1:colcon.colcon_core.package_identification:_identify(src/YHS-ROBOT-Description/FW-Robot/FW-max-description/FW-max-description-ros2) by extensions ['ignore', 'ignore_ament_install']
[0.168s] Level 1:colcon.colcon_core.package_identification:_identify(src/YHS-ROBOT-Description/FW-Robot/FW-max-description/FW-max-description-ros2) by extension 'ignore'
[0.168s] Level 1:colcon.colcon_core.package_identification:_identify(src/YHS-ROBOT-Description/FW-Robot/FW-max-description/FW-max-description-ros2) by extension 'ignore_ament_install'
[0.168s] Level 1:colcon.colcon_core.package_identification:_identify(src/YHS-ROBOT-Description/FW-Robot/FW-max-description/FW-max-description-ros2) by extensions ['colcon_pkg']
[0.168s] Level 1:colcon.colcon_core.package_identification:_identify(src/YHS-ROBOT-Description/FW-Robot/FW-max-description/FW-max-description-ros2) by extension 'colcon_pkg'
[0.168s] Level 1:colcon.colcon_core.package_identification:_identify(src/YHS-ROBOT-Description/FW-Robot/FW-max-description/FW-max-description-ros2) by extensions ['colcon_meta']
[0.168s] Level 1:colcon.colcon_core.package_identification:_identify(src/YHS-ROBOT-Description/FW-Robot/FW-max-description/FW-max-description-ros2) by extension 'colcon_meta'
[0.168s] Level 1:colcon.colcon_core.package_identification:_identify(src/YHS-ROBOT-Description/FW-Robot/FW-max-description/FW-max-description-ros2) by extensions ['ros']
[0.168s] Level 1:colcon.colcon_core.package_identification:_identify(src/YHS-ROBOT-Description/FW-Robot/FW-max-description/FW-max-description-ros2) by extension 'ros'
[0.168s] DEBUG:colcon.colcon_core.package_identification:Package 'src/YHS-ROBOT-Description/FW-Robot/FW-max-description/FW-max-description-ros2' with type 'ros.ament_cmake' and name 'yhs_chassis_description'
[0.168s] Level 1:colcon.colcon_core.package_identification:_identify(src/YHS-ROBOT-Description/FW-Robot/FW-mid-description) by extensions ['ignore', 'ignore_ament_install']
[0.168s] Level 1:colcon.colcon_core.package_identification:_identify(src/YHS-ROBOT-Description/FW-Robot/FW-mid-description) by extension 'ignore'
[0.168s] Level 1:colcon.colcon_core.package_identification:_identify(src/YHS-ROBOT-Description/FW-Robot/FW-mid-description) by extension 'ignore_ament_install'
[0.168s] Level 1:colcon.colcon_core.package_identification:_identify(src/YHS-ROBOT-Description/FW-Robot/FW-mid-description) by extensions ['colcon_pkg']
[0.168s] Level 1:colcon.colcon_core.package_identification:_identify(src/YHS-ROBOT-Description/FW-Robot/FW-mid-description) by extension 'colcon_pkg'
[0.168s] Level 1:colcon.colcon_core.package_identification:_identify(src/YHS-ROBOT-Description/FW-Robot/FW-mid-description) by extensions ['colcon_meta']
[0.168s] Level 1:colcon.colcon_core.package_identification:_identify(src/YHS-ROBOT-Description/FW-Robot/FW-mid-description) by extension 'colcon_meta'
[0.168s] Level 1:colcon.colcon_core.package_identification:_identify(src/YHS-ROBOT-Description/FW-Robot/FW-mid-description) by extensions ['ros']
[0.168s] Level 1:colcon.colcon_core.package_identification:_identify(src/YHS-ROBOT-Description/FW-Robot/FW-mid-description) by extension 'ros'
[0.168s] Level 1:colcon.colcon_core.package_identification:_identify(src/YHS-ROBOT-Description/FW-Robot/FW-mid-description) by extensions ['cmake', 'python']
[0.168s] Level 1:colcon.colcon_core.package_identification:_identify(src/YHS-ROBOT-Description/FW-Robot/FW-mid-description) by extension 'cmake'
[0.169s] Level 1:colcon.colcon_core.package_identification:_identify(src/YHS-ROBOT-Description/FW-Robot/FW-mid-description) by extension 'python'
[0.169s] Level 1:colcon.colcon_core.package_identification:_identify(src/YHS-ROBOT-Description/FW-Robot/FW-mid-description) by extensions ['python_setup_py']
[0.169s] Level 1:colcon.colcon_core.package_identification:_identify(src/YHS-ROBOT-Description/FW-Robot/FW-mid-description) by extension 'python_setup_py'
[0.169s] Level 1:colcon.colcon_core.package_identification:_identify(src/YHS-ROBOT-Description/FW-Robot/FW-mid-description/FW-mid-description-ros1) by extensions ['ignore', 'ignore_ament_install']
[0.169s] Level 1:colcon.colcon_core.package_identification:_identify(src/YHS-ROBOT-Description/FW-Robot/FW-mid-description/FW-mid-description-ros1) by extension 'ignore'
[0.169s] Level 1:colcon.colcon_core.package_identification:_identify(src/YHS-ROBOT-Description/FW-Robot/FW-mid-description/FW-mid-description-ros1) by extension 'ignore_ament_install'
[0.169s] Level 1:colcon.colcon_core.package_identification:_identify(src/YHS-ROBOT-Description/FW-Robot/FW-mid-description/FW-mid-description-ros1) by extensions ['colcon_pkg']
[0.169s] Level 1:colcon.colcon_core.package_identification:_identify(src/YHS-ROBOT-Description/FW-Robot/FW-mid-description/FW-mid-description-ros1) by extension 'colcon_pkg'
[0.169s] Level 1:colcon.colcon_core.package_identification:_identify(src/YHS-ROBOT-Description/FW-Robot/FW-mid-description/FW-mid-description-ros1) by extensions ['colcon_meta']
[0.169s] Level 1:colcon.colcon_core.package_identification:_identify(src/YHS-ROBOT-Description/FW-Robot/FW-mid-description/FW-mid-description-ros1) by extension 'colcon_meta'
[0.169s] Level 1:colcon.colcon_core.package_identification:_identify(src/YHS-ROBOT-Description/FW-Robot/FW-mid-description/FW-mid-description-ros1) by extensions ['ros']
[0.169s] Level 1:colcon.colcon_core.package_identification:_identify(src/YHS-ROBOT-Description/FW-Robot/FW-mid-description/FW-mid-description-ros1) by extension 'ros'
[0.169s] Level 1:colcon.colcon_core.package_identification:_identify(src/YHS-ROBOT-Description/FW-Robot/FW-mid-description/FW-mid-description-ros1) by extensions ['cmake', 'python']
[0.169s] Level 1:colcon.colcon_core.package_identification:_identify(src/YHS-ROBOT-Description/FW-Robot/FW-mid-description/FW-mid-description-ros1) by extension 'cmake'
[0.169s] Level 1:colcon.colcon_core.package_identification:_identify(src/YHS-ROBOT-Description/FW-Robot/FW-mid-description/FW-mid-description-ros1) by extension 'python'
[0.169s] Level 1:colcon.colcon_core.package_identification:_identify(src/YHS-ROBOT-Description/FW-Robot/FW-mid-description/FW-mid-description-ros1) by extensions ['python_setup_py']
[0.169s] Level 1:colcon.colcon_core.package_identification:_identify(src/YHS-ROBOT-Description/FW-Robot/FW-mid-description/FW-mid-description-ros1) by extension 'python_setup_py'
[0.169s] Level 1:colcon.colcon_core.package_identification:_identify(src/YHS-ROBOT-Description/FW-Robot/FW-mid-description/FW-mid-description-ros1/src) by extensions ['ignore', 'ignore_ament_install']
[0.169s] Level 1:colcon.colcon_core.package_identification:_identify(src/YHS-ROBOT-Description/FW-Robot/FW-mid-description/FW-mid-description-ros1/src) by extension 'ignore'
[0.169s] Level 1:colcon.colcon_core.package_identification:_identify(src/YHS-ROBOT-Description/FW-Robot/FW-mid-description/FW-mid-description-ros1/src) by extension 'ignore_ament_install'
[0.169s] Level 1:colcon.colcon_core.package_identification:_identify(src/YHS-ROBOT-Description/FW-Robot/FW-mid-description/FW-mid-description-ros1/src) by extensions ['colcon_pkg']
[0.169s] Level 1:colcon.colcon_core.package_identification:_identify(src/YHS-ROBOT-Description/FW-Robot/FW-mid-description/FW-mid-description-ros1/src) by extension 'colcon_pkg'
[0.169s] Level 1:colcon.colcon_core.package_identification:_identify(src/YHS-ROBOT-Description/FW-Robot/FW-mid-description/FW-mid-description-ros1/src) by extensions ['colcon_meta']
[0.169s] Level 1:colcon.colcon_core.package_identification:_identify(src/YHS-ROBOT-Description/FW-Robot/FW-mid-description/FW-mid-description-ros1/src) by extension 'colcon_meta'
[0.169s] Level 1:colcon.colcon_core.package_identification:_identify(src/YHS-ROBOT-Description/FW-Robot/FW-mid-description/FW-mid-description-ros1/src) by extensions ['ros']
[0.169s] Level 1:colcon.colcon_core.package_identification:_identify(src/YHS-ROBOT-Description/FW-Robot/FW-mid-description/FW-mid-description-ros1/src) by extension 'ros'
[0.170s] DEBUG:colcon.colcon_core.package_identification:Package 'src/YHS-ROBOT-Description/FW-Robot/FW-mid-description/FW-mid-description-ros1/src' with type 'ros.catkin' and name 'yhs_chassis_description'
[0.170s] Level 1:colcon.colcon_core.package_identification:_identify(src/YHS-ROBOT-Description/FW-Robot/FW-mid-description/FW-mid-description-ros2) by extensions ['ignore', 'ignore_ament_install']
[0.170s] Level 1:colcon.colcon_core.package_identification:_identify(src/YHS-ROBOT-Description/FW-Robot/FW-mid-description/FW-mid-description-ros2) by extension 'ignore'
[0.170s] Level 1:colcon.colcon_core.package_identification:_identify(src/YHS-ROBOT-Description/FW-Robot/FW-mid-description/FW-mid-description-ros2) by extension 'ignore_ament_install'
[0.170s] Level 1:colcon.colcon_core.package_identification:_identify(src/YHS-ROBOT-Description/FW-Robot/FW-mid-description/FW-mid-description-ros2) by extensions ['colcon_pkg']
[0.170s] Level 1:colcon.colcon_core.package_identification:_identify(src/YHS-ROBOT-Description/FW-Robot/FW-mid-description/FW-mid-description-ros2) by extension 'colcon_pkg'
[0.170s] Level 1:colcon.colcon_core.package_identification:_identify(src/YHS-ROBOT-Description/FW-Robot/FW-mid-description/FW-mid-description-ros2) by extensions ['colcon_meta']
[0.170s] Level 1:colcon.colcon_core.package_identification:_identify(src/YHS-ROBOT-Description/FW-Robot/FW-mid-description/FW-mid-description-ros2) by extension 'colcon_meta'
[0.170s] Level 1:colcon.colcon_core.package_identification:_identify(src/YHS-ROBOT-Description/FW-Robot/FW-mid-description/FW-mid-description-ros2) by extensions ['ros']
[0.170s] Level 1:colcon.colcon_core.package_identification:_identify(src/YHS-ROBOT-Description/FW-Robot/FW-mid-description/FW-mid-description-ros2) by extension 'ros'
[0.170s] DEBUG:colcon.colcon_core.package_identification:Package 'src/YHS-ROBOT-Description/FW-Robot/FW-mid-description/FW-mid-description-ros2' with type 'ros.ament_cmake' and name 'yhs_chassis_description'
[0.170s] Level 1:colcon.colcon_core.package_identification:_identify(src/YHS-ROBOT-Description/FW-Robot/FW-mini-description) by extensions ['ignore', 'ignore_ament_install']
[0.170s] Level 1:colcon.colcon_core.package_identification:_identify(src/YHS-ROBOT-Description/FW-Robot/FW-mini-description) by extension 'ignore'
[0.170s] Level 1:colcon.colcon_core.package_identification:_identify(src/YHS-ROBOT-Description/FW-Robot/FW-mini-description) by extension 'ignore_ament_install'
[0.171s] Level 1:colcon.colcon_core.package_identification:_identify(src/YHS-ROBOT-Description/FW-Robot/FW-mini-description) by extensions ['colcon_pkg']
[0.171s] Level 1:colcon.colcon_core.package_identification:_identify(src/YHS-ROBOT-Description/FW-Robot/FW-mini-description) by extension 'colcon_pkg'
[0.171s] Level 1:colcon.colcon_core.package_identification:_identify(src/YHS-ROBOT-Description/FW-Robot/FW-mini-description) by extensions ['colcon_meta']
[0.171s] Level 1:colcon.colcon_core.package_identification:_identify(src/YHS-ROBOT-Description/FW-Robot/FW-mini-description) by extension 'colcon_meta'
[0.171s] Level 1:colcon.colcon_core.package_identification:_identify(src/YHS-ROBOT-Description/FW-Robot/FW-mini-description) by extensions ['ros']
[0.171s] Level 1:colcon.colcon_core.package_identification:_identify(src/YHS-ROBOT-Description/FW-Robot/FW-mini-description) by extension 'ros'
[0.171s] Level 1:colcon.colcon_core.package_identification:_identify(src/YHS-ROBOT-Description/FW-Robot/FW-mini-description) by extensions ['cmake', 'python']
[0.171s] Level 1:colcon.colcon_core.package_identification:_identify(src/YHS-ROBOT-Description/FW-Robot/FW-mini-description) by extension 'cmake'
[0.171s] Level 1:colcon.colcon_core.package_identification:_identify(src/YHS-ROBOT-Description/FW-Robot/FW-mini-description) by extension 'python'
[0.171s] Level 1:colcon.colcon_core.package_identification:_identify(src/YHS-ROBOT-Description/FW-Robot/FW-mini-description) by extensions ['python_setup_py']
[0.171s] Level 1:colcon.colcon_core.package_identification:_identify(src/YHS-ROBOT-Description/FW-Robot/FW-mini-description) by extension 'python_setup_py'
[0.171s] Level 1:colcon.colcon_core.package_identification:_identify(src/YHS-ROBOT-Description/FW-Robot/FW-mini-description/FW-mini-description-ros1) by extensions ['ignore', 'ignore_ament_install']
[0.171s] Level 1:colcon.colcon_core.package_identification:_identify(src/YHS-ROBOT-Description/FW-Robot/FW-mini-description/FW-mini-description-ros1) by extension 'ignore'
[0.171s] Level 1:colcon.colcon_core.package_identification:_identify(src/YHS-ROBOT-Description/FW-Robot/FW-mini-description/FW-mini-description-ros1) by extension 'ignore_ament_install'
[0.171s] Level 1:colcon.colcon_core.package_identification:_identify(src/YHS-ROBOT-Description/FW-Robot/FW-mini-description/FW-mini-description-ros1) by extensions ['colcon_pkg']
[0.171s] Level 1:colcon.colcon_core.package_identification:_identify(src/YHS-ROBOT-Description/FW-Robot/FW-mini-description/FW-mini-description-ros1) by extension 'colcon_pkg'
[0.171s] Level 1:colcon.colcon_core.package_identification:_identify(src/YHS-ROBOT-Description/FW-Robot/FW-mini-description/FW-mini-description-ros1) by extensions ['colcon_meta']
[0.171s] Level 1:colcon.colcon_core.package_identification:_identify(src/YHS-ROBOT-Description/FW-Robot/FW-mini-description/FW-mini-description-ros1) by extension 'colcon_meta'
[0.171s] Level 1:colcon.colcon_core.package_identification:_identify(src/YHS-ROBOT-Description/FW-Robot/FW-mini-description/FW-mini-description-ros1) by extensions ['ros']
[0.171s] Level 1:colcon.colcon_core.package_identification:_identify(src/YHS-ROBOT-Description/FW-Robot/FW-mini-description/FW-mini-description-ros1) by extension 'ros'
[0.171s] Level 1:colcon.colcon_core.package_identification:_identify(src/YHS-ROBOT-Description/FW-Robot/FW-mini-description/FW-mini-description-ros1) by extensions ['cmake', 'python']
[0.171s] Level 1:colcon.colcon_core.package_identification:_identify(src/YHS-ROBOT-Description/FW-Robot/FW-mini-description/FW-mini-description-ros1) by extension 'cmake'
[0.171s] Level 1:colcon.colcon_core.package_identification:_identify(src/YHS-ROBOT-Description/FW-Robot/FW-mini-description/FW-mini-description-ros1) by extension 'python'
[0.171s] Level 1:colcon.colcon_core.package_identification:_identify(src/YHS-ROBOT-Description/FW-Robot/FW-mini-description/FW-mini-description-ros1) by extensions ['python_setup_py']
[0.171s] Level 1:colcon.colcon_core.package_identification:_identify(src/YHS-ROBOT-Description/FW-Robot/FW-mini-description/FW-mini-description-ros1) by extension 'python_setup_py'
[0.171s] Level 1:colcon.colcon_core.package_identification:_identify(src/YHS-ROBOT-Description/FW-Robot/FW-mini-description/FW-mini-description-ros1/src) by extensions ['ignore', 'ignore_ament_install']
[0.171s] Level 1:colcon.colcon_core.package_identification:_identify(src/YHS-ROBOT-Description/FW-Robot/FW-mini-description/FW-mini-description-ros1/src) by extension 'ignore'
[0.171s] Level 1:colcon.colcon_core.package_identification:_identify(src/YHS-ROBOT-Description/FW-Robot/FW-mini-description/FW-mini-description-ros1/src) by extension 'ignore_ament_install'
[0.171s] Level 1:colcon.colcon_core.package_identification:_identify(src/YHS-ROBOT-Description/FW-Robot/FW-mini-description/FW-mini-description-ros1/src) by extensions ['colcon_pkg']
[0.171s] Level 1:colcon.colcon_core.package_identification:_identify(src/YHS-ROBOT-Description/FW-Robot/FW-mini-description/FW-mini-description-ros1/src) by extension 'colcon_pkg'
[0.171s] Level 1:colcon.colcon_core.package_identification:_identify(src/YHS-ROBOT-Description/FW-Robot/FW-mini-description/FW-mini-description-ros1/src) by extensions ['colcon_meta']
[0.171s] Level 1:colcon.colcon_core.package_identification:_identify(src/YHS-ROBOT-Description/FW-Robot/FW-mini-description/FW-mini-description-ros1/src) by extension 'colcon_meta'
[0.171s] Level 1:colcon.colcon_core.package_identification:_identify(src/YHS-ROBOT-Description/FW-Robot/FW-mini-description/FW-mini-description-ros1/src) by extensions ['ros']
[0.171s] Level 1:colcon.colcon_core.package_identification:_identify(src/YHS-ROBOT-Description/FW-Robot/FW-mini-description/FW-mini-description-ros1/src) by extension 'ros'
[0.172s] DEBUG:colcon.colcon_core.package_identification:Package 'src/YHS-ROBOT-Description/FW-Robot/FW-mini-description/FW-mini-description-ros1/src' with type 'ros.catkin' and name 'yhs_chassis_description'
[0.172s] Level 1:colcon.colcon_core.package_identification:_identify(src/YHS-ROBOT-Description/FW-Robot/FW-mini-description/FW-mini-description-ros2) by extensions ['ignore', 'ignore_ament_install']
[0.172s] Level 1:colcon.colcon_core.package_identification:_identify(src/YHS-ROBOT-Description/FW-Robot/FW-mini-description/FW-mini-description-ros2) by extension 'ignore'
[0.172s] Level 1:colcon.colcon_core.package_identification:_identify(src/YHS-ROBOT-Description/FW-Robot/FW-mini-description/FW-mini-description-ros2) by extension 'ignore_ament_install'
[0.172s] Level 1:colcon.colcon_core.package_identification:_identify(src/YHS-ROBOT-Description/FW-Robot/FW-mini-description/FW-mini-description-ros2) by extensions ['colcon_pkg']
[0.172s] Level 1:colcon.colcon_core.package_identification:_identify(src/YHS-ROBOT-Description/FW-Robot/FW-mini-description/FW-mini-description-ros2) by extension 'colcon_pkg'
[0.172s] Level 1:colcon.colcon_core.package_identification:_identify(src/YHS-ROBOT-Description/FW-Robot/FW-mini-description/FW-mini-description-ros2) by extensions ['colcon_meta']
[0.172s] Level 1:colcon.colcon_core.package_identification:_identify(src/YHS-ROBOT-Description/FW-Robot/FW-mini-description/FW-mini-description-ros2) by extension 'colcon_meta'
[0.172s] Level 1:colcon.colcon_core.package_identification:_identify(src/YHS-ROBOT-Description/FW-Robot/FW-mini-description/FW-mini-description-ros2) by extensions ['ros']
[0.172s] Level 1:colcon.colcon_core.package_identification:_identify(src/YHS-ROBOT-Description/FW-Robot/FW-mini-description/FW-mini-description-ros2) by extension 'ros'
[0.172s] DEBUG:colcon.colcon_core.package_identification:Package 'src/YHS-ROBOT-Description/FW-Robot/FW-mini-description/FW-mini-description-ros2' with type 'ros.ament_cmake' and name 'yhs_chassis_description'
[0.173s] Level 1:colcon.colcon_core.package_identification:_identify(src/YHS-ROBOT-Description/MK-Robot) by extensions ['ignore', 'ignore_ament_install']
[0.173s] Level 1:colcon.colcon_core.package_identification:_identify(src/YHS-ROBOT-Description/MK-Robot) by extension 'ignore'
[0.173s] Level 1:colcon.colcon_core.package_identification:_identify(src/YHS-ROBOT-Description/MK-Robot) by extension 'ignore_ament_install'
[0.173s] Level 1:colcon.colcon_core.package_identification:_identify(src/YHS-ROBOT-Description/MK-Robot) by extensions ['colcon_pkg']
[0.173s] Level 1:colcon.colcon_core.package_identification:_identify(src/YHS-ROBOT-Description/MK-Robot) by extension 'colcon_pkg'
[0.173s] Level 1:colcon.colcon_core.package_identification:_identify(src/YHS-ROBOT-Description/MK-Robot) by extensions ['colcon_meta']
[0.173s] Level 1:colcon.colcon_core.package_identification:_identify(src/YHS-ROBOT-Description/MK-Robot) by extension 'colcon_meta'
[0.173s] Level 1:colcon.colcon_core.package_identification:_identify(src/YHS-ROBOT-Description/MK-Robot) by extensions ['ros']
[0.173s] Level 1:colcon.colcon_core.package_identification:_identify(src/YHS-ROBOT-Description/MK-Robot) by extension 'ros'
[0.173s] Level 1:colcon.colcon_core.package_identification:_identify(src/YHS-ROBOT-Description/MK-Robot) by extensions ['cmake', 'python']
[0.173s] Level 1:colcon.colcon_core.package_identification:_identify(src/YHS-ROBOT-Description/MK-Robot) by extension 'cmake'
[0.173s] Level 1:colcon.colcon_core.package_identification:_identify(src/YHS-ROBOT-Description/MK-Robot) by extension 'python'
[0.173s] Level 1:colcon.colcon_core.package_identification:_identify(src/YHS-ROBOT-Description/MK-Robot) by extensions ['python_setup_py']
[0.173s] Level 1:colcon.colcon_core.package_identification:_identify(src/YHS-ROBOT-Description/MK-Robot) by extension 'python_setup_py'
[0.173s] Level 1:colcon.colcon_core.package_identification:_identify(src/YHS-ROBOT-Description/MK-Robot/MK-mid-description-ros1) by extensions ['ignore', 'ignore_ament_install']
[0.173s] Level 1:colcon.colcon_core.package_identification:_identify(src/YHS-ROBOT-Description/MK-Robot/MK-mid-description-ros1) by extension 'ignore'
[0.173s] Level 1:colcon.colcon_core.package_identification:_identify(src/YHS-ROBOT-Description/MK-Robot/MK-mid-description-ros1) by extension 'ignore_ament_install'
[0.173s] Level 1:colcon.colcon_core.package_identification:_identify(src/YHS-ROBOT-Description/MK-Robot/MK-mid-description-ros1) by extensions ['colcon_pkg']
[0.173s] Level 1:colcon.colcon_core.package_identification:_identify(src/YHS-ROBOT-Description/MK-Robot/MK-mid-description-ros1) by extension 'colcon_pkg'
[0.173s] Level 1:colcon.colcon_core.package_identification:_identify(src/YHS-ROBOT-Description/MK-Robot/MK-mid-description-ros1) by extensions ['colcon_meta']
[0.173s] Level 1:colcon.colcon_core.package_identification:_identify(src/YHS-ROBOT-Description/MK-Robot/MK-mid-description-ros1) by extension 'colcon_meta'
[0.173s] Level 1:colcon.colcon_core.package_identification:_identify(src/YHS-ROBOT-Description/MK-Robot/MK-mid-description-ros1) by extensions ['ros']
[0.173s] Level 1:colcon.colcon_core.package_identification:_identify(src/YHS-ROBOT-Description/MK-Robot/MK-mid-description-ros1) by extension 'ros'
[0.173s] Level 1:colcon.colcon_core.package_identification:_identify(src/YHS-ROBOT-Description/MK-Robot/MK-mid-description-ros1) by extensions ['cmake', 'python']
[0.173s] Level 1:colcon.colcon_core.package_identification:_identify(src/YHS-ROBOT-Description/MK-Robot/MK-mid-description-ros1) by extension 'cmake'
[0.173s] Level 1:colcon.colcon_core.package_identification:_identify(src/YHS-ROBOT-Description/MK-Robot/MK-mid-description-ros1) by extension 'python'
[0.173s] Level 1:colcon.colcon_core.package_identification:_identify(src/YHS-ROBOT-Description/MK-Robot/MK-mid-description-ros1) by extensions ['python_setup_py']
[0.173s] Level 1:colcon.colcon_core.package_identification:_identify(src/YHS-ROBOT-Description/MK-Robot/MK-mid-description-ros1) by extension 'python_setup_py'
[0.173s] Level 1:colcon.colcon_core.package_identification:_identify(src/YHS-ROBOT-Description/MK-Robot/MK-mid-description-ros1/src) by extensions ['ignore', 'ignore_ament_install']
[0.173s] Level 1:colcon.colcon_core.package_identification:_identify(src/YHS-ROBOT-Description/MK-Robot/MK-mid-description-ros1/src) by extension 'ignore'
[0.173s] Level 1:colcon.colcon_core.package_identification:_identify(src/YHS-ROBOT-Description/MK-Robot/MK-mid-description-ros1/src) by extension 'ignore_ament_install'
[0.174s] Level 1:colcon.colcon_core.package_identification:_identify(src/YHS-ROBOT-Description/MK-Robot/MK-mid-description-ros1/src) by extensions ['colcon_pkg']
[0.174s] Level 1:colcon.colcon_core.package_identification:_identify(src/YHS-ROBOT-Description/MK-Robot/MK-mid-description-ros1/src) by extension 'colcon_pkg'
[0.174s] Level 1:colcon.colcon_core.package_identification:_identify(src/YHS-ROBOT-Description/MK-Robot/MK-mid-description-ros1/src) by extensions ['colcon_meta']
[0.174s] Level 1:colcon.colcon_core.package_identification:_identify(src/YHS-ROBOT-Description/MK-Robot/MK-mid-description-ros1/src) by extension 'colcon_meta'
[0.174s] Level 1:colcon.colcon_core.package_identification:_identify(src/YHS-ROBOT-Description/MK-Robot/MK-mid-description-ros1/src) by extensions ['ros']
[0.174s] Level 1:colcon.colcon_core.package_identification:_identify(src/YHS-ROBOT-Description/MK-Robot/MK-mid-description-ros1/src) by extension 'ros'
[0.174s] DEBUG:colcon.colcon_core.package_identification:Package 'src/YHS-ROBOT-Description/MK-Robot/MK-mid-description-ros1/src' with type 'ros.catkin' and name 'yhs_chassis_description'
[0.174s] Level 1:colcon.colcon_core.package_identification:_identify(src/YHS-ROBOT-Description/MK-Robot/MK-mid-description-ros2) by extensions ['ignore', 'ignore_ament_install']
[0.174s] Level 1:colcon.colcon_core.package_identification:_identify(src/YHS-ROBOT-Description/MK-Robot/MK-mid-description-ros2) by extension 'ignore'
[0.174s] Level 1:colcon.colcon_core.package_identification:_identify(src/YHS-ROBOT-Description/MK-Robot/MK-mid-description-ros2) by extension 'ignore_ament_install'
[0.174s] Level 1:colcon.colcon_core.package_identification:_identify(src/YHS-ROBOT-Description/MK-Robot/MK-mid-description-ros2) by extensions ['colcon_pkg']
[0.174s] Level 1:colcon.colcon_core.package_identification:_identify(src/YHS-ROBOT-Description/MK-Robot/MK-mid-description-ros2) by extension 'colcon_pkg'
[0.174s] Level 1:colcon.colcon_core.package_identification:_identify(src/YHS-ROBOT-Description/MK-Robot/MK-mid-description-ros2) by extensions ['colcon_meta']
[0.174s] Level 1:colcon.colcon_core.package_identification:_identify(src/YHS-ROBOT-Description/MK-Robot/MK-mid-description-ros2) by extension 'colcon_meta'
[0.174s] Level 1:colcon.colcon_core.package_identification:_identify(src/YHS-ROBOT-Description/MK-Robot/MK-mid-description-ros2) by extensions ['ros']
[0.174s] Level 1:colcon.colcon_core.package_identification:_identify(src/YHS-ROBOT-Description/MK-Robot/MK-mid-description-ros2) by extension 'ros'
[0.175s] DEBUG:colcon.colcon_core.package_identification:Package 'src/YHS-ROBOT-Description/MK-Robot/MK-mid-description-ros2' with type 'ros.ament_cmake' and name 'yhs_chassis_description'
[0.175s] Level 1:colcon.colcon_core.package_identification:_identify(src/YHS-ROBOT-Description/MK-Robot/MK-mini-description-ros1) by extensions ['ignore', 'ignore_ament_install']
[0.175s] Level 1:colcon.colcon_core.package_identification:_identify(src/YHS-ROBOT-Description/MK-Robot/MK-mini-description-ros1) by extension 'ignore'
[0.175s] Level 1:colcon.colcon_core.package_identification:_identify(src/YHS-ROBOT-Description/MK-Robot/MK-mini-description-ros1) by extension 'ignore_ament_install'
[0.175s] Level 1:colcon.colcon_core.package_identification:_identify(src/YHS-ROBOT-Description/MK-Robot/MK-mini-description-ros1) by extensions ['colcon_pkg']
[0.175s] Level 1:colcon.colcon_core.package_identification:_identify(src/YHS-ROBOT-Description/MK-Robot/MK-mini-description-ros1) by extension 'colcon_pkg'
[0.175s] Level 1:colcon.colcon_core.package_identification:_identify(src/YHS-ROBOT-Description/MK-Robot/MK-mini-description-ros1) by extensions ['colcon_meta']
[0.175s] Level 1:colcon.colcon_core.package_identification:_identify(src/YHS-ROBOT-Description/MK-Robot/MK-mini-description-ros1) by extension 'colcon_meta'
[0.175s] Level 1:colcon.colcon_core.package_identification:_identify(src/YHS-ROBOT-Description/MK-Robot/MK-mini-description-ros1) by extensions ['ros']
[0.175s] Level 1:colcon.colcon_core.package_identification:_identify(src/YHS-ROBOT-Description/MK-Robot/MK-mini-description-ros1) by extension 'ros'
[0.175s] Level 1:colcon.colcon_core.package_identification:_identify(src/YHS-ROBOT-Description/MK-Robot/MK-mini-description-ros1) by extensions ['cmake', 'python']
[0.175s] Level 1:colcon.colcon_core.package_identification:_identify(src/YHS-ROBOT-Description/MK-Robot/MK-mini-description-ros1) by extension 'cmake'
[0.175s] Level 1:colcon.colcon_core.package_identification:_identify(src/YHS-ROBOT-Description/MK-Robot/MK-mini-description-ros1) by extension 'python'
[0.175s] Level 1:colcon.colcon_core.package_identification:_identify(src/YHS-ROBOT-Description/MK-Robot/MK-mini-description-ros1) by extensions ['python_setup_py']
[0.175s] Level 1:colcon.colcon_core.package_identification:_identify(src/YHS-ROBOT-Description/MK-Robot/MK-mini-description-ros1) by extension 'python_setup_py'
[0.175s] Level 1:colcon.colcon_core.package_identification:_identify(src/YHS-ROBOT-Description/MK-Robot/MK-mini-description-ros1/src) by extensions ['ignore', 'ignore_ament_install']
[0.175s] Level 1:colcon.colcon_core.package_identification:_identify(src/YHS-ROBOT-Description/MK-Robot/MK-mini-description-ros1/src) by extension 'ignore'
[0.175s] Level 1:colcon.colcon_core.package_identification:_identify(src/YHS-ROBOT-Description/MK-Robot/MK-mini-description-ros1/src) by extension 'ignore_ament_install'
[0.175s] Level 1:colcon.colcon_core.package_identification:_identify(src/YHS-ROBOT-Description/MK-Robot/MK-mini-description-ros1/src) by extensions ['colcon_pkg']
[0.175s] Level 1:colcon.colcon_core.package_identification:_identify(src/YHS-ROBOT-Description/MK-Robot/MK-mini-description-ros1/src) by extension 'colcon_pkg'
[0.175s] Level 1:colcon.colcon_core.package_identification:_identify(src/YHS-ROBOT-Description/MK-Robot/MK-mini-description-ros1/src) by extensions ['colcon_meta']
[0.175s] Level 1:colcon.colcon_core.package_identification:_identify(src/YHS-ROBOT-Description/MK-Robot/MK-mini-description-ros1/src) by extension 'colcon_meta'
[0.175s] Level 1:colcon.colcon_core.package_identification:_identify(src/YHS-ROBOT-Description/MK-Robot/MK-mini-description-ros1/src) by extensions ['ros']
[0.175s] Level 1:colcon.colcon_core.package_identification:_identify(src/YHS-ROBOT-Description/MK-Robot/MK-mini-description-ros1/src) by extension 'ros'
[0.176s] DEBUG:colcon.colcon_core.package_identification:Package 'src/YHS-ROBOT-Description/MK-Robot/MK-mini-description-ros1/src' with type 'ros.catkin' and name 'yhs_chassis_description'
[0.176s] Level 1:colcon.colcon_core.package_identification:_identify(src/YHS-ROBOT-Description/MK-Robot/MK-mini-description-ros2) by extensions ['ignore', 'ignore_ament_install']
[0.176s] Level 1:colcon.colcon_core.package_identification:_identify(src/YHS-ROBOT-Description/MK-Robot/MK-mini-description-ros2) by extension 'ignore'
[0.176s] Level 1:colcon.colcon_core.package_identification:_identify(src/YHS-ROBOT-Description/MK-Robot/MK-mini-description-ros2) by extension 'ignore_ament_install'
[0.176s] Level 1:colcon.colcon_core.package_identification:_identify(src/YHS-ROBOT-Description/MK-Robot/MK-mini-description-ros2) by extensions ['colcon_pkg']
[0.176s] Level 1:colcon.colcon_core.package_identification:_identify(src/YHS-ROBOT-Description/MK-Robot/MK-mini-description-ros2) by extension 'colcon_pkg'
[0.176s] Level 1:colcon.colcon_core.package_identification:_identify(src/YHS-ROBOT-Description/MK-Robot/MK-mini-description-ros2) by extensions ['colcon_meta']
[0.176s] Level 1:colcon.colcon_core.package_identification:_identify(src/YHS-ROBOT-Description/MK-Robot/MK-mini-description-ros2) by extension 'colcon_meta'
[0.176s] Level 1:colcon.colcon_core.package_identification:_identify(src/YHS-ROBOT-Description/MK-Robot/MK-mini-description-ros2) by extensions ['ros']
[0.176s] Level 1:colcon.colcon_core.package_identification:_identify(src/YHS-ROBOT-Description/MK-Robot/MK-mini-description-ros2) by extension 'ros'
[0.177s] DEBUG:colcon.colcon_core.package_identification:Package 'src/YHS-ROBOT-Description/MK-Robot/MK-mini-description-ros2' with type 'ros.ament_cmake' and name 'yhs_chassis_description'
[0.177s] Level 1:colcon.colcon_core.package_identification:_identify(src/YHS-ROBOT-Description/TK-Robot) by extensions ['ignore', 'ignore_ament_install']
[0.177s] Level 1:colcon.colcon_core.package_identification:_identify(src/YHS-ROBOT-Description/TK-Robot) by extension 'ignore'
[0.177s] Level 1:colcon.colcon_core.package_identification:_identify(src/YHS-ROBOT-Description/TK-Robot) by extension 'ignore_ament_install'
[0.177s] Level 1:colcon.colcon_core.package_identification:_identify(src/YHS-ROBOT-Description/TK-Robot) by extensions ['colcon_pkg']
[0.177s] Level 1:colcon.colcon_core.package_identification:_identify(src/YHS-ROBOT-Description/TK-Robot) by extension 'colcon_pkg'
[0.177s] Level 1:colcon.colcon_core.package_identification:_identify(src/YHS-ROBOT-Description/TK-Robot) by extensions ['colcon_meta']
[0.177s] Level 1:colcon.colcon_core.package_identification:_identify(src/YHS-ROBOT-Description/TK-Robot) by extension 'colcon_meta'
[0.177s] Level 1:colcon.colcon_core.package_identification:_identify(src/YHS-ROBOT-Description/TK-Robot) by extensions ['ros']
[0.177s] Level 1:colcon.colcon_core.package_identification:_identify(src/YHS-ROBOT-Description/TK-Robot) by extension 'ros'
[0.177s] Level 1:colcon.colcon_core.package_identification:_identify(src/YHS-ROBOT-Description/TK-Robot) by extensions ['cmake', 'python']
[0.177s] Level 1:colcon.colcon_core.package_identification:_identify(src/YHS-ROBOT-Description/TK-Robot) by extension 'cmake'
[0.177s] Level 1:colcon.colcon_core.package_identification:_identify(src/YHS-ROBOT-Description/TK-Robot) by extension 'python'
[0.177s] Level 1:colcon.colcon_core.package_identification:_identify(src/YHS-ROBOT-Description/TK-Robot) by extensions ['python_setup_py']
[0.177s] Level 1:colcon.colcon_core.package_identification:_identify(src/YHS-ROBOT-Description/TK-Robot) by extension 'python_setup_py'
[0.177s] Level 1:colcon.colcon_core.package_identification:_identify(src/YHS-ROBOT-Description/TK-Robot/TK-mid-description-ros1) by extensions ['ignore', 'ignore_ament_install']
[0.177s] Level 1:colcon.colcon_core.package_identification:_identify(src/YHS-ROBOT-Description/TK-Robot/TK-mid-description-ros1) by extension 'ignore'
[0.177s] Level 1:colcon.colcon_core.package_identification:_identify(src/YHS-ROBOT-Description/TK-Robot/TK-mid-description-ros1) by extension 'ignore_ament_install'
[0.177s] Level 1:colcon.colcon_core.package_identification:_identify(src/YHS-ROBOT-Description/TK-Robot/TK-mid-description-ros1) by extensions ['colcon_pkg']
[0.177s] Level 1:colcon.colcon_core.package_identification:_identify(src/YHS-ROBOT-Description/TK-Robot/TK-mid-description-ros1) by extension 'colcon_pkg'
[0.177s] Level 1:colcon.colcon_core.package_identification:_identify(src/YHS-ROBOT-Description/TK-Robot/TK-mid-description-ros1) by extensions ['colcon_meta']
[0.177s] Level 1:colcon.colcon_core.package_identification:_identify(src/YHS-ROBOT-Description/TK-Robot/TK-mid-description-ros1) by extension 'colcon_meta'
[0.177s] Level 1:colcon.colcon_core.package_identification:_identify(src/YHS-ROBOT-Description/TK-Robot/TK-mid-description-ros1) by extensions ['ros']
[0.177s] Level 1:colcon.colcon_core.package_identification:_identify(src/YHS-ROBOT-Description/TK-Robot/TK-mid-description-ros1) by extension 'ros'
[0.177s] Level 1:colcon.colcon_core.package_identification:_identify(src/YHS-ROBOT-Description/TK-Robot/TK-mid-description-ros1) by extensions ['cmake', 'python']
[0.177s] Level 1:colcon.colcon_core.package_identification:_identify(src/YHS-ROBOT-Description/TK-Robot/TK-mid-description-ros1) by extension 'cmake'
[0.177s] Level 1:colcon.colcon_core.package_identification:_identify(src/YHS-ROBOT-Description/TK-Robot/TK-mid-description-ros1) by extension 'python'
[0.177s] Level 1:colcon.colcon_core.package_identification:_identify(src/YHS-ROBOT-Description/TK-Robot/TK-mid-description-ros1) by extensions ['python_setup_py']
[0.177s] Level 1:colcon.colcon_core.package_identification:_identify(src/YHS-ROBOT-Description/TK-Robot/TK-mid-description-ros1) by extension 'python_setup_py'
[0.178s] Level 1:colcon.colcon_core.package_identification:_identify(src/YHS-ROBOT-Description/TK-Robot/TK-mid-description-ros1/src) by extensions ['ignore', 'ignore_ament_install']
[0.178s] Level 1:colcon.colcon_core.package_identification:_identify(src/YHS-ROBOT-Description/TK-Robot/TK-mid-description-ros1/src) by extension 'ignore'
[0.178s] Level 1:colcon.colcon_core.package_identification:_identify(src/YHS-ROBOT-Description/TK-Robot/TK-mid-description-ros1/src) by extension 'ignore_ament_install'
[0.178s] Level 1:colcon.colcon_core.package_identification:_identify(src/YHS-ROBOT-Description/TK-Robot/TK-mid-description-ros1/src) by extensions ['colcon_pkg']
[0.178s] Level 1:colcon.colcon_core.package_identification:_identify(src/YHS-ROBOT-Description/TK-Robot/TK-mid-description-ros1/src) by extension 'colcon_pkg'
[0.178s] Level 1:colcon.colcon_core.package_identification:_identify(src/YHS-ROBOT-Description/TK-Robot/TK-mid-description-ros1/src) by extensions ['colcon_meta']
[0.178s] Level 1:colcon.colcon_core.package_identification:_identify(src/YHS-ROBOT-Description/TK-Robot/TK-mid-description-ros1/src) by extension 'colcon_meta'
[0.178s] Level 1:colcon.colcon_core.package_identification:_identify(src/YHS-ROBOT-Description/TK-Robot/TK-mid-description-ros1/src) by extensions ['ros']
[0.178s] Level 1:colcon.colcon_core.package_identification:_identify(src/YHS-ROBOT-Description/TK-Robot/TK-mid-description-ros1/src) by extension 'ros'
[0.178s] DEBUG:colcon.colcon_core.package_identification:Package 'src/YHS-ROBOT-Description/TK-Robot/TK-mid-description-ros1/src' with type 'ros.catkin' and name 'yhs_chassis_description'
[0.178s] Level 1:colcon.colcon_core.package_identification:_identify(src/YHS-ROBOT-Description/TK-Robot/TK-mid-description-ros2) by extensions ['ignore', 'ignore_ament_install']
[0.178s] Level 1:colcon.colcon_core.package_identification:_identify(src/YHS-ROBOT-Description/TK-Robot/TK-mid-description-ros2) by extension 'ignore'
[0.178s] Level 1:colcon.colcon_core.package_identification:_identify(src/YHS-ROBOT-Description/TK-Robot/TK-mid-description-ros2) by extension 'ignore_ament_install'
[0.179s] Level 1:colcon.colcon_core.package_identification:_identify(src/YHS-ROBOT-Description/TK-Robot/TK-mid-description-ros2) by extensions ['colcon_pkg']
[0.179s] Level 1:colcon.colcon_core.package_identification:_identify(src/YHS-ROBOT-Description/TK-Robot/TK-mid-description-ros2) by extension 'colcon_pkg'
[0.179s] Level 1:colcon.colcon_core.package_identification:_identify(src/YHS-ROBOT-Description/TK-Robot/TK-mid-description-ros2) by extensions ['colcon_meta']
[0.179s] Level 1:colcon.colcon_core.package_identification:_identify(src/YHS-ROBOT-Description/TK-Robot/TK-mid-description-ros2) by extension 'colcon_meta'
[0.179s] Level 1:colcon.colcon_core.package_identification:_identify(src/YHS-ROBOT-Description/TK-Robot/TK-mid-description-ros2) by extensions ['ros']
[0.179s] Level 1:colcon.colcon_core.package_identification:_identify(src/YHS-ROBOT-Description/TK-Robot/TK-mid-description-ros2) by extension 'ros'
[0.179s] DEBUG:colcon.colcon_core.package_identification:Package 'src/YHS-ROBOT-Description/TK-Robot/TK-mid-description-ros2' with type 'ros.ament_cmake' and name 'yhs_chassis_description'
[0.179s] Level 1:colcon.colcon_core.package_discovery:discover_packages(recursive) using defaults
[0.179s] Level 1:colcon.colcon_core.package_discovery:discover_packages(ignore) discover
[0.179s] Level 1:colcon.colcon_core.package_discovery:discover_packages(ignore) using defaults
[0.179s] Level 1:colcon.colcon_core.package_discovery:discover_packages(path) discover
[0.179s] Level 1:colcon.colcon_core.package_discovery:discover_packages(path) using defaults
[0.235s] Level 1:colcon.colcon_core.package_discovery:discover_packages(prefix_path) check parameters
[0.235s] Level 1:colcon.colcon_core.package_discovery:discover_packages(prefix_path) discover
[0.236s] DEBUG:colcon.colcon_installed_package_information.package_discovery:Found 325 installed packages in /opt/ros/humble
[0.237s] Level 1:colcon.colcon_core.package_discovery:discover_packages(prefix_path) using defaults
[0.259s] ERROR:colcon:colcon build: Duplicate package names not supported:
- yhs_chassis_description:
  - src/YHS-ROBOT-Description/DT-Robot/DT-mid-description-ros1/src
  - src/YHS-ROBOT-Description/DT-Robot/DT-mid-description-ros2
  - src/YHS-ROBOT-Description/DT-Robot/DT-mini-description-ros1/src
  - src/YHS-ROBOT-Description/DT-Robot/DT-mini-description-ros2
  - src/YHS-ROBOT-Description/FR-Robot/FR-max-description-ros1/src
  - src/YHS-ROBOT-Description/FR-Robot/FR-max-description-ros2
  - src/YHS-ROBOT-Description/FR-Robot/FR-mid-description-ros1/src
  - src/YHS-ROBOT-Description/FR-Robot/FR-mid-description-ros2
  - src/YHS-ROBOT-Description/FW-Robot/FW-max-description/FW-max-description-ros1/src
  - src/YHS-ROBOT-Description/FW-Robot/FW-max-description/FW-max-description-ros2
  - src/YHS-ROBOT-Description/FW-Robot/FW-mid-description/FW-mid-description-ros1/src
  - src/YHS-ROBOT-Description/FW-Robot/FW-mid-description/FW-mid-description-ros2
  - src/YHS-ROBOT-Description/FW-Robot/FW-mini-description/FW-mini-description-ros1/src
  - src/YHS-ROBOT-Description/FW-Robot/FW-mini-description/FW-mini-description-ros2
  - src/YHS-ROBOT-Description/MK-Robot/MK-mid-description-ros1/src
  - src/YHS-ROBOT-Description/MK-Robot/MK-mid-description-ros2
  - src/YHS-ROBOT-Description/MK-Robot/MK-mini-description-ros1/src
  - src/YHS-ROBOT-Description/MK-Robot/MK-mini-description-ros2
  - src/YHS-ROBOT-Description/TK-Robot/TK-mid-description-ros1/src
  - src/YHS-ROBOT-Description/TK-Robot/TK-mid-description-ros2
