[0.005s] Invoking command in '/home/nvidia/ws_fastlio2/build/fastlio2': CMAKE_PREFIX_PATH=${CMAKE_PREFIX_PATH}:/home/nvidia/ros2_ws/install/ai_imu_dr_ros:/opt/ros/humble /usr/bin/cmake /home/nvidia/ws_fastlio2/src/fastlio2_ros2/fastlio2 -DAMENT_CMAKE_SYMLINK_INSTALL=1 -DCMAKE_INSTALL_PREFIX=/home/nvidia/ws_fastlio2/install/fastlio2
[0.039s] -- The C compiler identification is GNU 11.4.0
[0.074s] -- The CXX compiler identification is GNU 11.4.0
[0.079s] -- Detecting C compiler ABI info
[0.118s] -- Detecting C compiler ABI info - done
[0.125s] -- Check for working C compiler: /usr/bin/cc - skipped
[0.125s] -- Detecting C compile features
[0.126s] -- Detecting C compile features - done
[0.130s] -- Detecting CXX compiler ABI info
[0.178s] -- Detecting CXX compiler ABI info - done
[0.183s] -- Check for working CXX compiler: /usr/bin/c++ - skipped
[0.183s] -- Detecting CXX compile features
[0.183s] -- Detecting CXX compile features - done
[0.185s] -- Found ament_cmake: 1.3.12 (/opt/ros/humble/share/ament_cmake/cmake)
[0.280s] -- Found Python3: /usr/bin/python3 (found version "3.10.12") found components: Interpreter 
[0.319s] -- Override CMake install command with custom implementation using symlinks instead of copying resources
[0.337s] -- Found rclcpp: 16.0.15 (/opt/ros/humble/share/rclcpp/cmake)
[0.363s] -- Found rosidl_generator_c: 3.1.7 (/opt/ros/humble/share/rosidl_generator_c/cmake)
[0.366s] -- Found rosidl_adapter: 3.1.7 (/opt/ros/humble/share/rosidl_adapter/cmake)
[0.371s] -- Found rosidl_generator_cpp: 3.1.7 (/opt/ros/humble/share/rosidl_generator_cpp/cmake)
[0.378s] -- Using all available rosidl_typesupport_c: rosidl_typesupport_fastrtps_c;rosidl_typesupport_introspection_c
[0.388s] -- Using all available rosidl_typesupport_cpp: rosidl_typesupport_fastrtps_cpp;rosidl_typesupport_introspection_cpp
[0.415s] -- Found rmw_implementation_cmake: 6.1.2 (/opt/ros/humble/share/rmw_implementation_cmake/cmake)
[0.417s] -- Found rmw_fastrtps_cpp: 6.2.8 (/opt/ros/humble/share/rmw_fastrtps_cpp/cmake)
[0.462s] -- Found OpenSSL: /usr/lib/x86_64-linux-gnu/libcrypto.so (found version "3.0.2")  
[0.479s] -- Found FastRTPS: /opt/ros/humble/include  
[0.503s] -- Using RMW implementation 'rmw_fastrtps_cpp' as default
[0.508s] -- Looking for pthread.h
[0.549s] -- Looking for pthread.h - found
[0.549s] -- Performing Test CMAKE_HAVE_LIBC_PTHREAD
[0.591s] -- Performing Test CMAKE_HAVE_LIBC_PTHREAD - Success
[0.592s] -- Found Threads: TRUE  
[0.624s] -- Found tf2: 0.25.16 (/opt/ros/humble/share/tf2/cmake)
[0.639s] -- Found tf2_ros: 0.25.16 (/opt/ros/humble/share/tf2_ros/cmake)
[0.695s] -- Found nav_msgs: 4.9.0 (/opt/ros/humble/share/nav_msgs/cmake)
[0.705s] -- Found sensor_msgs: 4.9.0 (/opt/ros/humble/share/sensor_msgs/cmake)
[0.720s] [31mCMake Error at CMakeLists.txt:30 (find_package):
[0.721s]   By not providing "Findlivox_ros_driver2.cmake" in CMAKE_MODULE_PATH this
[0.721s]   project has asked CMake to find a package configuration file provided by
[0.721s]   "livox_ros_driver2", but CMake did not find one.
[0.721s] 
[0.721s]   Could not find a package configuration file provided by "livox_ros_driver2"
[0.721s]   with any of the following names:
[0.721s] 
[0.721s]     livox_ros_driver2Config.cmake
[0.721s]     livox_ros_driver2-config.cmake
[0.721s] 
[0.721s]   Add the installation prefix of "livox_ros_driver2" to CMAKE_PREFIX_PATH or
[0.721s]   set "livox_ros_driver2_DIR" to a directory containing one of the above
[0.721s]   files.  If "livox_ros_driver2" provides a separate development package or
[0.721s]   SDK, be sure it has been installed.
[0.721s] 
[0.722s] [0m
[0.722s] -- Configuring incomplete, errors occurred!
[0.722s] See also "/home/nvidia/ws_fastlio2/build/fastlio2/CMakeFiles/CMakeOutput.log".
[0.727s] Invoked command in '/home/nvidia/ws_fastlio2/build/fastlio2' returned '1': CMAKE_PREFIX_PATH=${CMAKE_PREFIX_PATH}:/home/nvidia/ros2_ws/install/ai_imu_dr_ros:/opt/ros/humble /usr/bin/cmake /home/nvidia/ws_fastlio2/src/fastlio2_ros2/fastlio2 -DAMENT_CMAKE_SYMLINK_INSTALL=1 -DCMAKE_INSTALL_PREFIX=/home/nvidia/ws_fastlio2/install/fastlio2
