[0.085s] DEBUG:colcon:Command line arguments: ['/usr/bin/colcon', 'build', '--symlink-install', '--packages-select', 'fastlio2', 'pgo', 'localizer']
[0.085s] DEBUG:colcon:Parsed command line arguments: Namespace(log_base=None, log_level=None, verb_name='build', build_base='build', install_base='install', merge_install=False, symlink_install=True, test_result_base=None, continue_on_error=False, executor='parallel', parallel_workers=20, event_handlers=None, ignore_user_meta=False, metas=['./colcon.meta'], base_paths=['.'], packages_ignore=None, packages_ignore_regex=None, paths=None, packages_up_to=None, packages_up_to_regex=None, packages_above=None, packages_above_and_dependencies=None, packages_above_depth=None, packages_select_by_dep=None, packages_skip_by_dep=None, packages_skip_up_to=None, packages_select_build_failed=False, packages_skip_build_finished=False, packages_select_test_failures=False, packages_skip_test_passed=False, packages_select=['fastlio2', 'pgo', 'localizer'], packages_skip=None, packages_select_regex=None, packages_skip_regex=None, packages_start=None, packages_end=None, allow_overriding=[], cmake_args=None, cmake_target=None, cmake_target_skip_unavailable=False, cmake_clean_cache=False, cmake_clean_first=False, cmake_force_configure=False, ament_cmake_args=None, catkin_cmake_args=None, catkin_skip_building_tests=False, verb_parser=<colcon_defaults.argument_parser.defaults.DefaultArgumentsDecorator object at 0x7fae20e2c3a0>, verb_extension=<colcon_core.verb.build.BuildVerb object at 0x7fae20df7df0>, main=<bound method BuildVerb.main of <colcon_core.verb.build.BuildVerb object at 0x7fae20df7df0>>)
[0.300s] Level 1:colcon.colcon_core.package_discovery:discover_packages(colcon_meta) check parameters
[0.300s] Level 1:colcon.colcon_core.package_discovery:discover_packages(recursive) check parameters
[0.300s] Level 1:colcon.colcon_core.package_discovery:discover_packages(ignore) check parameters
[0.300s] Level 1:colcon.colcon_core.package_discovery:discover_packages(path) check parameters
[0.300s] Level 1:colcon.colcon_core.package_discovery:discover_packages(colcon_meta) discover
[0.300s] Level 1:colcon.colcon_core.package_discovery:discover_packages(recursive) discover
[0.300s] INFO:colcon.colcon_core.package_discovery:Crawling recursively for packages in '/home/nvidia/ws_fastlio2'
[0.300s] Level 1:colcon.colcon_core.package_identification:_identify(.) by extensions ['ignore', 'ignore_ament_install']
[0.300s] Level 1:colcon.colcon_core.package_identification:_identify(.) by extension 'ignore'
[0.300s] Level 1:colcon.colcon_core.package_identification:_identify(.) by extension 'ignore_ament_install'
[0.300s] Level 1:colcon.colcon_core.package_identification:_identify(.) by extensions ['colcon_pkg']
[0.300s] Level 1:colcon.colcon_core.package_identification:_identify(.) by extension 'colcon_pkg'
[0.300s] Level 1:colcon.colcon_core.package_identification:_identify(.) by extensions ['colcon_meta']
[0.300s] Level 1:colcon.colcon_core.package_identification:_identify(.) by extension 'colcon_meta'
[0.300s] Level 1:colcon.colcon_core.package_identification:_identify(.) by extensions ['ros']
[0.300s] Level 1:colcon.colcon_core.package_identification:_identify(.) by extension 'ros'
[0.309s] Level 1:colcon.colcon_core.package_identification:_identify(.) by extensions ['cmake', 'python']
[0.309s] Level 1:colcon.colcon_core.package_identification:_identify(.) by extension 'cmake'
[0.309s] Level 1:colcon.colcon_core.package_identification:_identify(.) by extension 'python'
[0.309s] Level 1:colcon.colcon_core.package_identification:_identify(.) by extensions ['python_setup_py']
[0.309s] Level 1:colcon.colcon_core.package_identification:_identify(.) by extension 'python_setup_py'
[0.309s] Level 1:colcon.colcon_core.package_identification:_identify(build) by extensions ['ignore', 'ignore_ament_install']
[0.309s] Level 1:colcon.colcon_core.package_identification:_identify(build) by extension 'ignore'
[0.309s] Level 1:colcon.colcon_core.package_identification:_identify(build) ignored
[0.309s] Level 1:colcon.colcon_core.package_identification:_identify(install) by extensions ['ignore', 'ignore_ament_install']
[0.309s] Level 1:colcon.colcon_core.package_identification:_identify(install) by extension 'ignore'
[0.309s] Level 1:colcon.colcon_core.package_identification:_identify(install) ignored
[0.309s] Level 1:colcon.colcon_core.package_identification:_identify(log) by extensions ['ignore', 'ignore_ament_install']
[0.309s] Level 1:colcon.colcon_core.package_identification:_identify(log) by extension 'ignore'
[0.309s] Level 1:colcon.colcon_core.package_identification:_identify(log) ignored
[0.309s] Level 1:colcon.colcon_core.package_identification:_identify(src) by extensions ['ignore', 'ignore_ament_install']
[0.309s] Level 1:colcon.colcon_core.package_identification:_identify(src) by extension 'ignore'
[0.310s] Level 1:colcon.colcon_core.package_identification:_identify(src) by extension 'ignore_ament_install'
[0.310s] Level 1:colcon.colcon_core.package_identification:_identify(src) by extensions ['colcon_pkg']
[0.310s] Level 1:colcon.colcon_core.package_identification:_identify(src) by extension 'colcon_pkg'
[0.310s] Level 1:colcon.colcon_core.package_identification:_identify(src) by extensions ['colcon_meta']
[0.310s] Level 1:colcon.colcon_core.package_identification:_identify(src) by extension 'colcon_meta'
[0.310s] Level 1:colcon.colcon_core.package_identification:_identify(src) by extensions ['ros']
[0.310s] Level 1:colcon.colcon_core.package_identification:_identify(src) by extension 'ros'
[0.310s] Level 1:colcon.colcon_core.package_identification:_identify(src) by extensions ['cmake', 'python']
[0.310s] Level 1:colcon.colcon_core.package_identification:_identify(src) by extension 'cmake'
[0.310s] Level 1:colcon.colcon_core.package_identification:_identify(src) by extension 'python'
[0.310s] Level 1:colcon.colcon_core.package_identification:_identify(src) by extensions ['python_setup_py']
[0.310s] Level 1:colcon.colcon_core.package_identification:_identify(src) by extension 'python_setup_py'
[0.310s] Level 1:colcon.colcon_core.package_identification:_identify(src/fastlio2_ros2) by extensions ['ignore', 'ignore_ament_install']
[0.310s] Level 1:colcon.colcon_core.package_identification:_identify(src/fastlio2_ros2) by extension 'ignore'
[0.310s] Level 1:colcon.colcon_core.package_identification:_identify(src/fastlio2_ros2) by extension 'ignore_ament_install'
[0.310s] Level 1:colcon.colcon_core.package_identification:_identify(src/fastlio2_ros2) by extensions ['colcon_pkg']
[0.310s] Level 1:colcon.colcon_core.package_identification:_identify(src/fastlio2_ros2) by extension 'colcon_pkg'
[0.310s] Level 1:colcon.colcon_core.package_identification:_identify(src/fastlio2_ros2) by extensions ['colcon_meta']
[0.310s] Level 1:colcon.colcon_core.package_identification:_identify(src/fastlio2_ros2) by extension 'colcon_meta'
[0.310s] Level 1:colcon.colcon_core.package_identification:_identify(src/fastlio2_ros2) by extensions ['ros']
[0.310s] Level 1:colcon.colcon_core.package_identification:_identify(src/fastlio2_ros2) by extension 'ros'
[0.310s] Level 1:colcon.colcon_core.package_identification:_identify(src/fastlio2_ros2) by extensions ['cmake', 'python']
[0.310s] Level 1:colcon.colcon_core.package_identification:_identify(src/fastlio2_ros2) by extension 'cmake'
[0.310s] Level 1:colcon.colcon_core.package_identification:_identify(src/fastlio2_ros2) by extension 'python'
[0.310s] Level 1:colcon.colcon_core.package_identification:_identify(src/fastlio2_ros2) by extensions ['python_setup_py']
[0.310s] Level 1:colcon.colcon_core.package_identification:_identify(src/fastlio2_ros2) by extension 'python_setup_py'
[0.310s] Level 1:colcon.colcon_core.package_identification:_identify(src/fastlio2_ros2/fastlio2) by extensions ['ignore', 'ignore_ament_install']
[0.310s] Level 1:colcon.colcon_core.package_identification:_identify(src/fastlio2_ros2/fastlio2) by extension 'ignore'
[0.310s] Level 1:colcon.colcon_core.package_identification:_identify(src/fastlio2_ros2/fastlio2) by extension 'ignore_ament_install'
[0.310s] Level 1:colcon.colcon_core.package_identification:_identify(src/fastlio2_ros2/fastlio2) by extensions ['colcon_pkg']
[0.310s] Level 1:colcon.colcon_core.package_identification:_identify(src/fastlio2_ros2/fastlio2) by extension 'colcon_pkg'
[0.310s] Level 1:colcon.colcon_core.package_identification:_identify(src/fastlio2_ros2/fastlio2) by extensions ['colcon_meta']
[0.310s] Level 1:colcon.colcon_core.package_identification:_identify(src/fastlio2_ros2/fastlio2) by extension 'colcon_meta'
[0.310s] Level 1:colcon.colcon_core.package_identification:_identify(src/fastlio2_ros2/fastlio2) by extensions ['ros']
[0.310s] Level 1:colcon.colcon_core.package_identification:_identify(src/fastlio2_ros2/fastlio2) by extension 'ros'
[0.313s] DEBUG:colcon.colcon_core.package_identification:Package 'src/fastlio2_ros2/fastlio2' with type 'ros.ament_cmake' and name 'fastlio2'
[0.313s] Level 1:colcon.colcon_core.package_identification:_identify(src/fastlio2_ros2/hba) by extensions ['ignore', 'ignore_ament_install']
[0.313s] Level 1:colcon.colcon_core.package_identification:_identify(src/fastlio2_ros2/hba) by extension 'ignore'
[0.313s] Level 1:colcon.colcon_core.package_identification:_identify(src/fastlio2_ros2/hba) by extension 'ignore_ament_install'
[0.313s] Level 1:colcon.colcon_core.package_identification:_identify(src/fastlio2_ros2/hba) by extensions ['colcon_pkg']
[0.313s] Level 1:colcon.colcon_core.package_identification:_identify(src/fastlio2_ros2/hba) by extension 'colcon_pkg'
[0.313s] Level 1:colcon.colcon_core.package_identification:_identify(src/fastlio2_ros2/hba) by extensions ['colcon_meta']
[0.313s] Level 1:colcon.colcon_core.package_identification:_identify(src/fastlio2_ros2/hba) by extension 'colcon_meta'
[0.314s] Level 1:colcon.colcon_core.package_identification:_identify(src/fastlio2_ros2/hba) by extensions ['ros']
[0.314s] Level 1:colcon.colcon_core.package_identification:_identify(src/fastlio2_ros2/hba) by extension 'ros'
[0.314s] DEBUG:colcon.colcon_core.package_identification:Package 'src/fastlio2_ros2/hba' with type 'ros.ament_cmake' and name 'hba'
[0.314s] Level 1:colcon.colcon_core.package_identification:_identify(src/fastlio2_ros2/interface) by extensions ['ignore', 'ignore_ament_install']
[0.314s] Level 1:colcon.colcon_core.package_identification:_identify(src/fastlio2_ros2/interface) by extension 'ignore'
[0.314s] Level 1:colcon.colcon_core.package_identification:_identify(src/fastlio2_ros2/interface) by extension 'ignore_ament_install'
[0.314s] Level 1:colcon.colcon_core.package_identification:_identify(src/fastlio2_ros2/interface) by extensions ['colcon_pkg']
[0.314s] Level 1:colcon.colcon_core.package_identification:_identify(src/fastlio2_ros2/interface) by extension 'colcon_pkg'
[0.314s] Level 1:colcon.colcon_core.package_identification:_identify(src/fastlio2_ros2/interface) by extensions ['colcon_meta']
[0.314s] Level 1:colcon.colcon_core.package_identification:_identify(src/fastlio2_ros2/interface) by extension 'colcon_meta'
[0.314s] Level 1:colcon.colcon_core.package_identification:_identify(src/fastlio2_ros2/interface) by extensions ['ros']
[0.314s] Level 1:colcon.colcon_core.package_identification:_identify(src/fastlio2_ros2/interface) by extension 'ros'
[0.315s] DEBUG:colcon.colcon_core.package_identification:Package 'src/fastlio2_ros2/interface' with type 'ros.ament_cmake' and name 'interface'
[0.315s] Level 1:colcon.colcon_core.package_identification:_identify(src/fastlio2_ros2/localizer) by extensions ['ignore', 'ignore_ament_install']
[0.315s] Level 1:colcon.colcon_core.package_identification:_identify(src/fastlio2_ros2/localizer) by extension 'ignore'
[0.315s] Level 1:colcon.colcon_core.package_identification:_identify(src/fastlio2_ros2/localizer) by extension 'ignore_ament_install'
[0.315s] Level 1:colcon.colcon_core.package_identification:_identify(src/fastlio2_ros2/localizer) by extensions ['colcon_pkg']
[0.315s] Level 1:colcon.colcon_core.package_identification:_identify(src/fastlio2_ros2/localizer) by extension 'colcon_pkg'
[0.315s] Level 1:colcon.colcon_core.package_identification:_identify(src/fastlio2_ros2/localizer) by extensions ['colcon_meta']
[0.315s] Level 1:colcon.colcon_core.package_identification:_identify(src/fastlio2_ros2/localizer) by extension 'colcon_meta'
[0.315s] Level 1:colcon.colcon_core.package_identification:_identify(src/fastlio2_ros2/localizer) by extensions ['ros']
[0.315s] Level 1:colcon.colcon_core.package_identification:_identify(src/fastlio2_ros2/localizer) by extension 'ros'
[0.316s] DEBUG:colcon.colcon_core.package_identification:Package 'src/fastlio2_ros2/localizer' with type 'ros.ament_cmake' and name 'localizer'
[0.316s] Level 1:colcon.colcon_core.package_identification:_identify(src/fastlio2_ros2/pgo) by extensions ['ignore', 'ignore_ament_install']
[0.316s] Level 1:colcon.colcon_core.package_identification:_identify(src/fastlio2_ros2/pgo) by extension 'ignore'
[0.316s] Level 1:colcon.colcon_core.package_identification:_identify(src/fastlio2_ros2/pgo) by extension 'ignore_ament_install'
[0.316s] Level 1:colcon.colcon_core.package_identification:_identify(src/fastlio2_ros2/pgo) by extensions ['colcon_pkg']
[0.316s] Level 1:colcon.colcon_core.package_identification:_identify(src/fastlio2_ros2/pgo) by extension 'colcon_pkg'
[0.316s] Level 1:colcon.colcon_core.package_identification:_identify(src/fastlio2_ros2/pgo) by extensions ['colcon_meta']
[0.316s] Level 1:colcon.colcon_core.package_identification:_identify(src/fastlio2_ros2/pgo) by extension 'colcon_meta'
[0.316s] Level 1:colcon.colcon_core.package_identification:_identify(src/fastlio2_ros2/pgo) by extensions ['ros']
[0.316s] Level 1:colcon.colcon_core.package_identification:_identify(src/fastlio2_ros2/pgo) by extension 'ros'
[0.317s] DEBUG:colcon.colcon_core.package_identification:Package 'src/fastlio2_ros2/pgo' with type 'ros.ament_cmake' and name 'pgo'
[0.317s] Level 1:colcon.colcon_core.package_discovery:discover_packages(recursive) using defaults
[0.317s] Level 1:colcon.colcon_core.package_discovery:discover_packages(ignore) discover
[0.317s] Level 1:colcon.colcon_core.package_discovery:discover_packages(ignore) using defaults
[0.317s] Level 1:colcon.colcon_core.package_discovery:discover_packages(path) discover
[0.317s] Level 1:colcon.colcon_core.package_discovery:discover_packages(path) using defaults
[0.341s] INFO:colcon.colcon_core.package_selection:Skipping not selected package 'interface' in 'src/fastlio2_ros2/interface'
[0.341s] INFO:colcon.colcon_core.package_selection:Skipping not selected package 'hba' in 'src/fastlio2_ros2/hba'
[0.342s] Level 1:colcon.colcon_core.package_discovery:discover_packages(prefix_path) check parameters
[0.342s] Level 1:colcon.colcon_core.package_discovery:discover_packages(prefix_path) discover
[0.345s] DEBUG:colcon.colcon_installed_package_information.package_discovery:Found 2 installed packages in /home/nvidia/5.1-ros2_ws/install
[0.345s] DEBUG:colcon.colcon_installed_package_information.package_discovery:Found 2 installed packages in /home/nvidia/ros2_ws/install
[0.346s] DEBUG:colcon.colcon_installed_package_information.package_discovery:Found 327 installed packages in /opt/ros/humble
[0.346s] Level 1:colcon.colcon_core.package_discovery:discover_packages(prefix_path) using defaults
[0.373s] Level 5:colcon.colcon_core.verb:set package 'fastlio2' build argument 'cmake_args' from command line to 'None'
[0.373s] Level 5:colcon.colcon_core.verb:set package 'fastlio2' build argument 'cmake_target' from command line to 'None'
[0.373s] Level 5:colcon.colcon_core.verb:set package 'fastlio2' build argument 'cmake_target_skip_unavailable' from command line to 'False'
[0.373s] Level 5:colcon.colcon_core.verb:set package 'fastlio2' build argument 'cmake_clean_cache' from command line to 'False'
[0.373s] Level 5:colcon.colcon_core.verb:set package 'fastlio2' build argument 'cmake_clean_first' from command line to 'False'
[0.373s] Level 5:colcon.colcon_core.verb:set package 'fastlio2' build argument 'cmake_force_configure' from command line to 'False'
[0.373s] Level 5:colcon.colcon_core.verb:set package 'fastlio2' build argument 'ament_cmake_args' from command line to 'None'
[0.373s] Level 5:colcon.colcon_core.verb:set package 'fastlio2' build argument 'catkin_cmake_args' from command line to 'None'
[0.373s] Level 5:colcon.colcon_core.verb:set package 'fastlio2' build argument 'catkin_skip_building_tests' from command line to 'False'
[0.373s] DEBUG:colcon.colcon_core.verb:Building package 'fastlio2' with the following arguments: {'ament_cmake_args': None, 'build_base': '/home/nvidia/ws_fastlio2/build/fastlio2', 'catkin_cmake_args': None, 'catkin_skip_building_tests': False, 'cmake_args': None, 'cmake_clean_cache': False, 'cmake_clean_first': False, 'cmake_force_configure': False, 'cmake_target': None, 'cmake_target_skip_unavailable': False, 'install_base': '/home/nvidia/ws_fastlio2/install/fastlio2', 'merge_install': False, 'path': '/home/nvidia/ws_fastlio2/src/fastlio2_ros2/fastlio2', 'symlink_install': True, 'test_result_base': None}
[0.373s] Level 5:colcon.colcon_core.verb:set package 'localizer' build argument 'cmake_args' from command line to 'None'
[0.373s] Level 5:colcon.colcon_core.verb:set package 'localizer' build argument 'cmake_target' from command line to 'None'
[0.373s] Level 5:colcon.colcon_core.verb:set package 'localizer' build argument 'cmake_target_skip_unavailable' from command line to 'False'
[0.373s] Level 5:colcon.colcon_core.verb:set package 'localizer' build argument 'cmake_clean_cache' from command line to 'False'
[0.373s] Level 5:colcon.colcon_core.verb:set package 'localizer' build argument 'cmake_clean_first' from command line to 'False'
[0.373s] Level 5:colcon.colcon_core.verb:set package 'localizer' build argument 'cmake_force_configure' from command line to 'False'
[0.373s] Level 5:colcon.colcon_core.verb:set package 'localizer' build argument 'ament_cmake_args' from command line to 'None'
[0.373s] Level 5:colcon.colcon_core.verb:set package 'localizer' build argument 'catkin_cmake_args' from command line to 'None'
[0.373s] Level 5:colcon.colcon_core.verb:set package 'localizer' build argument 'catkin_skip_building_tests' from command line to 'False'
[0.373s] DEBUG:colcon.colcon_core.verb:Building package 'localizer' with the following arguments: {'ament_cmake_args': None, 'build_base': '/home/nvidia/ws_fastlio2/build/localizer', 'catkin_cmake_args': None, 'catkin_skip_building_tests': False, 'cmake_args': None, 'cmake_clean_cache': False, 'cmake_clean_first': False, 'cmake_force_configure': False, 'cmake_target': None, 'cmake_target_skip_unavailable': False, 'install_base': '/home/nvidia/ws_fastlio2/install/localizer', 'merge_install': False, 'path': '/home/nvidia/ws_fastlio2/src/fastlio2_ros2/localizer', 'symlink_install': True, 'test_result_base': None}
[0.373s] Level 5:colcon.colcon_core.verb:set package 'pgo' build argument 'cmake_args' from command line to 'None'
[0.373s] Level 5:colcon.colcon_core.verb:set package 'pgo' build argument 'cmake_target' from command line to 'None'
[0.373s] Level 5:colcon.colcon_core.verb:set package 'pgo' build argument 'cmake_target_skip_unavailable' from command line to 'False'
[0.373s] Level 5:colcon.colcon_core.verb:set package 'pgo' build argument 'cmake_clean_cache' from command line to 'False'
[0.373s] Level 5:colcon.colcon_core.verb:set package 'pgo' build argument 'cmake_clean_first' from command line to 'False'
[0.373s] Level 5:colcon.colcon_core.verb:set package 'pgo' build argument 'cmake_force_configure' from command line to 'False'
[0.373s] Level 5:colcon.colcon_core.verb:set package 'pgo' build argument 'ament_cmake_args' from command line to 'None'
[0.373s] Level 5:colcon.colcon_core.verb:set package 'pgo' build argument 'catkin_cmake_args' from command line to 'None'
[0.373s] Level 5:colcon.colcon_core.verb:set package 'pgo' build argument 'catkin_skip_building_tests' from command line to 'False'
[0.374s] DEBUG:colcon.colcon_core.verb:Building package 'pgo' with the following arguments: {'ament_cmake_args': None, 'build_base': '/home/nvidia/ws_fastlio2/build/pgo', 'catkin_cmake_args': None, 'catkin_skip_building_tests': False, 'cmake_args': None, 'cmake_clean_cache': False, 'cmake_clean_first': False, 'cmake_force_configure': False, 'cmake_target': None, 'cmake_target_skip_unavailable': False, 'install_base': '/home/nvidia/ws_fastlio2/install/pgo', 'merge_install': False, 'path': '/home/nvidia/ws_fastlio2/src/fastlio2_ros2/pgo', 'symlink_install': True, 'test_result_base': None}
[0.374s] INFO:colcon.colcon_core.executor:Executing jobs using 'parallel' executor
[0.374s] DEBUG:colcon.colcon_parallel_executor.executor.parallel:run_until_complete
[0.374s] INFO:colcon.colcon_ros.task.ament_cmake.build:Building ROS package in '/home/nvidia/ws_fastlio2/src/fastlio2_ros2/fastlio2' with build type 'ament_cmake'
[0.374s] INFO:colcon.colcon_cmake.task.cmake.build:Building CMake package in '/home/nvidia/ws_fastlio2/src/fastlio2_ros2/fastlio2'
[0.377s] INFO:colcon.colcon_core.plugin_system:Skipping extension 'colcon_core.shell.bat': Not used on non-Windows systems
[0.377s] INFO:colcon.colcon_core.shell:Skip shell extension 'powershell' for command environment: Not usable outside of PowerShell
[0.377s] DEBUG:colcon.colcon_core.shell:Skip shell extension 'dsv' for command environment
[0.379s] INFO:colcon.colcon_ros.task.ament_cmake.build:Building ROS package in '/home/nvidia/ws_fastlio2/src/fastlio2_ros2/localizer' with build type 'ament_cmake'
[0.379s] INFO:colcon.colcon_cmake.task.cmake.build:Building CMake package in '/home/nvidia/ws_fastlio2/src/fastlio2_ros2/localizer'
[0.379s] INFO:colcon.colcon_core.shell:Skip shell extension 'powershell' for command environment: Not usable outside of PowerShell
[0.379s] DEBUG:colcon.colcon_core.shell:Skip shell extension 'dsv' for command environment
[0.383s] INFO:colcon.colcon_ros.task.ament_cmake.build:Building ROS package in '/home/nvidia/ws_fastlio2/src/fastlio2_ros2/pgo' with build type 'ament_cmake'
[0.383s] INFO:colcon.colcon_cmake.task.cmake.build:Building CMake package in '/home/nvidia/ws_fastlio2/src/fastlio2_ros2/pgo'
[0.383s] INFO:colcon.colcon_core.shell:Skip shell extension 'powershell' for command environment: Not usable outside of PowerShell
[0.383s] DEBUG:colcon.colcon_core.shell:Skip shell extension 'dsv' for command environment
[0.387s] DEBUG:colcon.colcon_core.event_handler.log_command:Invoking command in '/home/nvidia/ws_fastlio2/build/fastlio2': CMAKE_PREFIX_PATH=${CMAKE_PREFIX_PATH}:/home/nvidia/ros2_ws/install/ai_imu_dr_ros:/opt/ros/humble /usr/bin/cmake --build /home/nvidia/ws_fastlio2/build/fastlio2 -- -j20 -l20
[0.391s] DEBUG:colcon.colcon_core.event_handler.log_command:Invoking command in '/home/nvidia/ws_fastlio2/build/pgo': AMENT_PREFIX_PATH=/home/nvidia/ws_fastlio2/install/interface:${AMENT_PREFIX_PATH} CMAKE_PREFIX_PATH=/home/nvidia/ws_fastlio2/install/interface:/home/nvidia/5.1-ros2_ws/install/yhs_can_control:/home/nvidia/5.1-ros2_ws/install/yhs_can_interfaces:/home/nvidia/ros2_ws/install/yhs_chassis_description:/home/nvidia/ros2_ws/install/ai_imu_dr_ros:/opt/ros/humble LD_LIBRARY_PATH=/home/nvidia/ws_fastlio2/install/interface/lib:${LD_LIBRARY_PATH} PYTHONPATH=/home/nvidia/ws_fastlio2/install/interface/local/lib/python3.10/dist-packages:${PYTHONPATH} /usr/bin/cmake --build /home/nvidia/ws_fastlio2/build/pgo -- -j20 -l20
[0.394s] DEBUG:colcon.colcon_core.event_handler.log_command:Invoking command in '/home/nvidia/ws_fastlio2/build/localizer': AMENT_PREFIX_PATH=/home/nvidia/ws_fastlio2/install/interface:${AMENT_PREFIX_PATH} CMAKE_PREFIX_PATH=/home/nvidia/ws_fastlio2/install/interface:/home/nvidia/5.1-ros2_ws/install/yhs_can_control:/home/nvidia/5.1-ros2_ws/install/yhs_can_interfaces:/home/nvidia/ros2_ws/install/yhs_chassis_description:/home/nvidia/ros2_ws/install/ai_imu_dr_ros:/opt/ros/humble LD_LIBRARY_PATH=/home/nvidia/ws_fastlio2/install/interface/lib:${LD_LIBRARY_PATH} PYTHONPATH=/home/nvidia/ws_fastlio2/install/interface/local/lib/python3.10/dist-packages:${PYTHONPATH} /usr/bin/cmake --build /home/nvidia/ws_fastlio2/build/localizer -- -j20 -l20
[0.564s] DEBUG:colcon.colcon_core.event_handler.log_command:Invoked command in '/home/nvidia/ws_fastlio2/build/fastlio2' returned '0': CMAKE_PREFIX_PATH=${CMAKE_PREFIX_PATH}:/home/nvidia/ros2_ws/install/ai_imu_dr_ros:/opt/ros/humble /usr/bin/cmake --build /home/nvidia/ws_fastlio2/build/fastlio2 -- -j20 -l20
[0.570s] DEBUG:colcon.colcon_core.event_handler.log_command:Invoking command in '/home/nvidia/ws_fastlio2/build/fastlio2': CMAKE_PREFIX_PATH=${CMAKE_PREFIX_PATH}:/home/nvidia/ros2_ws/install/ai_imu_dr_ros:/opt/ros/humble /usr/bin/cmake --install /home/nvidia/ws_fastlio2/build/fastlio2
[0.571s] DEBUG:colcon.colcon_core.event_handler.log_command:Invoked command in '/home/nvidia/ws_fastlio2/build/localizer' returned '0': AMENT_PREFIX_PATH=/home/nvidia/ws_fastlio2/install/interface:${AMENT_PREFIX_PATH} CMAKE_PREFIX_PATH=/home/nvidia/ws_fastlio2/install/interface:/home/nvidia/5.1-ros2_ws/install/yhs_can_control:/home/nvidia/5.1-ros2_ws/install/yhs_can_interfaces:/home/nvidia/ros2_ws/install/yhs_chassis_description:/home/nvidia/ros2_ws/install/ai_imu_dr_ros:/opt/ros/humble LD_LIBRARY_PATH=/home/nvidia/ws_fastlio2/install/interface/lib:${LD_LIBRARY_PATH} PYTHONPATH=/home/nvidia/ws_fastlio2/install/interface/local/lib/python3.10/dist-packages:${PYTHONPATH} /usr/bin/cmake --build /home/nvidia/ws_fastlio2/build/localizer -- -j20 -l20
[0.572s] DEBUG:colcon.colcon_core.event_handler.log_command:Invoking command in '/home/nvidia/ws_fastlio2/build/localizer': AMENT_PREFIX_PATH=/home/nvidia/ws_fastlio2/install/interface:${AMENT_PREFIX_PATH} CMAKE_PREFIX_PATH=/home/nvidia/ws_fastlio2/install/interface:/home/nvidia/5.1-ros2_ws/install/yhs_can_control:/home/nvidia/5.1-ros2_ws/install/yhs_can_interfaces:/home/nvidia/ros2_ws/install/yhs_chassis_description:/home/nvidia/ros2_ws/install/ai_imu_dr_ros:/opt/ros/humble LD_LIBRARY_PATH=/home/nvidia/ws_fastlio2/install/interface/lib:${LD_LIBRARY_PATH} PYTHONPATH=/home/nvidia/ws_fastlio2/install/interface/local/lib/python3.10/dist-packages:${PYTHONPATH} /usr/bin/cmake --install /home/nvidia/ws_fastlio2/build/localizer
[0.573s] DEBUG:colcon.colcon_core.event_handler.log_command:Invoked command in '/home/nvidia/ws_fastlio2/build/pgo' returned '0': AMENT_PREFIX_PATH=/home/nvidia/ws_fastlio2/install/interface:${AMENT_PREFIX_PATH} CMAKE_PREFIX_PATH=/home/nvidia/ws_fastlio2/install/interface:/home/nvidia/5.1-ros2_ws/install/yhs_can_control:/home/nvidia/5.1-ros2_ws/install/yhs_can_interfaces:/home/nvidia/ros2_ws/install/yhs_chassis_description:/home/nvidia/ros2_ws/install/ai_imu_dr_ros:/opt/ros/humble LD_LIBRARY_PATH=/home/nvidia/ws_fastlio2/install/interface/lib:${LD_LIBRARY_PATH} PYTHONPATH=/home/nvidia/ws_fastlio2/install/interface/local/lib/python3.10/dist-packages:${PYTHONPATH} /usr/bin/cmake --build /home/nvidia/ws_fastlio2/build/pgo -- -j20 -l20
[0.574s] DEBUG:colcon.colcon_core.event_handler.log_command:Invoking command in '/home/nvidia/ws_fastlio2/build/pgo': AMENT_PREFIX_PATH=/home/nvidia/ws_fastlio2/install/interface:${AMENT_PREFIX_PATH} CMAKE_PREFIX_PATH=/home/nvidia/ws_fastlio2/install/interface:/home/nvidia/5.1-ros2_ws/install/yhs_can_control:/home/nvidia/5.1-ros2_ws/install/yhs_can_interfaces:/home/nvidia/ros2_ws/install/yhs_chassis_description:/home/nvidia/ros2_ws/install/ai_imu_dr_ros:/opt/ros/humble LD_LIBRARY_PATH=/home/nvidia/ws_fastlio2/install/interface/lib:${LD_LIBRARY_PATH} PYTHONPATH=/home/nvidia/ws_fastlio2/install/interface/local/lib/python3.10/dist-packages:${PYTHONPATH} /usr/bin/cmake --install /home/nvidia/ws_fastlio2/build/pgo
[0.628s] Level 1:colcon.colcon_core.environment:create_environment_scripts_only(fastlio2)
[0.630s] DEBUG:colcon.colcon_core.event_handler.log_command:Invoked command in '/home/nvidia/ws_fastlio2/build/fastlio2' returned '0': CMAKE_PREFIX_PATH=${CMAKE_PREFIX_PATH}:/home/nvidia/ros2_ws/install/ai_imu_dr_ros:/opt/ros/humble /usr/bin/cmake --install /home/nvidia/ws_fastlio2/build/fastlio2
[0.633s] Level 1:colcon.colcon_core.environment:checking '/home/nvidia/ws_fastlio2/install/fastlio2' for CMake module files
[0.633s] Level 1:colcon.colcon_core.environment:checking '/home/nvidia/ws_fastlio2/install/fastlio2' for CMake config files
[0.634s] Level 1:colcon.colcon_core.shell:create_environment_hook('fastlio2', 'cmake_prefix_path')
[0.634s] INFO:colcon.colcon_core.shell:Creating environment hook '/home/nvidia/ws_fastlio2/install/fastlio2/share/fastlio2/hook/cmake_prefix_path.ps1'
[0.635s] INFO:colcon.colcon_core.shell:Creating environment descriptor '/home/nvidia/ws_fastlio2/install/fastlio2/share/fastlio2/hook/cmake_prefix_path.dsv'
[0.636s] INFO:colcon.colcon_core.shell:Creating environment hook '/home/nvidia/ws_fastlio2/install/fastlio2/share/fastlio2/hook/cmake_prefix_path.sh'
[0.637s] Level 1:colcon.colcon_core.environment:checking '/home/nvidia/ws_fastlio2/install/fastlio2/lib'
[0.637s] Level 1:colcon.colcon_core.environment:checking '/home/nvidia/ws_fastlio2/install/fastlio2/bin'
[0.637s] Level 1:colcon.colcon_core.environment:checking '/home/nvidia/ws_fastlio2/install/fastlio2/lib/pkgconfig/fastlio2.pc'
[0.637s] Level 1:colcon.colcon_core.environment:checking '/home/nvidia/ws_fastlio2/install/fastlio2/lib/python3.10/site-packages'
[0.637s] Level 1:colcon.colcon_core.environment:checking '/home/nvidia/ws_fastlio2/install/fastlio2/bin'
[0.638s] INFO:colcon.colcon_core.shell:Creating package script '/home/nvidia/ws_fastlio2/install/fastlio2/share/fastlio2/package.ps1'
[0.639s] INFO:colcon.colcon_core.shell:Creating package descriptor '/home/nvidia/ws_fastlio2/install/fastlio2/share/fastlio2/package.dsv'
[0.639s] INFO:colcon.colcon_core.shell:Creating package script '/home/nvidia/ws_fastlio2/install/fastlio2/share/fastlio2/package.sh'
[0.640s] INFO:colcon.colcon_core.shell:Creating package script '/home/nvidia/ws_fastlio2/install/fastlio2/share/fastlio2/package.bash'
[0.641s] INFO:colcon.colcon_core.shell:Creating package script '/home/nvidia/ws_fastlio2/install/fastlio2/share/fastlio2/package.zsh'
[0.641s] Level 1:colcon.colcon_core.environment:create_file_with_runtime_dependencies(/home/nvidia/ws_fastlio2/install/fastlio2/share/colcon-core/packages/fastlio2)
[0.642s] Level 1:colcon.colcon_core.environment:create_environment_scripts_only(fastlio2)
[0.642s] Level 1:colcon.colcon_core.environment:checking '/home/nvidia/ws_fastlio2/install/fastlio2' for CMake module files
[0.642s] Level 1:colcon.colcon_core.environment:checking '/home/nvidia/ws_fastlio2/install/fastlio2' for CMake config files
[0.642s] Level 1:colcon.colcon_core.shell:create_environment_hook('fastlio2', 'cmake_prefix_path')
[0.643s] INFO:colcon.colcon_core.shell:Creating environment hook '/home/nvidia/ws_fastlio2/install/fastlio2/share/fastlio2/hook/cmake_prefix_path.ps1'
[0.643s] INFO:colcon.colcon_core.shell:Creating environment descriptor '/home/nvidia/ws_fastlio2/install/fastlio2/share/fastlio2/hook/cmake_prefix_path.dsv'
[0.643s] INFO:colcon.colcon_core.shell:Creating environment hook '/home/nvidia/ws_fastlio2/install/fastlio2/share/fastlio2/hook/cmake_prefix_path.sh'
[0.643s] Level 1:colcon.colcon_core.environment:checking '/home/nvidia/ws_fastlio2/install/fastlio2/lib'
[0.643s] Level 1:colcon.colcon_core.environment:checking '/home/nvidia/ws_fastlio2/install/fastlio2/bin'
[0.643s] Level 1:colcon.colcon_core.environment:checking '/home/nvidia/ws_fastlio2/install/fastlio2/lib/pkgconfig/fastlio2.pc'
[0.644s] Level 1:colcon.colcon_core.environment:checking '/home/nvidia/ws_fastlio2/install/fastlio2/lib/python3.10/site-packages'
[0.644s] Level 1:colcon.colcon_core.environment:checking '/home/nvidia/ws_fastlio2/install/fastlio2/bin'
[0.644s] INFO:colcon.colcon_core.shell:Creating package script '/home/nvidia/ws_fastlio2/install/fastlio2/share/fastlio2/package.ps1'
[0.644s] INFO:colcon.colcon_core.shell:Creating package descriptor '/home/nvidia/ws_fastlio2/install/fastlio2/share/fastlio2/package.dsv'
[0.645s] INFO:colcon.colcon_core.shell:Creating package script '/home/nvidia/ws_fastlio2/install/fastlio2/share/fastlio2/package.sh'
[0.645s] INFO:colcon.colcon_core.shell:Creating package script '/home/nvidia/ws_fastlio2/install/fastlio2/share/fastlio2/package.bash'
[0.645s] INFO:colcon.colcon_core.shell:Creating package script '/home/nvidia/ws_fastlio2/install/fastlio2/share/fastlio2/package.zsh'
[0.645s] Level 1:colcon.colcon_core.environment:create_file_with_runtime_dependencies(/home/nvidia/ws_fastlio2/install/fastlio2/share/colcon-core/packages/fastlio2)
[0.646s] Level 1:colcon.colcon_core.environment:create_environment_scripts_only(pgo)
[0.646s] Level 1:colcon.colcon_core.environment:checking '/home/nvidia/ws_fastlio2/install/pgo' for CMake module files
[0.646s] DEBUG:colcon.colcon_core.event_handler.log_command:Invoked command in '/home/nvidia/ws_fastlio2/build/pgo' returned '0': AMENT_PREFIX_PATH=/home/nvidia/ws_fastlio2/install/interface:${AMENT_PREFIX_PATH} CMAKE_PREFIX_PATH=/home/nvidia/ws_fastlio2/install/interface:/home/nvidia/5.1-ros2_ws/install/yhs_can_control:/home/nvidia/5.1-ros2_ws/install/yhs_can_interfaces:/home/nvidia/ros2_ws/install/yhs_chassis_description:/home/nvidia/ros2_ws/install/ai_imu_dr_ros:/opt/ros/humble LD_LIBRARY_PATH=/home/nvidia/ws_fastlio2/install/interface/lib:${LD_LIBRARY_PATH} PYTHONPATH=/home/nvidia/ws_fastlio2/install/interface/local/lib/python3.10/dist-packages:${PYTHONPATH} /usr/bin/cmake --install /home/nvidia/ws_fastlio2/build/pgo
[0.646s] Level 1:colcon.colcon_core.environment:checking '/home/nvidia/ws_fastlio2/install/pgo' for CMake config files
[0.647s] Level 1:colcon.colcon_core.shell:create_environment_hook('pgo', 'cmake_prefix_path')
[0.647s] INFO:colcon.colcon_core.shell:Creating environment hook '/home/nvidia/ws_fastlio2/install/pgo/share/pgo/hook/cmake_prefix_path.ps1'
[0.647s] INFO:colcon.colcon_core.shell:Creating environment descriptor '/home/nvidia/ws_fastlio2/install/pgo/share/pgo/hook/cmake_prefix_path.dsv'
[0.647s] INFO:colcon.colcon_core.shell:Creating environment hook '/home/nvidia/ws_fastlio2/install/pgo/share/pgo/hook/cmake_prefix_path.sh'
[0.647s] Level 1:colcon.colcon_core.environment:checking '/home/nvidia/ws_fastlio2/install/pgo/lib'
[0.648s] Level 1:colcon.colcon_core.environment:checking '/home/nvidia/ws_fastlio2/install/pgo/bin'
[0.648s] Level 1:colcon.colcon_core.environment:checking '/home/nvidia/ws_fastlio2/install/pgo/lib/pkgconfig/pgo.pc'
[0.648s] Level 1:colcon.colcon_core.environment:checking '/home/nvidia/ws_fastlio2/install/pgo/lib/python3.10/site-packages'
[0.648s] Level 1:colcon.colcon_core.environment:checking '/home/nvidia/ws_fastlio2/install/pgo/bin'
[0.648s] INFO:colcon.colcon_core.shell:Creating package script '/home/nvidia/ws_fastlio2/install/pgo/share/pgo/package.ps1'
[0.648s] INFO:colcon.colcon_core.shell:Creating package descriptor '/home/nvidia/ws_fastlio2/install/pgo/share/pgo/package.dsv'
[0.648s] INFO:colcon.colcon_core.shell:Creating package script '/home/nvidia/ws_fastlio2/install/pgo/share/pgo/package.sh'
[0.649s] INFO:colcon.colcon_core.shell:Creating package script '/home/nvidia/ws_fastlio2/install/pgo/share/pgo/package.bash'
[0.649s] INFO:colcon.colcon_core.shell:Creating package script '/home/nvidia/ws_fastlio2/install/pgo/share/pgo/package.zsh'
[0.649s] Level 1:colcon.colcon_core.environment:create_file_with_runtime_dependencies(/home/nvidia/ws_fastlio2/install/pgo/share/colcon-core/packages/pgo)
[0.649s] Level 1:colcon.colcon_core.environment:create_environment_scripts_only(pgo)
[0.649s] Level 1:colcon.colcon_core.environment:checking '/home/nvidia/ws_fastlio2/install/pgo' for CMake module files
[0.650s] Level 1:colcon.colcon_core.environment:checking '/home/nvidia/ws_fastlio2/install/pgo' for CMake config files
[0.650s] Level 1:colcon.colcon_core.shell:create_environment_hook('pgo', 'cmake_prefix_path')
[0.650s] INFO:colcon.colcon_core.shell:Creating environment hook '/home/nvidia/ws_fastlio2/install/pgo/share/pgo/hook/cmake_prefix_path.ps1'
[0.650s] INFO:colcon.colcon_core.shell:Creating environment descriptor '/home/nvidia/ws_fastlio2/install/pgo/share/pgo/hook/cmake_prefix_path.dsv'
[0.650s] INFO:colcon.colcon_core.shell:Creating environment hook '/home/nvidia/ws_fastlio2/install/pgo/share/pgo/hook/cmake_prefix_path.sh'
[0.651s] Level 1:colcon.colcon_core.environment:checking '/home/nvidia/ws_fastlio2/install/pgo/lib'
[0.651s] Level 1:colcon.colcon_core.environment:checking '/home/nvidia/ws_fastlio2/install/pgo/bin'
[0.651s] Level 1:colcon.colcon_core.environment:checking '/home/nvidia/ws_fastlio2/install/pgo/lib/pkgconfig/pgo.pc'
[0.651s] Level 1:colcon.colcon_core.environment:checking '/home/nvidia/ws_fastlio2/install/pgo/lib/python3.10/site-packages'
[0.651s] Level 1:colcon.colcon_core.environment:checking '/home/nvidia/ws_fastlio2/install/pgo/bin'
[0.651s] INFO:colcon.colcon_core.shell:Creating package script '/home/nvidia/ws_fastlio2/install/pgo/share/pgo/package.ps1'
[0.651s] INFO:colcon.colcon_core.shell:Creating package descriptor '/home/nvidia/ws_fastlio2/install/pgo/share/pgo/package.dsv'
[0.651s] INFO:colcon.colcon_core.shell:Creating package script '/home/nvidia/ws_fastlio2/install/pgo/share/pgo/package.sh'
[0.652s] INFO:colcon.colcon_core.shell:Creating package script '/home/nvidia/ws_fastlio2/install/pgo/share/pgo/package.bash'
[0.652s] INFO:colcon.colcon_core.shell:Creating package script '/home/nvidia/ws_fastlio2/install/pgo/share/pgo/package.zsh'
[0.652s] Level 1:colcon.colcon_core.environment:create_file_with_runtime_dependencies(/home/nvidia/ws_fastlio2/install/pgo/share/colcon-core/packages/pgo)
[0.652s] Level 1:colcon.colcon_core.environment:create_environment_scripts_only(localizer)
[0.653s] Level 1:colcon.colcon_core.environment:checking '/home/nvidia/ws_fastlio2/install/localizer' for CMake module files
[0.653s] DEBUG:colcon.colcon_core.event_handler.log_command:Invoked command in '/home/nvidia/ws_fastlio2/build/localizer' returned '0': AMENT_PREFIX_PATH=/home/nvidia/ws_fastlio2/install/interface:${AMENT_PREFIX_PATH} CMAKE_PREFIX_PATH=/home/nvidia/ws_fastlio2/install/interface:/home/nvidia/5.1-ros2_ws/install/yhs_can_control:/home/nvidia/5.1-ros2_ws/install/yhs_can_interfaces:/home/nvidia/ros2_ws/install/yhs_chassis_description:/home/nvidia/ros2_ws/install/ai_imu_dr_ros:/opt/ros/humble LD_LIBRARY_PATH=/home/nvidia/ws_fastlio2/install/interface/lib:${LD_LIBRARY_PATH} PYTHONPATH=/home/nvidia/ws_fastlio2/install/interface/local/lib/python3.10/dist-packages:${PYTHONPATH} /usr/bin/cmake --install /home/nvidia/ws_fastlio2/build/localizer
[0.653s] Level 1:colcon.colcon_core.environment:checking '/home/nvidia/ws_fastlio2/install/localizer' for CMake config files
[0.653s] Level 1:colcon.colcon_core.shell:create_environment_hook('localizer', 'cmake_prefix_path')
[0.653s] INFO:colcon.colcon_core.shell:Creating environment hook '/home/nvidia/ws_fastlio2/install/localizer/share/localizer/hook/cmake_prefix_path.ps1'
[0.654s] INFO:colcon.colcon_core.shell:Creating environment descriptor '/home/nvidia/ws_fastlio2/install/localizer/share/localizer/hook/cmake_prefix_path.dsv'
[0.654s] INFO:colcon.colcon_core.shell:Creating environment hook '/home/nvidia/ws_fastlio2/install/localizer/share/localizer/hook/cmake_prefix_path.sh'
[0.654s] Level 1:colcon.colcon_core.environment:checking '/home/nvidia/ws_fastlio2/install/localizer/lib'
[0.654s] Level 1:colcon.colcon_core.environment:checking '/home/nvidia/ws_fastlio2/install/localizer/bin'
[0.654s] Level 1:colcon.colcon_core.environment:checking '/home/nvidia/ws_fastlio2/install/localizer/lib/pkgconfig/localizer.pc'
[0.654s] Level 1:colcon.colcon_core.environment:checking '/home/nvidia/ws_fastlio2/install/localizer/lib/python3.10/site-packages'
[0.654s] Level 1:colcon.colcon_core.environment:checking '/home/nvidia/ws_fastlio2/install/localizer/bin'
[0.654s] INFO:colcon.colcon_core.shell:Creating package script '/home/nvidia/ws_fastlio2/install/localizer/share/localizer/package.ps1'
[0.655s] INFO:colcon.colcon_core.shell:Creating package descriptor '/home/nvidia/ws_fastlio2/install/localizer/share/localizer/package.dsv'
[0.655s] INFO:colcon.colcon_core.shell:Creating package script '/home/nvidia/ws_fastlio2/install/localizer/share/localizer/package.sh'
[0.655s] INFO:colcon.colcon_core.shell:Creating package script '/home/nvidia/ws_fastlio2/install/localizer/share/localizer/package.bash'
[0.655s] INFO:colcon.colcon_core.shell:Creating package script '/home/nvidia/ws_fastlio2/install/localizer/share/localizer/package.zsh'
[0.655s] Level 1:colcon.colcon_core.environment:create_file_with_runtime_dependencies(/home/nvidia/ws_fastlio2/install/localizer/share/colcon-core/packages/localizer)
[0.656s] Level 1:colcon.colcon_core.environment:create_environment_scripts_only(localizer)
[0.656s] Level 1:colcon.colcon_core.environment:checking '/home/nvidia/ws_fastlio2/install/localizer' for CMake module files
[0.656s] Level 1:colcon.colcon_core.environment:checking '/home/nvidia/ws_fastlio2/install/localizer' for CMake config files
[0.656s] Level 1:colcon.colcon_core.shell:create_environment_hook('localizer', 'cmake_prefix_path')
[0.656s] INFO:colcon.colcon_core.shell:Creating environment hook '/home/nvidia/ws_fastlio2/install/localizer/share/localizer/hook/cmake_prefix_path.ps1'
[0.657s] INFO:colcon.colcon_core.shell:Creating environment descriptor '/home/nvidia/ws_fastlio2/install/localizer/share/localizer/hook/cmake_prefix_path.dsv'
[0.657s] INFO:colcon.colcon_core.shell:Creating environment hook '/home/nvidia/ws_fastlio2/install/localizer/share/localizer/hook/cmake_prefix_path.sh'
[0.657s] Level 1:colcon.colcon_core.environment:checking '/home/nvidia/ws_fastlio2/install/localizer/lib'
[0.657s] Level 1:colcon.colcon_core.environment:checking '/home/nvidia/ws_fastlio2/install/localizer/bin'
[0.657s] Level 1:colcon.colcon_core.environment:checking '/home/nvidia/ws_fastlio2/install/localizer/lib/pkgconfig/localizer.pc'
[0.657s] Level 1:colcon.colcon_core.environment:checking '/home/nvidia/ws_fastlio2/install/localizer/lib/python3.10/site-packages'
[0.657s] Level 1:colcon.colcon_core.environment:checking '/home/nvidia/ws_fastlio2/install/localizer/bin'
[0.657s] INFO:colcon.colcon_core.shell:Creating package script '/home/nvidia/ws_fastlio2/install/localizer/share/localizer/package.ps1'
[0.658s] INFO:colcon.colcon_core.shell:Creating package descriptor '/home/nvidia/ws_fastlio2/install/localizer/share/localizer/package.dsv'
[0.658s] INFO:colcon.colcon_core.shell:Creating package script '/home/nvidia/ws_fastlio2/install/localizer/share/localizer/package.sh'
[0.658s] INFO:colcon.colcon_core.shell:Creating package script '/home/nvidia/ws_fastlio2/install/localizer/share/localizer/package.bash'
[0.659s] INFO:colcon.colcon_core.shell:Creating package script '/home/nvidia/ws_fastlio2/install/localizer/share/localizer/package.zsh'
[0.659s] Level 1:colcon.colcon_core.environment:create_file_with_runtime_dependencies(/home/nvidia/ws_fastlio2/install/localizer/share/colcon-core/packages/localizer)
[0.659s] DEBUG:colcon.colcon_parallel_executor.executor.parallel:closing loop
[0.659s] DEBUG:colcon.colcon_parallel_executor.executor.parallel:loop closed
[0.659s] DEBUG:colcon.colcon_parallel_executor.executor.parallel:run_until_complete finished with '0'
[0.659s] DEBUG:colcon.colcon_core.event_reactor:joining thread
[0.663s] INFO:colcon.colcon_core.plugin_system:Skipping extension 'colcon_notification.desktop_notification.terminal_notifier': Not used on non-Darwin systems
[0.663s] INFO:colcon.colcon_core.plugin_system:Skipping extension 'colcon_notification.desktop_notification.win32': Not used on non-Windows systems
[0.663s] INFO:colcon.colcon_notification.desktop_notification:Sending desktop notification using 'notify2'
[0.674s] DEBUG:colcon.colcon_core.event_reactor:joined thread
[0.674s] INFO:colcon.colcon_core.shell:Creating prefix script '/home/nvidia/ws_fastlio2/install/local_setup.ps1'
[0.675s] INFO:colcon.colcon_core.shell:Creating prefix util module '/home/nvidia/ws_fastlio2/install/_local_setup_util_ps1.py'
[0.677s] INFO:colcon.colcon_core.shell:Creating prefix chain script '/home/nvidia/ws_fastlio2/install/setup.ps1'
[0.679s] INFO:colcon.colcon_core.shell:Creating prefix script '/home/nvidia/ws_fastlio2/install/local_setup.sh'
[0.680s] INFO:colcon.colcon_core.shell:Creating prefix util module '/home/nvidia/ws_fastlio2/install/_local_setup_util_sh.py'
[0.680s] INFO:colcon.colcon_core.shell:Creating prefix chain script '/home/nvidia/ws_fastlio2/install/setup.sh'
[0.681s] INFO:colcon.colcon_core.shell:Creating prefix script '/home/nvidia/ws_fastlio2/install/local_setup.bash'
[0.681s] INFO:colcon.colcon_core.shell:Creating prefix chain script '/home/nvidia/ws_fastlio2/install/setup.bash'
[0.682s] INFO:colcon.colcon_core.shell:Creating prefix script '/home/nvidia/ws_fastlio2/install/local_setup.zsh'
[0.682s] INFO:colcon.colcon_core.shell:Creating prefix chain script '/home/nvidia/ws_fastlio2/install/setup.zsh'
