[0.006s] Invoking command in '/home/nvidia/wheeltec_imu_ws/build/fdilink_ahrs': CMAKE_PREFIX_PATH=/opt/ros/humble /usr/bin/cmake /home/nvidia/wheeltec_imu_ws/src/fdilink_ahrs -DCMAKE_INSTALL_PREFIX=/home/nvidia/wheeltec_imu_ws/install/fdilink_ahrs
[0.013s] -- Found ament_cmake: 1.3.12 (/opt/ros/humble/share/ament_cmake/cmake)
[0.098s] -- Found rclcpp: 16.0.15 (/opt/ros/humble/share/rclcpp/cmake)
[0.114s] -- Found rosidl_generator_c: 3.1.7 (/opt/ros/humble/share/rosidl_generator_c/cmake)
[0.116s] -- Found rosidl_adapter: 3.1.7 (/opt/ros/humble/share/rosidl_adapter/cmake)
[0.119s] -- Found rosidl_generator_cpp: 3.1.7 (/opt/ros/humble/share/rosidl_generator_cpp/cmake)
[0.125s] -- Using all available rosidl_typesupport_c: rosidl_typesupport_fastrtps_c;rosidl_typesupport_introspection_c
[0.132s] -- Using all available rosidl_typesupport_cpp: rosidl_typesupport_fastrtps_cpp;rosidl_typesupport_introspection_cpp
[0.151s] -- Found rmw_implementation_cmake: 6.1.2 (/opt/ros/humble/share/rmw_implementation_cmake/cmake)
[0.152s] -- Found rmw_fastrtps_cpp: 6.2.8 (/opt/ros/humble/share/rmw_fastrtps_cpp/cmake)
[0.219s] -- Using RMW implementation 'rmw_fastrtps_cpp' as default
[0.249s] -- Found rclpy: 3.3.17 (/opt/ros/humble/share/rclpy/cmake)
[0.249s] -- Found sensor_msgs: 4.9.0 (/opt/ros/humble/share/sensor_msgs/cmake)
[0.266s] -- Found tf2: 0.25.16 (/opt/ros/humble/share/tf2/cmake)
[0.268s] -- Found tf2_ros: 0.25.16 (/opt/ros/humble/share/tf2_ros/cmake)
[0.319s] [31mCMake Error at CMakeLists.txt:30 (find_package):
[0.320s]   By not providing "Findserial.cmake" in CMAKE_MODULE_PATH this project has
[0.320s]   asked CMake to find a package configuration file provided by "serial", but
[0.320s]   CMake did not find one.
[0.320s] 
[0.320s]   Could not find a package configuration file provided by "serial" with any
[0.320s]   of the following names:
[0.320s] 
[0.320s]     serialConfig.cmake
[0.320s]     serial-config.cmake
[0.320s] 
[0.320s]   Add the installation prefix of "serial" to CMAKE_PREFIX_PATH or set
[0.320s]   "serial_DIR" to a directory containing one of the above files.  If "serial"
[0.320s]   provides a separate development package or SDK, be sure it has been
[0.320s]   installed.
[0.320s] 
[0.320s] [0m
[0.320s] -- Configuring incomplete, errors occurred!
[0.320s] See also "/home/nvidia/wheeltec_imu_ws/build/fdilink_ahrs/CMakeFiles/CMakeOutput.log".
[0.324s] Invoked command in '/home/nvidia/wheeltec_imu_ws/build/fdilink_ahrs' returned '1': CMAKE_PREFIX_PATH=/opt/ros/humble /usr/bin/cmake /home/nvidia/wheeltec_imu_ws/src/fdilink_ahrs -DCMAKE_INSTALL_PREFIX=/home/nvidia/wheeltec_imu_ws/install/fdilink_ahrs
