[0.007s] Invoking command in '/home/nvidia/ros2_ws/build/yhs_chassis_description': CMAKE_PREFIX_PATH=/opt/ros/humble /usr/bin/cmake /home/nvidia/ros2_ws/src/MK-mini-description-ros2 -DCMAKE_INSTALL_PREFIX=/home/nvidia/ros2_ws/install/yhs_chassis_description
[0.113s] -- The C compiler identification is GNU 11.4.0
[0.219s] -- The CXX compiler identification is GNU 11.4.0
[0.225s] -- Detecting C compiler ABI info
[0.319s] -- Detecting C compiler ABI info - done
[0.332s] -- Check for working C compiler: /usr/bin/cc - skipped
[0.333s] -- Detecting C compile features
[0.333s] -- Detecting C compile features - done
[0.339s] -- Detecting CXX compiler ABI info
[0.469s] -- Detecting CXX compiler ABI info - done
[0.474s] -- Check for working CXX compiler: /usr/bin/c++ - skipped
[0.474s] -- Detecting CXX compile features
[0.475s] -- Detecting CXX compile features - done
[0.477s] -- Found ament_cmake: 1.3.12 (/opt/ros/humble/share/ament_cmake/cmake)
[0.639s] -- Found Python3: /usr/bin/python3 (found version "3.10.12") found components: Interpreter 
[0.700s] -- Found ament_lint_auto: 0.12.14 (/opt/ros/humble/share/ament_lint_auto/cmake)
[0.750s] -- Added test 'flake8' to check Python code syntax and style conventions
[0.750s] -- Added test 'lint_cmake' to check CMake code style
[0.750s] -- Added test 'pep257' to check Python code against some of the docstring style conventions in PEP 257
[0.751s] -- Added test 'xmllint' to check XML markup files
[0.752s] -- Configuring done
[0.754s] -- Generating done
[0.754s] -- Build files have been written to: /home/nvidia/ros2_ws/build/yhs_chassis_description
[0.758s] Invoked command in '/home/nvidia/ros2_ws/build/yhs_chassis_description' returned '0': CMAKE_PREFIX_PATH=/opt/ros/humble /usr/bin/cmake /home/nvidia/ros2_ws/src/MK-mini-description-ros2 -DCMAKE_INSTALL_PREFIX=/home/nvidia/ros2_ws/install/yhs_chassis_description
[0.759s] Invoking command in '/home/nvidia/ros2_ws/build/yhs_chassis_description': CMAKE_PREFIX_PATH=/opt/ros/humble /usr/bin/cmake --build /home/nvidia/ros2_ws/build/yhs_chassis_description -- -j20 -l20
[0.807s] Invoked command in '/home/nvidia/ros2_ws/build/yhs_chassis_description' returned '0': CMAKE_PREFIX_PATH=/opt/ros/humble /usr/bin/cmake --build /home/nvidia/ros2_ws/build/yhs_chassis_description -- -j20 -l20
[0.820s] Invoking command in '/home/nvidia/ros2_ws/build/yhs_chassis_description': CMAKE_PREFIX_PATH=/opt/ros/humble /usr/bin/cmake --install /home/nvidia/ros2_ws/build/yhs_chassis_description
[0.837s] -- Install configuration: ""
[0.838s] -- Installing: /home/nvidia/ros2_ws/install/yhs_chassis_description/share/yhs_chassis_description/launch
[0.838s] -- Installing: /home/nvidia/ros2_ws/install/yhs_chassis_description/share/yhs_chassis_description/launch/MK-mini.launch.py
[0.838s] -- Installing: /home/nvidia/ros2_ws/install/yhs_chassis_description/share/yhs_chassis_description/meshes
[0.838s] -- Installing: /home/nvidia/ros2_ws/install/yhs_chassis_description/share/yhs_chassis_description/meshes/MK-mini.STL
[0.841s] -- Installing: /home/nvidia/ros2_ws/install/yhs_chassis_description/share/yhs_chassis_description/rviz
[0.841s] -- Installing: /home/nvidia/ros2_ws/install/yhs_chassis_description/share/yhs_chassis_description/rviz/rviz.rviz
[0.841s] -- Installing: /home/nvidia/ros2_ws/install/yhs_chassis_description/share/yhs_chassis_description/urdf
[0.841s] -- Installing: /home/nvidia/ros2_ws/install/yhs_chassis_description/share/yhs_chassis_description/urdf/MK-mini.urdf
[0.842s] -- Installing: /home/nvidia/ros2_ws/install/yhs_chassis_description/share/ament_index/resource_index/package_run_dependencies/yhs_chassis_description
[0.842s] -- Installing: /home/nvidia/ros2_ws/install/yhs_chassis_description/share/ament_index/resource_index/parent_prefix_path/yhs_chassis_description
[0.842s] -- Installing: /home/nvidia/ros2_ws/install/yhs_chassis_description/share/yhs_chassis_description/environment/ament_prefix_path.sh
[0.842s] -- Installing: /home/nvidia/ros2_ws/install/yhs_chassis_description/share/yhs_chassis_description/environment/ament_prefix_path.dsv
[0.842s] -- Installing: /home/nvidia/ros2_ws/install/yhs_chassis_description/share/yhs_chassis_description/environment/path.sh
[0.843s] -- Installing: /home/nvidia/ros2_ws/install/yhs_chassis_description/share/yhs_chassis_description/environment/path.dsv
[0.843s] -- Installing: /home/nvidia/ros2_ws/install/yhs_chassis_description/share/yhs_chassis_description/local_setup.bash
[0.843s] -- Installing: /home/nvidia/ros2_ws/install/yhs_chassis_description/share/yhs_chassis_description/local_setup.sh
[0.843s] -- Installing: /home/nvidia/ros2_ws/install/yhs_chassis_description/share/yhs_chassis_description/local_setup.zsh
[0.843s] -- Installing: /home/nvidia/ros2_ws/install/yhs_chassis_description/share/yhs_chassis_description/local_setup.dsv
[0.843s] -- Installing: /home/nvidia/ros2_ws/install/yhs_chassis_description/share/yhs_chassis_description/package.dsv
[0.843s] -- Installing: /home/nvidia/ros2_ws/install/yhs_chassis_description/share/ament_index/resource_index/packages/yhs_chassis_description
[0.844s] -- Installing: /home/nvidia/ros2_ws/install/yhs_chassis_description/share/yhs_chassis_description/cmake/yhs_chassis_descriptionConfig.cmake
[0.844s] -- Installing: /home/nvidia/ros2_ws/install/yhs_chassis_description/share/yhs_chassis_description/cmake/yhs_chassis_descriptionConfig-version.cmake
[0.844s] -- Installing: /home/nvidia/ros2_ws/install/yhs_chassis_description/share/yhs_chassis_description/package.xml
[0.848s] Invoked command in '/home/nvidia/ros2_ws/build/yhs_chassis_description' returned '0': CMAKE_PREFIX_PATH=/opt/ros/humble /usr/bin/cmake --install /home/nvidia/ros2_ws/build/yhs_chassis_description
