[0.006s] Invoking command in '/home/nvidia/ros2_ws/build/yhs_chassis_description': CMAKE_PREFIX_PATH=/opt/ros/humble /usr/bin/cmake --build /home/nvidia/ros2_ws/build/yhs_chassis_description -- -j20 -l20
[0.022s] -- Found ament_cmake: 1.3.12 (/opt/ros/humble/share/ament_cmake/cmake)
[0.106s] -- Found ament_lint_auto: 0.12.14 (/opt/ros/humble/share/ament_lint_auto/cmake)
[0.149s] -- Added test 'flake8' to check Python code syntax and style conventions
[0.149s] -- Added test 'lint_cmake' to check CMake code style
[0.150s] -- Added test 'pep257' to check Python code against some of the docstring style conventions in PEP 257
[0.150s] -- Added test 'xmllint' to check XML markup files
[0.150s] -- Configuring done
[0.152s] -- Generating done
[0.153s] -- Build files have been written to: /home/nvidia/ros2_ws/build/yhs_chassis_description
[0.168s] Invoked command in '/home/nvidia/ros2_ws/build/yhs_chassis_description' returned '0': CMAKE_PREFIX_PATH=/opt/ros/humble /usr/bin/cmake --build /home/nvidia/ros2_ws/build/yhs_chassis_description -- -j20 -l20
[0.177s] Invoking command in '/home/nvidia/ros2_ws/build/yhs_chassis_description': CMAKE_PREFIX_PATH=/opt/ros/humble /usr/bin/cmake --install /home/nvidia/ros2_ws/build/yhs_chassis_description
[0.193s] -- Install configuration: ""
[0.193s] -- Up-to-date: /home/nvidia/ros2_ws/install/yhs_chassis_description/share/yhs_chassis_description/launch
[0.193s] -- Installing: /home/nvidia/ros2_ws/install/yhs_chassis_description/share/yhs_chassis_description/launch/MK-mini.launch.py
[0.194s] -- Up-to-date: /home/nvidia/ros2_ws/install/yhs_chassis_description/share/yhs_chassis_description/meshes
[0.194s] -- Up-to-date: /home/nvidia/ros2_ws/install/yhs_chassis_description/share/yhs_chassis_description/meshes/MK-mini.STL
[0.194s] -- Up-to-date: /home/nvidia/ros2_ws/install/yhs_chassis_description/share/yhs_chassis_description/rviz
[0.194s] -- Up-to-date: /home/nvidia/ros2_ws/install/yhs_chassis_description/share/yhs_chassis_description/rviz/rviz.rviz
[0.194s] -- Up-to-date: /home/nvidia/ros2_ws/install/yhs_chassis_description/share/yhs_chassis_description/urdf
[0.194s] -- Up-to-date: /home/nvidia/ros2_ws/install/yhs_chassis_description/share/yhs_chassis_description/urdf/MK-mini.urdf
[0.194s] -- Installing: /home/nvidia/ros2_ws/install/yhs_chassis_description/share/ament_index/resource_index/package_run_dependencies/yhs_chassis_description
[0.194s] -- Up-to-date: /home/nvidia/ros2_ws/install/yhs_chassis_description/share/ament_index/resource_index/parent_prefix_path/yhs_chassis_description
[0.195s] -- Up-to-date: /home/nvidia/ros2_ws/install/yhs_chassis_description/share/yhs_chassis_description/environment/ament_prefix_path.sh
[0.195s] -- Installing: /home/nvidia/ros2_ws/install/yhs_chassis_description/share/yhs_chassis_description/environment/ament_prefix_path.dsv
[0.195s] -- Up-to-date: /home/nvidia/ros2_ws/install/yhs_chassis_description/share/yhs_chassis_description/environment/path.sh
[0.195s] -- Installing: /home/nvidia/ros2_ws/install/yhs_chassis_description/share/yhs_chassis_description/environment/path.dsv
[0.195s] -- Up-to-date: /home/nvidia/ros2_ws/install/yhs_chassis_description/share/yhs_chassis_description/local_setup.bash
[0.195s] -- Up-to-date: /home/nvidia/ros2_ws/install/yhs_chassis_description/share/yhs_chassis_description/local_setup.sh
[0.195s] -- Up-to-date: /home/nvidia/ros2_ws/install/yhs_chassis_description/share/yhs_chassis_description/local_setup.zsh
[0.195s] -- Installing: /home/nvidia/ros2_ws/install/yhs_chassis_description/share/yhs_chassis_description/local_setup.dsv
[0.195s] -- Installing: /home/nvidia/ros2_ws/install/yhs_chassis_description/share/yhs_chassis_description/package.dsv
[0.196s] -- Up-to-date: /home/nvidia/ros2_ws/install/yhs_chassis_description/share/ament_index/resource_index/packages/yhs_chassis_description
[0.196s] -- Up-to-date: /home/nvidia/ros2_ws/install/yhs_chassis_description/share/yhs_chassis_description/cmake/yhs_chassis_descriptionConfig.cmake
[0.196s] -- Up-to-date: /home/nvidia/ros2_ws/install/yhs_chassis_description/share/yhs_chassis_description/cmake/yhs_chassis_descriptionConfig-version.cmake
[0.196s] -- Installing: /home/nvidia/ros2_ws/install/yhs_chassis_description/share/yhs_chassis_description/package.xml
[0.199s] Invoked command in '/home/nvidia/ros2_ws/build/yhs_chassis_description' returned '0': CMAKE_PREFIX_PATH=/opt/ros/humble /usr/bin/cmake --install /home/nvidia/ros2_ws/build/yhs_chassis_description
