[0.061s] DEBUG:colcon:Command line arguments: ['/usr/bin/colcon', 'build', '--packages-select', 'yhs_can_interfaces']
[0.061s] DEBUG:colcon:Parsed command line arguments: Namespace(log_base=None, log_level=None, verb_name='build', build_base='build', install_base='install', merge_install=False, symlink_install=False, test_result_base=None, continue_on_error=False, executor='parallel', parallel_workers=20, event_handlers=None, ignore_user_meta=False, metas=['./colcon.meta'], base_paths=['.'], packages_ignore=None, packages_ignore_regex=None, paths=None, packages_up_to=None, packages_up_to_regex=None, packages_above=None, packages_above_and_dependencies=None, packages_above_depth=None, packages_select_by_dep=None, packages_skip_by_dep=None, packages_skip_up_to=None, packages_select_build_failed=False, packages_skip_build_finished=False, packages_select_test_failures=False, packages_skip_test_passed=False, packages_select=['yhs_can_interfaces'], packages_skip=None, packages_select_regex=None, packages_skip_regex=None, packages_start=None, packages_end=None, allow_overriding=[], cmake_args=None, cmake_target=None, cmake_target_skip_unavailable=False, cmake_clean_cache=False, cmake_clean_first=False, cmake_force_configure=False, ament_cmake_args=None, catkin_cmake_args=None, catkin_skip_building_tests=False, verb_parser=<colcon_defaults.argument_parser.defaults.DefaultArgumentsDecorator object at 0x740f95f33f70>, verb_extension=<colcon_core.verb.build.BuildVerb object at 0x740f95f33a00>, main=<bound method BuildVerb.main of <colcon_core.verb.build.BuildVerb object at 0x740f95f33a00>>)
[0.155s] Level 1:colcon.colcon_core.package_discovery:discover_packages(colcon_meta) check parameters
[0.155s] Level 1:colcon.colcon_core.package_discovery:discover_packages(recursive) check parameters
[0.155s] Level 1:colcon.colcon_core.package_discovery:discover_packages(ignore) check parameters
[0.155s] Level 1:colcon.colcon_core.package_discovery:discover_packages(path) check parameters
[0.155s] Level 1:colcon.colcon_core.package_discovery:discover_packages(colcon_meta) discover
[0.155s] Level 1:colcon.colcon_core.package_discovery:discover_packages(recursive) discover
[0.155s] INFO:colcon.colcon_core.package_discovery:Crawling recursively for packages in '/home/nvidia/5.1-ros2_ws'
[0.155s] Level 1:colcon.colcon_core.package_identification:_identify(.) by extensions ['ignore', 'ignore_ament_install']
[0.155s] Level 1:colcon.colcon_core.package_identification:_identify(.) by extension 'ignore'
[0.155s] Level 1:colcon.colcon_core.package_identification:_identify(.) by extension 'ignore_ament_install'
[0.155s] Level 1:colcon.colcon_core.package_identification:_identify(.) by extensions ['colcon_pkg']
[0.155s] Level 1:colcon.colcon_core.package_identification:_identify(.) by extension 'colcon_pkg'
[0.155s] Level 1:colcon.colcon_core.package_identification:_identify(.) by extensions ['colcon_meta']
[0.155s] Level 1:colcon.colcon_core.package_identification:_identify(.) by extension 'colcon_meta'
[0.155s] Level 1:colcon.colcon_core.package_identification:_identify(.) by extensions ['ros']
[0.155s] Level 1:colcon.colcon_core.package_identification:_identify(.) by extension 'ros'
[0.162s] Level 1:colcon.colcon_core.package_identification:_identify(.) by extensions ['cmake', 'python']
[0.162s] Level 1:colcon.colcon_core.package_identification:_identify(.) by extension 'cmake'
[0.162s] Level 1:colcon.colcon_core.package_identification:_identify(.) by extension 'python'
[0.162s] Level 1:colcon.colcon_core.package_identification:_identify(.) by extensions ['python_setup_py']
[0.162s] Level 1:colcon.colcon_core.package_identification:_identify(.) by extension 'python_setup_py'
[0.162s] Level 1:colcon.colcon_core.package_identification:_identify(build) by extensions ['ignore', 'ignore_ament_install']
[0.162s] Level 1:colcon.colcon_core.package_identification:_identify(build) by extension 'ignore'
[0.162s] Level 1:colcon.colcon_core.package_identification:_identify(build) ignored
[0.162s] Level 1:colcon.colcon_core.package_identification:_identify(install) by extensions ['ignore', 'ignore_ament_install']
[0.163s] Level 1:colcon.colcon_core.package_identification:_identify(install) by extension 'ignore'
[0.163s] Level 1:colcon.colcon_core.package_identification:_identify(install) ignored
[0.163s] Level 1:colcon.colcon_core.package_identification:_identify(log) by extensions ['ignore', 'ignore_ament_install']
[0.163s] Level 1:colcon.colcon_core.package_identification:_identify(log) by extension 'ignore'
[0.163s] Level 1:colcon.colcon_core.package_identification:_identify(log) ignored
[0.163s] Level 1:colcon.colcon_core.package_identification:_identify(src) by extensions ['ignore', 'ignore_ament_install']
[0.163s] Level 1:colcon.colcon_core.package_identification:_identify(src) by extension 'ignore'
[0.163s] Level 1:colcon.colcon_core.package_identification:_identify(src) by extension 'ignore_ament_install'
[0.163s] Level 1:colcon.colcon_core.package_identification:_identify(src) by extensions ['colcon_pkg']
[0.163s] Level 1:colcon.colcon_core.package_identification:_identify(src) by extension 'colcon_pkg'
[0.163s] Level 1:colcon.colcon_core.package_identification:_identify(src) by extensions ['colcon_meta']
[0.163s] Level 1:colcon.colcon_core.package_identification:_identify(src) by extension 'colcon_meta'
[0.163s] Level 1:colcon.colcon_core.package_identification:_identify(src) by extensions ['ros']
[0.163s] Level 1:colcon.colcon_core.package_identification:_identify(src) by extension 'ros'
[0.163s] Level 1:colcon.colcon_core.package_identification:_identify(src) by extensions ['cmake', 'python']
[0.163s] Level 1:colcon.colcon_core.package_identification:_identify(src) by extension 'cmake'
[0.163s] Level 1:colcon.colcon_core.package_identification:_identify(src) by extension 'python'
[0.163s] Level 1:colcon.colcon_core.package_identification:_identify(src) by extensions ['python_setup_py']
[0.163s] Level 1:colcon.colcon_core.package_identification:_identify(src) by extension 'python_setup_py'
[0.163s] Level 1:colcon.colcon_core.package_identification:_identify(src/MK-mini-ros2) by extensions ['ignore', 'ignore_ament_install']
[0.163s] Level 1:colcon.colcon_core.package_identification:_identify(src/MK-mini-ros2) by extension 'ignore'
[0.163s] Level 1:colcon.colcon_core.package_identification:_identify(src/MK-mini-ros2) by extension 'ignore_ament_install'
[0.163s] Level 1:colcon.colcon_core.package_identification:_identify(src/MK-mini-ros2) by extensions ['colcon_pkg']
[0.163s] Level 1:colcon.colcon_core.package_identification:_identify(src/MK-mini-ros2) by extension 'colcon_pkg'
[0.163s] Level 1:colcon.colcon_core.package_identification:_identify(src/MK-mini-ros2) by extensions ['colcon_meta']
[0.163s] Level 1:colcon.colcon_core.package_identification:_identify(src/MK-mini-ros2) by extension 'colcon_meta'
[0.163s] Level 1:colcon.colcon_core.package_identification:_identify(src/MK-mini-ros2) by extensions ['ros']
[0.163s] Level 1:colcon.colcon_core.package_identification:_identify(src/MK-mini-ros2) by extension 'ros'
[0.163s] Level 1:colcon.colcon_core.package_identification:_identify(src/MK-mini-ros2) by extensions ['cmake', 'python']
[0.163s] Level 1:colcon.colcon_core.package_identification:_identify(src/MK-mini-ros2) by extension 'cmake'
[0.163s] Level 1:colcon.colcon_core.package_identification:_identify(src/MK-mini-ros2) by extension 'python'
[0.163s] Level 1:colcon.colcon_core.package_identification:_identify(src/MK-mini-ros2) by extensions ['python_setup_py']
[0.163s] Level 1:colcon.colcon_core.package_identification:_identify(src/MK-mini-ros2) by extension 'python_setup_py'
[0.163s] Level 1:colcon.colcon_core.package_identification:_identify(src/MK-mini-ros2/images) by extensions ['ignore', 'ignore_ament_install']
[0.163s] Level 1:colcon.colcon_core.package_identification:_identify(src/MK-mini-ros2/images) by extension 'ignore'
[0.163s] Level 1:colcon.colcon_core.package_identification:_identify(src/MK-mini-ros2/images) by extension 'ignore_ament_install'
[0.163s] Level 1:colcon.colcon_core.package_identification:_identify(src/MK-mini-ros2/images) by extensions ['colcon_pkg']
[0.163s] Level 1:colcon.colcon_core.package_identification:_identify(src/MK-mini-ros2/images) by extension 'colcon_pkg'
[0.164s] Level 1:colcon.colcon_core.package_identification:_identify(src/MK-mini-ros2/images) by extensions ['colcon_meta']
[0.164s] Level 1:colcon.colcon_core.package_identification:_identify(src/MK-mini-ros2/images) by extension 'colcon_meta'
[0.164s] Level 1:colcon.colcon_core.package_identification:_identify(src/MK-mini-ros2/images) by extensions ['ros']
[0.164s] Level 1:colcon.colcon_core.package_identification:_identify(src/MK-mini-ros2/images) by extension 'ros'
[0.164s] Level 1:colcon.colcon_core.package_identification:_identify(src/MK-mini-ros2/images) by extensions ['cmake', 'python']
[0.164s] Level 1:colcon.colcon_core.package_identification:_identify(src/MK-mini-ros2/images) by extension 'cmake'
[0.164s] Level 1:colcon.colcon_core.package_identification:_identify(src/MK-mini-ros2/images) by extension 'python'
[0.164s] Level 1:colcon.colcon_core.package_identification:_identify(src/MK-mini-ros2/images) by extensions ['python_setup_py']
[0.164s] Level 1:colcon.colcon_core.package_identification:_identify(src/MK-mini-ros2/images) by extension 'python_setup_py'
[0.164s] Level 1:colcon.colcon_core.package_identification:_identify(src/MK-mini-ros2/matlab_msg_gen) by extensions ['ignore', 'ignore_ament_install']
[0.164s] Level 1:colcon.colcon_core.package_identification:_identify(src/MK-mini-ros2/matlab_msg_gen) by extension 'ignore'
[0.164s] Level 1:colcon.colcon_core.package_identification:_identify(src/MK-mini-ros2/matlab_msg_gen) ignored
[0.164s] Level 1:colcon.colcon_core.package_identification:_identify(src/MK-mini-ros2/yhs_can_control) by extensions ['ignore', 'ignore_ament_install']
[0.164s] Level 1:colcon.colcon_core.package_identification:_identify(src/MK-mini-ros2/yhs_can_control) by extension 'ignore'
[0.164s] Level 1:colcon.colcon_core.package_identification:_identify(src/MK-mini-ros2/yhs_can_control) by extension 'ignore_ament_install'
[0.164s] Level 1:colcon.colcon_core.package_identification:_identify(src/MK-mini-ros2/yhs_can_control) by extensions ['colcon_pkg']
[0.164s] Level 1:colcon.colcon_core.package_identification:_identify(src/MK-mini-ros2/yhs_can_control) by extension 'colcon_pkg'
[0.164s] Level 1:colcon.colcon_core.package_identification:_identify(src/MK-mini-ros2/yhs_can_control) by extensions ['colcon_meta']
[0.164s] Level 1:colcon.colcon_core.package_identification:_identify(src/MK-mini-ros2/yhs_can_control) by extension 'colcon_meta'
[0.164s] Level 1:colcon.colcon_core.package_identification:_identify(src/MK-mini-ros2/yhs_can_control) by extensions ['ros']
[0.164s] Level 1:colcon.colcon_core.package_identification:_identify(src/MK-mini-ros2/yhs_can_control) by extension 'ros'
[0.166s] DEBUG:colcon.colcon_core.package_identification:Package 'src/MK-mini-ros2/yhs_can_control' with type 'ros.ament_cmake' and name 'yhs_can_control'
[0.166s] Level 1:colcon.colcon_core.package_identification:_identify(src/MK-mini-ros2/yhs_can_interfaces) by extensions ['ignore', 'ignore_ament_install']
[0.166s] Level 1:colcon.colcon_core.package_identification:_identify(src/MK-mini-ros2/yhs_can_interfaces) by extension 'ignore'
[0.166s] Level 1:colcon.colcon_core.package_identification:_identify(src/MK-mini-ros2/yhs_can_interfaces) by extension 'ignore_ament_install'
[0.166s] Level 1:colcon.colcon_core.package_identification:_identify(src/MK-mini-ros2/yhs_can_interfaces) by extensions ['colcon_pkg']
[0.166s] Level 1:colcon.colcon_core.package_identification:_identify(src/MK-mini-ros2/yhs_can_interfaces) by extension 'colcon_pkg'
[0.166s] Level 1:colcon.colcon_core.package_identification:_identify(src/MK-mini-ros2/yhs_can_interfaces) by extensions ['colcon_meta']
[0.166s] Level 1:colcon.colcon_core.package_identification:_identify(src/MK-mini-ros2/yhs_can_interfaces) by extension 'colcon_meta'
[0.166s] Level 1:colcon.colcon_core.package_identification:_identify(src/MK-mini-ros2/yhs_can_interfaces) by extensions ['ros']
[0.166s] Level 1:colcon.colcon_core.package_identification:_identify(src/MK-mini-ros2/yhs_can_interfaces) by extension 'ros'
[0.166s] DEBUG:colcon.colcon_core.package_identification:Package 'src/MK-mini-ros2/yhs_can_interfaces' with type 'ros.ament_cmake' and name 'yhs_can_interfaces'
[0.166s] Level 1:colcon.colcon_core.package_discovery:discover_packages(recursive) using defaults
[0.167s] Level 1:colcon.colcon_core.package_discovery:discover_packages(ignore) discover
[0.167s] Level 1:colcon.colcon_core.package_discovery:discover_packages(ignore) using defaults
[0.167s] Level 1:colcon.colcon_core.package_discovery:discover_packages(path) discover
[0.167s] Level 1:colcon.colcon_core.package_discovery:discover_packages(path) using defaults
[0.184s] INFO:colcon.colcon_core.package_selection:Skipping not selected package 'yhs_can_control' in 'src/MK-mini-ros2/yhs_can_control'
[0.184s] Level 1:colcon.colcon_core.package_discovery:discover_packages(prefix_path) check parameters
[0.184s] Level 1:colcon.colcon_core.package_discovery:discover_packages(prefix_path) discover
[0.186s] DEBUG:colcon.colcon_installed_package_information.package_discovery:Found 326 installed packages in /opt/ros/humble
[0.187s] Level 1:colcon.colcon_core.package_discovery:discover_packages(prefix_path) using defaults
[0.209s] Level 5:colcon.colcon_core.verb:set package 'yhs_can_interfaces' build argument 'cmake_args' from command line to 'None'
[0.209s] Level 5:colcon.colcon_core.verb:set package 'yhs_can_interfaces' build argument 'cmake_target' from command line to 'None'
[0.209s] Level 5:colcon.colcon_core.verb:set package 'yhs_can_interfaces' build argument 'cmake_target_skip_unavailable' from command line to 'False'
[0.209s] Level 5:colcon.colcon_core.verb:set package 'yhs_can_interfaces' build argument 'cmake_clean_cache' from command line to 'False'
[0.209s] Level 5:colcon.colcon_core.verb:set package 'yhs_can_interfaces' build argument 'cmake_clean_first' from command line to 'False'
[0.209s] Level 5:colcon.colcon_core.verb:set package 'yhs_can_interfaces' build argument 'cmake_force_configure' from command line to 'False'
[0.209s] Level 5:colcon.colcon_core.verb:set package 'yhs_can_interfaces' build argument 'ament_cmake_args' from command line to 'None'
[0.209s] Level 5:colcon.colcon_core.verb:set package 'yhs_can_interfaces' build argument 'catkin_cmake_args' from command line to 'None'
[0.209s] Level 5:colcon.colcon_core.verb:set package 'yhs_can_interfaces' build argument 'catkin_skip_building_tests' from command line to 'False'
[0.209s] DEBUG:colcon.colcon_core.verb:Building package 'yhs_can_interfaces' with the following arguments: {'ament_cmake_args': None, 'build_base': '/home/nvidia/5.1-ros2_ws/build/yhs_can_interfaces', 'catkin_cmake_args': None, 'catkin_skip_building_tests': False, 'cmake_args': None, 'cmake_clean_cache': False, 'cmake_clean_first': False, 'cmake_force_configure': False, 'cmake_target': None, 'cmake_target_skip_unavailable': False, 'install_base': '/home/nvidia/5.1-ros2_ws/install/yhs_can_interfaces', 'merge_install': False, 'path': '/home/nvidia/5.1-ros2_ws/src/MK-mini-ros2/yhs_can_interfaces', 'symlink_install': False, 'test_result_base': None}
[0.209s] INFO:colcon.colcon_core.executor:Executing jobs using 'parallel' executor
[0.210s] DEBUG:colcon.colcon_parallel_executor.executor.parallel:run_until_complete
[0.210s] INFO:colcon.colcon_ros.task.ament_cmake.build:Building ROS package in '/home/nvidia/5.1-ros2_ws/src/MK-mini-ros2/yhs_can_interfaces' with build type 'ament_cmake'
[0.210s] INFO:colcon.colcon_cmake.task.cmake.build:Building CMake package in '/home/nvidia/5.1-ros2_ws/src/MK-mini-ros2/yhs_can_interfaces'
[0.211s] INFO:colcon.colcon_core.plugin_system:Skipping extension 'colcon_core.shell.bat': Not used on non-Windows systems
[0.211s] INFO:colcon.colcon_core.shell:Skip shell extension 'powershell' for command environment: Not usable outside of PowerShell
[0.211s] DEBUG:colcon.colcon_core.shell:Skip shell extension 'dsv' for command environment
[0.217s] DEBUG:colcon.colcon_core.event_handler.log_command:Invoking command in '/home/nvidia/5.1-ros2_ws/build/yhs_can_interfaces': CMAKE_PREFIX_PATH=/opt/ros/humble /usr/bin/cmake /home/nvidia/5.1-ros2_ws/src/MK-mini-ros2/yhs_can_interfaces -DCMAKE_INSTALL_PREFIX=/home/nvidia/5.1-ros2_ws/install/yhs_can_interfaces
[1.665s] DEBUG:colcon.colcon_core.event_handler.log_command:Invoked command in '/home/nvidia/5.1-ros2_ws/build/yhs_can_interfaces' returned '0': CMAKE_PREFIX_PATH=/opt/ros/humble /usr/bin/cmake /home/nvidia/5.1-ros2_ws/src/MK-mini-ros2/yhs_can_interfaces -DCMAKE_INSTALL_PREFIX=/home/nvidia/5.1-ros2_ws/install/yhs_can_interfaces
[1.667s] DEBUG:colcon.colcon_core.event_handler.log_command:Invoking command in '/home/nvidia/5.1-ros2_ws/build/yhs_can_interfaces': CMAKE_PREFIX_PATH=/opt/ros/humble /usr/bin/cmake --build /home/nvidia/5.1-ros2_ws/build/yhs_can_interfaces -- -j20 -l20
[4.641s] DEBUG:colcon.colcon_core.event_handler.log_command:Invoked command in '/home/nvidia/5.1-ros2_ws/build/yhs_can_interfaces' returned '0': CMAKE_PREFIX_PATH=/opt/ros/humble /usr/bin/cmake --build /home/nvidia/5.1-ros2_ws/build/yhs_can_interfaces -- -j20 -l20
[4.654s] DEBUG:colcon.colcon_core.event_handler.log_command:Invoking command in '/home/nvidia/5.1-ros2_ws/build/yhs_can_interfaces': CMAKE_PREFIX_PATH=/opt/ros/humble /usr/bin/cmake --install /home/nvidia/5.1-ros2_ws/build/yhs_can_interfaces
[4.728s] Level 1:colcon.colcon_core.environment:create_environment_scripts_only(yhs_can_interfaces)
[4.729s] DEBUG:colcon.colcon_core.event_handler.log_command:Invoked command in '/home/nvidia/5.1-ros2_ws/build/yhs_can_interfaces' returned '0': CMAKE_PREFIX_PATH=/opt/ros/humble /usr/bin/cmake --install /home/nvidia/5.1-ros2_ws/build/yhs_can_interfaces
[4.730s] Level 1:colcon.colcon_core.environment:checking '/home/nvidia/5.1-ros2_ws/install/yhs_can_interfaces' for CMake module files
[4.730s] Level 1:colcon.colcon_core.environment:checking '/home/nvidia/5.1-ros2_ws/install/yhs_can_interfaces' for CMake config files
[4.731s] Level 1:colcon.colcon_core.shell:create_environment_hook('yhs_can_interfaces', 'cmake_prefix_path')
[4.731s] INFO:colcon.colcon_core.shell:Creating environment hook '/home/nvidia/5.1-ros2_ws/install/yhs_can_interfaces/share/yhs_can_interfaces/hook/cmake_prefix_path.ps1'
[4.731s] INFO:colcon.colcon_core.shell:Creating environment descriptor '/home/nvidia/5.1-ros2_ws/install/yhs_can_interfaces/share/yhs_can_interfaces/hook/cmake_prefix_path.dsv'
[4.731s] INFO:colcon.colcon_core.shell:Creating environment hook '/home/nvidia/5.1-ros2_ws/install/yhs_can_interfaces/share/yhs_can_interfaces/hook/cmake_prefix_path.sh'
[4.732s] Level 1:colcon.colcon_core.environment:checking '/home/nvidia/5.1-ros2_ws/install/yhs_can_interfaces/lib'
[4.732s] Level 1:colcon.colcon_core.shell:create_environment_hook('yhs_can_interfaces', 'ld_library_path_lib')
[4.732s] INFO:colcon.colcon_core.shell:Creating environment hook '/home/nvidia/5.1-ros2_ws/install/yhs_can_interfaces/share/yhs_can_interfaces/hook/ld_library_path_lib.ps1'
[4.732s] INFO:colcon.colcon_core.shell:Creating environment descriptor '/home/nvidia/5.1-ros2_ws/install/yhs_can_interfaces/share/yhs_can_interfaces/hook/ld_library_path_lib.dsv'
[4.732s] INFO:colcon.colcon_core.shell:Creating environment hook '/home/nvidia/5.1-ros2_ws/install/yhs_can_interfaces/share/yhs_can_interfaces/hook/ld_library_path_lib.sh'
[4.733s] Level 1:colcon.colcon_core.environment:checking '/home/nvidia/5.1-ros2_ws/install/yhs_can_interfaces/bin'
[4.733s] Level 1:colcon.colcon_core.environment:checking '/home/nvidia/5.1-ros2_ws/install/yhs_can_interfaces/lib/pkgconfig/yhs_can_interfaces.pc'
[4.733s] Level 1:colcon.colcon_core.environment:checking '/home/nvidia/5.1-ros2_ws/install/yhs_can_interfaces/lib/python3.10/site-packages'
[4.733s] Level 1:colcon.colcon_core.environment:checking '/home/nvidia/5.1-ros2_ws/install/yhs_can_interfaces/bin'
[4.733s] INFO:colcon.colcon_core.shell:Creating package script '/home/nvidia/5.1-ros2_ws/install/yhs_can_interfaces/share/yhs_can_interfaces/package.ps1'
[4.734s] INFO:colcon.colcon_core.shell:Creating package descriptor '/home/nvidia/5.1-ros2_ws/install/yhs_can_interfaces/share/yhs_can_interfaces/package.dsv'
[4.734s] INFO:colcon.colcon_core.shell:Creating package script '/home/nvidia/5.1-ros2_ws/install/yhs_can_interfaces/share/yhs_can_interfaces/package.sh'
[4.734s] INFO:colcon.colcon_core.shell:Creating package script '/home/nvidia/5.1-ros2_ws/install/yhs_can_interfaces/share/yhs_can_interfaces/package.bash'
[4.735s] INFO:colcon.colcon_core.shell:Creating package script '/home/nvidia/5.1-ros2_ws/install/yhs_can_interfaces/share/yhs_can_interfaces/package.zsh'
[4.735s] Level 1:colcon.colcon_core.environment:create_file_with_runtime_dependencies(/home/nvidia/5.1-ros2_ws/install/yhs_can_interfaces/share/colcon-core/packages/yhs_can_interfaces)
[4.735s] Level 1:colcon.colcon_core.environment:create_environment_scripts_only(yhs_can_interfaces)
[4.735s] Level 1:colcon.colcon_core.environment:checking '/home/nvidia/5.1-ros2_ws/install/yhs_can_interfaces' for CMake module files
[4.736s] Level 1:colcon.colcon_core.environment:checking '/home/nvidia/5.1-ros2_ws/install/yhs_can_interfaces' for CMake config files
[4.736s] Level 1:colcon.colcon_core.shell:create_environment_hook('yhs_can_interfaces', 'cmake_prefix_path')
[4.736s] INFO:colcon.colcon_core.shell:Creating environment hook '/home/nvidia/5.1-ros2_ws/install/yhs_can_interfaces/share/yhs_can_interfaces/hook/cmake_prefix_path.ps1'
[4.737s] INFO:colcon.colcon_core.shell:Creating environment descriptor '/home/nvidia/5.1-ros2_ws/install/yhs_can_interfaces/share/yhs_can_interfaces/hook/cmake_prefix_path.dsv'
[4.737s] INFO:colcon.colcon_core.shell:Creating environment hook '/home/nvidia/5.1-ros2_ws/install/yhs_can_interfaces/share/yhs_can_interfaces/hook/cmake_prefix_path.sh'
[4.737s] Level 1:colcon.colcon_core.environment:checking '/home/nvidia/5.1-ros2_ws/install/yhs_can_interfaces/lib'
[4.737s] Level 1:colcon.colcon_core.shell:create_environment_hook('yhs_can_interfaces', 'ld_library_path_lib')
[4.737s] INFO:colcon.colcon_core.shell:Creating environment hook '/home/nvidia/5.1-ros2_ws/install/yhs_can_interfaces/share/yhs_can_interfaces/hook/ld_library_path_lib.ps1'
[4.738s] INFO:colcon.colcon_core.shell:Creating environment descriptor '/home/nvidia/5.1-ros2_ws/install/yhs_can_interfaces/share/yhs_can_interfaces/hook/ld_library_path_lib.dsv'
[4.738s] INFO:colcon.colcon_core.shell:Creating environment hook '/home/nvidia/5.1-ros2_ws/install/yhs_can_interfaces/share/yhs_can_interfaces/hook/ld_library_path_lib.sh'
[4.738s] Level 1:colcon.colcon_core.environment:checking '/home/nvidia/5.1-ros2_ws/install/yhs_can_interfaces/bin'
[4.738s] Level 1:colcon.colcon_core.environment:checking '/home/nvidia/5.1-ros2_ws/install/yhs_can_interfaces/lib/pkgconfig/yhs_can_interfaces.pc'
[4.738s] Level 1:colcon.colcon_core.environment:checking '/home/nvidia/5.1-ros2_ws/install/yhs_can_interfaces/lib/python3.10/site-packages'
[4.738s] Level 1:colcon.colcon_core.environment:checking '/home/nvidia/5.1-ros2_ws/install/yhs_can_interfaces/bin'
[4.738s] INFO:colcon.colcon_core.shell:Creating package script '/home/nvidia/5.1-ros2_ws/install/yhs_can_interfaces/share/yhs_can_interfaces/package.ps1'
[4.739s] INFO:colcon.colcon_core.shell:Creating package descriptor '/home/nvidia/5.1-ros2_ws/install/yhs_can_interfaces/share/yhs_can_interfaces/package.dsv'
[4.739s] INFO:colcon.colcon_core.shell:Creating package script '/home/nvidia/5.1-ros2_ws/install/yhs_can_interfaces/share/yhs_can_interfaces/package.sh'
[4.739s] INFO:colcon.colcon_core.shell:Creating package script '/home/nvidia/5.1-ros2_ws/install/yhs_can_interfaces/share/yhs_can_interfaces/package.bash'
[4.740s] INFO:colcon.colcon_core.shell:Creating package script '/home/nvidia/5.1-ros2_ws/install/yhs_can_interfaces/share/yhs_can_interfaces/package.zsh'
[4.740s] Level 1:colcon.colcon_core.environment:create_file_with_runtime_dependencies(/home/nvidia/5.1-ros2_ws/install/yhs_can_interfaces/share/colcon-core/packages/yhs_can_interfaces)
[4.740s] DEBUG:colcon.colcon_parallel_executor.executor.parallel:closing loop
[4.740s] DEBUG:colcon.colcon_parallel_executor.executor.parallel:loop closed
[4.740s] DEBUG:colcon.colcon_parallel_executor.executor.parallel:run_until_complete finished with '0'
[4.740s] DEBUG:colcon.colcon_core.event_reactor:joining thread
[4.745s] INFO:colcon.colcon_core.plugin_system:Skipping extension 'colcon_notification.desktop_notification.terminal_notifier': Not used on non-Darwin systems
[4.745s] INFO:colcon.colcon_core.plugin_system:Skipping extension 'colcon_notification.desktop_notification.win32': Not used on non-Windows systems
[4.745s] INFO:colcon.colcon_notification.desktop_notification:Sending desktop notification using 'notify2'
[4.759s] DEBUG:colcon.colcon_core.event_reactor:joined thread
[4.760s] INFO:colcon.colcon_core.shell:Creating prefix script '/home/nvidia/5.1-ros2_ws/install/local_setup.ps1'
[4.762s] INFO:colcon.colcon_core.shell:Creating prefix util module '/home/nvidia/5.1-ros2_ws/install/_local_setup_util_ps1.py'
[4.764s] INFO:colcon.colcon_core.shell:Creating prefix chain script '/home/nvidia/5.1-ros2_ws/install/setup.ps1'
[4.765s] INFO:colcon.colcon_core.shell:Creating prefix script '/home/nvidia/5.1-ros2_ws/install/local_setup.sh'
[4.766s] INFO:colcon.colcon_core.shell:Creating prefix util module '/home/nvidia/5.1-ros2_ws/install/_local_setup_util_sh.py'
[4.767s] INFO:colcon.colcon_core.shell:Creating prefix chain script '/home/nvidia/5.1-ros2_ws/install/setup.sh'
[4.769s] INFO:colcon.colcon_core.shell:Creating prefix script '/home/nvidia/5.1-ros2_ws/install/local_setup.bash'
[4.770s] INFO:colcon.colcon_core.shell:Creating prefix chain script '/home/nvidia/5.1-ros2_ws/install/setup.bash'
[4.771s] INFO:colcon.colcon_core.shell:Creating prefix script '/home/nvidia/5.1-ros2_ws/install/local_setup.zsh'
[4.772s] INFO:colcon.colcon_core.shell:Creating prefix chain script '/home/nvidia/5.1-ros2_ws/install/setup.zsh'
