[0.008s] Invoking command in '/home/nvidia/5.1-ros2_ws/build/yhs_can_control': CMAKE_PREFIX_PATH=/home/nvidia/5.1-ros2_ws/install/yhs_can_interfaces:/home/nvidia/5.1-ros2_ws/install/yhs_can_control:/home/nvidia/ros2_ws/install/yhs_chassis_description:/home/nvidia/ros2_ws/install/ai_imu_dr_ros:/opt/ros/humble /usr/bin/cmake --build /home/nvidia/5.1-ros2_ws/build/yhs_can_control -- -j20 -l20
[0.065s] [ 25%] [32mBuilding CXX object CMakeFiles/odom_velocity_filter.dir/src/odom_velocity_filter.cpp.o[0m
[0.074s] [ 75%] Built target yhs_can_control_node
[1.421s] [01m[K/home/nvidia/5.1-ros2_ws/src/MK-mini-ros2/yhs_can_control/src/odom_velocity_filter.cpp:[m[K In member function ‘[01m[Kdouble OdomVelocityFilter::moving_average_filter(double)[m[K’:
[1.421s] [01m[K/home/nvidia/5.1-ros2_ws/src/MK-mini-ros2/yhs_can_control/src/odom_velocity_filter.cpp:83:40:[m[K [01;35m[Kwarning: [m[Kcomparison of integer expressions of different signedness: ‘[01m[Kstd::deque<double>::size_type[m[K’ {aka ‘[01m[Klong unsigned int[m[K’} and ‘[01m[Kint[m[K’ [[01;35m[K]8;;https://gcc.gnu.org/onlinedocs/gcc/Warning-Options.html#index-Wsign-compare-Wsign-compare]8;;[m[K]
[1.421s]    83 |         while ([01;35m[Kvelocity_buffer_.size() > current_window[m[K) {
[1.421s]       |                [01;35m[K~~~~~~~~~~~~~~~~~~~~~~~~^~~~~~~~~~~~~~~~[m[K
[5.023s] [100%] [32m[1mLinking CXX executable odom_velocity_filter[0m
[5.280s] [100%] Built target odom_velocity_filter
[5.288s] Invoked command in '/home/nvidia/5.1-ros2_ws/build/yhs_can_control' returned '0': CMAKE_PREFIX_PATH=/home/nvidia/5.1-ros2_ws/install/yhs_can_interfaces:/home/nvidia/5.1-ros2_ws/install/yhs_can_control:/home/nvidia/ros2_ws/install/yhs_chassis_description:/home/nvidia/ros2_ws/install/ai_imu_dr_ros:/opt/ros/humble /usr/bin/cmake --build /home/nvidia/5.1-ros2_ws/build/yhs_can_control -- -j20 -l20
[5.290s] Invoking command in '/home/nvidia/5.1-ros2_ws/build/yhs_can_control': CMAKE_PREFIX_PATH=/home/nvidia/5.1-ros2_ws/install/yhs_can_interfaces:/home/nvidia/5.1-ros2_ws/install/yhs_can_control:/home/nvidia/ros2_ws/install/yhs_chassis_description:/home/nvidia/ros2_ws/install/ai_imu_dr_ros:/opt/ros/humble /usr/bin/cmake --install /home/nvidia/5.1-ros2_ws/build/yhs_can_control
[5.295s] -- Install configuration: ""
[5.296s] -- Up-to-date: /home/nvidia/5.1-ros2_ws/install/yhs_can_control/lib/yhs_can_control/yhs_can_control_node
[5.296s] -- Up-to-date: /home/nvidia/5.1-ros2_ws/install/yhs_can_control/share/yhs_can_control/launch
[5.296s] -- Up-to-date: /home/nvidia/5.1-ros2_ws/install/yhs_can_control/share/yhs_can_control/launch/yhs_can_control.launch.py
[5.296s] -- Up-to-date: /home/nvidia/5.1-ros2_ws/install/yhs_can_control/share/yhs_can_control/params
[5.296s] -- Up-to-date: /home/nvidia/5.1-ros2_ws/install/yhs_can_control/share/yhs_can_control/params/cfg.yaml
[5.296s] -- Installing: /home/nvidia/5.1-ros2_ws/install/yhs_can_control/lib/yhs_can_control/odom_velocity_filter
[5.298s] -- Set runtime path of "/home/nvidia/5.1-ros2_ws/install/yhs_can_control/lib/yhs_can_control/odom_velocity_filter" to ""
[5.298s] -- Up-to-date: /home/nvidia/5.1-ros2_ws/install/yhs_can_control/share/ament_index/resource_index/package_run_dependencies/yhs_can_control
[5.298s] -- Up-to-date: /home/nvidia/5.1-ros2_ws/install/yhs_can_control/share/ament_index/resource_index/parent_prefix_path/yhs_can_control
[5.298s] -- Up-to-date: /home/nvidia/5.1-ros2_ws/install/yhs_can_control/share/yhs_can_control/environment/ament_prefix_path.sh
[5.298s] -- Up-to-date: /home/nvidia/5.1-ros2_ws/install/yhs_can_control/share/yhs_can_control/environment/ament_prefix_path.dsv
[5.298s] -- Up-to-date: /home/nvidia/5.1-ros2_ws/install/yhs_can_control/share/yhs_can_control/environment/path.sh
[5.298s] -- Up-to-date: /home/nvidia/5.1-ros2_ws/install/yhs_can_control/share/yhs_can_control/environment/path.dsv
[5.298s] -- Up-to-date: /home/nvidia/5.1-ros2_ws/install/yhs_can_control/share/yhs_can_control/local_setup.bash
[5.298s] -- Up-to-date: /home/nvidia/5.1-ros2_ws/install/yhs_can_control/share/yhs_can_control/local_setup.sh
[5.298s] -- Up-to-date: /home/nvidia/5.1-ros2_ws/install/yhs_can_control/share/yhs_can_control/local_setup.zsh
[5.298s] -- Up-to-date: /home/nvidia/5.1-ros2_ws/install/yhs_can_control/share/yhs_can_control/local_setup.dsv
[5.298s] -- Installing: /home/nvidia/5.1-ros2_ws/install/yhs_can_control/share/yhs_can_control/package.dsv
[5.298s] -- Up-to-date: /home/nvidia/5.1-ros2_ws/install/yhs_can_control/share/ament_index/resource_index/packages/yhs_can_control
[5.298s] -- Up-to-date: /home/nvidia/5.1-ros2_ws/install/yhs_can_control/share/yhs_can_control/cmake/yhs_can_controlConfig.cmake
[5.299s] -- Up-to-date: /home/nvidia/5.1-ros2_ws/install/yhs_can_control/share/yhs_can_control/cmake/yhs_can_controlConfig-version.cmake
[5.299s] -- Up-to-date: /home/nvidia/5.1-ros2_ws/install/yhs_can_control/share/yhs_can_control/package.xml
[5.299s] Invoked command in '/home/nvidia/5.1-ros2_ws/build/yhs_can_control' returned '0': CMAKE_PREFIX_PATH=/home/nvidia/5.1-ros2_ws/install/yhs_can_interfaces:/home/nvidia/5.1-ros2_ws/install/yhs_can_control:/home/nvidia/ros2_ws/install/yhs_chassis_description:/home/nvidia/ros2_ws/install/ai_imu_dr_ros:/opt/ros/humble /usr/bin/cmake --install /home/nvidia/5.1-ros2_ws/build/yhs_can_control
