[0.007s] Invoking command in '/home/nvidia/5.1-ros2_ws/build/yhs_can_interfaces': CMAKE_PREFIX_PATH=${CMAKE_PREFIX_PATH}:/opt/ros/humble /usr/bin/cmake --build /home/nvidia/5.1-ros2_ws/build/yhs_can_interfaces -- -j20 -l20
[0.042s] [35m[1mConsolidate compiler generated dependencies of target yhs_can_interfaces__rosidl_generator_c[0m
[0.054s] [  0%] Built target yhs_can_interfaces__cpp
[0.056s] [ 12%] Built target yhs_can_interfaces__rosidl_generator_c
[0.064s] [ 12%] Built target ament_cmake_python_copy_yhs_can_interfaces
[0.081s] [35m[1mConsolidate compiler generated dependencies of target yhs_can_interfaces__rosidl_typesupport_cpp[0m
[0.082s] [35m[1mConsolidate compiler generated dependencies of target yhs_can_interfaces__rosidl_typesupport_fastrtps_cpp[0m
[0.082s] [35m[1mConsolidate compiler generated dependencies of target yhs_can_interfaces__rosidl_typesupport_c[0m
[0.083s] [35m[1mConsolidate compiler generated dependencies of target yhs_can_interfaces__rosidl_typesupport_introspection_c[0m
[0.083s] [35m[1mConsolidate compiler generated dependencies of target yhs_can_interfaces__rosidl_typesupport_introspection_cpp[0m
[0.089s] [35m[1mConsolidate compiler generated dependencies of target yhs_can_interfaces__rosidl_typesupport_fastrtps_c[0m
[0.109s] [ 24%] Built target yhs_can_interfaces__rosidl_typesupport_c
[0.113s] [ 36%] Built target yhs_can_interfaces__rosidl_typesupport_introspection_c
[0.115s] [ 48%] Built target yhs_can_interfaces__rosidl_typesupport_cpp
[0.118s] [ 60%] Built target yhs_can_interfaces__rosidl_typesupport_introspection_cpp
[0.119s] [ 71%] Built target yhs_can_interfaces__rosidl_typesupport_fastrtps_cpp
[0.120s] [ 83%] Built target yhs_can_interfaces__rosidl_typesupport_fastrtps_c
[0.133s] [ 83%] Built target yhs_can_interfaces
[0.147s] [ 84%] Built target yhs_can_interfaces__py
[0.156s] [35m[1mConsolidate compiler generated dependencies of target yhs_can_interfaces__rosidl_generator_py[0m
[0.168s] [ 95%] Built target yhs_can_interfaces__rosidl_generator_py
[0.175s] [35m[1mConsolidate compiler generated dependencies of target yhs_can_interfaces__rosidl_typesupport_c__pyext[0m
[0.175s] [35m[1mConsolidate compiler generated dependencies of target yhs_can_interfaces__rosidl_typesupport_introspection_c__pyext[0m
[0.176s] [35m[1mConsolidate compiler generated dependencies of target yhs_can_interfaces__rosidl_typesupport_fastrtps_c__pyext[0m
[0.183s] [ 97%] Built target yhs_can_interfaces__rosidl_typesupport_fastrtps_c__pyext
[0.183s] [ 99%] Built target yhs_can_interfaces__rosidl_typesupport_introspection_c__pyext
[0.184s] [100%] Built target yhs_can_interfaces__rosidl_typesupport_c__pyext
[0.244s] running egg_info
[0.244s] writing yhs_can_interfaces.egg-info/PKG-INFO
[0.244s] writing dependency_links to yhs_can_interfaces.egg-info/dependency_links.txt
[0.244s] writing top-level names to yhs_can_interfaces.egg-info/top_level.txt
[0.245s] reading manifest file 'yhs_can_interfaces.egg-info/SOURCES.txt'
[0.246s] writing manifest file 'yhs_can_interfaces.egg-info/SOURCES.txt'
[0.263s] [100%] Built target ament_cmake_python_build_yhs_can_interfaces_egg
[0.271s] Invoked command in '/home/nvidia/5.1-ros2_ws/build/yhs_can_interfaces' returned '0': CMAKE_PREFIX_PATH=${CMAKE_PREFIX_PATH}:/opt/ros/humble /usr/bin/cmake --build /home/nvidia/5.1-ros2_ws/build/yhs_can_interfaces -- -j20 -l20
[0.279s] Invoking command in '/home/nvidia/5.1-ros2_ws/build/yhs_can_interfaces': CMAKE_PREFIX_PATH=${CMAKE_PREFIX_PATH}:/opt/ros/humble /usr/bin/cmake --install /home/nvidia/5.1-ros2_ws/build/yhs_can_interfaces
[0.286s] -- Install configuration: ""
[0.286s] -- Up-to-date: /home/nvidia/5.1-ros2_ws/install/yhs_can_interfaces/share/ament_index/resource_index/rosidl_interfaces/yhs_can_interfaces
[0.286s] -- Up-to-date: /home/nvidia/5.1-ros2_ws/install/yhs_can_interfaces/include/yhs_can_interfaces/yhs_can_interfaces
[0.286s] -- Up-to-date: /home/nvidia/5.1-ros2_ws/install/yhs_can_interfaces/include/yhs_can_interfaces/yhs_can_interfaces/msg
[0.287s] -- Up-to-date: /home/nvidia/5.1-ros2_ws/install/yhs_can_interfaces/include/yhs_can_interfaces/yhs_can_interfaces/msg/rosidl_generator_c__visibility_control.h
[0.287s] -- Up-to-date: /home/nvidia/5.1-ros2_ws/install/yhs_can_interfaces/include/yhs_can_interfaces/yhs_can_interfaces/msg/io_fb.h
[0.287s] -- Up-to-date: /home/nvidia/5.1-ros2_ws/install/yhs_can_interfaces/include/yhs_can_interfaces/yhs_can_interfaces/msg/detail
[0.287s] -- Up-to-date: /home/nvidia/5.1-ros2_ws/install/yhs_can_interfaces/include/yhs_can_interfaces/yhs_can_interfaces/msg/detail/bms_flag_info_fb__functions.h
[0.287s] -- Up-to-date: /home/nvidia/5.1-ros2_ws/install/yhs_can_interfaces/include/yhs_can_interfaces/yhs_can_interfaces/msg/detail/io_cmd__functions.c
[0.287s] -- Up-to-date: /home/nvidia/5.1-ros2_ws/install/yhs_can_interfaces/include/yhs_can_interfaces/yhs_can_interfaces/msg/detail/bms_info_fb__functions.c
[0.287s] -- Up-to-date: /home/nvidia/5.1-ros2_ws/install/yhs_can_interfaces/include/yhs_can_interfaces/yhs_can_interfaces/msg/detail/io_fb__struct.h
[0.287s] -- Up-to-date: /home/nvidia/5.1-ros2_ws/install/yhs_can_interfaces/include/yhs_can_interfaces/yhs_can_interfaces/msg/detail/lr_wheel_fb__functions.h
[0.287s] -- Up-to-date: /home/nvidia/5.1-ros2_ws/install/yhs_can_interfaces/include/yhs_can_interfaces/yhs_can_interfaces/msg/detail/chassis_info_fb__functions.c
[0.287s] -- Up-to-date: /home/nvidia/5.1-ros2_ws/install/yhs_can_interfaces/include/yhs_can_interfaces/yhs_can_interfaces/msg/detail/bms_flag_info_fb__struct.h
[0.288s] -- Up-to-date: /home/nvidia/5.1-ros2_ws/install/yhs_can_interfaces/include/yhs_can_interfaces/yhs_can_interfaces/msg/detail/io_fb__functions.c
[0.288s] -- Up-to-date: /home/nvidia/5.1-ros2_ws/install/yhs_can_interfaces/include/yhs_can_interfaces/yhs_can_interfaces/msg/detail/bms_flag_info_fb__functions.c
[0.288s] -- Up-to-date: /home/nvidia/5.1-ros2_ws/install/yhs_can_interfaces/include/yhs_can_interfaces/yhs_can_interfaces/msg/detail/chassis_info_fb__functions.h
[0.288s] -- Up-to-date: /home/nvidia/5.1-ros2_ws/install/yhs_can_interfaces/include/yhs_can_interfaces/yhs_can_interfaces/msg/detail/lr_wheel_fb__type_support.h
[0.288s] -- Up-to-date: /home/nvidia/5.1-ros2_ws/install/yhs_can_interfaces/include/yhs_can_interfaces/yhs_can_interfaces/msg/detail/lr_wheel_fb__struct.h
[0.288s] -- Up-to-date: /home/nvidia/5.1-ros2_ws/install/yhs_can_interfaces/include/yhs_can_interfaces/yhs_can_interfaces/msg/detail/io_cmd__type_support.h
[0.288s] -- Up-to-date: /home/nvidia/5.1-ros2_ws/install/yhs_can_interfaces/include/yhs_can_interfaces/yhs_can_interfaces/msg/detail/lr_wheel_fb__functions.c
[0.288s] -- Up-to-date: /home/nvidia/5.1-ros2_ws/install/yhs_can_interfaces/include/yhs_can_interfaces/yhs_can_interfaces/msg/detail/bms_info_fb__type_support.h
[0.288s] -- Up-to-date: /home/nvidia/5.1-ros2_ws/install/yhs_can_interfaces/include/yhs_can_interfaces/yhs_can_interfaces/msg/detail/drive_mcu_ecode_fb__functions.c
[0.288s] -- Up-to-date: /home/nvidia/5.1-ros2_ws/install/yhs_can_interfaces/include/yhs_can_interfaces/yhs_can_interfaces/msg/detail/drive_mcu_ecode_fb__functions.h
[0.288s] -- Up-to-date: /home/nvidia/5.1-ros2_ws/install/yhs_can_interfaces/include/yhs_can_interfaces/yhs_can_interfaces/msg/detail/veh_diag_fb__functions.c
[0.288s] -- Up-to-date: /home/nvidia/5.1-ros2_ws/install/yhs_can_interfaces/include/yhs_can_interfaces/yhs_can_interfaces/msg/detail/rr_wheel_fb__type_support.h
[0.288s] -- Up-to-date: /home/nvidia/5.1-ros2_ws/install/yhs_can_interfaces/include/yhs_can_interfaces/yhs_can_interfaces/msg/detail/ctrl_fb__type_support.h
[0.288s] -- Up-to-date: /home/nvidia/5.1-ros2_ws/install/yhs_can_interfaces/include/yhs_can_interfaces/yhs_can_interfaces/msg/detail/chassis_info_fb__struct.h
[0.288s] -- Up-to-date: /home/nvidia/5.1-ros2_ws/install/yhs_can_interfaces/include/yhs_can_interfaces/yhs_can_interfaces/msg/detail/rr_wheel_fb__functions.c
[0.289s] -- Up-to-date: /home/nvidia/5.1-ros2_ws/install/yhs_can_interfaces/include/yhs_can_interfaces/yhs_can_interfaces/msg/detail/ctrl_fb__struct.h
[0.289s] -- Up-to-date: /home/nvidia/5.1-ros2_ws/install/yhs_can_interfaces/include/yhs_can_interfaces/yhs_can_interfaces/msg/detail/bms_info_fb__functions.h
[0.289s] -- Up-to-date: /home/nvidia/5.1-ros2_ws/install/yhs_can_interfaces/include/yhs_can_interfaces/yhs_can_interfaces/msg/detail/veh_diag_fb__struct.h
[0.289s] -- Up-to-date: /home/nvidia/5.1-ros2_ws/install/yhs_can_interfaces/include/yhs_can_interfaces/yhs_can_interfaces/msg/detail/rr_wheel_fb__struct.h
[0.289s] -- Up-to-date: /home/nvidia/5.1-ros2_ws/install/yhs_can_interfaces/include/yhs_can_interfaces/yhs_can_interfaces/msg/detail/chassis_info_fb__type_support.h
[0.289s] -- Up-to-date: /home/nvidia/5.1-ros2_ws/install/yhs_can_interfaces/include/yhs_can_interfaces/yhs_can_interfaces/msg/detail/rr_wheel_fb__functions.h
[0.289s] -- Up-to-date: /home/nvidia/5.1-ros2_ws/install/yhs_can_interfaces/include/yhs_can_interfaces/yhs_can_interfaces/msg/detail/veh_diag_fb__functions.h
[0.289s] -- Up-to-date: /home/nvidia/5.1-ros2_ws/install/yhs_can_interfaces/include/yhs_can_interfaces/yhs_can_interfaces/msg/detail/ctrl_cmd__struct.h
[0.289s] -- Up-to-date: /home/nvidia/5.1-ros2_ws/install/yhs_can_interfaces/include/yhs_can_interfaces/yhs_can_interfaces/msg/detail/ctrl_fb__functions.h
[0.289s] -- Up-to-date: /home/nvidia/5.1-ros2_ws/install/yhs_can_interfaces/include/yhs_can_interfaces/yhs_can_interfaces/msg/detail/bms_flag_info_fb__type_support.h
[0.289s] -- Up-to-date: /home/nvidia/5.1-ros2_ws/install/yhs_can_interfaces/include/yhs_can_interfaces/yhs_can_interfaces/msg/detail/drive_mcu_ecode_fb__type_support.h
[0.289s] -- Up-to-date: /home/nvidia/5.1-ros2_ws/install/yhs_can_interfaces/include/yhs_can_interfaces/yhs_can_interfaces/msg/detail/ctrl_cmd__functions.h
[0.289s] -- Up-to-date: /home/nvidia/5.1-ros2_ws/install/yhs_can_interfaces/include/yhs_can_interfaces/yhs_can_interfaces/msg/detail/io_fb__type_support.h
[0.290s] -- Up-to-date: /home/nvidia/5.1-ros2_ws/install/yhs_can_interfaces/include/yhs_can_interfaces/yhs_can_interfaces/msg/detail/ctrl_cmd__type_support.h
[0.290s] -- Up-to-date: /home/nvidia/5.1-ros2_ws/install/yhs_can_interfaces/include/yhs_can_interfaces/yhs_can_interfaces/msg/detail/ctrl_cmd__functions.c
[0.290s] -- Up-to-date: /home/nvidia/5.1-ros2_ws/install/yhs_can_interfaces/include/yhs_can_interfaces/yhs_can_interfaces/msg/detail/io_cmd__struct.h
[0.290s] -- Up-to-date: /home/nvidia/5.1-ros2_ws/install/yhs_can_interfaces/include/yhs_can_interfaces/yhs_can_interfaces/msg/detail/io_fb__functions.h
[0.290s] -- Up-to-date: /home/nvidia/5.1-ros2_ws/install/yhs_can_interfaces/include/yhs_can_interfaces/yhs_can_interfaces/msg/detail/bms_info_fb__struct.h
[0.290s] -- Up-to-date: /home/nvidia/5.1-ros2_ws/install/yhs_can_interfaces/include/yhs_can_interfaces/yhs_can_interfaces/msg/detail/io_cmd__functions.h
[0.290s] -- Up-to-date: /home/nvidia/5.1-ros2_ws/install/yhs_can_interfaces/include/yhs_can_interfaces/yhs_can_interfaces/msg/detail/veh_diag_fb__type_support.h
[0.290s] -- Up-to-date: /home/nvidia/5.1-ros2_ws/install/yhs_can_interfaces/include/yhs_can_interfaces/yhs_can_interfaces/msg/detail/drive_mcu_ecode_fb__struct.h
[0.290s] -- Up-to-date: /home/nvidia/5.1-ros2_ws/install/yhs_can_interfaces/include/yhs_can_interfaces/yhs_can_interfaces/msg/detail/ctrl_fb__functions.c
[0.290s] -- Up-to-date: /home/nvidia/5.1-ros2_ws/install/yhs_can_interfaces/include/yhs_can_interfaces/yhs_can_interfaces/msg/drive_mcu_ecode_fb.h
[0.290s] -- Up-to-date: /home/nvidia/5.1-ros2_ws/install/yhs_can_interfaces/include/yhs_can_interfaces/yhs_can_interfaces/msg/io_cmd.h
[0.290s] -- Up-to-date: /home/nvidia/5.1-ros2_ws/install/yhs_can_interfaces/include/yhs_can_interfaces/yhs_can_interfaces/msg/bms_info_fb.h
[0.290s] -- Up-to-date: /home/nvidia/5.1-ros2_ws/install/yhs_can_interfaces/include/yhs_can_interfaces/yhs_can_interfaces/msg/bms_flag_info_fb.h
[0.290s] -- Up-to-date: /home/nvidia/5.1-ros2_ws/install/yhs_can_interfaces/include/yhs_can_interfaces/yhs_can_interfaces/msg/ctrl_fb.h
[0.290s] -- Up-to-date: /home/nvidia/5.1-ros2_ws/install/yhs_can_interfaces/include/yhs_can_interfaces/yhs_can_interfaces/msg/veh_diag_fb.h
[0.290s] -- Up-to-date: /home/nvidia/5.1-ros2_ws/install/yhs_can_interfaces/include/yhs_can_interfaces/yhs_can_interfaces/msg/rr_wheel_fb.h
[0.291s] -- Up-to-date: /home/nvidia/5.1-ros2_ws/install/yhs_can_interfaces/include/yhs_can_interfaces/yhs_can_interfaces/msg/chassis_info_fb.h
[0.291s] -- Up-to-date: /home/nvidia/5.1-ros2_ws/install/yhs_can_interfaces/include/yhs_can_interfaces/yhs_can_interfaces/msg/lr_wheel_fb.h
[0.291s] -- Up-to-date: /home/nvidia/5.1-ros2_ws/install/yhs_can_interfaces/include/yhs_can_interfaces/yhs_can_interfaces/msg/ctrl_cmd.h
[0.291s] -- Up-to-date: /home/nvidia/5.1-ros2_ws/install/yhs_can_interfaces/share/yhs_can_interfaces/environment/library_path.sh
[0.291s] -- Up-to-date: /home/nvidia/5.1-ros2_ws/install/yhs_can_interfaces/share/yhs_can_interfaces/environment/library_path.dsv
[0.291s] -- Up-to-date: /home/nvidia/5.1-ros2_ws/install/yhs_can_interfaces/lib/libyhs_can_interfaces__rosidl_generator_c.so
[0.291s] -- Up-to-date: /home/nvidia/5.1-ros2_ws/install/yhs_can_interfaces/include/yhs_can_interfaces/yhs_can_interfaces
[0.291s] -- Up-to-date: /home/nvidia/5.1-ros2_ws/install/yhs_can_interfaces/include/yhs_can_interfaces/yhs_can_interfaces/msg
[0.291s] -- Up-to-date: /home/nvidia/5.1-ros2_ws/install/yhs_can_interfaces/include/yhs_can_interfaces/yhs_can_interfaces/msg/detail
[0.291s] -- Up-to-date: /home/nvidia/5.1-ros2_ws/install/yhs_can_interfaces/include/yhs_can_interfaces/yhs_can_interfaces/msg/detail/bms_info_fb__rosidl_typesupport_fastrtps_c.h
[0.291s] -- Up-to-date: /home/nvidia/5.1-ros2_ws/install/yhs_can_interfaces/include/yhs_can_interfaces/yhs_can_interfaces/msg/detail/io_cmd__rosidl_typesupport_fastrtps_c.h
[0.291s] -- Up-to-date: /home/nvidia/5.1-ros2_ws/install/yhs_can_interfaces/include/yhs_can_interfaces/yhs_can_interfaces/msg/detail/ctrl_fb__rosidl_typesupport_fastrtps_c.h
[0.292s] -- Up-to-date: /home/nvidia/5.1-ros2_ws/install/yhs_can_interfaces/include/yhs_can_interfaces/yhs_can_interfaces/msg/detail/drive_mcu_ecode_fb__rosidl_typesupport_fastrtps_c.h
[0.292s] -- Up-to-date: /home/nvidia/5.1-ros2_ws/install/yhs_can_interfaces/include/yhs_can_interfaces/yhs_can_interfaces/msg/detail/lr_wheel_fb__rosidl_typesupport_fastrtps_c.h
[0.292s] -- Up-to-date: /home/nvidia/5.1-ros2_ws/install/yhs_can_interfaces/include/yhs_can_interfaces/yhs_can_interfaces/msg/detail/bms_flag_info_fb__rosidl_typesupport_fastrtps_c.h
[0.292s] -- Up-to-date: /home/nvidia/5.1-ros2_ws/install/yhs_can_interfaces/include/yhs_can_interfaces/yhs_can_interfaces/msg/detail/rr_wheel_fb__rosidl_typesupport_fastrtps_c.h
[0.292s] -- Up-to-date: /home/nvidia/5.1-ros2_ws/install/yhs_can_interfaces/include/yhs_can_interfaces/yhs_can_interfaces/msg/detail/ctrl_cmd__rosidl_typesupport_fastrtps_c.h
[0.292s] -- Up-to-date: /home/nvidia/5.1-ros2_ws/install/yhs_can_interfaces/include/yhs_can_interfaces/yhs_can_interfaces/msg/detail/veh_diag_fb__rosidl_typesupport_fastrtps_c.h
[0.292s] -- Up-to-date: /home/nvidia/5.1-ros2_ws/install/yhs_can_interfaces/include/yhs_can_interfaces/yhs_can_interfaces/msg/detail/chassis_info_fb__rosidl_typesupport_fastrtps_c.h
[0.292s] -- Up-to-date: /home/nvidia/5.1-ros2_ws/install/yhs_can_interfaces/include/yhs_can_interfaces/yhs_can_interfaces/msg/detail/io_fb__rosidl_typesupport_fastrtps_c.h
[0.292s] -- Up-to-date: /home/nvidia/5.1-ros2_ws/install/yhs_can_interfaces/include/yhs_can_interfaces/yhs_can_interfaces/msg/rosidl_typesupport_fastrtps_c__visibility_control.h
[0.292s] -- Up-to-date: /home/nvidia/5.1-ros2_ws/install/yhs_can_interfaces/lib/libyhs_can_interfaces__rosidl_typesupport_fastrtps_c.so
[0.292s] -- Up-to-date: /home/nvidia/5.1-ros2_ws/install/yhs_can_interfaces/include/yhs_can_interfaces/yhs_can_interfaces
[0.292s] -- Up-to-date: /home/nvidia/5.1-ros2_ws/install/yhs_can_interfaces/include/yhs_can_interfaces/yhs_can_interfaces/msg
[0.292s] -- Up-to-date: /home/nvidia/5.1-ros2_ws/install/yhs_can_interfaces/include/yhs_can_interfaces/yhs_can_interfaces/msg/rosidl_typesupport_introspection_c__visibility_control.h
[0.292s] -- Up-to-date: /home/nvidia/5.1-ros2_ws/install/yhs_can_interfaces/include/yhs_can_interfaces/yhs_can_interfaces/msg/detail
[0.293s] -- Up-to-date: /home/nvidia/5.1-ros2_ws/install/yhs_can_interfaces/include/yhs_can_interfaces/yhs_can_interfaces/msg/detail/chassis_info_fb__type_support.c
[0.293s] -- Up-to-date: /home/nvidia/5.1-ros2_ws/install/yhs_can_interfaces/include/yhs_can_interfaces/yhs_can_interfaces/msg/detail/bms_flag_info_fb__type_support.c
[0.293s] -- Up-to-date: /home/nvidia/5.1-ros2_ws/install/yhs_can_interfaces/include/yhs_can_interfaces/yhs_can_interfaces/msg/detail/io_fb__rosidl_typesupport_introspection_c.h
[0.293s] -- Up-to-date: /home/nvidia/5.1-ros2_ws/install/yhs_can_interfaces/include/yhs_can_interfaces/yhs_can_interfaces/msg/detail/veh_diag_fb__type_support.c
[0.293s] -- Up-to-date: /home/nvidia/5.1-ros2_ws/install/yhs_can_interfaces/include/yhs_can_interfaces/yhs_can_interfaces/msg/detail/drive_mcu_ecode_fb__type_support.c
[0.293s] -- Up-to-date: /home/nvidia/5.1-ros2_ws/install/yhs_can_interfaces/include/yhs_can_interfaces/yhs_can_interfaces/msg/detail/bms_flag_info_fb__rosidl_typesupport_introspection_c.h
[0.293s] -- Up-to-date: /home/nvidia/5.1-ros2_ws/install/yhs_can_interfaces/include/yhs_can_interfaces/yhs_can_interfaces/msg/detail/rr_wheel_fb__rosidl_typesupport_introspection_c.h
[0.293s] -- Up-to-date: /home/nvidia/5.1-ros2_ws/install/yhs_can_interfaces/include/yhs_can_interfaces/yhs_can_interfaces/msg/detail/chassis_info_fb__rosidl_typesupport_introspection_c.h
[0.293s] -- Up-to-date: /home/nvidia/5.1-ros2_ws/install/yhs_can_interfaces/include/yhs_can_interfaces/yhs_can_interfaces/msg/detail/io_cmd__type_support.c
[0.293s] -- Up-to-date: /home/nvidia/5.1-ros2_ws/install/yhs_can_interfaces/include/yhs_can_interfaces/yhs_can_interfaces/msg/detail/ctrl_cmd__type_support.c
[0.293s] -- Up-to-date: /home/nvidia/5.1-ros2_ws/install/yhs_can_interfaces/include/yhs_can_interfaces/yhs_can_interfaces/msg/detail/bms_info_fb__rosidl_typesupport_introspection_c.h
[0.294s] -- Up-to-date: /home/nvidia/5.1-ros2_ws/install/yhs_can_interfaces/include/yhs_can_interfaces/yhs_can_interfaces/msg/detail/io_fb__type_support.c
[0.294s] -- Up-to-date: /home/nvidia/5.1-ros2_ws/install/yhs_can_interfaces/include/yhs_can_interfaces/yhs_can_interfaces/msg/detail/rr_wheel_fb__type_support.c
[0.294s] -- Up-to-date: /home/nvidia/5.1-ros2_ws/install/yhs_can_interfaces/include/yhs_can_interfaces/yhs_can_interfaces/msg/detail/bms_info_fb__type_support.c
[0.294s] -- Up-to-date: /home/nvidia/5.1-ros2_ws/install/yhs_can_interfaces/include/yhs_can_interfaces/yhs_can_interfaces/msg/detail/io_cmd__rosidl_typesupport_introspection_c.h
[0.294s] -- Up-to-date: /home/nvidia/5.1-ros2_ws/install/yhs_can_interfaces/include/yhs_can_interfaces/yhs_can_interfaces/msg/detail/ctrl_fb__type_support.c
[0.294s] -- Up-to-date: /home/nvidia/5.1-ros2_ws/install/yhs_can_interfaces/include/yhs_can_interfaces/yhs_can_interfaces/msg/detail/ctrl_fb__rosidl_typesupport_introspection_c.h
[0.294s] -- Up-to-date: /home/nvidia/5.1-ros2_ws/install/yhs_can_interfaces/include/yhs_can_interfaces/yhs_can_interfaces/msg/detail/veh_diag_fb__rosidl_typesupport_introspection_c.h
[0.294s] -- Up-to-date: /home/nvidia/5.1-ros2_ws/install/yhs_can_interfaces/include/yhs_can_interfaces/yhs_can_interfaces/msg/detail/ctrl_cmd__rosidl_typesupport_introspection_c.h
[0.294s] -- Up-to-date: /home/nvidia/5.1-ros2_ws/install/yhs_can_interfaces/include/yhs_can_interfaces/yhs_can_interfaces/msg/detail/lr_wheel_fb__type_support.c
[0.294s] -- Up-to-date: /home/nvidia/5.1-ros2_ws/install/yhs_can_interfaces/include/yhs_can_interfaces/yhs_can_interfaces/msg/detail/lr_wheel_fb__rosidl_typesupport_introspection_c.h
[0.294s] -- Up-to-date: /home/nvidia/5.1-ros2_ws/install/yhs_can_interfaces/include/yhs_can_interfaces/yhs_can_interfaces/msg/detail/drive_mcu_ecode_fb__rosidl_typesupport_introspection_c.h
[0.294s] -- Up-to-date: /home/nvidia/5.1-ros2_ws/install/yhs_can_interfaces/lib/libyhs_can_interfaces__rosidl_typesupport_introspection_c.so
[0.294s] -- Up-to-date: /home/nvidia/5.1-ros2_ws/install/yhs_can_interfaces/lib/libyhs_can_interfaces__rosidl_typesupport_c.so
[0.294s] -- Up-to-date: /home/nvidia/5.1-ros2_ws/install/yhs_can_interfaces/include/yhs_can_interfaces/yhs_can_interfaces
[0.295s] -- Up-to-date: /home/nvidia/5.1-ros2_ws/install/yhs_can_interfaces/include/yhs_can_interfaces/yhs_can_interfaces/msg
[0.295s] -- Up-to-date: /home/nvidia/5.1-ros2_ws/install/yhs_can_interfaces/include/yhs_can_interfaces/yhs_can_interfaces/msg/io_fb.hpp
[0.295s] -- Up-to-date: /home/nvidia/5.1-ros2_ws/install/yhs_can_interfaces/include/yhs_can_interfaces/yhs_can_interfaces/msg/io_cmd.hpp
[0.295s] -- Up-to-date: /home/nvidia/5.1-ros2_ws/install/yhs_can_interfaces/include/yhs_can_interfaces/yhs_can_interfaces/msg/bms_info_fb.hpp
[0.295s] -- Up-to-date: /home/nvidia/5.1-ros2_ws/install/yhs_can_interfaces/include/yhs_can_interfaces/yhs_can_interfaces/msg/ctrl_cmd.hpp
[0.295s] -- Up-to-date: /home/nvidia/5.1-ros2_ws/install/yhs_can_interfaces/include/yhs_can_interfaces/yhs_can_interfaces/msg/detail
[0.295s] -- Up-to-date: /home/nvidia/5.1-ros2_ws/install/yhs_can_interfaces/include/yhs_can_interfaces/yhs_can_interfaces/msg/detail/io_fb__builder.hpp
[0.295s] -- Up-to-date: /home/nvidia/5.1-ros2_ws/install/yhs_can_interfaces/include/yhs_can_interfaces/yhs_can_interfaces/msg/detail/bms_flag_info_fb__builder.hpp
[0.295s] -- Up-to-date: /home/nvidia/5.1-ros2_ws/install/yhs_can_interfaces/include/yhs_can_interfaces/yhs_can_interfaces/msg/detail/ctrl_cmd__builder.hpp
[0.295s] -- Up-to-date: /home/nvidia/5.1-ros2_ws/install/yhs_can_interfaces/include/yhs_can_interfaces/yhs_can_interfaces/msg/detail/rr_wheel_fb__traits.hpp
[0.295s] -- Up-to-date: /home/nvidia/5.1-ros2_ws/install/yhs_can_interfaces/include/yhs_can_interfaces/yhs_can_interfaces/msg/detail/lr_wheel_fb__struct.hpp
[0.295s] -- Up-to-date: /home/nvidia/5.1-ros2_ws/install/yhs_can_interfaces/include/yhs_can_interfaces/yhs_can_interfaces/msg/detail/io_cmd__struct.hpp
[0.295s] -- Up-to-date: /home/nvidia/5.1-ros2_ws/install/yhs_can_interfaces/include/yhs_can_interfaces/yhs_can_interfaces/msg/detail/bms_info_fb__builder.hpp
[0.295s] -- Up-to-date: /home/nvidia/5.1-ros2_ws/install/yhs_can_interfaces/include/yhs_can_interfaces/yhs_can_interfaces/msg/detail/drive_mcu_ecode_fb__traits.hpp
[0.295s] -- Up-to-date: /home/nvidia/5.1-ros2_ws/install/yhs_can_interfaces/include/yhs_can_interfaces/yhs_can_interfaces/msg/detail/io_fb__type_support.hpp
[0.296s] -- Up-to-date: /home/nvidia/5.1-ros2_ws/install/yhs_can_interfaces/include/yhs_can_interfaces/yhs_can_interfaces/msg/detail/ctrl_cmd__traits.hpp
[0.296s] -- Up-to-date: /home/nvidia/5.1-ros2_ws/install/yhs_can_interfaces/include/yhs_can_interfaces/yhs_can_interfaces/msg/detail/io_cmd__type_support.hpp
[0.296s] -- Up-to-date: /home/nvidia/5.1-ros2_ws/install/yhs_can_interfaces/include/yhs_can_interfaces/yhs_can_interfaces/msg/detail/io_fb__struct.hpp
[0.296s] -- Up-to-date: /home/nvidia/5.1-ros2_ws/install/yhs_can_interfaces/include/yhs_can_interfaces/yhs_can_interfaces/msg/detail/rr_wheel_fb__struct.hpp
[0.296s] -- Up-to-date: /home/nvidia/5.1-ros2_ws/install/yhs_can_interfaces/include/yhs_can_interfaces/yhs_can_interfaces/msg/detail/bms_info_fb__struct.hpp
[0.296s] -- Up-to-date: /home/nvidia/5.1-ros2_ws/install/yhs_can_interfaces/include/yhs_can_interfaces/yhs_can_interfaces/msg/detail/io_cmd__traits.hpp
[0.296s] -- Up-to-date: /home/nvidia/5.1-ros2_ws/install/yhs_can_interfaces/include/yhs_can_interfaces/yhs_can_interfaces/msg/detail/veh_diag_fb__struct.hpp
[0.296s] -- Up-to-date: /home/nvidia/5.1-ros2_ws/install/yhs_can_interfaces/include/yhs_can_interfaces/yhs_can_interfaces/msg/detail/bms_flag_info_fb__struct.hpp
[0.296s] -- Up-to-date: /home/nvidia/5.1-ros2_ws/install/yhs_can_interfaces/include/yhs_can_interfaces/yhs_can_interfaces/msg/detail/veh_diag_fb__traits.hpp
[0.296s] -- Up-to-date: /home/nvidia/5.1-ros2_ws/install/yhs_can_interfaces/include/yhs_can_interfaces/yhs_can_interfaces/msg/detail/lr_wheel_fb__type_support.hpp
[0.296s] -- Up-to-date: /home/nvidia/5.1-ros2_ws/install/yhs_can_interfaces/include/yhs_can_interfaces/yhs_can_interfaces/msg/detail/veh_diag_fb__builder.hpp
[0.296s] -- Up-to-date: /home/nvidia/5.1-ros2_ws/install/yhs_can_interfaces/include/yhs_can_interfaces/yhs_can_interfaces/msg/detail/ctrl_cmd__type_support.hpp
[0.296s] -- Up-to-date: /home/nvidia/5.1-ros2_ws/install/yhs_can_interfaces/include/yhs_can_interfaces/yhs_can_interfaces/msg/detail/io_fb__traits.hpp
[0.296s] -- Up-to-date: /home/nvidia/5.1-ros2_ws/install/yhs_can_interfaces/include/yhs_can_interfaces/yhs_can_interfaces/msg/detail/rr_wheel_fb__type_support.hpp
[0.296s] -- Up-to-date: /home/nvidia/5.1-ros2_ws/install/yhs_can_interfaces/include/yhs_can_interfaces/yhs_can_interfaces/msg/detail/drive_mcu_ecode_fb__builder.hpp
[0.296s] -- Up-to-date: /home/nvidia/5.1-ros2_ws/install/yhs_can_interfaces/include/yhs_can_interfaces/yhs_can_interfaces/msg/detail/chassis_info_fb__struct.hpp
[0.296s] -- Up-to-date: /home/nvidia/5.1-ros2_ws/install/yhs_can_interfaces/include/yhs_can_interfaces/yhs_can_interfaces/msg/detail/drive_mcu_ecode_fb__type_support.hpp
[0.296s] -- Up-to-date: /home/nvidia/5.1-ros2_ws/install/yhs_can_interfaces/include/yhs_can_interfaces/yhs_can_interfaces/msg/detail/chassis_info_fb__type_support.hpp
[0.296s] -- Up-to-date: /home/nvidia/5.1-ros2_ws/install/yhs_can_interfaces/include/yhs_can_interfaces/yhs_can_interfaces/msg/detail/ctrl_fb__type_support.hpp
[0.296s] -- Up-to-date: /home/nvidia/5.1-ros2_ws/install/yhs_can_interfaces/include/yhs_can_interfaces/yhs_can_interfaces/msg/detail/bms_flag_info_fb__traits.hpp
[0.296s] -- Up-to-date: /home/nvidia/5.1-ros2_ws/install/yhs_can_interfaces/include/yhs_can_interfaces/yhs_can_interfaces/msg/detail/ctrl_cmd__struct.hpp
[0.296s] -- Up-to-date: /home/nvidia/5.1-ros2_ws/install/yhs_can_interfaces/include/yhs_can_interfaces/yhs_can_interfaces/msg/detail/io_cmd__builder.hpp
[0.296s] -- Up-to-date: /home/nvidia/5.1-ros2_ws/install/yhs_can_interfaces/include/yhs_can_interfaces/yhs_can_interfaces/msg/detail/lr_wheel_fb__builder.hpp
[0.296s] -- Up-to-date: /home/nvidia/5.1-ros2_ws/install/yhs_can_interfaces/include/yhs_can_interfaces/yhs_can_interfaces/msg/detail/bms_flag_info_fb__type_support.hpp
[0.296s] -- Up-to-date: /home/nvidia/5.1-ros2_ws/install/yhs_can_interfaces/include/yhs_can_interfaces/yhs_can_interfaces/msg/detail/ctrl_fb__builder.hpp
[0.296s] -- Up-to-date: /home/nvidia/5.1-ros2_ws/install/yhs_can_interfaces/include/yhs_can_interfaces/yhs_can_interfaces/msg/detail/ctrl_fb__traits.hpp
[0.296s] -- Up-to-date: /home/nvidia/5.1-ros2_ws/install/yhs_can_interfaces/include/yhs_can_interfaces/yhs_can_interfaces/msg/detail/bms_info_fb__traits.hpp
[0.296s] -- Up-to-date: /home/nvidia/5.1-ros2_ws/install/yhs_can_interfaces/include/yhs_can_interfaces/yhs_can_interfaces/msg/detail/drive_mcu_ecode_fb__struct.hpp
[0.296s] -- Up-to-date: /home/nvidia/5.1-ros2_ws/install/yhs_can_interfaces/include/yhs_can_interfaces/yhs_can_interfaces/msg/detail/rr_wheel_fb__builder.hpp
[0.296s] -- Up-to-date: /home/nvidia/5.1-ros2_ws/install/yhs_can_interfaces/include/yhs_can_interfaces/yhs_can_interfaces/msg/detail/ctrl_fb__struct.hpp
[0.296s] -- Up-to-date: /home/nvidia/5.1-ros2_ws/install/yhs_can_interfaces/include/yhs_can_interfaces/yhs_can_interfaces/msg/detail/chassis_info_fb__builder.hpp
[0.297s] -- Up-to-date: /home/nvidia/5.1-ros2_ws/install/yhs_can_interfaces/include/yhs_can_interfaces/yhs_can_interfaces/msg/detail/lr_wheel_fb__traits.hpp
[0.297s] -- Up-to-date: /home/nvidia/5.1-ros2_ws/install/yhs_can_interfaces/include/yhs_can_interfaces/yhs_can_interfaces/msg/detail/bms_info_fb__type_support.hpp
[0.297s] -- Up-to-date: /home/nvidia/5.1-ros2_ws/install/yhs_can_interfaces/include/yhs_can_interfaces/yhs_can_interfaces/msg/detail/veh_diag_fb__type_support.hpp
[0.297s] -- Up-to-date: /home/nvidia/5.1-ros2_ws/install/yhs_can_interfaces/include/yhs_can_interfaces/yhs_can_interfaces/msg/detail/chassis_info_fb__traits.hpp
[0.297s] -- Up-to-date: /home/nvidia/5.1-ros2_ws/install/yhs_can_interfaces/include/yhs_can_interfaces/yhs_can_interfaces/msg/chassis_info_fb.hpp
[0.297s] -- Up-to-date: /home/nvidia/5.1-ros2_ws/install/yhs_can_interfaces/include/yhs_can_interfaces/yhs_can_interfaces/msg/rosidl_generator_cpp__visibility_control.hpp
[0.297s] -- Up-to-date: /home/nvidia/5.1-ros2_ws/install/yhs_can_interfaces/include/yhs_can_interfaces/yhs_can_interfaces/msg/rr_wheel_fb.hpp
[0.297s] -- Up-to-date: /home/nvidia/5.1-ros2_ws/install/yhs_can_interfaces/include/yhs_can_interfaces/yhs_can_interfaces/msg/ctrl_fb.hpp
[0.297s] -- Up-to-date: /home/nvidia/5.1-ros2_ws/install/yhs_can_interfaces/include/yhs_can_interfaces/yhs_can_interfaces/msg/lr_wheel_fb.hpp
[0.297s] -- Up-to-date: /home/nvidia/5.1-ros2_ws/install/yhs_can_interfaces/include/yhs_can_interfaces/yhs_can_interfaces/msg/veh_diag_fb.hpp
[0.297s] -- Up-to-date: /home/nvidia/5.1-ros2_ws/install/yhs_can_interfaces/include/yhs_can_interfaces/yhs_can_interfaces/msg/bms_flag_info_fb.hpp
[0.297s] -- Up-to-date: /home/nvidia/5.1-ros2_ws/install/yhs_can_interfaces/include/yhs_can_interfaces/yhs_can_interfaces/msg/drive_mcu_ecode_fb.hpp
[0.297s] -- Up-to-date: /home/nvidia/5.1-ros2_ws/install/yhs_can_interfaces/include/yhs_can_interfaces/yhs_can_interfaces
[0.297s] -- Up-to-date: /home/nvidia/5.1-ros2_ws/install/yhs_can_interfaces/include/yhs_can_interfaces/yhs_can_interfaces/msg
[0.297s] -- Up-to-date: /home/nvidia/5.1-ros2_ws/install/yhs_can_interfaces/include/yhs_can_interfaces/yhs_can_interfaces/msg/detail
[0.297s] -- Up-to-date: /home/nvidia/5.1-ros2_ws/install/yhs_can_interfaces/include/yhs_can_interfaces/yhs_can_interfaces/msg/detail/dds_fastrtps
[0.297s] -- Up-to-date: /home/nvidia/5.1-ros2_ws/install/yhs_can_interfaces/include/yhs_can_interfaces/yhs_can_interfaces/msg/detail/io_cmd__rosidl_typesupport_fastrtps_cpp.hpp
[0.297s] -- Up-to-date: /home/nvidia/5.1-ros2_ws/install/yhs_can_interfaces/include/yhs_can_interfaces/yhs_can_interfaces/msg/detail/chassis_info_fb__rosidl_typesupport_fastrtps_cpp.hpp
[0.297s] -- Up-to-date: /home/nvidia/5.1-ros2_ws/install/yhs_can_interfaces/include/yhs_can_interfaces/yhs_can_interfaces/msg/detail/veh_diag_fb__rosidl_typesupport_fastrtps_cpp.hpp
[0.297s] -- Up-to-date: /home/nvidia/5.1-ros2_ws/install/yhs_can_interfaces/include/yhs_can_interfaces/yhs_can_interfaces/msg/detail/rr_wheel_fb__rosidl_typesupport_fastrtps_cpp.hpp
[0.297s] -- Up-to-date: /home/nvidia/5.1-ros2_ws/install/yhs_can_interfaces/include/yhs_can_interfaces/yhs_can_interfaces/msg/detail/lr_wheel_fb__rosidl_typesupport_fastrtps_cpp.hpp
[0.297s] -- Up-to-date: /home/nvidia/5.1-ros2_ws/install/yhs_can_interfaces/include/yhs_can_interfaces/yhs_can_interfaces/msg/detail/bms_info_fb__rosidl_typesupport_fastrtps_cpp.hpp
[0.297s] -- Up-to-date: /home/nvidia/5.1-ros2_ws/install/yhs_can_interfaces/include/yhs_can_interfaces/yhs_can_interfaces/msg/detail/ctrl_fb__rosidl_typesupport_fastrtps_cpp.hpp
[0.297s] -- Up-to-date: /home/nvidia/5.1-ros2_ws/install/yhs_can_interfaces/include/yhs_can_interfaces/yhs_can_interfaces/msg/detail/bms_flag_info_fb__rosidl_typesupport_fastrtps_cpp.hpp
[0.297s] -- Up-to-date: /home/nvidia/5.1-ros2_ws/install/yhs_can_interfaces/include/yhs_can_interfaces/yhs_can_interfaces/msg/detail/drive_mcu_ecode_fb__rosidl_typesupport_fastrtps_cpp.hpp
[0.297s] -- Up-to-date: /home/nvidia/5.1-ros2_ws/install/yhs_can_interfaces/include/yhs_can_interfaces/yhs_can_interfaces/msg/detail/ctrl_cmd__rosidl_typesupport_fastrtps_cpp.hpp
[0.297s] -- Up-to-date: /home/nvidia/5.1-ros2_ws/install/yhs_can_interfaces/include/yhs_can_interfaces/yhs_can_interfaces/msg/detail/io_fb__rosidl_typesupport_fastrtps_cpp.hpp
[0.297s] -- Up-to-date: /home/nvidia/5.1-ros2_ws/install/yhs_can_interfaces/include/yhs_can_interfaces/yhs_can_interfaces/msg/rosidl_typesupport_fastrtps_cpp__visibility_control.h
[0.297s] -- Up-to-date: /home/nvidia/5.1-ros2_ws/install/yhs_can_interfaces/lib/libyhs_can_interfaces__rosidl_typesupport_fastrtps_cpp.so
[0.297s] -- Up-to-date: /home/nvidia/5.1-ros2_ws/install/yhs_can_interfaces/include/yhs_can_interfaces/yhs_can_interfaces
[0.297s] -- Up-to-date: /home/nvidia/5.1-ros2_ws/install/yhs_can_interfaces/include/yhs_can_interfaces/yhs_can_interfaces/msg
[0.297s] -- Up-to-date: /home/nvidia/5.1-ros2_ws/install/yhs_can_interfaces/include/yhs_can_interfaces/yhs_can_interfaces/msg/detail
[0.297s] -- Up-to-date: /home/nvidia/5.1-ros2_ws/install/yhs_can_interfaces/include/yhs_can_interfaces/yhs_can_interfaces/msg/detail/io_fb__rosidl_typesupport_introspection_cpp.hpp
[0.297s] -- Up-to-date: /home/nvidia/5.1-ros2_ws/install/yhs_can_interfaces/include/yhs_can_interfaces/yhs_can_interfaces/msg/detail/io_cmd__type_support.cpp
[0.297s] -- Up-to-date: /home/nvidia/5.1-ros2_ws/install/yhs_can_interfaces/include/yhs_can_interfaces/yhs_can_interfaces/msg/detail/chassis_info_fb__type_support.cpp
[0.297s] -- Up-to-date: /home/nvidia/5.1-ros2_ws/install/yhs_can_interfaces/include/yhs_can_interfaces/yhs_can_interfaces/msg/detail/io_fb__type_support.cpp
[0.297s] -- Up-to-date: /home/nvidia/5.1-ros2_ws/install/yhs_can_interfaces/include/yhs_can_interfaces/yhs_can_interfaces/msg/detail/veh_diag_fb__rosidl_typesupport_introspection_cpp.hpp
[0.297s] -- Up-to-date: /home/nvidia/5.1-ros2_ws/install/yhs_can_interfaces/include/yhs_can_interfaces/yhs_can_interfaces/msg/detail/lr_wheel_fb__rosidl_typesupport_introspection_cpp.hpp
[0.297s] -- Up-to-date: /home/nvidia/5.1-ros2_ws/install/yhs_can_interfaces/include/yhs_can_interfaces/yhs_can_interfaces/msg/detail/lr_wheel_fb__type_support.cpp
[0.297s] -- Up-to-date: /home/nvidia/5.1-ros2_ws/install/yhs_can_interfaces/include/yhs_can_interfaces/yhs_can_interfaces/msg/detail/rr_wheel_fb__type_support.cpp
[0.298s] -- Up-to-date: /home/nvidia/5.1-ros2_ws/install/yhs_can_interfaces/include/yhs_can_interfaces/yhs_can_interfaces/msg/detail/ctrl_cmd__type_support.cpp
[0.298s] -- Up-to-date: /home/nvidia/5.1-ros2_ws/install/yhs_can_interfaces/include/yhs_can_interfaces/yhs_can_interfaces/msg/detail/drive_mcu_ecode_fb__rosidl_typesupport_introspection_cpp.hpp
[0.298s] -- Up-to-date: /home/nvidia/5.1-ros2_ws/install/yhs_can_interfaces/include/yhs_can_interfaces/yhs_can_interfaces/msg/detail/ctrl_cmd__rosidl_typesupport_introspection_cpp.hpp
[0.298s] -- Up-to-date: /home/nvidia/5.1-ros2_ws/install/yhs_can_interfaces/include/yhs_can_interfaces/yhs_can_interfaces/msg/detail/bms_flag_info_fb__rosidl_typesupport_introspection_cpp.hpp
[0.298s] -- Up-to-date: /home/nvidia/5.1-ros2_ws/install/yhs_can_interfaces/include/yhs_can_interfaces/yhs_can_interfaces/msg/detail/veh_diag_fb__type_support.cpp
[0.298s] -- Up-to-date: /home/nvidia/5.1-ros2_ws/install/yhs_can_interfaces/include/yhs_can_interfaces/yhs_can_interfaces/msg/detail/bms_info_fb__type_support.cpp
[0.298s] -- Up-to-date: /home/nvidia/5.1-ros2_ws/install/yhs_can_interfaces/include/yhs_can_interfaces/yhs_can_interfaces/msg/detail/drive_mcu_ecode_fb__type_support.cpp
[0.298s] -- Up-to-date: /home/nvidia/5.1-ros2_ws/install/yhs_can_interfaces/include/yhs_can_interfaces/yhs_can_interfaces/msg/detail/bms_flag_info_fb__type_support.cpp
[0.298s] -- Up-to-date: /home/nvidia/5.1-ros2_ws/install/yhs_can_interfaces/include/yhs_can_interfaces/yhs_can_interfaces/msg/detail/ctrl_fb__rosidl_typesupport_introspection_cpp.hpp
[0.298s] -- Up-to-date: /home/nvidia/5.1-ros2_ws/install/yhs_can_interfaces/include/yhs_can_interfaces/yhs_can_interfaces/msg/detail/ctrl_fb__type_support.cpp
[0.298s] -- Up-to-date: /home/nvidia/5.1-ros2_ws/install/yhs_can_interfaces/include/yhs_can_interfaces/yhs_can_interfaces/msg/detail/bms_info_fb__rosidl_typesupport_introspection_cpp.hpp
[0.298s] -- Up-to-date: /home/nvidia/5.1-ros2_ws/install/yhs_can_interfaces/include/yhs_can_interfaces/yhs_can_interfaces/msg/detail/io_cmd__rosidl_typesupport_introspection_cpp.hpp
[0.298s] -- Up-to-date: /home/nvidia/5.1-ros2_ws/install/yhs_can_interfaces/include/yhs_can_interfaces/yhs_can_interfaces/msg/detail/chassis_info_fb__rosidl_typesupport_introspection_cpp.hpp
[0.298s] -- Up-to-date: /home/nvidia/5.1-ros2_ws/install/yhs_can_interfaces/include/yhs_can_interfaces/yhs_can_interfaces/msg/detail/rr_wheel_fb__rosidl_typesupport_introspection_cpp.hpp
[0.298s] -- Up-to-date: /home/nvidia/5.1-ros2_ws/install/yhs_can_interfaces/lib/libyhs_can_interfaces__rosidl_typesupport_introspection_cpp.so
[0.298s] -- Up-to-date: /home/nvidia/5.1-ros2_ws/install/yhs_can_interfaces/lib/libyhs_can_interfaces__rosidl_typesupport_cpp.so
[0.298s] -- Up-to-date: /home/nvidia/5.1-ros2_ws/install/yhs_can_interfaces/share/yhs_can_interfaces/environment/pythonpath.sh
[0.298s] -- Up-to-date: /home/nvidia/5.1-ros2_ws/install/yhs_can_interfaces/share/yhs_can_interfaces/environment/pythonpath.dsv
[0.298s] -- Up-to-date: /home/nvidia/5.1-ros2_ws/install/yhs_can_interfaces/local/lib/python3.10/dist-packages/yhs_can_interfaces-0.0.0-py3.10.egg-info
[0.298s] -- Installing: /home/nvidia/5.1-ros2_ws/install/yhs_can_interfaces/local/lib/python3.10/dist-packages/yhs_can_interfaces-0.0.0-py3.10.egg-info/PKG-INFO
[0.298s] -- Installing: /home/nvidia/5.1-ros2_ws/install/yhs_can_interfaces/local/lib/python3.10/dist-packages/yhs_can_interfaces-0.0.0-py3.10.egg-info/SOURCES.txt
[0.298s] -- Installing: /home/nvidia/5.1-ros2_ws/install/yhs_can_interfaces/local/lib/python3.10/dist-packages/yhs_can_interfaces-0.0.0-py3.10.egg-info/dependency_links.txt
[0.298s] -- Installing: /home/nvidia/5.1-ros2_ws/install/yhs_can_interfaces/local/lib/python3.10/dist-packages/yhs_can_interfaces-0.0.0-py3.10.egg-info/top_level.txt
[0.298s] -- Up-to-date: /home/nvidia/5.1-ros2_ws/install/yhs_can_interfaces/local/lib/python3.10/dist-packages/yhs_can_interfaces
[0.298s] -- Up-to-date: /home/nvidia/5.1-ros2_ws/install/yhs_can_interfaces/local/lib/python3.10/dist-packages/yhs_can_interfaces/__init__.py
[0.298s] -- Up-to-date: /home/nvidia/5.1-ros2_ws/install/yhs_can_interfaces/local/lib/python3.10/dist-packages/yhs_can_interfaces/libyhs_can_interfaces__rosidl_generator_py.so
[0.298s] -- Up-to-date: /home/nvidia/5.1-ros2_ws/install/yhs_can_interfaces/local/lib/python3.10/dist-packages/yhs_can_interfaces/_yhs_can_interfaces_s.ep.rosidl_typesupport_introspection_c.c
[0.298s] -- Up-to-date: /home/nvidia/5.1-ros2_ws/install/yhs_can_interfaces/local/lib/python3.10/dist-packages/yhs_can_interfaces/yhs_can_interfaces_s__rosidl_typesupport_c.cpython-310-x86_64-linux-gnu.so
[0.298s] -- Up-to-date: /home/nvidia/5.1-ros2_ws/install/yhs_can_interfaces/local/lib/python3.10/dist-packages/yhs_can_interfaces/msg
[0.298s] -- Up-to-date: /home/nvidia/5.1-ros2_ws/install/yhs_can_interfaces/local/lib/python3.10/dist-packages/yhs_can_interfaces/msg/_drive_mcu_ecode_fb_s.c
[0.298s] -- Up-to-date: /home/nvidia/5.1-ros2_ws/install/yhs_can_interfaces/local/lib/python3.10/dist-packages/yhs_can_interfaces/msg/_rr_wheel_fb.py
[0.298s] -- Up-to-date: /home/nvidia/5.1-ros2_ws/install/yhs_can_interfaces/local/lib/python3.10/dist-packages/yhs_can_interfaces/msg/__init__.py
[0.298s] -- Up-to-date: /home/nvidia/5.1-ros2_ws/install/yhs_can_interfaces/local/lib/python3.10/dist-packages/yhs_can_interfaces/msg/_ctrl_cmd_s.c
[0.298s] -- Up-to-date: /home/nvidia/5.1-ros2_ws/install/yhs_can_interfaces/local/lib/python3.10/dist-packages/yhs_can_interfaces/msg/_lr_wheel_fb_s.c
[0.298s] -- Up-to-date: /home/nvidia/5.1-ros2_ws/install/yhs_can_interfaces/local/lib/python3.10/dist-packages/yhs_can_interfaces/msg/_veh_diag_fb_s.c
[0.298s] -- Up-to-date: /home/nvidia/5.1-ros2_ws/install/yhs_can_interfaces/local/lib/python3.10/dist-packages/yhs_can_interfaces/msg/_rr_wheel_fb_s.c
[0.298s] -- Up-to-date: /home/nvidia/5.1-ros2_ws/install/yhs_can_interfaces/local/lib/python3.10/dist-packages/yhs_can_interfaces/msg/_ctrl_fb.py
[0.298s] -- Up-to-date: /home/nvidia/5.1-ros2_ws/install/yhs_can_interfaces/local/lib/python3.10/dist-packages/yhs_can_interfaces/msg/_io_cmd.py
[0.298s] -- Up-to-date: /home/nvidia/5.1-ros2_ws/install/yhs_can_interfaces/local/lib/python3.10/dist-packages/yhs_can_interfaces/msg/_bms_flag_info_fb.py
[0.298s] -- Up-to-date: /home/nvidia/5.1-ros2_ws/install/yhs_can_interfaces/local/lib/python3.10/dist-packages/yhs_can_interfaces/msg/_veh_diag_fb.py
[0.298s] -- Up-to-date: /home/nvidia/5.1-ros2_ws/install/yhs_can_interfaces/local/lib/python3.10/dist-packages/yhs_can_interfaces/msg/_drive_mcu_ecode_fb.py
[0.299s] -- Up-to-date: /home/nvidia/5.1-ros2_ws/install/yhs_can_interfaces/local/lib/python3.10/dist-packages/yhs_can_interfaces/msg/_io_fb.py
[0.299s] -- Up-to-date: /home/nvidia/5.1-ros2_ws/install/yhs_can_interfaces/local/lib/python3.10/dist-packages/yhs_can_interfaces/msg/_lr_wheel_fb.py
[0.299s] -- Up-to-date: /home/nvidia/5.1-ros2_ws/install/yhs_can_interfaces/local/lib/python3.10/dist-packages/yhs_can_interfaces/msg/_ctrl_fb_s.c
[0.299s] -- Up-to-date: /home/nvidia/5.1-ros2_ws/install/yhs_can_interfaces/local/lib/python3.10/dist-packages/yhs_can_interfaces/msg/_chassis_info_fb_s.c
[0.299s] -- Up-to-date: /home/nvidia/5.1-ros2_ws/install/yhs_can_interfaces/local/lib/python3.10/dist-packages/yhs_can_interfaces/msg/_io_fb_s.c
[0.299s] -- Up-to-date: /home/nvidia/5.1-ros2_ws/install/yhs_can_interfaces/local/lib/python3.10/dist-packages/yhs_can_interfaces/msg/_io_cmd_s.c
[0.299s] -- Up-to-date: /home/nvidia/5.1-ros2_ws/install/yhs_can_interfaces/local/lib/python3.10/dist-packages/yhs_can_interfaces/msg/_ctrl_cmd.py
[0.299s] -- Up-to-date: /home/nvidia/5.1-ros2_ws/install/yhs_can_interfaces/local/lib/python3.10/dist-packages/yhs_can_interfaces/msg/_chassis_info_fb.py
[0.299s] -- Up-to-date: /home/nvidia/5.1-ros2_ws/install/yhs_can_interfaces/local/lib/python3.10/dist-packages/yhs_can_interfaces/msg/_bms_info_fb_s.c
[0.299s] -- Up-to-date: /home/nvidia/5.1-ros2_ws/install/yhs_can_interfaces/local/lib/python3.10/dist-packages/yhs_can_interfaces/msg/_bms_flag_info_fb_s.c
[0.299s] -- Up-to-date: /home/nvidia/5.1-ros2_ws/install/yhs_can_interfaces/local/lib/python3.10/dist-packages/yhs_can_interfaces/msg/_bms_info_fb.py
[0.299s] -- Up-to-date: /home/nvidia/5.1-ros2_ws/install/yhs_can_interfaces/local/lib/python3.10/dist-packages/yhs_can_interfaces/yhs_can_interfaces_s__rosidl_typesupport_fastrtps_c.cpython-310-x86_64-linux-gnu.so
[0.299s] -- Up-to-date: /home/nvidia/5.1-ros2_ws/install/yhs_can_interfaces/local/lib/python3.10/dist-packages/yhs_can_interfaces/yhs_can_interfaces_s__rosidl_typesupport_introspection_c.cpython-310-x86_64-linux-gnu.so
[0.299s] -- Up-to-date: /home/nvidia/5.1-ros2_ws/install/yhs_can_interfaces/local/lib/python3.10/dist-packages/yhs_can_interfaces/_yhs_can_interfaces_s.ep.rosidl_typesupport_fastrtps_c.c
[0.299s] -- Up-to-date: /home/nvidia/5.1-ros2_ws/install/yhs_can_interfaces/local/lib/python3.10/dist-packages/yhs_can_interfaces/_yhs_can_interfaces_s.ep.rosidl_typesupport_c.c
[0.318s] Listing '/home/nvidia/5.1-ros2_ws/install/yhs_can_interfaces/local/lib/python3.10/dist-packages/yhs_can_interfaces'...
[0.318s] Listing '/home/nvidia/5.1-ros2_ws/install/yhs_can_interfaces/local/lib/python3.10/dist-packages/yhs_can_interfaces/msg'...
[0.321s] -- Up-to-date: /home/nvidia/5.1-ros2_ws/install/yhs_can_interfaces/local/lib/python3.10/dist-packages/yhs_can_interfaces/yhs_can_interfaces_s__rosidl_typesupport_fastrtps_c.cpython-310-x86_64-linux-gnu.so
[0.322s] -- Up-to-date: /home/nvidia/5.1-ros2_ws/install/yhs_can_interfaces/local/lib/python3.10/dist-packages/yhs_can_interfaces/yhs_can_interfaces_s__rosidl_typesupport_introspection_c.cpython-310-x86_64-linux-gnu.so
[0.322s] -- Up-to-date: /home/nvidia/5.1-ros2_ws/install/yhs_can_interfaces/local/lib/python3.10/dist-packages/yhs_can_interfaces/yhs_can_interfaces_s__rosidl_typesupport_c.cpython-310-x86_64-linux-gnu.so
[0.322s] -- Up-to-date: /home/nvidia/5.1-ros2_ws/install/yhs_can_interfaces/lib/libyhs_can_interfaces__rosidl_generator_py.so
[0.322s] -- Up-to-date: /home/nvidia/5.1-ros2_ws/install/yhs_can_interfaces/share/yhs_can_interfaces/msg/BmsFlagInfoFb.idl
[0.322s] -- Up-to-date: /home/nvidia/5.1-ros2_ws/install/yhs_can_interfaces/share/yhs_can_interfaces/msg/BmsInfoFb.idl
[0.322s] -- Up-to-date: /home/nvidia/5.1-ros2_ws/install/yhs_can_interfaces/share/yhs_can_interfaces/msg/ChassisInfoFb.idl
[0.322s] -- Up-to-date: /home/nvidia/5.1-ros2_ws/install/yhs_can_interfaces/share/yhs_can_interfaces/msg/CtrlCmd.idl
[0.322s] -- Up-to-date: /home/nvidia/5.1-ros2_ws/install/yhs_can_interfaces/share/yhs_can_interfaces/msg/CtrlFb.idl
[0.322s] -- Up-to-date: /home/nvidia/5.1-ros2_ws/install/yhs_can_interfaces/share/yhs_can_interfaces/msg/DriveMcuEcodeFb.idl
[0.322s] -- Up-to-date: /home/nvidia/5.1-ros2_ws/install/yhs_can_interfaces/share/yhs_can_interfaces/msg/IoCmd.idl
[0.322s] -- Up-to-date: /home/nvidia/5.1-ros2_ws/install/yhs_can_interfaces/share/yhs_can_interfaces/msg/IoFb.idl
[0.322s] -- Up-to-date: /home/nvidia/5.1-ros2_ws/install/yhs_can_interfaces/share/yhs_can_interfaces/msg/LrWheelFb.idl
[0.323s] -- Up-to-date: /home/nvidia/5.1-ros2_ws/install/yhs_can_interfaces/share/yhs_can_interfaces/msg/RrWheelFb.idl
[0.323s] -- Up-to-date: /home/nvidia/5.1-ros2_ws/install/yhs_can_interfaces/share/yhs_can_interfaces/msg/VehDiagFb.idl
[0.323s] -- Up-to-date: /home/nvidia/5.1-ros2_ws/install/yhs_can_interfaces/share/yhs_can_interfaces/msg/BmsFlagInfoFb.msg
[0.323s] -- Up-to-date: /home/nvidia/5.1-ros2_ws/install/yhs_can_interfaces/share/yhs_can_interfaces/msg/BmsInfoFb.msg
[0.323s] -- Up-to-date: /home/nvidia/5.1-ros2_ws/install/yhs_can_interfaces/share/yhs_can_interfaces/msg/ChassisInfoFb.msg
[0.323s] -- Up-to-date: /home/nvidia/5.1-ros2_ws/install/yhs_can_interfaces/share/yhs_can_interfaces/msg/CtrlCmd.msg
[0.323s] -- Up-to-date: /home/nvidia/5.1-ros2_ws/install/yhs_can_interfaces/share/yhs_can_interfaces/msg/CtrlFb.msg
[0.323s] -- Up-to-date: /home/nvidia/5.1-ros2_ws/install/yhs_can_interfaces/share/yhs_can_interfaces/msg/DriveMcuEcodeFb.msg
[0.323s] -- Up-to-date: /home/nvidia/5.1-ros2_ws/install/yhs_can_interfaces/share/yhs_can_interfaces/msg/IoCmd.msg
[0.323s] -- Up-to-date: /home/nvidia/5.1-ros2_ws/install/yhs_can_interfaces/share/yhs_can_interfaces/msg/IoFb.msg
[0.323s] -- Up-to-date: /home/nvidia/5.1-ros2_ws/install/yhs_can_interfaces/share/yhs_can_interfaces/msg/LrWheelFb.msg
[0.323s] -- Up-to-date: /home/nvidia/5.1-ros2_ws/install/yhs_can_interfaces/share/yhs_can_interfaces/msg/RrWheelFb.msg
[0.323s] -- Up-to-date: /home/nvidia/5.1-ros2_ws/install/yhs_can_interfaces/share/yhs_can_interfaces/msg/VehDiagFb.msg
[0.323s] -- Up-to-date: /home/nvidia/5.1-ros2_ws/install/yhs_can_interfaces/share/ament_index/resource_index/package_run_dependencies/yhs_can_interfaces
[0.323s] -- Up-to-date: /home/nvidia/5.1-ros2_ws/install/yhs_can_interfaces/share/ament_index/resource_index/parent_prefix_path/yhs_can_interfaces
[0.323s] -- Up-to-date: /home/nvidia/5.1-ros2_ws/install/yhs_can_interfaces/share/yhs_can_interfaces/environment/ament_prefix_path.sh
[0.323s] -- Up-to-date: /home/nvidia/5.1-ros2_ws/install/yhs_can_interfaces/share/yhs_can_interfaces/environment/ament_prefix_path.dsv
[0.324s] -- Up-to-date: /home/nvidia/5.1-ros2_ws/install/yhs_can_interfaces/share/yhs_can_interfaces/environment/path.sh
[0.324s] -- Up-to-date: /home/nvidia/5.1-ros2_ws/install/yhs_can_interfaces/share/yhs_can_interfaces/environment/path.dsv
[0.324s] -- Up-to-date: /home/nvidia/5.1-ros2_ws/install/yhs_can_interfaces/share/yhs_can_interfaces/local_setup.bash
[0.324s] -- Up-to-date: /home/nvidia/5.1-ros2_ws/install/yhs_can_interfaces/share/yhs_can_interfaces/local_setup.sh
[0.324s] -- Up-to-date: /home/nvidia/5.1-ros2_ws/install/yhs_can_interfaces/share/yhs_can_interfaces/local_setup.zsh
[0.324s] -- Up-to-date: /home/nvidia/5.1-ros2_ws/install/yhs_can_interfaces/share/yhs_can_interfaces/local_setup.dsv
[0.324s] -- Installing: /home/nvidia/5.1-ros2_ws/install/yhs_can_interfaces/share/yhs_can_interfaces/package.dsv
[0.324s] -- Up-to-date: /home/nvidia/5.1-ros2_ws/install/yhs_can_interfaces/share/ament_index/resource_index/packages/yhs_can_interfaces
[0.324s] -- Up-to-date: /home/nvidia/5.1-ros2_ws/install/yhs_can_interfaces/share/yhs_can_interfaces/cmake/export_yhs_can_interfaces__rosidl_generator_cExport.cmake
[0.324s] -- Up-to-date: /home/nvidia/5.1-ros2_ws/install/yhs_can_interfaces/share/yhs_can_interfaces/cmake/export_yhs_can_interfaces__rosidl_generator_cExport-noconfig.cmake
[0.324s] -- Up-to-date: /home/nvidia/5.1-ros2_ws/install/yhs_can_interfaces/share/yhs_can_interfaces/cmake/export_yhs_can_interfaces__rosidl_typesupport_fastrtps_cExport.cmake
[0.324s] -- Up-to-date: /home/nvidia/5.1-ros2_ws/install/yhs_can_interfaces/share/yhs_can_interfaces/cmake/export_yhs_can_interfaces__rosidl_typesupport_fastrtps_cExport-noconfig.cmake
[0.324s] -- Up-to-date: /home/nvidia/5.1-ros2_ws/install/yhs_can_interfaces/share/yhs_can_interfaces/cmake/yhs_can_interfaces__rosidl_typesupport_introspection_cExport.cmake
[0.324s] -- Up-to-date: /home/nvidia/5.1-ros2_ws/install/yhs_can_interfaces/share/yhs_can_interfaces/cmake/yhs_can_interfaces__rosidl_typesupport_introspection_cExport-noconfig.cmake
[0.324s] -- Up-to-date: /home/nvidia/5.1-ros2_ws/install/yhs_can_interfaces/share/yhs_can_interfaces/cmake/yhs_can_interfaces__rosidl_typesupport_cExport.cmake
[0.324s] -- Up-to-date: /home/nvidia/5.1-ros2_ws/install/yhs_can_interfaces/share/yhs_can_interfaces/cmake/yhs_can_interfaces__rosidl_typesupport_cExport-noconfig.cmake
[0.325s] -- Up-to-date: /home/nvidia/5.1-ros2_ws/install/yhs_can_interfaces/share/yhs_can_interfaces/cmake/export_yhs_can_interfaces__rosidl_generator_cppExport.cmake
[0.325s] -- Up-to-date: /home/nvidia/5.1-ros2_ws/install/yhs_can_interfaces/share/yhs_can_interfaces/cmake/export_yhs_can_interfaces__rosidl_typesupport_fastrtps_cppExport.cmake
[0.325s] -- Up-to-date: /home/nvidia/5.1-ros2_ws/install/yhs_can_interfaces/share/yhs_can_interfaces/cmake/export_yhs_can_interfaces__rosidl_typesupport_fastrtps_cppExport-noconfig.cmake
[0.325s] -- Up-to-date: /home/nvidia/5.1-ros2_ws/install/yhs_can_interfaces/share/yhs_can_interfaces/cmake/yhs_can_interfaces__rosidl_typesupport_introspection_cppExport.cmake
[0.325s] -- Up-to-date: /home/nvidia/5.1-ros2_ws/install/yhs_can_interfaces/share/yhs_can_interfaces/cmake/yhs_can_interfaces__rosidl_typesupport_introspection_cppExport-noconfig.cmake
[0.325s] -- Up-to-date: /home/nvidia/5.1-ros2_ws/install/yhs_can_interfaces/share/yhs_can_interfaces/cmake/yhs_can_interfaces__rosidl_typesupport_cppExport.cmake
[0.325s] -- Up-to-date: /home/nvidia/5.1-ros2_ws/install/yhs_can_interfaces/share/yhs_can_interfaces/cmake/yhs_can_interfaces__rosidl_typesupport_cppExport-noconfig.cmake
[0.325s] -- Up-to-date: /home/nvidia/5.1-ros2_ws/install/yhs_can_interfaces/share/yhs_can_interfaces/cmake/export_yhs_can_interfaces__rosidl_generator_pyExport.cmake
[0.325s] -- Up-to-date: /home/nvidia/5.1-ros2_ws/install/yhs_can_interfaces/share/yhs_can_interfaces/cmake/export_yhs_can_interfaces__rosidl_generator_pyExport-noconfig.cmake
[0.325s] -- Up-to-date: /home/nvidia/5.1-ros2_ws/install/yhs_can_interfaces/share/yhs_can_interfaces/cmake/rosidl_cmake-extras.cmake
[0.325s] -- Up-to-date: /home/nvidia/5.1-ros2_ws/install/yhs_can_interfaces/share/yhs_can_interfaces/cmake/ament_cmake_export_dependencies-extras.cmake
[0.325s] -- Up-to-date: /home/nvidia/5.1-ros2_ws/install/yhs_can_interfaces/share/yhs_can_interfaces/cmake/ament_cmake_export_include_directories-extras.cmake
[0.326s] -- Up-to-date: /home/nvidia/5.1-ros2_ws/install/yhs_can_interfaces/share/yhs_can_interfaces/cmake/ament_cmake_export_libraries-extras.cmake
[0.326s] -- Up-to-date: /home/nvidia/5.1-ros2_ws/install/yhs_can_interfaces/share/yhs_can_interfaces/cmake/ament_cmake_export_targets-extras.cmake
[0.326s] -- Up-to-date: /home/nvidia/5.1-ros2_ws/install/yhs_can_interfaces/share/yhs_can_interfaces/cmake/rosidl_cmake_export_typesupport_targets-extras.cmake
[0.326s] -- Up-to-date: /home/nvidia/5.1-ros2_ws/install/yhs_can_interfaces/share/yhs_can_interfaces/cmake/rosidl_cmake_export_typesupport_libraries-extras.cmake
[0.326s] -- Up-to-date: /home/nvidia/5.1-ros2_ws/install/yhs_can_interfaces/share/yhs_can_interfaces/cmake/yhs_can_interfacesConfig.cmake
[0.326s] -- Up-to-date: /home/nvidia/5.1-ros2_ws/install/yhs_can_interfaces/share/yhs_can_interfaces/cmake/yhs_can_interfacesConfig-version.cmake
[0.326s] -- Up-to-date: /home/nvidia/5.1-ros2_ws/install/yhs_can_interfaces/share/yhs_can_interfaces/package.xml
[0.327s] Invoked command in '/home/nvidia/5.1-ros2_ws/build/yhs_can_interfaces' returned '0': CMAKE_PREFIX_PATH=${CMAKE_PREFIX_PATH}:/opt/ros/humble /usr/bin/cmake --install /home/nvidia/5.1-ros2_ws/build/yhs_can_interfaces
