[0.007s] Invoking command in '/home/nvidia/5.1-ros2_ws/build/yhs_can_interfaces': CMAKE_PREFIX_PATH=/opt/ros/humble /usr/bin/cmake /home/nvidia/5.1-ros2_ws/src/MK-mini-ros2/yhs_can_interfaces -DCMAKE_INSTALL_PREFIX=/home/nvidia/5.1-ros2_ws/install/yhs_can_interfaces
[0.057s] -- The C compiler identification is GNU 11.4.0
[0.106s] -- The CXX compiler identification is GNU 11.4.0
[0.113s] -- Detecting C compiler ABI info
[0.241s] -- Detecting C compiler ABI info - done
[0.247s] -- Check for working C compiler: /usr/bin/cc - skipped
[0.247s] -- Detecting C compile features
[0.247s] -- Detecting C compile features - done
[0.252s] -- Detecting CXX compiler ABI info
[0.358s] -- Detecting CXX compiler ABI info - done
[0.363s] -- Check for working CXX compiler: /usr/bin/c++ - skipped
[0.364s] -- Detecting CXX compile features
[0.364s] -- Detecting CXX compile features - done
[0.365s] -- Found ament_cmake: 1.3.12 (/opt/ros/humble/share/ament_cmake/cmake)
[0.484s] -- Found Python3: /usr/bin/python3 (found version "3.10.12") found components: Interpreter 
[0.546s] -- Found rosidl_default_generators: 1.2.0 (/opt/ros/humble/share/rosidl_default_generators/cmake)
[0.548s] -- Using all available rosidl_typesupport_c: rosidl_typesupport_fastrtps_c;rosidl_typesupport_introspection_c
[0.553s] -- Found rosidl_adapter: 3.1.7 (/opt/ros/humble/share/rosidl_adapter/cmake)
[0.581s] -- Using all available rosidl_typesupport_cpp: rosidl_typesupport_fastrtps_cpp;rosidl_typesupport_introspection_cpp
[0.605s] -- Found std_msgs: 4.9.0 (/opt/ros/humble/share/std_msgs/cmake)
[0.868s] -- Found ament_cmake_ros: 0.10.0 (/opt/ros/humble/share/ament_cmake_ros/cmake)
[1.031s] -- Using all available rosidl_typesupport_c: rosidl_typesupport_fastrtps_c;rosidl_typesupport_introspection_c
[1.280s] -- Using all available rosidl_typesupport_cpp: rosidl_typesupport_fastrtps_cpp;rosidl_typesupport_introspection_cpp
[1.310s] -- Found PythonInterp: /usr/bin/python3 (found suitable version "3.10.12", minimum required is "3.6") 
[1.311s] -- Found python_cmake_module: 0.10.0 (/opt/ros/humble/share/python_cmake_module/cmake)
[1.337s] -- Found PythonLibs: /usr/lib/x86_64-linux-gnu/libpython3.10.so (found suitable version "3.10.12", minimum required is "3.5") 
[1.338s] -- Using PYTHON_EXECUTABLE: /usr/bin/python3
[1.338s] -- Using PYTHON_INCLUDE_DIRS: /usr/include/python3.10
[1.338s] -- Using PYTHON_LIBRARIES: /usr/lib/x86_64-linux-gnu/libpython3.10.so
[1.355s] -- Found PythonExtra: .so  
[1.395s] -- Found ament_lint_auto: 0.12.14 (/opt/ros/humble/share/ament_lint_auto/cmake)
[1.413s] -- Added test 'copyright' to check source files copyright and LICENSE
[1.414s] -- Added test 'lint_cmake' to check CMake code style
[1.415s] -- Added test 'xmllint' to check XML markup files
[1.416s] -- Configuring done
[1.443s] -- Generating done
[1.450s] -- Build files have been written to: /home/nvidia/5.1-ros2_ws/build/yhs_can_interfaces
[1.455s] Invoked command in '/home/nvidia/5.1-ros2_ws/build/yhs_can_interfaces' returned '0': CMAKE_PREFIX_PATH=/opt/ros/humble /usr/bin/cmake /home/nvidia/5.1-ros2_ws/src/MK-mini-ros2/yhs_can_interfaces -DCMAKE_INSTALL_PREFIX=/home/nvidia/5.1-ros2_ws/install/yhs_can_interfaces
[1.456s] Invoking command in '/home/nvidia/5.1-ros2_ws/build/yhs_can_interfaces': CMAKE_PREFIX_PATH=/opt/ros/humble /usr/bin/cmake --build /home/nvidia/5.1-ros2_ws/build/yhs_can_interfaces -- -j20 -l20
[1.503s] [  1%] [34m[1mGenerating C code for ROS interfaces[0m
[1.513s] [  1%] [34m[1mGenerating C++ code for ROS interfaces[0m
[1.523s] [  1%] Built target ament_cmake_python_copy_yhs_can_interfaces
[1.663s] running egg_info
[1.663s] creating yhs_can_interfaces.egg-info
[1.663s] writing yhs_can_interfaces.egg-info/PKG-INFO
[1.663s] writing dependency_links to yhs_can_interfaces.egg-info/dependency_links.txt
[1.663s] writing top-level names to yhs_can_interfaces.egg-info/top_level.txt
[1.663s] writing manifest file 'yhs_can_interfaces.egg-info/SOURCES.txt'
[1.664s] reading manifest file 'yhs_can_interfaces.egg-info/SOURCES.txt'
[1.665s] writing manifest file 'yhs_can_interfaces.egg-info/SOURCES.txt'
[1.682s] [  1%] Built target ament_cmake_python_build_yhs_can_interfaces_egg
[1.983s] [  2%] [32mBuilding C object CMakeFiles/yhs_can_interfaces__rosidl_generator_c.dir/rosidl_generator_c/yhs_can_interfaces/msg/detail/bms_flag_info_fb__functions.c.o[0m
[1.983s] [  2%] Built target yhs_can_interfaces__cpp
[1.983s] [  4%] [32mBuilding C object CMakeFiles/yhs_can_interfaces__rosidl_generator_c.dir/rosidl_generator_c/yhs_can_interfaces/msg/detail/chassis_info_fb__functions.c.o[0m
[1.983s] [  4%] [32mBuilding C object CMakeFiles/yhs_can_interfaces__rosidl_generator_c.dir/rosidl_generator_c/yhs_can_interfaces/msg/detail/ctrl_cmd__functions.c.o[0m
[1.984s] [  5%] [32mBuilding C object CMakeFiles/yhs_can_interfaces__rosidl_generator_c.dir/rosidl_generator_c/yhs_can_interfaces/msg/detail/ctrl_fb__functions.c.o[0m
[1.984s] [  5%] [32mBuilding C object CMakeFiles/yhs_can_interfaces__rosidl_generator_c.dir/rosidl_generator_c/yhs_can_interfaces/msg/detail/io_fb__functions.c.o[0m
[1.984s] [  6%] [32mBuilding C object CMakeFiles/yhs_can_interfaces__rosidl_generator_c.dir/rosidl_generator_c/yhs_can_interfaces/msg/detail/lr_wheel_fb__functions.c.o[0m
[1.985s] [  7%] [32mBuilding C object CMakeFiles/yhs_can_interfaces__rosidl_generator_c.dir/rosidl_generator_c/yhs_can_interfaces/msg/detail/bms_info_fb__functions.c.o[0m
[1.985s] [  8%] [32mBuilding C object CMakeFiles/yhs_can_interfaces__rosidl_generator_c.dir/rosidl_generator_c/yhs_can_interfaces/msg/detail/drive_mcu_ecode_fb__functions.c.o[0m
[1.985s] [  9%] [32mBuilding C object CMakeFiles/yhs_can_interfaces__rosidl_generator_c.dir/rosidl_generator_c/yhs_can_interfaces/msg/detail/veh_diag_fb__functions.c.o[0m
[1.986s] [ 10%] [32mBuilding C object CMakeFiles/yhs_can_interfaces__rosidl_generator_c.dir/rosidl_generator_c/yhs_can_interfaces/msg/detail/rr_wheel_fb__functions.c.o[0m
[1.986s] [ 11%] [32mBuilding C object CMakeFiles/yhs_can_interfaces__rosidl_generator_c.dir/rosidl_generator_c/yhs_can_interfaces/msg/detail/io_cmd__functions.c.o[0m
[1.990s] [ 11%] [34m[1mGenerating C++ type support for eProsima Fast-RTPS[0m
[1.991s] [ 12%] [34m[1mGenerating C++ introspection for ROS interfaces[0m
[1.991s] [ 13%] [34m[1mGenerating C++ type support dispatch for ROS interfaces[0m
[2.025s] [ 14%] [32m[1mLinking C shared library libyhs_can_interfaces__rosidl_generator_c.so[0m
[2.054s] [ 14%] Built target yhs_can_interfaces__rosidl_generator_c
[2.060s] [ 15%] [34m[1mGenerating C type support for eProsima Fast-RTPS[0m
[2.062s] [ 16%] [34m[1mGenerating C type support dispatch for ROS interfaces[0m
[2.062s] [ 17%] [34m[1mGenerating C introspection for ROS interfaces[0m
[2.288s] [ 17%] [32mBuilding CXX object CMakeFiles/yhs_can_interfaces__rosidl_typesupport_cpp.dir/rosidl_typesupport_cpp/yhs_can_interfaces/msg/io_fb__type_support.cpp.o[0m
[2.289s] [ 23%] [32mBuilding CXX object CMakeFiles/yhs_can_interfaces__rosidl_typesupport_cpp.dir/rosidl_typesupport_cpp/yhs_can_interfaces/msg/ctrl_cmd__type_support.cpp.o[0m
[2.289s] [ 23%] [32mBuilding CXX object CMakeFiles/yhs_can_interfaces__rosidl_typesupport_cpp.dir/rosidl_typesupport_cpp/yhs_can_interfaces/msg/ctrl_fb__type_support.cpp.o[0m
[2.289s] [ 23%] [32mBuilding CXX object CMakeFiles/yhs_can_interfaces__rosidl_typesupport_cpp.dir/rosidl_typesupport_cpp/yhs_can_interfaces/msg/bms_flag_info_fb__type_support.cpp.o[0m
[2.289s] [ 23%] [32mBuilding CXX object CMakeFiles/yhs_can_interfaces__rosidl_typesupport_cpp.dir/rosidl_typesupport_cpp/yhs_can_interfaces/msg/chassis_info_fb__type_support.cpp.o[0m
[2.289s] [ 23%] [32mBuilding CXX object CMakeFiles/yhs_can_interfaces__rosidl_typesupport_cpp.dir/rosidl_typesupport_cpp/yhs_can_interfaces/msg/bms_info_fb__type_support.cpp.o[0m
[2.289s] [ 23%] [32mBuilding CXX object CMakeFiles/yhs_can_interfaces__rosidl_typesupport_cpp.dir/rosidl_typesupport_cpp/yhs_can_interfaces/msg/io_cmd__type_support.cpp.o[0m
[2.289s] [ 24%] [32mBuilding CXX object CMakeFiles/yhs_can_interfaces__rosidl_typesupport_cpp.dir/rosidl_typesupport_cpp/yhs_can_interfaces/msg/drive_mcu_ecode_fb__type_support.cpp.o[0m
[2.289s] [ 25%] [32mBuilding CXX object CMakeFiles/yhs_can_interfaces__rosidl_typesupport_cpp.dir/rosidl_typesupport_cpp/yhs_can_interfaces/msg/veh_diag_fb__type_support.cpp.o[0m
[2.290s] [ 26%] [32mBuilding CXX object CMakeFiles/yhs_can_interfaces__rosidl_typesupport_cpp.dir/rosidl_typesupport_cpp/yhs_can_interfaces/msg/lr_wheel_fb__type_support.cpp.o[0m
[2.290s] [ 27%] [32mBuilding CXX object CMakeFiles/yhs_can_interfaces__rosidl_typesupport_cpp.dir/rosidl_typesupport_cpp/yhs_can_interfaces/msg/rr_wheel_fb__type_support.cpp.o[0m
[2.365s] [ 28%] [32mBuilding CXX object CMakeFiles/yhs_can_interfaces__rosidl_typesupport_introspection_cpp.dir/rosidl_typesupport_introspection_cpp/yhs_can_interfaces/msg/detail/bms_flag_info_fb__type_support.cpp.o[0m
[2.367s] [ 28%] [32mBuilding CXX object CMakeFiles/yhs_can_interfaces__rosidl_typesupport_introspection_cpp.dir/rosidl_typesupport_introspection_cpp/yhs_can_interfaces/msg/detail/bms_info_fb__type_support.cpp.o[0m
[2.367s] [ 30%] [32mBuilding CXX object CMakeFiles/yhs_can_interfaces__rosidl_typesupport_introspection_cpp.dir/rosidl_typesupport_introspection_cpp/yhs_can_interfaces/msg/detail/chassis_info_fb__type_support.cpp.o[0m
[2.367s] [ 30%] [32mBuilding CXX object CMakeFiles/yhs_can_interfaces__rosidl_typesupport_introspection_cpp.dir/rosidl_typesupport_introspection_cpp/yhs_can_interfaces/msg/detail/ctrl_cmd__type_support.cpp.o[0m
[2.368s] [ 31%] [32mBuilding CXX object CMakeFiles/yhs_can_interfaces__rosidl_typesupport_introspection_cpp.dir/rosidl_typesupport_introspection_cpp/yhs_can_interfaces/msg/detail/ctrl_fb__type_support.cpp.o[0m
[2.383s] [ 32%] [32mBuilding CXX object CMakeFiles/yhs_can_interfaces__rosidl_typesupport_c.dir/rosidl_typesupport_c/yhs_can_interfaces/msg/bms_flag_info_fb__type_support.cpp.o[0m
[2.413s] [ 33%] [32mBuilding CXX object CMakeFiles/yhs_can_interfaces__rosidl_typesupport_c.dir/rosidl_typesupport_c/yhs_can_interfaces/msg/bms_info_fb__type_support.cpp.o[0m
[2.442s] [ 33%] [32mBuilding CXX object CMakeFiles/yhs_can_interfaces__rosidl_typesupport_c.dir/rosidl_typesupport_c/yhs_can_interfaces/msg/chassis_info_fb__type_support.cpp.o[0m
[2.474s] [ 34%] [32mBuilding CXX object CMakeFiles/yhs_can_interfaces__rosidl_typesupport_c.dir/rosidl_typesupport_c/yhs_can_interfaces/msg/ctrl_cmd__type_support.cpp.o[0m
[2.503s] [ 35%] [32mBuilding CXX object CMakeFiles/yhs_can_interfaces__rosidl_typesupport_c.dir/rosidl_typesupport_c/yhs_can_interfaces/msg/ctrl_fb__type_support.cpp.o[0m
[2.537s] [ 36%] [32mBuilding CXX object CMakeFiles/yhs_can_interfaces__rosidl_typesupport_c.dir/rosidl_typesupport_c/yhs_can_interfaces/msg/drive_mcu_ecode_fb__type_support.cpp.o[0m
[2.537s] [ 37%] [32mBuilding CXX object CMakeFiles/yhs_can_interfaces__rosidl_typesupport_c.dir/rosidl_typesupport_c/yhs_can_interfaces/msg/io_cmd__type_support.cpp.o[0m
[2.541s] [ 38%] [32mBuilding CXX object CMakeFiles/yhs_can_interfaces__rosidl_typesupport_c.dir/rosidl_typesupport_c/yhs_can_interfaces/msg/io_fb__type_support.cpp.o[0m
[2.541s] [ 39%] [32mBuilding CXX object CMakeFiles/yhs_can_interfaces__rosidl_typesupport_c.dir/rosidl_typesupport_c/yhs_can_interfaces/msg/lr_wheel_fb__type_support.cpp.o[0m
[2.549s] [ 40%] [32mBuilding CXX object CMakeFiles/yhs_can_interfaces__rosidl_typesupport_introspection_cpp.dir/rosidl_typesupport_introspection_cpp/yhs_can_interfaces/msg/detail/drive_mcu_ecode_fb__type_support.cpp.o[0m
[2.549s] [ 41%] [32mBuilding CXX object CMakeFiles/yhs_can_interfaces__rosidl_typesupport_introspection_cpp.dir/rosidl_typesupport_introspection_cpp/yhs_can_interfaces/msg/detail/io_cmd__type_support.cpp.o[0m
[2.554s] [ 42%] [32mBuilding CXX object CMakeFiles/yhs_can_interfaces__rosidl_typesupport_c.dir/rosidl_typesupport_c/yhs_can_interfaces/msg/rr_wheel_fb__type_support.cpp.o[0m
[2.562s] [ 43%] [32mBuilding CXX object CMakeFiles/yhs_can_interfaces__rosidl_typesupport_introspection_cpp.dir/rosidl_typesupport_introspection_cpp/yhs_can_interfaces/msg/detail/io_fb__type_support.cpp.o[0m
[2.566s] [ 44%] [32mBuilding CXX object CMakeFiles/yhs_can_interfaces__rosidl_typesupport_c.dir/rosidl_typesupport_c/yhs_can_interfaces/msg/veh_diag_fb__type_support.cpp.o[0m
[2.566s] [ 45%] [32mBuilding CXX object CMakeFiles/yhs_can_interfaces__rosidl_typesupport_introspection_cpp.dir/rosidl_typesupport_introspection_cpp/yhs_can_interfaces/msg/detail/lr_wheel_fb__type_support.cpp.o[0m
[2.567s] [ 46%] [32mBuilding CXX object CMakeFiles/yhs_can_interfaces__rosidl_typesupport_introspection_cpp.dir/rosidl_typesupport_introspection_cpp/yhs_can_interfaces/msg/detail/rr_wheel_fb__type_support.cpp.o[0m
[2.568s] [ 47%] [32m[1mLinking CXX shared library libyhs_can_interfaces__rosidl_typesupport_cpp.so[0m
[2.571s] [ 48%] [32mBuilding CXX object CMakeFiles/yhs_can_interfaces__rosidl_typesupport_introspection_cpp.dir/rosidl_typesupport_introspection_cpp/yhs_can_interfaces/msg/detail/veh_diag_fb__type_support.cpp.o[0m
[2.591s] [ 49%] [32m[1mLinking CXX shared library libyhs_can_interfaces__rosidl_typesupport_c.so[0m
[2.594s] [ 50%] [32mBuilding CXX object CMakeFiles/yhs_can_interfaces__rosidl_typesupport_fastrtps_cpp.dir/rosidl_typesupport_fastrtps_cpp/yhs_can_interfaces/msg/detail/dds_fastrtps/bms_flag_info_fb__type_support.cpp.o[0m
[2.594s] [ 51%] [32mBuilding CXX object CMakeFiles/yhs_can_interfaces__rosidl_typesupport_fastrtps_cpp.dir/rosidl_typesupport_fastrtps_cpp/yhs_can_interfaces/msg/detail/dds_fastrtps/bms_info_fb__type_support.cpp.o[0m
[2.601s] [ 52%] [32mBuilding CXX object CMakeFiles/yhs_can_interfaces__rosidl_typesupport_fastrtps_cpp.dir/rosidl_typesupport_fastrtps_cpp/yhs_can_interfaces/msg/detail/dds_fastrtps/chassis_info_fb__type_support.cpp.o[0m
[2.608s] [ 53%] [32mBuilding CXX object CMakeFiles/yhs_can_interfaces__rosidl_typesupport_fastrtps_cpp.dir/rosidl_typesupport_fastrtps_cpp/yhs_can_interfaces/msg/detail/dds_fastrtps/ctrl_cmd__type_support.cpp.o[0m
[2.620s] [ 54%] [32mBuilding CXX object CMakeFiles/yhs_can_interfaces__rosidl_typesupport_fastrtps_cpp.dir/rosidl_typesupport_fastrtps_cpp/yhs_can_interfaces/msg/detail/dds_fastrtps/ctrl_fb__type_support.cpp.o[0m
[2.620s] [ 54%] Built target yhs_can_interfaces__rosidl_typesupport_cpp
[2.620s] [ 55%] [32mBuilding C object CMakeFiles/yhs_can_interfaces__rosidl_typesupport_introspection_c.dir/rosidl_typesupport_introspection_c/yhs_can_interfaces/msg/detail/bms_flag_info_fb__type_support.c.o[0m
[2.626s] [ 56%] [32mBuilding CXX object CMakeFiles/yhs_can_interfaces__rosidl_typesupport_fastrtps_cpp.dir/rosidl_typesupport_fastrtps_cpp/yhs_can_interfaces/msg/detail/dds_fastrtps/drive_mcu_ecode_fb__type_support.cpp.o[0m
[2.633s] [ 57%] [32mBuilding CXX object CMakeFiles/yhs_can_interfaces__rosidl_typesupport_fastrtps_c.dir/rosidl_typesupport_fastrtps_c/yhs_can_interfaces/msg/detail/bms_flag_info_fb__type_support_c.cpp.o[0m
[2.640s] [ 57%] Built target yhs_can_interfaces__rosidl_typesupport_c
[2.647s] [ 58%] [32mBuilding CXX object CMakeFiles/yhs_can_interfaces__rosidl_typesupport_fastrtps_c.dir/rosidl_typesupport_fastrtps_c/yhs_can_interfaces/msg/detail/bms_info_fb__type_support_c.cpp.o[0m
[2.655s] [ 59%] [32mBuilding C object CMakeFiles/yhs_can_interfaces__rosidl_typesupport_introspection_c.dir/rosidl_typesupport_introspection_c/yhs_can_interfaces/msg/detail/bms_info_fb__type_support.c.o[0m
[2.689s] [ 60%] [32mBuilding C object CMakeFiles/yhs_can_interfaces__rosidl_typesupport_introspection_c.dir/rosidl_typesupport_introspection_c/yhs_can_interfaces/msg/detail/chassis_info_fb__type_support.c.o[0m
[2.735s] [ 61%] [32mBuilding C object CMakeFiles/yhs_can_interfaces__rosidl_typesupport_introspection_c.dir/rosidl_typesupport_introspection_c/yhs_can_interfaces/msg/detail/ctrl_cmd__type_support.c.o[0m
[2.743s] [ 62%] [32mBuilding C object CMakeFiles/yhs_can_interfaces__rosidl_typesupport_introspection_c.dir/rosidl_typesupport_introspection_c/yhs_can_interfaces/msg/detail/ctrl_fb__type_support.c.o[0m
[2.744s] [ 63%] [32mBuilding CXX object CMakeFiles/yhs_can_interfaces__rosidl_typesupport_fastrtps_c.dir/rosidl_typesupport_fastrtps_c/yhs_can_interfaces/msg/detail/chassis_info_fb__type_support_c.cpp.o[0m
[2.773s] [ 64%] [32mBuilding CXX object CMakeFiles/yhs_can_interfaces__rosidl_typesupport_fastrtps_cpp.dir/rosidl_typesupport_fastrtps_cpp/yhs_can_interfaces/msg/detail/dds_fastrtps/io_cmd__type_support.cpp.o[0m
[2.773s] [ 65%] [32mBuilding CXX object CMakeFiles/yhs_can_interfaces__rosidl_typesupport_fastrtps_cpp.dir/rosidl_typesupport_fastrtps_cpp/yhs_can_interfaces/msg/detail/dds_fastrtps/io_fb__type_support.cpp.o[0m
[2.780s] [ 66%] [32mBuilding CXX object CMakeFiles/yhs_can_interfaces__rosidl_typesupport_fastrtps_c.dir/rosidl_typesupport_fastrtps_c/yhs_can_interfaces/msg/detail/ctrl_cmd__type_support_c.cpp.o[0m
[2.781s] [ 67%] [32mBuilding C object CMakeFiles/yhs_can_interfaces__rosidl_typesupport_introspection_c.dir/rosidl_typesupport_introspection_c/yhs_can_interfaces/msg/detail/drive_mcu_ecode_fb__type_support.c.o[0m
[2.811s] [ 67%] [32mBuilding C object CMakeFiles/yhs_can_interfaces__rosidl_typesupport_introspection_c.dir/rosidl_typesupport_introspection_c/yhs_can_interfaces/msg/detail/io_cmd__type_support.c.o[0m
[2.818s] [ 68%] [32mBuilding CXX object CMakeFiles/yhs_can_interfaces__rosidl_typesupport_fastrtps_cpp.dir/rosidl_typesupport_fastrtps_cpp/yhs_can_interfaces/msg/detail/dds_fastrtps/lr_wheel_fb__type_support.cpp.o[0m
[2.849s] [ 69%] [32mBuilding C object CMakeFiles/yhs_can_interfaces__rosidl_typesupport_introspection_c.dir/rosidl_typesupport_introspection_c/yhs_can_interfaces/msg/detail/io_fb__type_support.c.o[0m
[2.881s] [ 70%] [32mBuilding C object CMakeFiles/yhs_can_interfaces__rosidl_typesupport_introspection_c.dir/rosidl_typesupport_introspection_c/yhs_can_interfaces/msg/detail/lr_wheel_fb__type_support.c.o[0m
[2.914s] [ 71%] [32mBuilding C object CMakeFiles/yhs_can_interfaces__rosidl_typesupport_introspection_c.dir/rosidl_typesupport_introspection_c/yhs_can_interfaces/msg/detail/rr_wheel_fb__type_support.c.o[0m
[2.914s] [ 72%] [32mBuilding CXX object CMakeFiles/yhs_can_interfaces__rosidl_typesupport_fastrtps_cpp.dir/rosidl_typesupport_fastrtps_cpp/yhs_can_interfaces/msg/detail/dds_fastrtps/veh_diag_fb__type_support.cpp.o[0m
[2.923s] [ 72%] [32mBuilding CXX object CMakeFiles/yhs_can_interfaces__rosidl_typesupport_fastrtps_cpp.dir/rosidl_typesupport_fastrtps_cpp/yhs_can_interfaces/msg/detail/dds_fastrtps/rr_wheel_fb__type_support.cpp.o[0m
[2.931s] [ 72%] [32mBuilding CXX object CMakeFiles/yhs_can_interfaces__rosidl_typesupport_fastrtps_c.dir/rosidl_typesupport_fastrtps_c/yhs_can_interfaces/msg/detail/ctrl_fb__type_support_c.cpp.o[0m
[2.937s] [ 73%] [32mBuilding C object CMakeFiles/yhs_can_interfaces__rosidl_typesupport_introspection_c.dir/rosidl_typesupport_introspection_c/yhs_can_interfaces/msg/detail/veh_diag_fb__type_support.c.o[0m
[2.941s] [ 74%] [32mBuilding CXX object CMakeFiles/yhs_can_interfaces__rosidl_typesupport_fastrtps_c.dir/rosidl_typesupport_fastrtps_c/yhs_can_interfaces/msg/detail/drive_mcu_ecode_fb__type_support_c.cpp.o[0m
[2.955s] [ 75%] [32mBuilding CXX object CMakeFiles/yhs_can_interfaces__rosidl_typesupport_fastrtps_c.dir/rosidl_typesupport_fastrtps_c/yhs_can_interfaces/msg/detail/io_cmd__type_support_c.cpp.o[0m
[2.960s] [ 76%] [32mBuilding CXX object CMakeFiles/yhs_can_interfaces__rosidl_typesupport_fastrtps_c.dir/rosidl_typesupport_fastrtps_c/yhs_can_interfaces/msg/detail/io_fb__type_support_c.cpp.o[0m
[2.968s] [ 77%] [32mBuilding CXX object CMakeFiles/yhs_can_interfaces__rosidl_typesupport_fastrtps_c.dir/rosidl_typesupport_fastrtps_c/yhs_can_interfaces/msg/detail/lr_wheel_fb__type_support_c.cpp.o[0m
[2.978s] [ 78%] [32m[1mLinking C shared library libyhs_can_interfaces__rosidl_typesupport_introspection_c.so[0m
[2.981s] [ 79%] [32m[1mLinking CXX shared library libyhs_can_interfaces__rosidl_typesupport_introspection_cpp.so[0m
[2.999s] [ 80%] [32mBuilding CXX object CMakeFiles/yhs_can_interfaces__rosidl_typesupport_fastrtps_c.dir/rosidl_typesupport_fastrtps_c/yhs_can_interfaces/msg/detail/veh_diag_fb__type_support_c.cpp.o[0m
[3.000s] [ 81%] [32mBuilding CXX object CMakeFiles/yhs_can_interfaces__rosidl_typesupport_fastrtps_c.dir/rosidl_typesupport_fastrtps_c/yhs_can_interfaces/msg/detail/rr_wheel_fb__type_support_c.cpp.o[0m
[3.010s] [ 81%] Built target yhs_can_interfaces__rosidl_typesupport_introspection_c
[3.037s] [ 81%] Built target yhs_can_interfaces__rosidl_typesupport_introspection_cpp
[3.222s] [ 82%] [32m[1mLinking CXX shared library libyhs_can_interfaces__rosidl_typesupport_fastrtps_cpp.so[0m
[3.252s] [ 83%] [32m[1mLinking CXX shared library libyhs_can_interfaces__rosidl_typesupport_fastrtps_c.so[0m
[3.271s] [ 83%] Built target yhs_can_interfaces__rosidl_typesupport_fastrtps_cpp
[3.306s] [ 83%] Built target yhs_can_interfaces__rosidl_typesupport_fastrtps_c
[3.336s] [ 83%] Built target yhs_can_interfaces
[3.371s] [ 84%] [34m[1mGenerating Python code for ROS interfaces[0m
[4.114s] [ 84%] Built target yhs_can_interfaces__py
[4.135s] [ 85%] [32mBuilding C object CMakeFiles/yhs_can_interfaces__rosidl_generator_py.dir/rosidl_generator_py/yhs_can_interfaces/msg/_bms_info_fb_s.c.o[0m
[4.136s] [ 86%] [32mBuilding C object CMakeFiles/yhs_can_interfaces__rosidl_generator_py.dir/rosidl_generator_py/yhs_can_interfaces/msg/_chassis_info_fb_s.c.o[0m
[4.136s] [ 87%] [32mBuilding C object CMakeFiles/yhs_can_interfaces__rosidl_generator_py.dir/rosidl_generator_py/yhs_can_interfaces/msg/_ctrl_cmd_s.c.o[0m
[4.137s] [ 88%] [32mBuilding C object CMakeFiles/yhs_can_interfaces__rosidl_generator_py.dir/rosidl_generator_py/yhs_can_interfaces/msg/_io_fb_s.c.o[0m
[4.137s] [ 89%] [32mBuilding C object CMakeFiles/yhs_can_interfaces__rosidl_generator_py.dir/rosidl_generator_py/yhs_can_interfaces/msg/_io_cmd_s.c.o[0m
[4.137s] [ 90%] [32mBuilding C object CMakeFiles/yhs_can_interfaces__rosidl_generator_py.dir/rosidl_generator_py/yhs_can_interfaces/msg/_ctrl_fb_s.c.o[0m
[4.138s] [ 91%] [32mBuilding C object CMakeFiles/yhs_can_interfaces__rosidl_generator_py.dir/rosidl_generator_py/yhs_can_interfaces/msg/_lr_wheel_fb_s.c.o[0m
[4.140s] [ 91%] [32mBuilding C object CMakeFiles/yhs_can_interfaces__rosidl_generator_py.dir/rosidl_generator_py/yhs_can_interfaces/msg/_drive_mcu_ecode_fb_s.c.o[0m
[4.141s] [ 92%] [32mBuilding C object CMakeFiles/yhs_can_interfaces__rosidl_generator_py.dir/rosidl_generator_py/yhs_can_interfaces/msg/_bms_flag_info_fb_s.c.o[0m
[4.141s] [ 93%] [32mBuilding C object CMakeFiles/yhs_can_interfaces__rosidl_generator_py.dir/rosidl_generator_py/yhs_can_interfaces/msg/_veh_diag_fb_s.c.o[0m
[4.143s] [ 94%] [32mBuilding C object CMakeFiles/yhs_can_interfaces__rosidl_generator_py.dir/rosidl_generator_py/yhs_can_interfaces/msg/_rr_wheel_fb_s.c.o[0m
[4.244s] [ 95%] [32m[1mLinking C shared library rosidl_generator_py/yhs_can_interfaces/libyhs_can_interfaces__rosidl_generator_py.so[0m
[4.279s] [ 95%] Built target yhs_can_interfaces__rosidl_generator_py
[4.304s] [ 95%] [32mBuilding C object CMakeFiles/yhs_can_interfaces__rosidl_typesupport_c__pyext.dir/rosidl_generator_py/yhs_can_interfaces/_yhs_can_interfaces_s.ep.rosidl_typesupport_c.c.o[0m
[4.304s] [ 96%] [32mBuilding C object CMakeFiles/yhs_can_interfaces__rosidl_typesupport_fastrtps_c__pyext.dir/rosidl_generator_py/yhs_can_interfaces/_yhs_can_interfaces_s.ep.rosidl_typesupport_fastrtps_c.c.o[0m
[4.305s] [ 97%] [32mBuilding C object CMakeFiles/yhs_can_interfaces__rosidl_typesupport_introspection_c__pyext.dir/rosidl_generator_py/yhs_can_interfaces/_yhs_can_interfaces_s.ep.rosidl_typesupport_introspection_c.c.o[0m
[4.380s] [ 98%] [32m[1mLinking C shared library rosidl_generator_py/yhs_can_interfaces/yhs_can_interfaces_s__rosidl_typesupport_c.cpython-310-x86_64-linux-gnu.so[0m
[4.381s] [ 99%] [32m[1mLinking C shared library rosidl_generator_py/yhs_can_interfaces/yhs_can_interfaces_s__rosidl_typesupport_fastrtps_c.cpython-310-x86_64-linux-gnu.so[0m
[4.384s] [100%] [32m[1mLinking C shared library rosidl_generator_py/yhs_can_interfaces/yhs_can_interfaces_s__rosidl_typesupport_introspection_c.cpython-310-x86_64-linux-gnu.so[0m
[4.403s] [100%] Built target yhs_can_interfaces__rosidl_typesupport_c__pyext
[4.408s] [100%] Built target yhs_can_interfaces__rosidl_typesupport_fastrtps_c__pyext
[4.413s] [100%] Built target yhs_can_interfaces__rosidl_typesupport_introspection_c__pyext
[4.430s] Invoked command in '/home/nvidia/5.1-ros2_ws/build/yhs_can_interfaces' returned '0': CMAKE_PREFIX_PATH=/opt/ros/humble /usr/bin/cmake --build /home/nvidia/5.1-ros2_ws/build/yhs_can_interfaces -- -j20 -l20
[4.443s] Invoking command in '/home/nvidia/5.1-ros2_ws/build/yhs_can_interfaces': CMAKE_PREFIX_PATH=/opt/ros/humble /usr/bin/cmake --install /home/nvidia/5.1-ros2_ws/build/yhs_can_interfaces
[4.457s] -- Install configuration: ""
[4.457s] -- Installing: /home/nvidia/5.1-ros2_ws/install/yhs_can_interfaces/share/ament_index/resource_index/rosidl_interfaces/yhs_can_interfaces
[4.457s] -- Installing: /home/nvidia/5.1-ros2_ws/install/yhs_can_interfaces/include/yhs_can_interfaces/yhs_can_interfaces
[4.457s] -- Installing: /home/nvidia/5.1-ros2_ws/install/yhs_can_interfaces/include/yhs_can_interfaces/yhs_can_interfaces/msg
[4.457s] -- Installing: /home/nvidia/5.1-ros2_ws/install/yhs_can_interfaces/include/yhs_can_interfaces/yhs_can_interfaces/msg/rosidl_generator_c__visibility_control.h
[4.458s] -- Installing: /home/nvidia/5.1-ros2_ws/install/yhs_can_interfaces/include/yhs_can_interfaces/yhs_can_interfaces/msg/io_fb.h
[4.458s] -- Installing: /home/nvidia/5.1-ros2_ws/install/yhs_can_interfaces/include/yhs_can_interfaces/yhs_can_interfaces/msg/detail
[4.458s] -- Installing: /home/nvidia/5.1-ros2_ws/install/yhs_can_interfaces/include/yhs_can_interfaces/yhs_can_interfaces/msg/detail/bms_flag_info_fb__functions.h
[4.458s] -- Installing: /home/nvidia/5.1-ros2_ws/install/yhs_can_interfaces/include/yhs_can_interfaces/yhs_can_interfaces/msg/detail/io_cmd__functions.c
[4.458s] -- Installing: /home/nvidia/5.1-ros2_ws/install/yhs_can_interfaces/include/yhs_can_interfaces/yhs_can_interfaces/msg/detail/bms_info_fb__functions.c
[4.458s] -- Installing: /home/nvidia/5.1-ros2_ws/install/yhs_can_interfaces/include/yhs_can_interfaces/yhs_can_interfaces/msg/detail/io_fb__struct.h
[4.458s] -- Installing: /home/nvidia/5.1-ros2_ws/install/yhs_can_interfaces/include/yhs_can_interfaces/yhs_can_interfaces/msg/detail/lr_wheel_fb__functions.h
[4.458s] -- Installing: /home/nvidia/5.1-ros2_ws/install/yhs_can_interfaces/include/yhs_can_interfaces/yhs_can_interfaces/msg/detail/chassis_info_fb__functions.c
[4.459s] -- Installing: /home/nvidia/5.1-ros2_ws/install/yhs_can_interfaces/include/yhs_can_interfaces/yhs_can_interfaces/msg/detail/bms_flag_info_fb__struct.h
[4.459s] -- Installing: /home/nvidia/5.1-ros2_ws/install/yhs_can_interfaces/include/yhs_can_interfaces/yhs_can_interfaces/msg/detail/io_fb__functions.c
[4.459s] -- Installing: /home/nvidia/5.1-ros2_ws/install/yhs_can_interfaces/include/yhs_can_interfaces/yhs_can_interfaces/msg/detail/bms_flag_info_fb__functions.c
[4.459s] -- Installing: /home/nvidia/5.1-ros2_ws/install/yhs_can_interfaces/include/yhs_can_interfaces/yhs_can_interfaces/msg/detail/chassis_info_fb__functions.h
[4.459s] -- Installing: /home/nvidia/5.1-ros2_ws/install/yhs_can_interfaces/include/yhs_can_interfaces/yhs_can_interfaces/msg/detail/lr_wheel_fb__type_support.h
[4.459s] -- Installing: /home/nvidia/5.1-ros2_ws/install/yhs_can_interfaces/include/yhs_can_interfaces/yhs_can_interfaces/msg/detail/lr_wheel_fb__struct.h
[4.459s] -- Installing: /home/nvidia/5.1-ros2_ws/install/yhs_can_interfaces/include/yhs_can_interfaces/yhs_can_interfaces/msg/detail/io_cmd__type_support.h
[4.459s] -- Installing: /home/nvidia/5.1-ros2_ws/install/yhs_can_interfaces/include/yhs_can_interfaces/yhs_can_interfaces/msg/detail/lr_wheel_fb__functions.c
[4.459s] -- Installing: /home/nvidia/5.1-ros2_ws/install/yhs_can_interfaces/include/yhs_can_interfaces/yhs_can_interfaces/msg/detail/bms_info_fb__type_support.h
[4.460s] -- Installing: /home/nvidia/5.1-ros2_ws/install/yhs_can_interfaces/include/yhs_can_interfaces/yhs_can_interfaces/msg/detail/drive_mcu_ecode_fb__functions.c
[4.460s] -- Installing: /home/nvidia/5.1-ros2_ws/install/yhs_can_interfaces/include/yhs_can_interfaces/yhs_can_interfaces/msg/detail/drive_mcu_ecode_fb__functions.h
[4.460s] -- Installing: /home/nvidia/5.1-ros2_ws/install/yhs_can_interfaces/include/yhs_can_interfaces/yhs_can_interfaces/msg/detail/veh_diag_fb__functions.c
[4.460s] -- Installing: /home/nvidia/5.1-ros2_ws/install/yhs_can_interfaces/include/yhs_can_interfaces/yhs_can_interfaces/msg/detail/rr_wheel_fb__type_support.h
[4.460s] -- Installing: /home/nvidia/5.1-ros2_ws/install/yhs_can_interfaces/include/yhs_can_interfaces/yhs_can_interfaces/msg/detail/ctrl_fb__type_support.h
[4.460s] -- Installing: /home/nvidia/5.1-ros2_ws/install/yhs_can_interfaces/include/yhs_can_interfaces/yhs_can_interfaces/msg/detail/chassis_info_fb__struct.h
[4.460s] -- Installing: /home/nvidia/5.1-ros2_ws/install/yhs_can_interfaces/include/yhs_can_interfaces/yhs_can_interfaces/msg/detail/rr_wheel_fb__functions.c
[4.460s] -- Installing: /home/nvidia/5.1-ros2_ws/install/yhs_can_interfaces/include/yhs_can_interfaces/yhs_can_interfaces/msg/detail/ctrl_fb__struct.h
[4.460s] -- Installing: /home/nvidia/5.1-ros2_ws/install/yhs_can_interfaces/include/yhs_can_interfaces/yhs_can_interfaces/msg/detail/bms_info_fb__functions.h
[4.461s] -- Installing: /home/nvidia/5.1-ros2_ws/install/yhs_can_interfaces/include/yhs_can_interfaces/yhs_can_interfaces/msg/detail/veh_diag_fb__struct.h
[4.461s] -- Installing: /home/nvidia/5.1-ros2_ws/install/yhs_can_interfaces/include/yhs_can_interfaces/yhs_can_interfaces/msg/detail/rr_wheel_fb__struct.h
[4.461s] -- Installing: /home/nvidia/5.1-ros2_ws/install/yhs_can_interfaces/include/yhs_can_interfaces/yhs_can_interfaces/msg/detail/chassis_info_fb__type_support.h
[4.461s] -- Installing: /home/nvidia/5.1-ros2_ws/install/yhs_can_interfaces/include/yhs_can_interfaces/yhs_can_interfaces/msg/detail/rr_wheel_fb__functions.h
[4.461s] -- Installing: /home/nvidia/5.1-ros2_ws/install/yhs_can_interfaces/include/yhs_can_interfaces/yhs_can_interfaces/msg/detail/veh_diag_fb__functions.h
[4.461s] -- Installing: /home/nvidia/5.1-ros2_ws/install/yhs_can_interfaces/include/yhs_can_interfaces/yhs_can_interfaces/msg/detail/ctrl_cmd__struct.h
[4.461s] -- Installing: /home/nvidia/5.1-ros2_ws/install/yhs_can_interfaces/include/yhs_can_interfaces/yhs_can_interfaces/msg/detail/ctrl_fb__functions.h
[4.461s] -- Installing: /home/nvidia/5.1-ros2_ws/install/yhs_can_interfaces/include/yhs_can_interfaces/yhs_can_interfaces/msg/detail/bms_flag_info_fb__type_support.h
[4.461s] -- Installing: /home/nvidia/5.1-ros2_ws/install/yhs_can_interfaces/include/yhs_can_interfaces/yhs_can_interfaces/msg/detail/drive_mcu_ecode_fb__type_support.h
[4.461s] -- Installing: /home/nvidia/5.1-ros2_ws/install/yhs_can_interfaces/include/yhs_can_interfaces/yhs_can_interfaces/msg/detail/ctrl_cmd__functions.h
[4.461s] -- Installing: /home/nvidia/5.1-ros2_ws/install/yhs_can_interfaces/include/yhs_can_interfaces/yhs_can_interfaces/msg/detail/io_fb__type_support.h
[4.462s] -- Installing: /home/nvidia/5.1-ros2_ws/install/yhs_can_interfaces/include/yhs_can_interfaces/yhs_can_interfaces/msg/detail/ctrl_cmd__type_support.h
[4.462s] -- Installing: /home/nvidia/5.1-ros2_ws/install/yhs_can_interfaces/include/yhs_can_interfaces/yhs_can_interfaces/msg/detail/ctrl_cmd__functions.c
[4.462s] -- Installing: /home/nvidia/5.1-ros2_ws/install/yhs_can_interfaces/include/yhs_can_interfaces/yhs_can_interfaces/msg/detail/io_cmd__struct.h
[4.462s] -- Installing: /home/nvidia/5.1-ros2_ws/install/yhs_can_interfaces/include/yhs_can_interfaces/yhs_can_interfaces/msg/detail/io_fb__functions.h
[4.462s] -- Installing: /home/nvidia/5.1-ros2_ws/install/yhs_can_interfaces/include/yhs_can_interfaces/yhs_can_interfaces/msg/detail/bms_info_fb__struct.h
[4.462s] -- Installing: /home/nvidia/5.1-ros2_ws/install/yhs_can_interfaces/include/yhs_can_interfaces/yhs_can_interfaces/msg/detail/io_cmd__functions.h
[4.462s] -- Installing: /home/nvidia/5.1-ros2_ws/install/yhs_can_interfaces/include/yhs_can_interfaces/yhs_can_interfaces/msg/detail/veh_diag_fb__type_support.h
[4.462s] -- Installing: /home/nvidia/5.1-ros2_ws/install/yhs_can_interfaces/include/yhs_can_interfaces/yhs_can_interfaces/msg/detail/drive_mcu_ecode_fb__struct.h
[4.462s] -- Installing: /home/nvidia/5.1-ros2_ws/install/yhs_can_interfaces/include/yhs_can_interfaces/yhs_can_interfaces/msg/detail/ctrl_fb__functions.c
[4.462s] -- Installing: /home/nvidia/5.1-ros2_ws/install/yhs_can_interfaces/include/yhs_can_interfaces/yhs_can_interfaces/msg/drive_mcu_ecode_fb.h
[4.462s] -- Installing: /home/nvidia/5.1-ros2_ws/install/yhs_can_interfaces/include/yhs_can_interfaces/yhs_can_interfaces/msg/io_cmd.h
[4.462s] -- Installing: /home/nvidia/5.1-ros2_ws/install/yhs_can_interfaces/include/yhs_can_interfaces/yhs_can_interfaces/msg/bms_info_fb.h
[4.462s] -- Installing: /home/nvidia/5.1-ros2_ws/install/yhs_can_interfaces/include/yhs_can_interfaces/yhs_can_interfaces/msg/bms_flag_info_fb.h
[4.463s] -- Installing: /home/nvidia/5.1-ros2_ws/install/yhs_can_interfaces/include/yhs_can_interfaces/yhs_can_interfaces/msg/ctrl_fb.h
[4.463s] -- Installing: /home/nvidia/5.1-ros2_ws/install/yhs_can_interfaces/include/yhs_can_interfaces/yhs_can_interfaces/msg/veh_diag_fb.h
[4.463s] -- Installing: /home/nvidia/5.1-ros2_ws/install/yhs_can_interfaces/include/yhs_can_interfaces/yhs_can_interfaces/msg/rr_wheel_fb.h
[4.463s] -- Installing: /home/nvidia/5.1-ros2_ws/install/yhs_can_interfaces/include/yhs_can_interfaces/yhs_can_interfaces/msg/chassis_info_fb.h
[4.463s] -- Installing: /home/nvidia/5.1-ros2_ws/install/yhs_can_interfaces/include/yhs_can_interfaces/yhs_can_interfaces/msg/lr_wheel_fb.h
[4.463s] -- Installing: /home/nvidia/5.1-ros2_ws/install/yhs_can_interfaces/include/yhs_can_interfaces/yhs_can_interfaces/msg/ctrl_cmd.h
[4.463s] -- Installing: /home/nvidia/5.1-ros2_ws/install/yhs_can_interfaces/share/yhs_can_interfaces/environment/library_path.sh
[4.463s] -- Installing: /home/nvidia/5.1-ros2_ws/install/yhs_can_interfaces/share/yhs_can_interfaces/environment/library_path.dsv
[4.463s] -- Installing: /home/nvidia/5.1-ros2_ws/install/yhs_can_interfaces/lib/libyhs_can_interfaces__rosidl_generator_c.so
[4.464s] -- Set runtime path of "/home/nvidia/5.1-ros2_ws/install/yhs_can_interfaces/lib/libyhs_can_interfaces__rosidl_generator_c.so" to ""
[4.464s] -- Up-to-date: /home/nvidia/5.1-ros2_ws/install/yhs_can_interfaces/include/yhs_can_interfaces/yhs_can_interfaces
[4.464s] -- Up-to-date: /home/nvidia/5.1-ros2_ws/install/yhs_can_interfaces/include/yhs_can_interfaces/yhs_can_interfaces/msg
[4.464s] -- Up-to-date: /home/nvidia/5.1-ros2_ws/install/yhs_can_interfaces/include/yhs_can_interfaces/yhs_can_interfaces/msg/detail
[4.464s] -- Installing: /home/nvidia/5.1-ros2_ws/install/yhs_can_interfaces/include/yhs_can_interfaces/yhs_can_interfaces/msg/detail/bms_info_fb__rosidl_typesupport_fastrtps_c.h
[4.464s] -- Installing: /home/nvidia/5.1-ros2_ws/install/yhs_can_interfaces/include/yhs_can_interfaces/yhs_can_interfaces/msg/detail/io_cmd__rosidl_typesupport_fastrtps_c.h
[4.464s] -- Installing: /home/nvidia/5.1-ros2_ws/install/yhs_can_interfaces/include/yhs_can_interfaces/yhs_can_interfaces/msg/detail/ctrl_fb__rosidl_typesupport_fastrtps_c.h
[4.464s] -- Installing: /home/nvidia/5.1-ros2_ws/install/yhs_can_interfaces/include/yhs_can_interfaces/yhs_can_interfaces/msg/detail/drive_mcu_ecode_fb__rosidl_typesupport_fastrtps_c.h
[4.464s] -- Installing: /home/nvidia/5.1-ros2_ws/install/yhs_can_interfaces/include/yhs_can_interfaces/yhs_can_interfaces/msg/detail/lr_wheel_fb__rosidl_typesupport_fastrtps_c.h
[4.464s] -- Installing: /home/nvidia/5.1-ros2_ws/install/yhs_can_interfaces/include/yhs_can_interfaces/yhs_can_interfaces/msg/detail/bms_flag_info_fb__rosidl_typesupport_fastrtps_c.h
[4.464s] -- Installing: /home/nvidia/5.1-ros2_ws/install/yhs_can_interfaces/include/yhs_can_interfaces/yhs_can_interfaces/msg/detail/rr_wheel_fb__rosidl_typesupport_fastrtps_c.h
[4.464s] -- Installing: /home/nvidia/5.1-ros2_ws/install/yhs_can_interfaces/include/yhs_can_interfaces/yhs_can_interfaces/msg/detail/ctrl_cmd__rosidl_typesupport_fastrtps_c.h
[4.464s] -- Installing: /home/nvidia/5.1-ros2_ws/install/yhs_can_interfaces/include/yhs_can_interfaces/yhs_can_interfaces/msg/detail/veh_diag_fb__rosidl_typesupport_fastrtps_c.h
[4.464s] -- Installing: /home/nvidia/5.1-ros2_ws/install/yhs_can_interfaces/include/yhs_can_interfaces/yhs_can_interfaces/msg/detail/chassis_info_fb__rosidl_typesupport_fastrtps_c.h
[4.464s] -- Installing: /home/nvidia/5.1-ros2_ws/install/yhs_can_interfaces/include/yhs_can_interfaces/yhs_can_interfaces/msg/detail/io_fb__rosidl_typesupport_fastrtps_c.h
[4.465s] -- Installing: /home/nvidia/5.1-ros2_ws/install/yhs_can_interfaces/include/yhs_can_interfaces/yhs_can_interfaces/msg/rosidl_typesupport_fastrtps_c__visibility_control.h
[4.465s] -- Installing: /home/nvidia/5.1-ros2_ws/install/yhs_can_interfaces/lib/libyhs_can_interfaces__rosidl_typesupport_fastrtps_c.so
[4.465s] -- Set runtime path of "/home/nvidia/5.1-ros2_ws/install/yhs_can_interfaces/lib/libyhs_can_interfaces__rosidl_typesupport_fastrtps_c.so" to ""
[4.465s] -- Up-to-date: /home/nvidia/5.1-ros2_ws/install/yhs_can_interfaces/include/yhs_can_interfaces/yhs_can_interfaces
[4.465s] -- Up-to-date: /home/nvidia/5.1-ros2_ws/install/yhs_can_interfaces/include/yhs_can_interfaces/yhs_can_interfaces/msg
[4.465s] -- Installing: /home/nvidia/5.1-ros2_ws/install/yhs_can_interfaces/include/yhs_can_interfaces/yhs_can_interfaces/msg/rosidl_typesupport_introspection_c__visibility_control.h
[4.465s] -- Up-to-date: /home/nvidia/5.1-ros2_ws/install/yhs_can_interfaces/include/yhs_can_interfaces/yhs_can_interfaces/msg/detail
[4.465s] -- Installing: /home/nvidia/5.1-ros2_ws/install/yhs_can_interfaces/include/yhs_can_interfaces/yhs_can_interfaces/msg/detail/chassis_info_fb__type_support.c
[4.465s] -- Installing: /home/nvidia/5.1-ros2_ws/install/yhs_can_interfaces/include/yhs_can_interfaces/yhs_can_interfaces/msg/detail/bms_flag_info_fb__type_support.c
[4.465s] -- Installing: /home/nvidia/5.1-ros2_ws/install/yhs_can_interfaces/include/yhs_can_interfaces/yhs_can_interfaces/msg/detail/io_fb__rosidl_typesupport_introspection_c.h
[4.465s] -- Installing: /home/nvidia/5.1-ros2_ws/install/yhs_can_interfaces/include/yhs_can_interfaces/yhs_can_interfaces/msg/detail/veh_diag_fb__type_support.c
[4.465s] -- Installing: /home/nvidia/5.1-ros2_ws/install/yhs_can_interfaces/include/yhs_can_interfaces/yhs_can_interfaces/msg/detail/drive_mcu_ecode_fb__type_support.c
[4.465s] -- Installing: /home/nvidia/5.1-ros2_ws/install/yhs_can_interfaces/include/yhs_can_interfaces/yhs_can_interfaces/msg/detail/bms_flag_info_fb__rosidl_typesupport_introspection_c.h
[4.465s] -- Installing: /home/nvidia/5.1-ros2_ws/install/yhs_can_interfaces/include/yhs_can_interfaces/yhs_can_interfaces/msg/detail/rr_wheel_fb__rosidl_typesupport_introspection_c.h
[4.465s] -- Installing: /home/nvidia/5.1-ros2_ws/install/yhs_can_interfaces/include/yhs_can_interfaces/yhs_can_interfaces/msg/detail/chassis_info_fb__rosidl_typesupport_introspection_c.h
[4.466s] -- Installing: /home/nvidia/5.1-ros2_ws/install/yhs_can_interfaces/include/yhs_can_interfaces/yhs_can_interfaces/msg/detail/io_cmd__type_support.c
[4.466s] -- Installing: /home/nvidia/5.1-ros2_ws/install/yhs_can_interfaces/include/yhs_can_interfaces/yhs_can_interfaces/msg/detail/ctrl_cmd__type_support.c
[4.466s] -- Installing: /home/nvidia/5.1-ros2_ws/install/yhs_can_interfaces/include/yhs_can_interfaces/yhs_can_interfaces/msg/detail/bms_info_fb__rosidl_typesupport_introspection_c.h
[4.466s] -- Installing: /home/nvidia/5.1-ros2_ws/install/yhs_can_interfaces/include/yhs_can_interfaces/yhs_can_interfaces/msg/detail/io_fb__type_support.c
[4.466s] -- Installing: /home/nvidia/5.1-ros2_ws/install/yhs_can_interfaces/include/yhs_can_interfaces/yhs_can_interfaces/msg/detail/rr_wheel_fb__type_support.c
[4.466s] -- Installing: /home/nvidia/5.1-ros2_ws/install/yhs_can_interfaces/include/yhs_can_interfaces/yhs_can_interfaces/msg/detail/bms_info_fb__type_support.c
[4.466s] -- Installing: /home/nvidia/5.1-ros2_ws/install/yhs_can_interfaces/include/yhs_can_interfaces/yhs_can_interfaces/msg/detail/io_cmd__rosidl_typesupport_introspection_c.h
[4.466s] -- Installing: /home/nvidia/5.1-ros2_ws/install/yhs_can_interfaces/include/yhs_can_interfaces/yhs_can_interfaces/msg/detail/ctrl_fb__type_support.c
[4.466s] -- Installing: /home/nvidia/5.1-ros2_ws/install/yhs_can_interfaces/include/yhs_can_interfaces/yhs_can_interfaces/msg/detail/ctrl_fb__rosidl_typesupport_introspection_c.h
[4.466s] -- Installing: /home/nvidia/5.1-ros2_ws/install/yhs_can_interfaces/include/yhs_can_interfaces/yhs_can_interfaces/msg/detail/veh_diag_fb__rosidl_typesupport_introspection_c.h
[4.466s] -- Installing: /home/nvidia/5.1-ros2_ws/install/yhs_can_interfaces/include/yhs_can_interfaces/yhs_can_interfaces/msg/detail/ctrl_cmd__rosidl_typesupport_introspection_c.h
[4.466s] -- Installing: /home/nvidia/5.1-ros2_ws/install/yhs_can_interfaces/include/yhs_can_interfaces/yhs_can_interfaces/msg/detail/lr_wheel_fb__type_support.c
[4.466s] -- Installing: /home/nvidia/5.1-ros2_ws/install/yhs_can_interfaces/include/yhs_can_interfaces/yhs_can_interfaces/msg/detail/lr_wheel_fb__rosidl_typesupport_introspection_c.h
[4.466s] -- Installing: /home/nvidia/5.1-ros2_ws/install/yhs_can_interfaces/include/yhs_can_interfaces/yhs_can_interfaces/msg/detail/drive_mcu_ecode_fb__rosidl_typesupport_introspection_c.h
[4.466s] -- Installing: /home/nvidia/5.1-ros2_ws/install/yhs_can_interfaces/lib/libyhs_can_interfaces__rosidl_typesupport_introspection_c.so
[4.467s] -- Set runtime path of "/home/nvidia/5.1-ros2_ws/install/yhs_can_interfaces/lib/libyhs_can_interfaces__rosidl_typesupport_introspection_c.so" to ""
[4.467s] -- Installing: /home/nvidia/5.1-ros2_ws/install/yhs_can_interfaces/lib/libyhs_can_interfaces__rosidl_typesupport_c.so
[4.467s] -- Set runtime path of "/home/nvidia/5.1-ros2_ws/install/yhs_can_interfaces/lib/libyhs_can_interfaces__rosidl_typesupport_c.so" to ""
[4.467s] -- Up-to-date: /home/nvidia/5.1-ros2_ws/install/yhs_can_interfaces/include/yhs_can_interfaces/yhs_can_interfaces
[4.467s] -- Up-to-date: /home/nvidia/5.1-ros2_ws/install/yhs_can_interfaces/include/yhs_can_interfaces/yhs_can_interfaces/msg
[4.467s] -- Installing: /home/nvidia/5.1-ros2_ws/install/yhs_can_interfaces/include/yhs_can_interfaces/yhs_can_interfaces/msg/io_fb.hpp
[4.467s] -- Installing: /home/nvidia/5.1-ros2_ws/install/yhs_can_interfaces/include/yhs_can_interfaces/yhs_can_interfaces/msg/io_cmd.hpp
[4.467s] -- Installing: /home/nvidia/5.1-ros2_ws/install/yhs_can_interfaces/include/yhs_can_interfaces/yhs_can_interfaces/msg/bms_info_fb.hpp
[4.467s] -- Installing: /home/nvidia/5.1-ros2_ws/install/yhs_can_interfaces/include/yhs_can_interfaces/yhs_can_interfaces/msg/ctrl_cmd.hpp
[4.467s] -- Up-to-date: /home/nvidia/5.1-ros2_ws/install/yhs_can_interfaces/include/yhs_can_interfaces/yhs_can_interfaces/msg/detail
[4.467s] -- Installing: /home/nvidia/5.1-ros2_ws/install/yhs_can_interfaces/include/yhs_can_interfaces/yhs_can_interfaces/msg/detail/io_fb__builder.hpp
[4.467s] -- Installing: /home/nvidia/5.1-ros2_ws/install/yhs_can_interfaces/include/yhs_can_interfaces/yhs_can_interfaces/msg/detail/bms_flag_info_fb__builder.hpp
[4.467s] -- Installing: /home/nvidia/5.1-ros2_ws/install/yhs_can_interfaces/include/yhs_can_interfaces/yhs_can_interfaces/msg/detail/ctrl_cmd__builder.hpp
[4.467s] -- Installing: /home/nvidia/5.1-ros2_ws/install/yhs_can_interfaces/include/yhs_can_interfaces/yhs_can_interfaces/msg/detail/rr_wheel_fb__traits.hpp
[4.467s] -- Installing: /home/nvidia/5.1-ros2_ws/install/yhs_can_interfaces/include/yhs_can_interfaces/yhs_can_interfaces/msg/detail/lr_wheel_fb__struct.hpp
[4.467s] -- Installing: /home/nvidia/5.1-ros2_ws/install/yhs_can_interfaces/include/yhs_can_interfaces/yhs_can_interfaces/msg/detail/io_cmd__struct.hpp
[4.467s] -- Installing: /home/nvidia/5.1-ros2_ws/install/yhs_can_interfaces/include/yhs_can_interfaces/yhs_can_interfaces/msg/detail/bms_info_fb__builder.hpp
[4.467s] -- Installing: /home/nvidia/5.1-ros2_ws/install/yhs_can_interfaces/include/yhs_can_interfaces/yhs_can_interfaces/msg/detail/drive_mcu_ecode_fb__traits.hpp
[4.467s] -- Installing: /home/nvidia/5.1-ros2_ws/install/yhs_can_interfaces/include/yhs_can_interfaces/yhs_can_interfaces/msg/detail/io_fb__type_support.hpp
[4.467s] -- Installing: /home/nvidia/5.1-ros2_ws/install/yhs_can_interfaces/include/yhs_can_interfaces/yhs_can_interfaces/msg/detail/ctrl_cmd__traits.hpp
[4.467s] -- Installing: /home/nvidia/5.1-ros2_ws/install/yhs_can_interfaces/include/yhs_can_interfaces/yhs_can_interfaces/msg/detail/io_cmd__type_support.hpp
[4.468s] -- Installing: /home/nvidia/5.1-ros2_ws/install/yhs_can_interfaces/include/yhs_can_interfaces/yhs_can_interfaces/msg/detail/io_fb__struct.hpp
[4.468s] -- Installing: /home/nvidia/5.1-ros2_ws/install/yhs_can_interfaces/include/yhs_can_interfaces/yhs_can_interfaces/msg/detail/rr_wheel_fb__struct.hpp
[4.468s] -- Installing: /home/nvidia/5.1-ros2_ws/install/yhs_can_interfaces/include/yhs_can_interfaces/yhs_can_interfaces/msg/detail/bms_info_fb__struct.hpp
[4.468s] -- Installing: /home/nvidia/5.1-ros2_ws/install/yhs_can_interfaces/include/yhs_can_interfaces/yhs_can_interfaces/msg/detail/io_cmd__traits.hpp
[4.468s] -- Installing: /home/nvidia/5.1-ros2_ws/install/yhs_can_interfaces/include/yhs_can_interfaces/yhs_can_interfaces/msg/detail/veh_diag_fb__struct.hpp
[4.468s] -- Installing: /home/nvidia/5.1-ros2_ws/install/yhs_can_interfaces/include/yhs_can_interfaces/yhs_can_interfaces/msg/detail/bms_flag_info_fb__struct.hpp
[4.468s] -- Installing: /home/nvidia/5.1-ros2_ws/install/yhs_can_interfaces/include/yhs_can_interfaces/yhs_can_interfaces/msg/detail/veh_diag_fb__traits.hpp
[4.468s] -- Installing: /home/nvidia/5.1-ros2_ws/install/yhs_can_interfaces/include/yhs_can_interfaces/yhs_can_interfaces/msg/detail/lr_wheel_fb__type_support.hpp
[4.468s] -- Installing: /home/nvidia/5.1-ros2_ws/install/yhs_can_interfaces/include/yhs_can_interfaces/yhs_can_interfaces/msg/detail/veh_diag_fb__builder.hpp
[4.468s] -- Installing: /home/nvidia/5.1-ros2_ws/install/yhs_can_interfaces/include/yhs_can_interfaces/yhs_can_interfaces/msg/detail/ctrl_cmd__type_support.hpp
[4.468s] -- Installing: /home/nvidia/5.1-ros2_ws/install/yhs_can_interfaces/include/yhs_can_interfaces/yhs_can_interfaces/msg/detail/io_fb__traits.hpp
[4.468s] -- Installing: /home/nvidia/5.1-ros2_ws/install/yhs_can_interfaces/include/yhs_can_interfaces/yhs_can_interfaces/msg/detail/rr_wheel_fb__type_support.hpp
[4.468s] -- Installing: /home/nvidia/5.1-ros2_ws/install/yhs_can_interfaces/include/yhs_can_interfaces/yhs_can_interfaces/msg/detail/drive_mcu_ecode_fb__builder.hpp
[4.468s] -- Installing: /home/nvidia/5.1-ros2_ws/install/yhs_can_interfaces/include/yhs_can_interfaces/yhs_can_interfaces/msg/detail/chassis_info_fb__struct.hpp
[4.468s] -- Installing: /home/nvidia/5.1-ros2_ws/install/yhs_can_interfaces/include/yhs_can_interfaces/yhs_can_interfaces/msg/detail/drive_mcu_ecode_fb__type_support.hpp
[4.468s] -- Installing: /home/nvidia/5.1-ros2_ws/install/yhs_can_interfaces/include/yhs_can_interfaces/yhs_can_interfaces/msg/detail/chassis_info_fb__type_support.hpp
[4.468s] -- Installing: /home/nvidia/5.1-ros2_ws/install/yhs_can_interfaces/include/yhs_can_interfaces/yhs_can_interfaces/msg/detail/ctrl_fb__type_support.hpp
[4.468s] -- Installing: /home/nvidia/5.1-ros2_ws/install/yhs_can_interfaces/include/yhs_can_interfaces/yhs_can_interfaces/msg/detail/bms_flag_info_fb__traits.hpp
[4.468s] -- Installing: /home/nvidia/5.1-ros2_ws/install/yhs_can_interfaces/include/yhs_can_interfaces/yhs_can_interfaces/msg/detail/ctrl_cmd__struct.hpp
[4.468s] -- Installing: /home/nvidia/5.1-ros2_ws/install/yhs_can_interfaces/include/yhs_can_interfaces/yhs_can_interfaces/msg/detail/io_cmd__builder.hpp
[4.468s] -- Installing: /home/nvidia/5.1-ros2_ws/install/yhs_can_interfaces/include/yhs_can_interfaces/yhs_can_interfaces/msg/detail/lr_wheel_fb__builder.hpp
[4.469s] -- Installing: /home/nvidia/5.1-ros2_ws/install/yhs_can_interfaces/include/yhs_can_interfaces/yhs_can_interfaces/msg/detail/bms_flag_info_fb__type_support.hpp
[4.469s] -- Installing: /home/nvidia/5.1-ros2_ws/install/yhs_can_interfaces/include/yhs_can_interfaces/yhs_can_interfaces/msg/detail/ctrl_fb__builder.hpp
[4.469s] -- Installing: /home/nvidia/5.1-ros2_ws/install/yhs_can_interfaces/include/yhs_can_interfaces/yhs_can_interfaces/msg/detail/ctrl_fb__traits.hpp
[4.469s] -- Installing: /home/nvidia/5.1-ros2_ws/install/yhs_can_interfaces/include/yhs_can_interfaces/yhs_can_interfaces/msg/detail/bms_info_fb__traits.hpp
[4.469s] -- Installing: /home/nvidia/5.1-ros2_ws/install/yhs_can_interfaces/include/yhs_can_interfaces/yhs_can_interfaces/msg/detail/drive_mcu_ecode_fb__struct.hpp
[4.469s] -- Installing: /home/nvidia/5.1-ros2_ws/install/yhs_can_interfaces/include/yhs_can_interfaces/yhs_can_interfaces/msg/detail/rr_wheel_fb__builder.hpp
[4.469s] -- Installing: /home/nvidia/5.1-ros2_ws/install/yhs_can_interfaces/include/yhs_can_interfaces/yhs_can_interfaces/msg/detail/ctrl_fb__struct.hpp
[4.469s] -- Installing: /home/nvidia/5.1-ros2_ws/install/yhs_can_interfaces/include/yhs_can_interfaces/yhs_can_interfaces/msg/detail/chassis_info_fb__builder.hpp
[4.469s] -- Installing: /home/nvidia/5.1-ros2_ws/install/yhs_can_interfaces/include/yhs_can_interfaces/yhs_can_interfaces/msg/detail/lr_wheel_fb__traits.hpp
[4.469s] -- Installing: /home/nvidia/5.1-ros2_ws/install/yhs_can_interfaces/include/yhs_can_interfaces/yhs_can_interfaces/msg/detail/bms_info_fb__type_support.hpp
[4.469s] -- Installing: /home/nvidia/5.1-ros2_ws/install/yhs_can_interfaces/include/yhs_can_interfaces/yhs_can_interfaces/msg/detail/veh_diag_fb__type_support.hpp
[4.469s] -- Installing: /home/nvidia/5.1-ros2_ws/install/yhs_can_interfaces/include/yhs_can_interfaces/yhs_can_interfaces/msg/detail/chassis_info_fb__traits.hpp
[4.469s] -- Installing: /home/nvidia/5.1-ros2_ws/install/yhs_can_interfaces/include/yhs_can_interfaces/yhs_can_interfaces/msg/chassis_info_fb.hpp
[4.469s] -- Installing: /home/nvidia/5.1-ros2_ws/install/yhs_can_interfaces/include/yhs_can_interfaces/yhs_can_interfaces/msg/rosidl_generator_cpp__visibility_control.hpp
[4.469s] -- Installing: /home/nvidia/5.1-ros2_ws/install/yhs_can_interfaces/include/yhs_can_interfaces/yhs_can_interfaces/msg/rr_wheel_fb.hpp
[4.469s] -- Installing: /home/nvidia/5.1-ros2_ws/install/yhs_can_interfaces/include/yhs_can_interfaces/yhs_can_interfaces/msg/ctrl_fb.hpp
[4.469s] -- Installing: /home/nvidia/5.1-ros2_ws/install/yhs_can_interfaces/include/yhs_can_interfaces/yhs_can_interfaces/msg/lr_wheel_fb.hpp
[4.469s] -- Installing: /home/nvidia/5.1-ros2_ws/install/yhs_can_interfaces/include/yhs_can_interfaces/yhs_can_interfaces/msg/veh_diag_fb.hpp
[4.469s] -- Installing: /home/nvidia/5.1-ros2_ws/install/yhs_can_interfaces/include/yhs_can_interfaces/yhs_can_interfaces/msg/bms_flag_info_fb.hpp
[4.469s] -- Installing: /home/nvidia/5.1-ros2_ws/install/yhs_can_interfaces/include/yhs_can_interfaces/yhs_can_interfaces/msg/drive_mcu_ecode_fb.hpp
[4.469s] -- Up-to-date: /home/nvidia/5.1-ros2_ws/install/yhs_can_interfaces/include/yhs_can_interfaces/yhs_can_interfaces
[4.469s] -- Up-to-date: /home/nvidia/5.1-ros2_ws/install/yhs_can_interfaces/include/yhs_can_interfaces/yhs_can_interfaces/msg
[4.469s] -- Up-to-date: /home/nvidia/5.1-ros2_ws/install/yhs_can_interfaces/include/yhs_can_interfaces/yhs_can_interfaces/msg/detail
[4.469s] -- Installing: /home/nvidia/5.1-ros2_ws/install/yhs_can_interfaces/include/yhs_can_interfaces/yhs_can_interfaces/msg/detail/dds_fastrtps
[4.470s] -- Installing: /home/nvidia/5.1-ros2_ws/install/yhs_can_interfaces/include/yhs_can_interfaces/yhs_can_interfaces/msg/detail/io_cmd__rosidl_typesupport_fastrtps_cpp.hpp
[4.470s] -- Installing: /home/nvidia/5.1-ros2_ws/install/yhs_can_interfaces/include/yhs_can_interfaces/yhs_can_interfaces/msg/detail/chassis_info_fb__rosidl_typesupport_fastrtps_cpp.hpp
[4.470s] -- Installing: /home/nvidia/5.1-ros2_ws/install/yhs_can_interfaces/include/yhs_can_interfaces/yhs_can_interfaces/msg/detail/veh_diag_fb__rosidl_typesupport_fastrtps_cpp.hpp
[4.470s] -- Installing: /home/nvidia/5.1-ros2_ws/install/yhs_can_interfaces/include/yhs_can_interfaces/yhs_can_interfaces/msg/detail/rr_wheel_fb__rosidl_typesupport_fastrtps_cpp.hpp
[4.470s] -- Installing: /home/nvidia/5.1-ros2_ws/install/yhs_can_interfaces/include/yhs_can_interfaces/yhs_can_interfaces/msg/detail/lr_wheel_fb__rosidl_typesupport_fastrtps_cpp.hpp
[4.470s] -- Installing: /home/nvidia/5.1-ros2_ws/install/yhs_can_interfaces/include/yhs_can_interfaces/yhs_can_interfaces/msg/detail/bms_info_fb__rosidl_typesupport_fastrtps_cpp.hpp
[4.470s] -- Installing: /home/nvidia/5.1-ros2_ws/install/yhs_can_interfaces/include/yhs_can_interfaces/yhs_can_interfaces/msg/detail/ctrl_fb__rosidl_typesupport_fastrtps_cpp.hpp
[4.470s] -- Installing: /home/nvidia/5.1-ros2_ws/install/yhs_can_interfaces/include/yhs_can_interfaces/yhs_can_interfaces/msg/detail/bms_flag_info_fb__rosidl_typesupport_fastrtps_cpp.hpp
[4.470s] -- Installing: /home/nvidia/5.1-ros2_ws/install/yhs_can_interfaces/include/yhs_can_interfaces/yhs_can_interfaces/msg/detail/drive_mcu_ecode_fb__rosidl_typesupport_fastrtps_cpp.hpp
[4.470s] -- Installing: /home/nvidia/5.1-ros2_ws/install/yhs_can_interfaces/include/yhs_can_interfaces/yhs_can_interfaces/msg/detail/ctrl_cmd__rosidl_typesupport_fastrtps_cpp.hpp
[4.470s] -- Installing: /home/nvidia/5.1-ros2_ws/install/yhs_can_interfaces/include/yhs_can_interfaces/yhs_can_interfaces/msg/detail/io_fb__rosidl_typesupport_fastrtps_cpp.hpp
[4.470s] -- Installing: /home/nvidia/5.1-ros2_ws/install/yhs_can_interfaces/include/yhs_can_interfaces/yhs_can_interfaces/msg/rosidl_typesupport_fastrtps_cpp__visibility_control.h
[4.470s] -- Installing: /home/nvidia/5.1-ros2_ws/install/yhs_can_interfaces/lib/libyhs_can_interfaces__rosidl_typesupport_fastrtps_cpp.so
[4.470s] -- Set runtime path of "/home/nvidia/5.1-ros2_ws/install/yhs_can_interfaces/lib/libyhs_can_interfaces__rosidl_typesupport_fastrtps_cpp.so" to ""
[4.470s] -- Up-to-date: /home/nvidia/5.1-ros2_ws/install/yhs_can_interfaces/include/yhs_can_interfaces/yhs_can_interfaces
[4.470s] -- Up-to-date: /home/nvidia/5.1-ros2_ws/install/yhs_can_interfaces/include/yhs_can_interfaces/yhs_can_interfaces/msg
[4.470s] -- Up-to-date: /home/nvidia/5.1-ros2_ws/install/yhs_can_interfaces/include/yhs_can_interfaces/yhs_can_interfaces/msg/detail
[4.470s] -- Installing: /home/nvidia/5.1-ros2_ws/install/yhs_can_interfaces/include/yhs_can_interfaces/yhs_can_interfaces/msg/detail/io_fb__rosidl_typesupport_introspection_cpp.hpp
[4.470s] -- Installing: /home/nvidia/5.1-ros2_ws/install/yhs_can_interfaces/include/yhs_can_interfaces/yhs_can_interfaces/msg/detail/io_cmd__type_support.cpp
[4.470s] -- Installing: /home/nvidia/5.1-ros2_ws/install/yhs_can_interfaces/include/yhs_can_interfaces/yhs_can_interfaces/msg/detail/chassis_info_fb__type_support.cpp
[4.470s] -- Installing: /home/nvidia/5.1-ros2_ws/install/yhs_can_interfaces/include/yhs_can_interfaces/yhs_can_interfaces/msg/detail/io_fb__type_support.cpp
[4.471s] -- Installing: /home/nvidia/5.1-ros2_ws/install/yhs_can_interfaces/include/yhs_can_interfaces/yhs_can_interfaces/msg/detail/veh_diag_fb__rosidl_typesupport_introspection_cpp.hpp
[4.471s] -- Installing: /home/nvidia/5.1-ros2_ws/install/yhs_can_interfaces/include/yhs_can_interfaces/yhs_can_interfaces/msg/detail/lr_wheel_fb__rosidl_typesupport_introspection_cpp.hpp
[4.471s] -- Installing: /home/nvidia/5.1-ros2_ws/install/yhs_can_interfaces/include/yhs_can_interfaces/yhs_can_interfaces/msg/detail/lr_wheel_fb__type_support.cpp
[4.471s] -- Installing: /home/nvidia/5.1-ros2_ws/install/yhs_can_interfaces/include/yhs_can_interfaces/yhs_can_interfaces/msg/detail/rr_wheel_fb__type_support.cpp
[4.471s] -- Installing: /home/nvidia/5.1-ros2_ws/install/yhs_can_interfaces/include/yhs_can_interfaces/yhs_can_interfaces/msg/detail/ctrl_cmd__type_support.cpp
[4.471s] -- Installing: /home/nvidia/5.1-ros2_ws/install/yhs_can_interfaces/include/yhs_can_interfaces/yhs_can_interfaces/msg/detail/drive_mcu_ecode_fb__rosidl_typesupport_introspection_cpp.hpp
[4.471s] -- Installing: /home/nvidia/5.1-ros2_ws/install/yhs_can_interfaces/include/yhs_can_interfaces/yhs_can_interfaces/msg/detail/ctrl_cmd__rosidl_typesupport_introspection_cpp.hpp
[4.471s] -- Installing: /home/nvidia/5.1-ros2_ws/install/yhs_can_interfaces/include/yhs_can_interfaces/yhs_can_interfaces/msg/detail/bms_flag_info_fb__rosidl_typesupport_introspection_cpp.hpp
[4.471s] -- Installing: /home/nvidia/5.1-ros2_ws/install/yhs_can_interfaces/include/yhs_can_interfaces/yhs_can_interfaces/msg/detail/veh_diag_fb__type_support.cpp
[4.471s] -- Installing: /home/nvidia/5.1-ros2_ws/install/yhs_can_interfaces/include/yhs_can_interfaces/yhs_can_interfaces/msg/detail/bms_info_fb__type_support.cpp
[4.471s] -- Installing: /home/nvidia/5.1-ros2_ws/install/yhs_can_interfaces/include/yhs_can_interfaces/yhs_can_interfaces/msg/detail/drive_mcu_ecode_fb__type_support.cpp
[4.471s] -- Installing: /home/nvidia/5.1-ros2_ws/install/yhs_can_interfaces/include/yhs_can_interfaces/yhs_can_interfaces/msg/detail/bms_flag_info_fb__type_support.cpp
[4.471s] -- Installing: /home/nvidia/5.1-ros2_ws/install/yhs_can_interfaces/include/yhs_can_interfaces/yhs_can_interfaces/msg/detail/ctrl_fb__rosidl_typesupport_introspection_cpp.hpp
[4.471s] -- Installing: /home/nvidia/5.1-ros2_ws/install/yhs_can_interfaces/include/yhs_can_interfaces/yhs_can_interfaces/msg/detail/ctrl_fb__type_support.cpp
[4.471s] -- Installing: /home/nvidia/5.1-ros2_ws/install/yhs_can_interfaces/include/yhs_can_interfaces/yhs_can_interfaces/msg/detail/bms_info_fb__rosidl_typesupport_introspection_cpp.hpp
[4.471s] -- Installing: /home/nvidia/5.1-ros2_ws/install/yhs_can_interfaces/include/yhs_can_interfaces/yhs_can_interfaces/msg/detail/io_cmd__rosidl_typesupport_introspection_cpp.hpp
[4.471s] -- Installing: /home/nvidia/5.1-ros2_ws/install/yhs_can_interfaces/include/yhs_can_interfaces/yhs_can_interfaces/msg/detail/chassis_info_fb__rosidl_typesupport_introspection_cpp.hpp
[4.471s] -- Installing: /home/nvidia/5.1-ros2_ws/install/yhs_can_interfaces/include/yhs_can_interfaces/yhs_can_interfaces/msg/detail/rr_wheel_fb__rosidl_typesupport_introspection_cpp.hpp
[4.471s] -- Installing: /home/nvidia/5.1-ros2_ws/install/yhs_can_interfaces/lib/libyhs_can_interfaces__rosidl_typesupport_introspection_cpp.so
[4.471s] -- Set runtime path of "/home/nvidia/5.1-ros2_ws/install/yhs_can_interfaces/lib/libyhs_can_interfaces__rosidl_typesupport_introspection_cpp.so" to ""
[4.472s] -- Installing: /home/nvidia/5.1-ros2_ws/install/yhs_can_interfaces/lib/libyhs_can_interfaces__rosidl_typesupport_cpp.so
[4.472s] -- Set runtime path of "/home/nvidia/5.1-ros2_ws/install/yhs_can_interfaces/lib/libyhs_can_interfaces__rosidl_typesupport_cpp.so" to ""
[4.472s] -- Installing: /home/nvidia/5.1-ros2_ws/install/yhs_can_interfaces/share/yhs_can_interfaces/environment/pythonpath.sh
[4.472s] -- Installing: /home/nvidia/5.1-ros2_ws/install/yhs_can_interfaces/share/yhs_can_interfaces/environment/pythonpath.dsv
[4.472s] -- Installing: /home/nvidia/5.1-ros2_ws/install/yhs_can_interfaces/local/lib/python3.10/dist-packages/yhs_can_interfaces-0.0.0-py3.10.egg-info
[4.472s] -- Installing: /home/nvidia/5.1-ros2_ws/install/yhs_can_interfaces/local/lib/python3.10/dist-packages/yhs_can_interfaces-0.0.0-py3.10.egg-info/PKG-INFO
[4.472s] -- Installing: /home/nvidia/5.1-ros2_ws/install/yhs_can_interfaces/local/lib/python3.10/dist-packages/yhs_can_interfaces-0.0.0-py3.10.egg-info/SOURCES.txt
[4.472s] -- Installing: /home/nvidia/5.1-ros2_ws/install/yhs_can_interfaces/local/lib/python3.10/dist-packages/yhs_can_interfaces-0.0.0-py3.10.egg-info/dependency_links.txt
[4.472s] -- Installing: /home/nvidia/5.1-ros2_ws/install/yhs_can_interfaces/local/lib/python3.10/dist-packages/yhs_can_interfaces-0.0.0-py3.10.egg-info/top_level.txt
[4.472s] -- Installing: /home/nvidia/5.1-ros2_ws/install/yhs_can_interfaces/local/lib/python3.10/dist-packages/yhs_can_interfaces
[4.472s] -- Installing: /home/nvidia/5.1-ros2_ws/install/yhs_can_interfaces/local/lib/python3.10/dist-packages/yhs_can_interfaces/__init__.py
[4.472s] -- Installing: /home/nvidia/5.1-ros2_ws/install/yhs_can_interfaces/local/lib/python3.10/dist-packages/yhs_can_interfaces/libyhs_can_interfaces__rosidl_generator_py.so
[4.472s] -- Installing: /home/nvidia/5.1-ros2_ws/install/yhs_can_interfaces/local/lib/python3.10/dist-packages/yhs_can_interfaces/_yhs_can_interfaces_s.ep.rosidl_typesupport_introspection_c.c
[4.472s] -- Installing: /home/nvidia/5.1-ros2_ws/install/yhs_can_interfaces/local/lib/python3.10/dist-packages/yhs_can_interfaces/yhs_can_interfaces_s__rosidl_typesupport_c.cpython-310-x86_64-linux-gnu.so
[4.472s] -- Installing: /home/nvidia/5.1-ros2_ws/install/yhs_can_interfaces/local/lib/python3.10/dist-packages/yhs_can_interfaces/msg
[4.472s] -- Installing: /home/nvidia/5.1-ros2_ws/install/yhs_can_interfaces/local/lib/python3.10/dist-packages/yhs_can_interfaces/msg/_drive_mcu_ecode_fb_s.c
[4.472s] -- Installing: /home/nvidia/5.1-ros2_ws/install/yhs_can_interfaces/local/lib/python3.10/dist-packages/yhs_can_interfaces/msg/_rr_wheel_fb.py
[4.472s] -- Installing: /home/nvidia/5.1-ros2_ws/install/yhs_can_interfaces/local/lib/python3.10/dist-packages/yhs_can_interfaces/msg/__init__.py
[4.472s] -- Installing: /home/nvidia/5.1-ros2_ws/install/yhs_can_interfaces/local/lib/python3.10/dist-packages/yhs_can_interfaces/msg/_ctrl_cmd_s.c
[4.472s] -- Installing: /home/nvidia/5.1-ros2_ws/install/yhs_can_interfaces/local/lib/python3.10/dist-packages/yhs_can_interfaces/msg/_lr_wheel_fb_s.c
[4.473s] -- Installing: /home/nvidia/5.1-ros2_ws/install/yhs_can_interfaces/local/lib/python3.10/dist-packages/yhs_can_interfaces/msg/_veh_diag_fb_s.c
[4.473s] -- Installing: /home/nvidia/5.1-ros2_ws/install/yhs_can_interfaces/local/lib/python3.10/dist-packages/yhs_can_interfaces/msg/_rr_wheel_fb_s.c
[4.473s] -- Installing: /home/nvidia/5.1-ros2_ws/install/yhs_can_interfaces/local/lib/python3.10/dist-packages/yhs_can_interfaces/msg/_ctrl_fb.py
[4.473s] -- Installing: /home/nvidia/5.1-ros2_ws/install/yhs_can_interfaces/local/lib/python3.10/dist-packages/yhs_can_interfaces/msg/_io_cmd.py
[4.473s] -- Installing: /home/nvidia/5.1-ros2_ws/install/yhs_can_interfaces/local/lib/python3.10/dist-packages/yhs_can_interfaces/msg/_bms_flag_info_fb.py
[4.473s] -- Installing: /home/nvidia/5.1-ros2_ws/install/yhs_can_interfaces/local/lib/python3.10/dist-packages/yhs_can_interfaces/msg/_veh_diag_fb.py
[4.473s] -- Installing: /home/nvidia/5.1-ros2_ws/install/yhs_can_interfaces/local/lib/python3.10/dist-packages/yhs_can_interfaces/msg/_drive_mcu_ecode_fb.py
[4.473s] -- Installing: /home/nvidia/5.1-ros2_ws/install/yhs_can_interfaces/local/lib/python3.10/dist-packages/yhs_can_interfaces/msg/_io_fb.py
[4.473s] -- Installing: /home/nvidia/5.1-ros2_ws/install/yhs_can_interfaces/local/lib/python3.10/dist-packages/yhs_can_interfaces/msg/_lr_wheel_fb.py
[4.473s] -- Installing: /home/nvidia/5.1-ros2_ws/install/yhs_can_interfaces/local/lib/python3.10/dist-packages/yhs_can_interfaces/msg/_ctrl_fb_s.c
[4.473s] -- Installing: /home/nvidia/5.1-ros2_ws/install/yhs_can_interfaces/local/lib/python3.10/dist-packages/yhs_can_interfaces/msg/_chassis_info_fb_s.c
[4.473s] -- Installing: /home/nvidia/5.1-ros2_ws/install/yhs_can_interfaces/local/lib/python3.10/dist-packages/yhs_can_interfaces/msg/_io_fb_s.c
[4.473s] -- Installing: /home/nvidia/5.1-ros2_ws/install/yhs_can_interfaces/local/lib/python3.10/dist-packages/yhs_can_interfaces/msg/_io_cmd_s.c
[4.473s] -- Installing: /home/nvidia/5.1-ros2_ws/install/yhs_can_interfaces/local/lib/python3.10/dist-packages/yhs_can_interfaces/msg/_ctrl_cmd.py
[4.473s] -- Installing: /home/nvidia/5.1-ros2_ws/install/yhs_can_interfaces/local/lib/python3.10/dist-packages/yhs_can_interfaces/msg/_chassis_info_fb.py
[4.473s] -- Installing: /home/nvidia/5.1-ros2_ws/install/yhs_can_interfaces/local/lib/python3.10/dist-packages/yhs_can_interfaces/msg/_bms_info_fb_s.c
[4.473s] -- Installing: /home/nvidia/5.1-ros2_ws/install/yhs_can_interfaces/local/lib/python3.10/dist-packages/yhs_can_interfaces/msg/_bms_flag_info_fb_s.c
[4.473s] -- Installing: /home/nvidia/5.1-ros2_ws/install/yhs_can_interfaces/local/lib/python3.10/dist-packages/yhs_can_interfaces/msg/_bms_info_fb.py
[4.473s] -- Installing: /home/nvidia/5.1-ros2_ws/install/yhs_can_interfaces/local/lib/python3.10/dist-packages/yhs_can_interfaces/yhs_can_interfaces_s__rosidl_typesupport_fastrtps_c.cpython-310-x86_64-linux-gnu.so
[4.473s] -- Installing: /home/nvidia/5.1-ros2_ws/install/yhs_can_interfaces/local/lib/python3.10/dist-packages/yhs_can_interfaces/yhs_can_interfaces_s__rosidl_typesupport_introspection_c.cpython-310-x86_64-linux-gnu.so
[4.474s] -- Installing: /home/nvidia/5.1-ros2_ws/install/yhs_can_interfaces/local/lib/python3.10/dist-packages/yhs_can_interfaces/_yhs_can_interfaces_s.ep.rosidl_typesupport_fastrtps_c.c
[4.474s] -- Installing: /home/nvidia/5.1-ros2_ws/install/yhs_can_interfaces/local/lib/python3.10/dist-packages/yhs_can_interfaces/_yhs_can_interfaces_s.ep.rosidl_typesupport_c.c
[4.509s] Listing '/home/nvidia/5.1-ros2_ws/install/yhs_can_interfaces/local/lib/python3.10/dist-packages/yhs_can_interfaces'...
[4.509s] Compiling '/home/nvidia/5.1-ros2_ws/install/yhs_can_interfaces/local/lib/python3.10/dist-packages/yhs_can_interfaces/__init__.py'...
[4.509s] Listing '/home/nvidia/5.1-ros2_ws/install/yhs_can_interfaces/local/lib/python3.10/dist-packages/yhs_can_interfaces/msg'...
[4.509s] Compiling '/home/nvidia/5.1-ros2_ws/install/yhs_can_interfaces/local/lib/python3.10/dist-packages/yhs_can_interfaces/msg/__init__.py'...
[4.509s] Compiling '/home/nvidia/5.1-ros2_ws/install/yhs_can_interfaces/local/lib/python3.10/dist-packages/yhs_can_interfaces/msg/_bms_flag_info_fb.py'...
[4.509s] Compiling '/home/nvidia/5.1-ros2_ws/install/yhs_can_interfaces/local/lib/python3.10/dist-packages/yhs_can_interfaces/msg/_bms_info_fb.py'...
[4.509s] Compiling '/home/nvidia/5.1-ros2_ws/install/yhs_can_interfaces/local/lib/python3.10/dist-packages/yhs_can_interfaces/msg/_chassis_info_fb.py'...
[4.510s] Compiling '/home/nvidia/5.1-ros2_ws/install/yhs_can_interfaces/local/lib/python3.10/dist-packages/yhs_can_interfaces/msg/_ctrl_cmd.py'...
[4.510s] Compiling '/home/nvidia/5.1-ros2_ws/install/yhs_can_interfaces/local/lib/python3.10/dist-packages/yhs_can_interfaces/msg/_ctrl_fb.py'...
[4.510s] Compiling '/home/nvidia/5.1-ros2_ws/install/yhs_can_interfaces/local/lib/python3.10/dist-packages/yhs_can_interfaces/msg/_drive_mcu_ecode_fb.py'...
[4.510s] Compiling '/home/nvidia/5.1-ros2_ws/install/yhs_can_interfaces/local/lib/python3.10/dist-packages/yhs_can_interfaces/msg/_io_cmd.py'...
[4.510s] Compiling '/home/nvidia/5.1-ros2_ws/install/yhs_can_interfaces/local/lib/python3.10/dist-packages/yhs_can_interfaces/msg/_io_fb.py'...
[4.510s] Compiling '/home/nvidia/5.1-ros2_ws/install/yhs_can_interfaces/local/lib/python3.10/dist-packages/yhs_can_interfaces/msg/_lr_wheel_fb.py'...
[4.510s] Compiling '/home/nvidia/5.1-ros2_ws/install/yhs_can_interfaces/local/lib/python3.10/dist-packages/yhs_can_interfaces/msg/_rr_wheel_fb.py'...
[4.510s] Compiling '/home/nvidia/5.1-ros2_ws/install/yhs_can_interfaces/local/lib/python3.10/dist-packages/yhs_can_interfaces/msg/_veh_diag_fb.py'...
[4.512s] -- Installing: /home/nvidia/5.1-ros2_ws/install/yhs_can_interfaces/local/lib/python3.10/dist-packages/yhs_can_interfaces/yhs_can_interfaces_s__rosidl_typesupport_fastrtps_c.cpython-310-x86_64-linux-gnu.so
[4.512s] -- Set runtime path of "/home/nvidia/5.1-ros2_ws/install/yhs_can_interfaces/local/lib/python3.10/dist-packages/yhs_can_interfaces/yhs_can_interfaces_s__rosidl_typesupport_fastrtps_c.cpython-310-x86_64-linux-gnu.so" to ""
[4.512s] -- Installing: /home/nvidia/5.1-ros2_ws/install/yhs_can_interfaces/local/lib/python3.10/dist-packages/yhs_can_interfaces/yhs_can_interfaces_s__rosidl_typesupport_introspection_c.cpython-310-x86_64-linux-gnu.so
[4.512s] -- Set runtime path of "/home/nvidia/5.1-ros2_ws/install/yhs_can_interfaces/local/lib/python3.10/dist-packages/yhs_can_interfaces/yhs_can_interfaces_s__rosidl_typesupport_introspection_c.cpython-310-x86_64-linux-gnu.so" to ""
[4.513s] -- Installing: /home/nvidia/5.1-ros2_ws/install/yhs_can_interfaces/local/lib/python3.10/dist-packages/yhs_can_interfaces/yhs_can_interfaces_s__rosidl_typesupport_c.cpython-310-x86_64-linux-gnu.so
[4.513s] -- Set runtime path of "/home/nvidia/5.1-ros2_ws/install/yhs_can_interfaces/local/lib/python3.10/dist-packages/yhs_can_interfaces/yhs_can_interfaces_s__rosidl_typesupport_c.cpython-310-x86_64-linux-gnu.so" to ""
[4.513s] -- Installing: /home/nvidia/5.1-ros2_ws/install/yhs_can_interfaces/lib/libyhs_can_interfaces__rosidl_generator_py.so
[4.513s] -- Set runtime path of "/home/nvidia/5.1-ros2_ws/install/yhs_can_interfaces/lib/libyhs_can_interfaces__rosidl_generator_py.so" to ""
[4.513s] -- Installing: /home/nvidia/5.1-ros2_ws/install/yhs_can_interfaces/share/yhs_can_interfaces/msg/BmsFlagInfoFb.idl
[4.513s] -- Installing: /home/nvidia/5.1-ros2_ws/install/yhs_can_interfaces/share/yhs_can_interfaces/msg/BmsInfoFb.idl
[4.513s] -- Installing: /home/nvidia/5.1-ros2_ws/install/yhs_can_interfaces/share/yhs_can_interfaces/msg/ChassisInfoFb.idl
[4.513s] -- Installing: /home/nvidia/5.1-ros2_ws/install/yhs_can_interfaces/share/yhs_can_interfaces/msg/CtrlCmd.idl
[4.513s] -- Installing: /home/nvidia/5.1-ros2_ws/install/yhs_can_interfaces/share/yhs_can_interfaces/msg/CtrlFb.idl
[4.513s] -- Installing: /home/nvidia/5.1-ros2_ws/install/yhs_can_interfaces/share/yhs_can_interfaces/msg/DriveMcuEcodeFb.idl
[4.513s] -- Installing: /home/nvidia/5.1-ros2_ws/install/yhs_can_interfaces/share/yhs_can_interfaces/msg/IoCmd.idl
[4.513s] -- Installing: /home/nvidia/5.1-ros2_ws/install/yhs_can_interfaces/share/yhs_can_interfaces/msg/IoFb.idl
[4.513s] -- Installing: /home/nvidia/5.1-ros2_ws/install/yhs_can_interfaces/share/yhs_can_interfaces/msg/LrWheelFb.idl
[4.514s] -- Installing: /home/nvidia/5.1-ros2_ws/install/yhs_can_interfaces/share/yhs_can_interfaces/msg/RrWheelFb.idl
[4.514s] -- Installing: /home/nvidia/5.1-ros2_ws/install/yhs_can_interfaces/share/yhs_can_interfaces/msg/VehDiagFb.idl
[4.514s] -- Installing: /home/nvidia/5.1-ros2_ws/install/yhs_can_interfaces/share/yhs_can_interfaces/msg/BmsFlagInfoFb.msg
[4.514s] -- Installing: /home/nvidia/5.1-ros2_ws/install/yhs_can_interfaces/share/yhs_can_interfaces/msg/BmsInfoFb.msg
[4.514s] -- Installing: /home/nvidia/5.1-ros2_ws/install/yhs_can_interfaces/share/yhs_can_interfaces/msg/ChassisInfoFb.msg
[4.514s] -- Installing: /home/nvidia/5.1-ros2_ws/install/yhs_can_interfaces/share/yhs_can_interfaces/msg/CtrlCmd.msg
[4.514s] -- Installing: /home/nvidia/5.1-ros2_ws/install/yhs_can_interfaces/share/yhs_can_interfaces/msg/CtrlFb.msg
[4.514s] -- Installing: /home/nvidia/5.1-ros2_ws/install/yhs_can_interfaces/share/yhs_can_interfaces/msg/DriveMcuEcodeFb.msg
[4.514s] -- Installing: /home/nvidia/5.1-ros2_ws/install/yhs_can_interfaces/share/yhs_can_interfaces/msg/IoCmd.msg
[4.514s] -- Installing: /home/nvidia/5.1-ros2_ws/install/yhs_can_interfaces/share/yhs_can_interfaces/msg/IoFb.msg
[4.514s] -- Installing: /home/nvidia/5.1-ros2_ws/install/yhs_can_interfaces/share/yhs_can_interfaces/msg/LrWheelFb.msg
[4.514s] -- Installing: /home/nvidia/5.1-ros2_ws/install/yhs_can_interfaces/share/yhs_can_interfaces/msg/RrWheelFb.msg
[4.514s] -- Installing: /home/nvidia/5.1-ros2_ws/install/yhs_can_interfaces/share/yhs_can_interfaces/msg/VehDiagFb.msg
[4.514s] -- Installing: /home/nvidia/5.1-ros2_ws/install/yhs_can_interfaces/share/ament_index/resource_index/package_run_dependencies/yhs_can_interfaces
[4.514s] -- Installing: /home/nvidia/5.1-ros2_ws/install/yhs_can_interfaces/share/ament_index/resource_index/parent_prefix_path/yhs_can_interfaces
[4.514s] -- Installing: /home/nvidia/5.1-ros2_ws/install/yhs_can_interfaces/share/yhs_can_interfaces/environment/ament_prefix_path.sh
[4.514s] -- Installing: /home/nvidia/5.1-ros2_ws/install/yhs_can_interfaces/share/yhs_can_interfaces/environment/ament_prefix_path.dsv
[4.514s] -- Installing: /home/nvidia/5.1-ros2_ws/install/yhs_can_interfaces/share/yhs_can_interfaces/environment/path.sh
[4.514s] -- Installing: /home/nvidia/5.1-ros2_ws/install/yhs_can_interfaces/share/yhs_can_interfaces/environment/path.dsv
[4.515s] -- Installing: /home/nvidia/5.1-ros2_ws/install/yhs_can_interfaces/share/yhs_can_interfaces/local_setup.bash
[4.515s] -- Installing: /home/nvidia/5.1-ros2_ws/install/yhs_can_interfaces/share/yhs_can_interfaces/local_setup.sh
[4.515s] -- Installing: /home/nvidia/5.1-ros2_ws/install/yhs_can_interfaces/share/yhs_can_interfaces/local_setup.zsh
[4.515s] -- Installing: /home/nvidia/5.1-ros2_ws/install/yhs_can_interfaces/share/yhs_can_interfaces/local_setup.dsv
[4.515s] -- Installing: /home/nvidia/5.1-ros2_ws/install/yhs_can_interfaces/share/yhs_can_interfaces/package.dsv
[4.515s] -- Installing: /home/nvidia/5.1-ros2_ws/install/yhs_can_interfaces/share/ament_index/resource_index/packages/yhs_can_interfaces
[4.515s] -- Installing: /home/nvidia/5.1-ros2_ws/install/yhs_can_interfaces/share/yhs_can_interfaces/cmake/export_yhs_can_interfaces__rosidl_generator_cExport.cmake
[4.515s] -- Installing: /home/nvidia/5.1-ros2_ws/install/yhs_can_interfaces/share/yhs_can_interfaces/cmake/export_yhs_can_interfaces__rosidl_generator_cExport-noconfig.cmake
[4.515s] -- Installing: /home/nvidia/5.1-ros2_ws/install/yhs_can_interfaces/share/yhs_can_interfaces/cmake/export_yhs_can_interfaces__rosidl_typesupport_fastrtps_cExport.cmake
[4.515s] -- Installing: /home/nvidia/5.1-ros2_ws/install/yhs_can_interfaces/share/yhs_can_interfaces/cmake/export_yhs_can_interfaces__rosidl_typesupport_fastrtps_cExport-noconfig.cmake
[4.515s] -- Installing: /home/nvidia/5.1-ros2_ws/install/yhs_can_interfaces/share/yhs_can_interfaces/cmake/yhs_can_interfaces__rosidl_typesupport_introspection_cExport.cmake
[4.515s] -- Installing: /home/nvidia/5.1-ros2_ws/install/yhs_can_interfaces/share/yhs_can_interfaces/cmake/yhs_can_interfaces__rosidl_typesupport_introspection_cExport-noconfig.cmake
[4.515s] -- Installing: /home/nvidia/5.1-ros2_ws/install/yhs_can_interfaces/share/yhs_can_interfaces/cmake/yhs_can_interfaces__rosidl_typesupport_cExport.cmake
[4.515s] -- Installing: /home/nvidia/5.1-ros2_ws/install/yhs_can_interfaces/share/yhs_can_interfaces/cmake/yhs_can_interfaces__rosidl_typesupport_cExport-noconfig.cmake
[4.516s] -- Installing: /home/nvidia/5.1-ros2_ws/install/yhs_can_interfaces/share/yhs_can_interfaces/cmake/export_yhs_can_interfaces__rosidl_generator_cppExport.cmake
[4.516s] -- Installing: /home/nvidia/5.1-ros2_ws/install/yhs_can_interfaces/share/yhs_can_interfaces/cmake/export_yhs_can_interfaces__rosidl_typesupport_fastrtps_cppExport.cmake
[4.516s] -- Installing: /home/nvidia/5.1-ros2_ws/install/yhs_can_interfaces/share/yhs_can_interfaces/cmake/export_yhs_can_interfaces__rosidl_typesupport_fastrtps_cppExport-noconfig.cmake
[4.516s] -- Installing: /home/nvidia/5.1-ros2_ws/install/yhs_can_interfaces/share/yhs_can_interfaces/cmake/yhs_can_interfaces__rosidl_typesupport_introspection_cppExport.cmake
[4.516s] -- Installing: /home/nvidia/5.1-ros2_ws/install/yhs_can_interfaces/share/yhs_can_interfaces/cmake/yhs_can_interfaces__rosidl_typesupport_introspection_cppExport-noconfig.cmake
[4.516s] -- Installing: /home/nvidia/5.1-ros2_ws/install/yhs_can_interfaces/share/yhs_can_interfaces/cmake/yhs_can_interfaces__rosidl_typesupport_cppExport.cmake
[4.516s] -- Installing: /home/nvidia/5.1-ros2_ws/install/yhs_can_interfaces/share/yhs_can_interfaces/cmake/yhs_can_interfaces__rosidl_typesupport_cppExport-noconfig.cmake
[4.516s] -- Installing: /home/nvidia/5.1-ros2_ws/install/yhs_can_interfaces/share/yhs_can_interfaces/cmake/export_yhs_can_interfaces__rosidl_generator_pyExport.cmake
[4.516s] -- Installing: /home/nvidia/5.1-ros2_ws/install/yhs_can_interfaces/share/yhs_can_interfaces/cmake/export_yhs_can_interfaces__rosidl_generator_pyExport-noconfig.cmake
[4.516s] -- Installing: /home/nvidia/5.1-ros2_ws/install/yhs_can_interfaces/share/yhs_can_interfaces/cmake/rosidl_cmake-extras.cmake
[4.516s] -- Installing: /home/nvidia/5.1-ros2_ws/install/yhs_can_interfaces/share/yhs_can_interfaces/cmake/ament_cmake_export_dependencies-extras.cmake
[4.516s] -- Installing: /home/nvidia/5.1-ros2_ws/install/yhs_can_interfaces/share/yhs_can_interfaces/cmake/ament_cmake_export_include_directories-extras.cmake
[4.516s] -- Installing: /home/nvidia/5.1-ros2_ws/install/yhs_can_interfaces/share/yhs_can_interfaces/cmake/ament_cmake_export_libraries-extras.cmake
[4.516s] -- Installing: /home/nvidia/5.1-ros2_ws/install/yhs_can_interfaces/share/yhs_can_interfaces/cmake/ament_cmake_export_targets-extras.cmake
[4.516s] -- Installing: /home/nvidia/5.1-ros2_ws/install/yhs_can_interfaces/share/yhs_can_interfaces/cmake/rosidl_cmake_export_typesupport_targets-extras.cmake
[4.516s] -- Installing: /home/nvidia/5.1-ros2_ws/install/yhs_can_interfaces/share/yhs_can_interfaces/cmake/rosidl_cmake_export_typesupport_libraries-extras.cmake
[4.517s] -- Installing: /home/nvidia/5.1-ros2_ws/install/yhs_can_interfaces/share/yhs_can_interfaces/cmake/yhs_can_interfacesConfig.cmake
[4.517s] -- Installing: /home/nvidia/5.1-ros2_ws/install/yhs_can_interfaces/share/yhs_can_interfaces/cmake/yhs_can_interfacesConfig-version.cmake
[4.517s] -- Installing: /home/nvidia/5.1-ros2_ws/install/yhs_can_interfaces/share/yhs_can_interfaces/package.xml
[4.518s] Invoked command in '/home/nvidia/5.1-ros2_ws/build/yhs_can_interfaces' returned '0': CMAKE_PREFIX_PATH=/opt/ros/humble /usr/bin/cmake --install /home/nvidia/5.1-ros2_ws/build/yhs_can_interfaces
