[0.008s] Invoking command in '/home/nvidia/5.1-ros2_ws/build/yhs_can_interfaces': CMAKE_PREFIX_PATH=${CMAKE_PREFIX_PATH}:/opt/ros/humble /usr/bin/cmake --build /home/nvidia/5.1-ros2_ws/build/yhs_can_interfaces -- -j20 -l20
[0.068s] [  0%] Built target yhs_can_interfaces__cpp
[0.072s] [ 12%] Built target yhs_can_interfaces__rosidl_generator_c
[0.085s] [ 12%] Built target ament_cmake_python_copy_yhs_can_interfaces
[0.123s] [ 35%] Built target yhs_can_interfaces__rosidl_typesupport_c
[0.123s] [ 36%] Built target yhs_can_interfaces__rosidl_typesupport_introspection_cpp
[0.124s] [ 48%] Built target yhs_can_interfaces__rosidl_typesupport_introspection_c
[0.126s] [ 67%] Built target yhs_can_interfaces__rosidl_typesupport_fastrtps_cpp
[0.127s] [ 71%] Built target yhs_can_interfaces__rosidl_typesupport_fastrtps_c
[0.127s] [ 83%] Built target yhs_can_interfaces__rosidl_typesupport_cpp
[0.143s] [ 83%] Built target yhs_can_interfaces
[0.158s] [ 84%] Built target yhs_can_interfaces__py
[0.178s] [ 95%] Built target yhs_can_interfaces__rosidl_generator_py
[0.193s] [ 96%] Built target yhs_can_interfaces__rosidl_typesupport_c__pyext
[0.194s] [ 98%] Built target yhs_can_interfaces__rosidl_typesupport_fastrtps_c__pyext
[0.194s] [100%] Built target yhs_can_interfaces__rosidl_typesupport_introspection_c__pyext
[0.259s] running egg_info
[0.260s] writing yhs_can_interfaces.egg-info/PKG-INFO
[0.260s] writing dependency_links to yhs_can_interfaces.egg-info/dependency_links.txt
[0.260s] writing top-level names to yhs_can_interfaces.egg-info/top_level.txt
[0.261s] reading manifest file 'yhs_can_interfaces.egg-info/SOURCES.txt'
[0.262s] writing manifest file 'yhs_can_interfaces.egg-info/SOURCES.txt'
[0.278s] [100%] Built target ament_cmake_python_build_yhs_can_interfaces_egg
[0.287s] Invoked command in '/home/nvidia/5.1-ros2_ws/build/yhs_can_interfaces' returned '0': CMAKE_PREFIX_PATH=${CMAKE_PREFIX_PATH}:/opt/ros/humble /usr/bin/cmake --build /home/nvidia/5.1-ros2_ws/build/yhs_can_interfaces -- -j20 -l20
[0.294s] Invoking command in '/home/nvidia/5.1-ros2_ws/build/yhs_can_interfaces': CMAKE_PREFIX_PATH=${CMAKE_PREFIX_PATH}:/opt/ros/humble /usr/bin/cmake --install /home/nvidia/5.1-ros2_ws/build/yhs_can_interfaces
[0.303s] -- Install configuration: ""
[0.304s] -- Up-to-date: /home/nvidia/5.1-ros2_ws/install/yhs_can_interfaces/share/ament_index/resource_index/rosidl_interfaces/yhs_can_interfaces
[0.304s] -- Up-to-date: /home/nvidia/5.1-ros2_ws/install/yhs_can_interfaces/include/yhs_can_interfaces/yhs_can_interfaces
[0.304s] -- Up-to-date: /home/nvidia/5.1-ros2_ws/install/yhs_can_interfaces/include/yhs_can_interfaces/yhs_can_interfaces/msg
[0.304s] -- Up-to-date: /home/nvidia/5.1-ros2_ws/install/yhs_can_interfaces/include/yhs_can_interfaces/yhs_can_interfaces/msg/rosidl_generator_c__visibility_control.h
[0.304s] -- Up-to-date: /home/nvidia/5.1-ros2_ws/install/yhs_can_interfaces/include/yhs_can_interfaces/yhs_can_interfaces/msg/io_fb.h
[0.304s] -- Up-to-date: /home/nvidia/5.1-ros2_ws/install/yhs_can_interfaces/include/yhs_can_interfaces/yhs_can_interfaces/msg/detail
[0.304s] -- Up-to-date: /home/nvidia/5.1-ros2_ws/install/yhs_can_interfaces/include/yhs_can_interfaces/yhs_can_interfaces/msg/detail/bms_flag_info_fb__functions.h
[0.305s] -- Up-to-date: /home/nvidia/5.1-ros2_ws/install/yhs_can_interfaces/include/yhs_can_interfaces/yhs_can_interfaces/msg/detail/io_cmd__functions.c
[0.305s] -- Up-to-date: /home/nvidia/5.1-ros2_ws/install/yhs_can_interfaces/include/yhs_can_interfaces/yhs_can_interfaces/msg/detail/bms_info_fb__functions.c
[0.305s] -- Up-to-date: /home/nvidia/5.1-ros2_ws/install/yhs_can_interfaces/include/yhs_can_interfaces/yhs_can_interfaces/msg/detail/io_fb__struct.h
[0.305s] -- Up-to-date: /home/nvidia/5.1-ros2_ws/install/yhs_can_interfaces/include/yhs_can_interfaces/yhs_can_interfaces/msg/detail/lr_wheel_fb__functions.h
[0.305s] -- Up-to-date: /home/nvidia/5.1-ros2_ws/install/yhs_can_interfaces/include/yhs_can_interfaces/yhs_can_interfaces/msg/detail/chassis_info_fb__functions.c
[0.305s] -- Up-to-date: /home/nvidia/5.1-ros2_ws/install/yhs_can_interfaces/include/yhs_can_interfaces/yhs_can_interfaces/msg/detail/bms_flag_info_fb__struct.h
[0.306s] -- Up-to-date: /home/nvidia/5.1-ros2_ws/install/yhs_can_interfaces/include/yhs_can_interfaces/yhs_can_interfaces/msg/detail/io_fb__functions.c
[0.306s] -- Up-to-date: /home/nvidia/5.1-ros2_ws/install/yhs_can_interfaces/include/yhs_can_interfaces/yhs_can_interfaces/msg/detail/bms_flag_info_fb__functions.c
[0.306s] -- Up-to-date: /home/nvidia/5.1-ros2_ws/install/yhs_can_interfaces/include/yhs_can_interfaces/yhs_can_interfaces/msg/detail/chassis_info_fb__functions.h
[0.306s] -- Up-to-date: /home/nvidia/5.1-ros2_ws/install/yhs_can_interfaces/include/yhs_can_interfaces/yhs_can_interfaces/msg/detail/lr_wheel_fb__type_support.h
[0.306s] -- Up-to-date: /home/nvidia/5.1-ros2_ws/install/yhs_can_interfaces/include/yhs_can_interfaces/yhs_can_interfaces/msg/detail/lr_wheel_fb__struct.h
[0.306s] -- Up-to-date: /home/nvidia/5.1-ros2_ws/install/yhs_can_interfaces/include/yhs_can_interfaces/yhs_can_interfaces/msg/detail/io_cmd__type_support.h
[0.306s] -- Up-to-date: /home/nvidia/5.1-ros2_ws/install/yhs_can_interfaces/include/yhs_can_interfaces/yhs_can_interfaces/msg/detail/lr_wheel_fb__functions.c
[0.306s] -- Up-to-date: /home/nvidia/5.1-ros2_ws/install/yhs_can_interfaces/include/yhs_can_interfaces/yhs_can_interfaces/msg/detail/bms_info_fb__type_support.h
[0.306s] -- Up-to-date: /home/nvidia/5.1-ros2_ws/install/yhs_can_interfaces/include/yhs_can_interfaces/yhs_can_interfaces/msg/detail/drive_mcu_ecode_fb__functions.c
[0.306s] -- Up-to-date: /home/nvidia/5.1-ros2_ws/install/yhs_can_interfaces/include/yhs_can_interfaces/yhs_can_interfaces/msg/detail/drive_mcu_ecode_fb__functions.h
[0.306s] -- Up-to-date: /home/nvidia/5.1-ros2_ws/install/yhs_can_interfaces/include/yhs_can_interfaces/yhs_can_interfaces/msg/detail/veh_diag_fb__functions.c
[0.306s] -- Up-to-date: /home/nvidia/5.1-ros2_ws/install/yhs_can_interfaces/include/yhs_can_interfaces/yhs_can_interfaces/msg/detail/rr_wheel_fb__type_support.h
[0.307s] -- Up-to-date: /home/nvidia/5.1-ros2_ws/install/yhs_can_interfaces/include/yhs_can_interfaces/yhs_can_interfaces/msg/detail/ctrl_fb__type_support.h
[0.307s] -- Up-to-date: /home/nvidia/5.1-ros2_ws/install/yhs_can_interfaces/include/yhs_can_interfaces/yhs_can_interfaces/msg/detail/chassis_info_fb__struct.h
[0.307s] -- Up-to-date: /home/nvidia/5.1-ros2_ws/install/yhs_can_interfaces/include/yhs_can_interfaces/yhs_can_interfaces/msg/detail/rr_wheel_fb__functions.c
[0.307s] -- Up-to-date: /home/nvidia/5.1-ros2_ws/install/yhs_can_interfaces/include/yhs_can_interfaces/yhs_can_interfaces/msg/detail/ctrl_fb__struct.h
[0.307s] -- Up-to-date: /home/nvidia/5.1-ros2_ws/install/yhs_can_interfaces/include/yhs_can_interfaces/yhs_can_interfaces/msg/detail/bms_info_fb__functions.h
[0.307s] -- Up-to-date: /home/nvidia/5.1-ros2_ws/install/yhs_can_interfaces/include/yhs_can_interfaces/yhs_can_interfaces/msg/detail/veh_diag_fb__struct.h
[0.307s] -- Up-to-date: /home/nvidia/5.1-ros2_ws/install/yhs_can_interfaces/include/yhs_can_interfaces/yhs_can_interfaces/msg/detail/rr_wheel_fb__struct.h
[0.307s] -- Up-to-date: /home/nvidia/5.1-ros2_ws/install/yhs_can_interfaces/include/yhs_can_interfaces/yhs_can_interfaces/msg/detail/chassis_info_fb__type_support.h
[0.307s] -- Up-to-date: /home/nvidia/5.1-ros2_ws/install/yhs_can_interfaces/include/yhs_can_interfaces/yhs_can_interfaces/msg/detail/rr_wheel_fb__functions.h
[0.307s] -- Up-to-date: /home/nvidia/5.1-ros2_ws/install/yhs_can_interfaces/include/yhs_can_interfaces/yhs_can_interfaces/msg/detail/veh_diag_fb__functions.h
[0.307s] -- Up-to-date: /home/nvidia/5.1-ros2_ws/install/yhs_can_interfaces/include/yhs_can_interfaces/yhs_can_interfaces/msg/detail/ctrl_cmd__struct.h
[0.307s] -- Up-to-date: /home/nvidia/5.1-ros2_ws/install/yhs_can_interfaces/include/yhs_can_interfaces/yhs_can_interfaces/msg/detail/ctrl_fb__functions.h
[0.307s] -- Up-to-date: /home/nvidia/5.1-ros2_ws/install/yhs_can_interfaces/include/yhs_can_interfaces/yhs_can_interfaces/msg/detail/bms_flag_info_fb__type_support.h
[0.307s] -- Up-to-date: /home/nvidia/5.1-ros2_ws/install/yhs_can_interfaces/include/yhs_can_interfaces/yhs_can_interfaces/msg/detail/drive_mcu_ecode_fb__type_support.h
[0.307s] -- Up-to-date: /home/nvidia/5.1-ros2_ws/install/yhs_can_interfaces/include/yhs_can_interfaces/yhs_can_interfaces/msg/detail/ctrl_cmd__functions.h
[0.307s] -- Up-to-date: /home/nvidia/5.1-ros2_ws/install/yhs_can_interfaces/include/yhs_can_interfaces/yhs_can_interfaces/msg/detail/io_fb__type_support.h
[0.307s] -- Up-to-date: /home/nvidia/5.1-ros2_ws/install/yhs_can_interfaces/include/yhs_can_interfaces/yhs_can_interfaces/msg/detail/ctrl_cmd__type_support.h
[0.308s] -- Up-to-date: /home/nvidia/5.1-ros2_ws/install/yhs_can_interfaces/include/yhs_can_interfaces/yhs_can_interfaces/msg/detail/ctrl_cmd__functions.c
[0.308s] -- Up-to-date: /home/nvidia/5.1-ros2_ws/install/yhs_can_interfaces/include/yhs_can_interfaces/yhs_can_interfaces/msg/detail/io_cmd__struct.h
[0.308s] -- Up-to-date: /home/nvidia/5.1-ros2_ws/install/yhs_can_interfaces/include/yhs_can_interfaces/yhs_can_interfaces/msg/detail/io_fb__functions.h
[0.308s] -- Up-to-date: /home/nvidia/5.1-ros2_ws/install/yhs_can_interfaces/include/yhs_can_interfaces/yhs_can_interfaces/msg/detail/bms_info_fb__struct.h
[0.308s] -- Up-to-date: /home/nvidia/5.1-ros2_ws/install/yhs_can_interfaces/include/yhs_can_interfaces/yhs_can_interfaces/msg/detail/io_cmd__functions.h
[0.308s] -- Up-to-date: /home/nvidia/5.1-ros2_ws/install/yhs_can_interfaces/include/yhs_can_interfaces/yhs_can_interfaces/msg/detail/veh_diag_fb__type_support.h
[0.308s] -- Up-to-date: /home/nvidia/5.1-ros2_ws/install/yhs_can_interfaces/include/yhs_can_interfaces/yhs_can_interfaces/msg/detail/drive_mcu_ecode_fb__struct.h
[0.308s] -- Up-to-date: /home/nvidia/5.1-ros2_ws/install/yhs_can_interfaces/include/yhs_can_interfaces/yhs_can_interfaces/msg/detail/ctrl_fb__functions.c
[0.308s] -- Up-to-date: /home/nvidia/5.1-ros2_ws/install/yhs_can_interfaces/include/yhs_can_interfaces/yhs_can_interfaces/msg/drive_mcu_ecode_fb.h
[0.308s] -- Up-to-date: /home/nvidia/5.1-ros2_ws/install/yhs_can_interfaces/include/yhs_can_interfaces/yhs_can_interfaces/msg/io_cmd.h
[0.308s] -- Up-to-date: /home/nvidia/5.1-ros2_ws/install/yhs_can_interfaces/include/yhs_can_interfaces/yhs_can_interfaces/msg/bms_info_fb.h
[0.308s] -- Up-to-date: /home/nvidia/5.1-ros2_ws/install/yhs_can_interfaces/include/yhs_can_interfaces/yhs_can_interfaces/msg/bms_flag_info_fb.h
[0.308s] -- Up-to-date: /home/nvidia/5.1-ros2_ws/install/yhs_can_interfaces/include/yhs_can_interfaces/yhs_can_interfaces/msg/ctrl_fb.h
[0.308s] -- Up-to-date: /home/nvidia/5.1-ros2_ws/install/yhs_can_interfaces/include/yhs_can_interfaces/yhs_can_interfaces/msg/veh_diag_fb.h
[0.309s] -- Up-to-date: /home/nvidia/5.1-ros2_ws/install/yhs_can_interfaces/include/yhs_can_interfaces/yhs_can_interfaces/msg/rr_wheel_fb.h
[0.309s] -- Up-to-date: /home/nvidia/5.1-ros2_ws/install/yhs_can_interfaces/include/yhs_can_interfaces/yhs_can_interfaces/msg/chassis_info_fb.h
[0.309s] -- Up-to-date: /home/nvidia/5.1-ros2_ws/install/yhs_can_interfaces/include/yhs_can_interfaces/yhs_can_interfaces/msg/lr_wheel_fb.h
[0.309s] -- Up-to-date: /home/nvidia/5.1-ros2_ws/install/yhs_can_interfaces/include/yhs_can_interfaces/yhs_can_interfaces/msg/ctrl_cmd.h
[0.309s] -- Up-to-date: /home/nvidia/5.1-ros2_ws/install/yhs_can_interfaces/share/yhs_can_interfaces/environment/library_path.sh
[0.309s] -- Up-to-date: /home/nvidia/5.1-ros2_ws/install/yhs_can_interfaces/share/yhs_can_interfaces/environment/library_path.dsv
[0.309s] -- Up-to-date: /home/nvidia/5.1-ros2_ws/install/yhs_can_interfaces/lib/libyhs_can_interfaces__rosidl_generator_c.so
[0.309s] -- Up-to-date: /home/nvidia/5.1-ros2_ws/install/yhs_can_interfaces/include/yhs_can_interfaces/yhs_can_interfaces
[0.309s] -- Up-to-date: /home/nvidia/5.1-ros2_ws/install/yhs_can_interfaces/include/yhs_can_interfaces/yhs_can_interfaces/msg
[0.309s] -- Up-to-date: /home/nvidia/5.1-ros2_ws/install/yhs_can_interfaces/include/yhs_can_interfaces/yhs_can_interfaces/msg/detail
[0.309s] -- Up-to-date: /home/nvidia/5.1-ros2_ws/install/yhs_can_interfaces/include/yhs_can_interfaces/yhs_can_interfaces/msg/detail/bms_info_fb__rosidl_typesupport_fastrtps_c.h
[0.309s] -- Up-to-date: /home/nvidia/5.1-ros2_ws/install/yhs_can_interfaces/include/yhs_can_interfaces/yhs_can_interfaces/msg/detail/io_cmd__rosidl_typesupport_fastrtps_c.h
[0.309s] -- Up-to-date: /home/nvidia/5.1-ros2_ws/install/yhs_can_interfaces/include/yhs_can_interfaces/yhs_can_interfaces/msg/detail/ctrl_fb__rosidl_typesupport_fastrtps_c.h
[0.309s] -- Up-to-date: /home/nvidia/5.1-ros2_ws/install/yhs_can_interfaces/include/yhs_can_interfaces/yhs_can_interfaces/msg/detail/drive_mcu_ecode_fb__rosidl_typesupport_fastrtps_c.h
[0.309s] -- Up-to-date: /home/nvidia/5.1-ros2_ws/install/yhs_can_interfaces/include/yhs_can_interfaces/yhs_can_interfaces/msg/detail/lr_wheel_fb__rosidl_typesupport_fastrtps_c.h
[0.309s] -- Up-to-date: /home/nvidia/5.1-ros2_ws/install/yhs_can_interfaces/include/yhs_can_interfaces/yhs_can_interfaces/msg/detail/bms_flag_info_fb__rosidl_typesupport_fastrtps_c.h
[0.309s] -- Up-to-date: /home/nvidia/5.1-ros2_ws/install/yhs_can_interfaces/include/yhs_can_interfaces/yhs_can_interfaces/msg/detail/rr_wheel_fb__rosidl_typesupport_fastrtps_c.h
[0.310s] -- Up-to-date: /home/nvidia/5.1-ros2_ws/install/yhs_can_interfaces/include/yhs_can_interfaces/yhs_can_interfaces/msg/detail/ctrl_cmd__rosidl_typesupport_fastrtps_c.h
[0.310s] -- Up-to-date: /home/nvidia/5.1-ros2_ws/install/yhs_can_interfaces/include/yhs_can_interfaces/yhs_can_interfaces/msg/detail/veh_diag_fb__rosidl_typesupport_fastrtps_c.h
[0.310s] -- Up-to-date: /home/nvidia/5.1-ros2_ws/install/yhs_can_interfaces/include/yhs_can_interfaces/yhs_can_interfaces/msg/detail/chassis_info_fb__rosidl_typesupport_fastrtps_c.h
[0.310s] -- Up-to-date: /home/nvidia/5.1-ros2_ws/install/yhs_can_interfaces/include/yhs_can_interfaces/yhs_can_interfaces/msg/detail/io_fb__rosidl_typesupport_fastrtps_c.h
[0.310s] -- Up-to-date: /home/nvidia/5.1-ros2_ws/install/yhs_can_interfaces/include/yhs_can_interfaces/yhs_can_interfaces/msg/rosidl_typesupport_fastrtps_c__visibility_control.h
[0.310s] -- Up-to-date: /home/nvidia/5.1-ros2_ws/install/yhs_can_interfaces/lib/libyhs_can_interfaces__rosidl_typesupport_fastrtps_c.so
[0.310s] -- Up-to-date: /home/nvidia/5.1-ros2_ws/install/yhs_can_interfaces/include/yhs_can_interfaces/yhs_can_interfaces
[0.310s] -- Up-to-date: /home/nvidia/5.1-ros2_ws/install/yhs_can_interfaces/include/yhs_can_interfaces/yhs_can_interfaces/msg
[0.310s] -- Up-to-date: /home/nvidia/5.1-ros2_ws/install/yhs_can_interfaces/include/yhs_can_interfaces/yhs_can_interfaces/msg/rosidl_typesupport_introspection_c__visibility_control.h
[0.310s] -- Up-to-date: /home/nvidia/5.1-ros2_ws/install/yhs_can_interfaces/include/yhs_can_interfaces/yhs_can_interfaces/msg/detail
[0.310s] -- Up-to-date: /home/nvidia/5.1-ros2_ws/install/yhs_can_interfaces/include/yhs_can_interfaces/yhs_can_interfaces/msg/detail/chassis_info_fb__type_support.c
[0.310s] -- Up-to-date: /home/nvidia/5.1-ros2_ws/install/yhs_can_interfaces/include/yhs_can_interfaces/yhs_can_interfaces/msg/detail/bms_flag_info_fb__type_support.c
[0.310s] -- Up-to-date: /home/nvidia/5.1-ros2_ws/install/yhs_can_interfaces/include/yhs_can_interfaces/yhs_can_interfaces/msg/detail/io_fb__rosidl_typesupport_introspection_c.h
[0.310s] -- Up-to-date: /home/nvidia/5.1-ros2_ws/install/yhs_can_interfaces/include/yhs_can_interfaces/yhs_can_interfaces/msg/detail/veh_diag_fb__type_support.c
[0.310s] -- Up-to-date: /home/nvidia/5.1-ros2_ws/install/yhs_can_interfaces/include/yhs_can_interfaces/yhs_can_interfaces/msg/detail/drive_mcu_ecode_fb__type_support.c
[0.310s] -- Up-to-date: /home/nvidia/5.1-ros2_ws/install/yhs_can_interfaces/include/yhs_can_interfaces/yhs_can_interfaces/msg/detail/bms_flag_info_fb__rosidl_typesupport_introspection_c.h
[0.310s] -- Up-to-date: /home/nvidia/5.1-ros2_ws/install/yhs_can_interfaces/include/yhs_can_interfaces/yhs_can_interfaces/msg/detail/rr_wheel_fb__rosidl_typesupport_introspection_c.h
[0.310s] -- Up-to-date: /home/nvidia/5.1-ros2_ws/install/yhs_can_interfaces/include/yhs_can_interfaces/yhs_can_interfaces/msg/detail/chassis_info_fb__rosidl_typesupport_introspection_c.h
[0.310s] -- Up-to-date: /home/nvidia/5.1-ros2_ws/install/yhs_can_interfaces/include/yhs_can_interfaces/yhs_can_interfaces/msg/detail/io_cmd__type_support.c
[0.310s] -- Up-to-date: /home/nvidia/5.1-ros2_ws/install/yhs_can_interfaces/include/yhs_can_interfaces/yhs_can_interfaces/msg/detail/ctrl_cmd__type_support.c
[0.311s] -- Up-to-date: /home/nvidia/5.1-ros2_ws/install/yhs_can_interfaces/include/yhs_can_interfaces/yhs_can_interfaces/msg/detail/bms_info_fb__rosidl_typesupport_introspection_c.h
[0.311s] -- Up-to-date: /home/nvidia/5.1-ros2_ws/install/yhs_can_interfaces/include/yhs_can_interfaces/yhs_can_interfaces/msg/detail/io_fb__type_support.c
[0.311s] -- Up-to-date: /home/nvidia/5.1-ros2_ws/install/yhs_can_interfaces/include/yhs_can_interfaces/yhs_can_interfaces/msg/detail/rr_wheel_fb__type_support.c
[0.311s] -- Up-to-date: /home/nvidia/5.1-ros2_ws/install/yhs_can_interfaces/include/yhs_can_interfaces/yhs_can_interfaces/msg/detail/bms_info_fb__type_support.c
[0.311s] -- Up-to-date: /home/nvidia/5.1-ros2_ws/install/yhs_can_interfaces/include/yhs_can_interfaces/yhs_can_interfaces/msg/detail/io_cmd__rosidl_typesupport_introspection_c.h
[0.311s] -- Up-to-date: /home/nvidia/5.1-ros2_ws/install/yhs_can_interfaces/include/yhs_can_interfaces/yhs_can_interfaces/msg/detail/ctrl_fb__type_support.c
[0.311s] -- Up-to-date: /home/nvidia/5.1-ros2_ws/install/yhs_can_interfaces/include/yhs_can_interfaces/yhs_can_interfaces/msg/detail/ctrl_fb__rosidl_typesupport_introspection_c.h
[0.311s] -- Up-to-date: /home/nvidia/5.1-ros2_ws/install/yhs_can_interfaces/include/yhs_can_interfaces/yhs_can_interfaces/msg/detail/veh_diag_fb__rosidl_typesupport_introspection_c.h
[0.311s] -- Up-to-date: /home/nvidia/5.1-ros2_ws/install/yhs_can_interfaces/include/yhs_can_interfaces/yhs_can_interfaces/msg/detail/ctrl_cmd__rosidl_typesupport_introspection_c.h
[0.311s] -- Up-to-date: /home/nvidia/5.1-ros2_ws/install/yhs_can_interfaces/include/yhs_can_interfaces/yhs_can_interfaces/msg/detail/lr_wheel_fb__type_support.c
[0.311s] -- Up-to-date: /home/nvidia/5.1-ros2_ws/install/yhs_can_interfaces/include/yhs_can_interfaces/yhs_can_interfaces/msg/detail/lr_wheel_fb__rosidl_typesupport_introspection_c.h
[0.311s] -- Up-to-date: /home/nvidia/5.1-ros2_ws/install/yhs_can_interfaces/include/yhs_can_interfaces/yhs_can_interfaces/msg/detail/drive_mcu_ecode_fb__rosidl_typesupport_introspection_c.h
[0.311s] -- Up-to-date: /home/nvidia/5.1-ros2_ws/install/yhs_can_interfaces/lib/libyhs_can_interfaces__rosidl_typesupport_introspection_c.so
[0.311s] -- Up-to-date: /home/nvidia/5.1-ros2_ws/install/yhs_can_interfaces/lib/libyhs_can_interfaces__rosidl_typesupport_c.so
[0.311s] -- Up-to-date: /home/nvidia/5.1-ros2_ws/install/yhs_can_interfaces/include/yhs_can_interfaces/yhs_can_interfaces
[0.311s] -- Up-to-date: /home/nvidia/5.1-ros2_ws/install/yhs_can_interfaces/include/yhs_can_interfaces/yhs_can_interfaces/msg
[0.311s] -- Up-to-date: /home/nvidia/5.1-ros2_ws/install/yhs_can_interfaces/include/yhs_can_interfaces/yhs_can_interfaces/msg/io_fb.hpp
[0.311s] -- Up-to-date: /home/nvidia/5.1-ros2_ws/install/yhs_can_interfaces/include/yhs_can_interfaces/yhs_can_interfaces/msg/io_cmd.hpp
[0.311s] -- Up-to-date: /home/nvidia/5.1-ros2_ws/install/yhs_can_interfaces/include/yhs_can_interfaces/yhs_can_interfaces/msg/bms_info_fb.hpp
[0.311s] -- Up-to-date: /home/nvidia/5.1-ros2_ws/install/yhs_can_interfaces/include/yhs_can_interfaces/yhs_can_interfaces/msg/ctrl_cmd.hpp
[0.311s] -- Up-to-date: /home/nvidia/5.1-ros2_ws/install/yhs_can_interfaces/include/yhs_can_interfaces/yhs_can_interfaces/msg/detail
[0.311s] -- Up-to-date: /home/nvidia/5.1-ros2_ws/install/yhs_can_interfaces/include/yhs_can_interfaces/yhs_can_interfaces/msg/detail/io_fb__builder.hpp
[0.311s] -- Up-to-date: /home/nvidia/5.1-ros2_ws/install/yhs_can_interfaces/include/yhs_can_interfaces/yhs_can_interfaces/msg/detail/bms_flag_info_fb__builder.hpp
[0.311s] -- Up-to-date: /home/nvidia/5.1-ros2_ws/install/yhs_can_interfaces/include/yhs_can_interfaces/yhs_can_interfaces/msg/detail/ctrl_cmd__builder.hpp
[0.311s] -- Up-to-date: /home/nvidia/5.1-ros2_ws/install/yhs_can_interfaces/include/yhs_can_interfaces/yhs_can_interfaces/msg/detail/rr_wheel_fb__traits.hpp
[0.311s] -- Up-to-date: /home/nvidia/5.1-ros2_ws/install/yhs_can_interfaces/include/yhs_can_interfaces/yhs_can_interfaces/msg/detail/lr_wheel_fb__struct.hpp
[0.311s] -- Up-to-date: /home/nvidia/5.1-ros2_ws/install/yhs_can_interfaces/include/yhs_can_interfaces/yhs_can_interfaces/msg/detail/io_cmd__struct.hpp
[0.311s] -- Up-to-date: /home/nvidia/5.1-ros2_ws/install/yhs_can_interfaces/include/yhs_can_interfaces/yhs_can_interfaces/msg/detail/bms_info_fb__builder.hpp
[0.311s] -- Up-to-date: /home/nvidia/5.1-ros2_ws/install/yhs_can_interfaces/include/yhs_can_interfaces/yhs_can_interfaces/msg/detail/drive_mcu_ecode_fb__traits.hpp
[0.312s] -- Up-to-date: /home/nvidia/5.1-ros2_ws/install/yhs_can_interfaces/include/yhs_can_interfaces/yhs_can_interfaces/msg/detail/io_fb__type_support.hpp
[0.312s] -- Up-to-date: /home/nvidia/5.1-ros2_ws/install/yhs_can_interfaces/include/yhs_can_interfaces/yhs_can_interfaces/msg/detail/ctrl_cmd__traits.hpp
[0.312s] -- Up-to-date: /home/nvidia/5.1-ros2_ws/install/yhs_can_interfaces/include/yhs_can_interfaces/yhs_can_interfaces/msg/detail/io_cmd__type_support.hpp
[0.312s] -- Up-to-date: /home/nvidia/5.1-ros2_ws/install/yhs_can_interfaces/include/yhs_can_interfaces/yhs_can_interfaces/msg/detail/io_fb__struct.hpp
[0.312s] -- Up-to-date: /home/nvidia/5.1-ros2_ws/install/yhs_can_interfaces/include/yhs_can_interfaces/yhs_can_interfaces/msg/detail/rr_wheel_fb__struct.hpp
[0.312s] -- Up-to-date: /home/nvidia/5.1-ros2_ws/install/yhs_can_interfaces/include/yhs_can_interfaces/yhs_can_interfaces/msg/detail/bms_info_fb__struct.hpp
[0.312s] -- Up-to-date: /home/nvidia/5.1-ros2_ws/install/yhs_can_interfaces/include/yhs_can_interfaces/yhs_can_interfaces/msg/detail/io_cmd__traits.hpp
[0.312s] -- Up-to-date: /home/nvidia/5.1-ros2_ws/install/yhs_can_interfaces/include/yhs_can_interfaces/yhs_can_interfaces/msg/detail/veh_diag_fb__struct.hpp
[0.312s] -- Up-to-date: /home/nvidia/5.1-ros2_ws/install/yhs_can_interfaces/include/yhs_can_interfaces/yhs_can_interfaces/msg/detail/bms_flag_info_fb__struct.hpp
[0.312s] -- Up-to-date: /home/nvidia/5.1-ros2_ws/install/yhs_can_interfaces/include/yhs_can_interfaces/yhs_can_interfaces/msg/detail/veh_diag_fb__traits.hpp
[0.312s] -- Up-to-date: /home/nvidia/5.1-ros2_ws/install/yhs_can_interfaces/include/yhs_can_interfaces/yhs_can_interfaces/msg/detail/lr_wheel_fb__type_support.hpp
[0.312s] -- Up-to-date: /home/nvidia/5.1-ros2_ws/install/yhs_can_interfaces/include/yhs_can_interfaces/yhs_can_interfaces/msg/detail/veh_diag_fb__builder.hpp
[0.312s] -- Up-to-date: /home/nvidia/5.1-ros2_ws/install/yhs_can_interfaces/include/yhs_can_interfaces/yhs_can_interfaces/msg/detail/ctrl_cmd__type_support.hpp
[0.312s] -- Up-to-date: /home/nvidia/5.1-ros2_ws/install/yhs_can_interfaces/include/yhs_can_interfaces/yhs_can_interfaces/msg/detail/io_fb__traits.hpp
[0.312s] -- Up-to-date: /home/nvidia/5.1-ros2_ws/install/yhs_can_interfaces/include/yhs_can_interfaces/yhs_can_interfaces/msg/detail/rr_wheel_fb__type_support.hpp
[0.312s] -- Up-to-date: /home/nvidia/5.1-ros2_ws/install/yhs_can_interfaces/include/yhs_can_interfaces/yhs_can_interfaces/msg/detail/drive_mcu_ecode_fb__builder.hpp
[0.312s] -- Up-to-date: /home/nvidia/5.1-ros2_ws/install/yhs_can_interfaces/include/yhs_can_interfaces/yhs_can_interfaces/msg/detail/chassis_info_fb__struct.hpp
[0.312s] -- Up-to-date: /home/nvidia/5.1-ros2_ws/install/yhs_can_interfaces/include/yhs_can_interfaces/yhs_can_interfaces/msg/detail/drive_mcu_ecode_fb__type_support.hpp
[0.312s] -- Up-to-date: /home/nvidia/5.1-ros2_ws/install/yhs_can_interfaces/include/yhs_can_interfaces/yhs_can_interfaces/msg/detail/chassis_info_fb__type_support.hpp
[0.312s] -- Up-to-date: /home/nvidia/5.1-ros2_ws/install/yhs_can_interfaces/include/yhs_can_interfaces/yhs_can_interfaces/msg/detail/ctrl_fb__type_support.hpp
[0.312s] -- Up-to-date: /home/nvidia/5.1-ros2_ws/install/yhs_can_interfaces/include/yhs_can_interfaces/yhs_can_interfaces/msg/detail/bms_flag_info_fb__traits.hpp
[0.312s] -- Up-to-date: /home/nvidia/5.1-ros2_ws/install/yhs_can_interfaces/include/yhs_can_interfaces/yhs_can_interfaces/msg/detail/ctrl_cmd__struct.hpp
[0.312s] -- Up-to-date: /home/nvidia/5.1-ros2_ws/install/yhs_can_interfaces/include/yhs_can_interfaces/yhs_can_interfaces/msg/detail/io_cmd__builder.hpp
[0.312s] -- Up-to-date: /home/nvidia/5.1-ros2_ws/install/yhs_can_interfaces/include/yhs_can_interfaces/yhs_can_interfaces/msg/detail/lr_wheel_fb__builder.hpp
[0.312s] -- Up-to-date: /home/nvidia/5.1-ros2_ws/install/yhs_can_interfaces/include/yhs_can_interfaces/yhs_can_interfaces/msg/detail/bms_flag_info_fb__type_support.hpp
[0.312s] -- Up-to-date: /home/nvidia/5.1-ros2_ws/install/yhs_can_interfaces/include/yhs_can_interfaces/yhs_can_interfaces/msg/detail/ctrl_fb__builder.hpp
[0.312s] -- Up-to-date: /home/nvidia/5.1-ros2_ws/install/yhs_can_interfaces/include/yhs_can_interfaces/yhs_can_interfaces/msg/detail/ctrl_fb__traits.hpp
[0.312s] -- Up-to-date: /home/nvidia/5.1-ros2_ws/install/yhs_can_interfaces/include/yhs_can_interfaces/yhs_can_interfaces/msg/detail/bms_info_fb__traits.hpp
[0.312s] -- Up-to-date: /home/nvidia/5.1-ros2_ws/install/yhs_can_interfaces/include/yhs_can_interfaces/yhs_can_interfaces/msg/detail/drive_mcu_ecode_fb__struct.hpp
[0.312s] -- Up-to-date: /home/nvidia/5.1-ros2_ws/install/yhs_can_interfaces/include/yhs_can_interfaces/yhs_can_interfaces/msg/detail/rr_wheel_fb__builder.hpp
[0.312s] -- Up-to-date: /home/nvidia/5.1-ros2_ws/install/yhs_can_interfaces/include/yhs_can_interfaces/yhs_can_interfaces/msg/detail/ctrl_fb__struct.hpp
[0.312s] -- Up-to-date: /home/nvidia/5.1-ros2_ws/install/yhs_can_interfaces/include/yhs_can_interfaces/yhs_can_interfaces/msg/detail/chassis_info_fb__builder.hpp
[0.313s] -- Up-to-date: /home/nvidia/5.1-ros2_ws/install/yhs_can_interfaces/include/yhs_can_interfaces/yhs_can_interfaces/msg/detail/lr_wheel_fb__traits.hpp
[0.313s] -- Up-to-date: /home/nvidia/5.1-ros2_ws/install/yhs_can_interfaces/include/yhs_can_interfaces/yhs_can_interfaces/msg/detail/bms_info_fb__type_support.hpp
[0.313s] -- Up-to-date: /home/nvidia/5.1-ros2_ws/install/yhs_can_interfaces/include/yhs_can_interfaces/yhs_can_interfaces/msg/detail/veh_diag_fb__type_support.hpp
[0.313s] -- Up-to-date: /home/nvidia/5.1-ros2_ws/install/yhs_can_interfaces/include/yhs_can_interfaces/yhs_can_interfaces/msg/detail/chassis_info_fb__traits.hpp
[0.313s] -- Up-to-date: /home/nvidia/5.1-ros2_ws/install/yhs_can_interfaces/include/yhs_can_interfaces/yhs_can_interfaces/msg/chassis_info_fb.hpp
[0.313s] -- Up-to-date: /home/nvidia/5.1-ros2_ws/install/yhs_can_interfaces/include/yhs_can_interfaces/yhs_can_interfaces/msg/rosidl_generator_cpp__visibility_control.hpp
[0.313s] -- Up-to-date: /home/nvidia/5.1-ros2_ws/install/yhs_can_interfaces/include/yhs_can_interfaces/yhs_can_interfaces/msg/rr_wheel_fb.hpp
[0.313s] -- Up-to-date: /home/nvidia/5.1-ros2_ws/install/yhs_can_interfaces/include/yhs_can_interfaces/yhs_can_interfaces/msg/ctrl_fb.hpp
[0.313s] -- Up-to-date: /home/nvidia/5.1-ros2_ws/install/yhs_can_interfaces/include/yhs_can_interfaces/yhs_can_interfaces/msg/lr_wheel_fb.hpp
[0.313s] -- Up-to-date: /home/nvidia/5.1-ros2_ws/install/yhs_can_interfaces/include/yhs_can_interfaces/yhs_can_interfaces/msg/veh_diag_fb.hpp
[0.313s] -- Up-to-date: /home/nvidia/5.1-ros2_ws/install/yhs_can_interfaces/include/yhs_can_interfaces/yhs_can_interfaces/msg/bms_flag_info_fb.hpp
[0.313s] -- Up-to-date: /home/nvidia/5.1-ros2_ws/install/yhs_can_interfaces/include/yhs_can_interfaces/yhs_can_interfaces/msg/drive_mcu_ecode_fb.hpp
[0.313s] -- Up-to-date: /home/nvidia/5.1-ros2_ws/install/yhs_can_interfaces/include/yhs_can_interfaces/yhs_can_interfaces
[0.313s] -- Up-to-date: /home/nvidia/5.1-ros2_ws/install/yhs_can_interfaces/include/yhs_can_interfaces/yhs_can_interfaces/msg
[0.313s] -- Up-to-date: /home/nvidia/5.1-ros2_ws/install/yhs_can_interfaces/include/yhs_can_interfaces/yhs_can_interfaces/msg/detail
[0.313s] -- Up-to-date: /home/nvidia/5.1-ros2_ws/install/yhs_can_interfaces/include/yhs_can_interfaces/yhs_can_interfaces/msg/detail/dds_fastrtps
[0.313s] -- Up-to-date: /home/nvidia/5.1-ros2_ws/install/yhs_can_interfaces/include/yhs_can_interfaces/yhs_can_interfaces/msg/detail/io_cmd__rosidl_typesupport_fastrtps_cpp.hpp
[0.313s] -- Up-to-date: /home/nvidia/5.1-ros2_ws/install/yhs_can_interfaces/include/yhs_can_interfaces/yhs_can_interfaces/msg/detail/chassis_info_fb__rosidl_typesupport_fastrtps_cpp.hpp
[0.313s] -- Up-to-date: /home/nvidia/5.1-ros2_ws/install/yhs_can_interfaces/include/yhs_can_interfaces/yhs_can_interfaces/msg/detail/veh_diag_fb__rosidl_typesupport_fastrtps_cpp.hpp
[0.313s] -- Up-to-date: /home/nvidia/5.1-ros2_ws/install/yhs_can_interfaces/include/yhs_can_interfaces/yhs_can_interfaces/msg/detail/rr_wheel_fb__rosidl_typesupport_fastrtps_cpp.hpp
[0.313s] -- Up-to-date: /home/nvidia/5.1-ros2_ws/install/yhs_can_interfaces/include/yhs_can_interfaces/yhs_can_interfaces/msg/detail/lr_wheel_fb__rosidl_typesupport_fastrtps_cpp.hpp
[0.313s] -- Up-to-date: /home/nvidia/5.1-ros2_ws/install/yhs_can_interfaces/include/yhs_can_interfaces/yhs_can_interfaces/msg/detail/bms_info_fb__rosidl_typesupport_fastrtps_cpp.hpp
[0.313s] -- Up-to-date: /home/nvidia/5.1-ros2_ws/install/yhs_can_interfaces/include/yhs_can_interfaces/yhs_can_interfaces/msg/detail/ctrl_fb__rosidl_typesupport_fastrtps_cpp.hpp
[0.313s] -- Up-to-date: /home/nvidia/5.1-ros2_ws/install/yhs_can_interfaces/include/yhs_can_interfaces/yhs_can_interfaces/msg/detail/bms_flag_info_fb__rosidl_typesupport_fastrtps_cpp.hpp
[0.313s] -- Up-to-date: /home/nvidia/5.1-ros2_ws/install/yhs_can_interfaces/include/yhs_can_interfaces/yhs_can_interfaces/msg/detail/drive_mcu_ecode_fb__rosidl_typesupport_fastrtps_cpp.hpp
[0.313s] -- Up-to-date: /home/nvidia/5.1-ros2_ws/install/yhs_can_interfaces/include/yhs_can_interfaces/yhs_can_interfaces/msg/detail/ctrl_cmd__rosidl_typesupport_fastrtps_cpp.hpp
[0.313s] -- Up-to-date: /home/nvidia/5.1-ros2_ws/install/yhs_can_interfaces/include/yhs_can_interfaces/yhs_can_interfaces/msg/detail/io_fb__rosidl_typesupport_fastrtps_cpp.hpp
[0.313s] -- Up-to-date: /home/nvidia/5.1-ros2_ws/install/yhs_can_interfaces/include/yhs_can_interfaces/yhs_can_interfaces/msg/rosidl_typesupport_fastrtps_cpp__visibility_control.h
[0.313s] -- Up-to-date: /home/nvidia/5.1-ros2_ws/install/yhs_can_interfaces/lib/libyhs_can_interfaces__rosidl_typesupport_fastrtps_cpp.so
[0.313s] -- Up-to-date: /home/nvidia/5.1-ros2_ws/install/yhs_can_interfaces/include/yhs_can_interfaces/yhs_can_interfaces
[0.313s] -- Up-to-date: /home/nvidia/5.1-ros2_ws/install/yhs_can_interfaces/include/yhs_can_interfaces/yhs_can_interfaces/msg
[0.314s] -- Up-to-date: /home/nvidia/5.1-ros2_ws/install/yhs_can_interfaces/include/yhs_can_interfaces/yhs_can_interfaces/msg/detail
[0.314s] -- Up-to-date: /home/nvidia/5.1-ros2_ws/install/yhs_can_interfaces/include/yhs_can_interfaces/yhs_can_interfaces/msg/detail/io_fb__rosidl_typesupport_introspection_cpp.hpp
[0.314s] -- Up-to-date: /home/nvidia/5.1-ros2_ws/install/yhs_can_interfaces/include/yhs_can_interfaces/yhs_can_interfaces/msg/detail/io_cmd__type_support.cpp
[0.314s] -- Up-to-date: /home/nvidia/5.1-ros2_ws/install/yhs_can_interfaces/include/yhs_can_interfaces/yhs_can_interfaces/msg/detail/chassis_info_fb__type_support.cpp
[0.314s] -- Up-to-date: /home/nvidia/5.1-ros2_ws/install/yhs_can_interfaces/include/yhs_can_interfaces/yhs_can_interfaces/msg/detail/io_fb__type_support.cpp
[0.314s] -- Up-to-date: /home/nvidia/5.1-ros2_ws/install/yhs_can_interfaces/include/yhs_can_interfaces/yhs_can_interfaces/msg/detail/veh_diag_fb__rosidl_typesupport_introspection_cpp.hpp
[0.314s] -- Up-to-date: /home/nvidia/5.1-ros2_ws/install/yhs_can_interfaces/include/yhs_can_interfaces/yhs_can_interfaces/msg/detail/lr_wheel_fb__rosidl_typesupport_introspection_cpp.hpp
[0.314s] -- Up-to-date: /home/nvidia/5.1-ros2_ws/install/yhs_can_interfaces/include/yhs_can_interfaces/yhs_can_interfaces/msg/detail/lr_wheel_fb__type_support.cpp
[0.314s] -- Up-to-date: /home/nvidia/5.1-ros2_ws/install/yhs_can_interfaces/include/yhs_can_interfaces/yhs_can_interfaces/msg/detail/rr_wheel_fb__type_support.cpp
[0.314s] -- Up-to-date: /home/nvidia/5.1-ros2_ws/install/yhs_can_interfaces/include/yhs_can_interfaces/yhs_can_interfaces/msg/detail/ctrl_cmd__type_support.cpp
[0.314s] -- Up-to-date: /home/nvidia/5.1-ros2_ws/install/yhs_can_interfaces/include/yhs_can_interfaces/yhs_can_interfaces/msg/detail/drive_mcu_ecode_fb__rosidl_typesupport_introspection_cpp.hpp
[0.314s] -- Up-to-date: /home/nvidia/5.1-ros2_ws/install/yhs_can_interfaces/include/yhs_can_interfaces/yhs_can_interfaces/msg/detail/ctrl_cmd__rosidl_typesupport_introspection_cpp.hpp
[0.314s] -- Up-to-date: /home/nvidia/5.1-ros2_ws/install/yhs_can_interfaces/include/yhs_can_interfaces/yhs_can_interfaces/msg/detail/bms_flag_info_fb__rosidl_typesupport_introspection_cpp.hpp
[0.314s] -- Up-to-date: /home/nvidia/5.1-ros2_ws/install/yhs_can_interfaces/include/yhs_can_interfaces/yhs_can_interfaces/msg/detail/veh_diag_fb__type_support.cpp
[0.314s] -- Up-to-date: /home/nvidia/5.1-ros2_ws/install/yhs_can_interfaces/include/yhs_can_interfaces/yhs_can_interfaces/msg/detail/bms_info_fb__type_support.cpp
[0.314s] -- Up-to-date: /home/nvidia/5.1-ros2_ws/install/yhs_can_interfaces/include/yhs_can_interfaces/yhs_can_interfaces/msg/detail/drive_mcu_ecode_fb__type_support.cpp
[0.314s] -- Up-to-date: /home/nvidia/5.1-ros2_ws/install/yhs_can_interfaces/include/yhs_can_interfaces/yhs_can_interfaces/msg/detail/bms_flag_info_fb__type_support.cpp
[0.314s] -- Up-to-date: /home/nvidia/5.1-ros2_ws/install/yhs_can_interfaces/include/yhs_can_interfaces/yhs_can_interfaces/msg/detail/ctrl_fb__rosidl_typesupport_introspection_cpp.hpp
[0.314s] -- Up-to-date: /home/nvidia/5.1-ros2_ws/install/yhs_can_interfaces/include/yhs_can_interfaces/yhs_can_interfaces/msg/detail/ctrl_fb__type_support.cpp
[0.314s] -- Up-to-date: /home/nvidia/5.1-ros2_ws/install/yhs_can_interfaces/include/yhs_can_interfaces/yhs_can_interfaces/msg/detail/bms_info_fb__rosidl_typesupport_introspection_cpp.hpp
[0.314s] -- Up-to-date: /home/nvidia/5.1-ros2_ws/install/yhs_can_interfaces/include/yhs_can_interfaces/yhs_can_interfaces/msg/detail/io_cmd__rosidl_typesupport_introspection_cpp.hpp
[0.314s] -- Up-to-date: /home/nvidia/5.1-ros2_ws/install/yhs_can_interfaces/include/yhs_can_interfaces/yhs_can_interfaces/msg/detail/chassis_info_fb__rosidl_typesupport_introspection_cpp.hpp
[0.314s] -- Up-to-date: /home/nvidia/5.1-ros2_ws/install/yhs_can_interfaces/include/yhs_can_interfaces/yhs_can_interfaces/msg/detail/rr_wheel_fb__rosidl_typesupport_introspection_cpp.hpp
[0.314s] -- Up-to-date: /home/nvidia/5.1-ros2_ws/install/yhs_can_interfaces/lib/libyhs_can_interfaces__rosidl_typesupport_introspection_cpp.so
[0.314s] -- Up-to-date: /home/nvidia/5.1-ros2_ws/install/yhs_can_interfaces/lib/libyhs_can_interfaces__rosidl_typesupport_cpp.so
[0.314s] -- Up-to-date: /home/nvidia/5.1-ros2_ws/install/yhs_can_interfaces/share/yhs_can_interfaces/environment/pythonpath.sh
[0.314s] -- Up-to-date: /home/nvidia/5.1-ros2_ws/install/yhs_can_interfaces/share/yhs_can_interfaces/environment/pythonpath.dsv
[0.314s] -- Up-to-date: /home/nvidia/5.1-ros2_ws/install/yhs_can_interfaces/local/lib/python3.10/dist-packages/yhs_can_interfaces-0.0.0-py3.10.egg-info
[0.314s] -- Installing: /home/nvidia/5.1-ros2_ws/install/yhs_can_interfaces/local/lib/python3.10/dist-packages/yhs_can_interfaces-0.0.0-py3.10.egg-info/PKG-INFO
[0.314s] -- Installing: /home/nvidia/5.1-ros2_ws/install/yhs_can_interfaces/local/lib/python3.10/dist-packages/yhs_can_interfaces-0.0.0-py3.10.egg-info/SOURCES.txt
[0.314s] -- Installing: /home/nvidia/5.1-ros2_ws/install/yhs_can_interfaces/local/lib/python3.10/dist-packages/yhs_can_interfaces-0.0.0-py3.10.egg-info/dependency_links.txt
[0.314s] -- Installing: /home/nvidia/5.1-ros2_ws/install/yhs_can_interfaces/local/lib/python3.10/dist-packages/yhs_can_interfaces-0.0.0-py3.10.egg-info/top_level.txt
[0.314s] -- Up-to-date: /home/nvidia/5.1-ros2_ws/install/yhs_can_interfaces/local/lib/python3.10/dist-packages/yhs_can_interfaces
[0.314s] -- Up-to-date: /home/nvidia/5.1-ros2_ws/install/yhs_can_interfaces/local/lib/python3.10/dist-packages/yhs_can_interfaces/__init__.py
[0.314s] -- Up-to-date: /home/nvidia/5.1-ros2_ws/install/yhs_can_interfaces/local/lib/python3.10/dist-packages/yhs_can_interfaces/libyhs_can_interfaces__rosidl_generator_py.so
[0.315s] -- Up-to-date: /home/nvidia/5.1-ros2_ws/install/yhs_can_interfaces/local/lib/python3.10/dist-packages/yhs_can_interfaces/_yhs_can_interfaces_s.ep.rosidl_typesupport_introspection_c.c
[0.315s] -- Up-to-date: /home/nvidia/5.1-ros2_ws/install/yhs_can_interfaces/local/lib/python3.10/dist-packages/yhs_can_interfaces/yhs_can_interfaces_s__rosidl_typesupport_c.cpython-310-x86_64-linux-gnu.so
[0.315s] -- Up-to-date: /home/nvidia/5.1-ros2_ws/install/yhs_can_interfaces/local/lib/python3.10/dist-packages/yhs_can_interfaces/msg
[0.315s] -- Up-to-date: /home/nvidia/5.1-ros2_ws/install/yhs_can_interfaces/local/lib/python3.10/dist-packages/yhs_can_interfaces/msg/_drive_mcu_ecode_fb_s.c
[0.315s] -- Up-to-date: /home/nvidia/5.1-ros2_ws/install/yhs_can_interfaces/local/lib/python3.10/dist-packages/yhs_can_interfaces/msg/_rr_wheel_fb.py
[0.315s] -- Up-to-date: /home/nvidia/5.1-ros2_ws/install/yhs_can_interfaces/local/lib/python3.10/dist-packages/yhs_can_interfaces/msg/__init__.py
[0.315s] -- Up-to-date: /home/nvidia/5.1-ros2_ws/install/yhs_can_interfaces/local/lib/python3.10/dist-packages/yhs_can_interfaces/msg/_ctrl_cmd_s.c
[0.315s] -- Up-to-date: /home/nvidia/5.1-ros2_ws/install/yhs_can_interfaces/local/lib/python3.10/dist-packages/yhs_can_interfaces/msg/_lr_wheel_fb_s.c
[0.315s] -- Up-to-date: /home/nvidia/5.1-ros2_ws/install/yhs_can_interfaces/local/lib/python3.10/dist-packages/yhs_can_interfaces/msg/_veh_diag_fb_s.c
[0.315s] -- Up-to-date: /home/nvidia/5.1-ros2_ws/install/yhs_can_interfaces/local/lib/python3.10/dist-packages/yhs_can_interfaces/msg/_rr_wheel_fb_s.c
[0.315s] -- Up-to-date: /home/nvidia/5.1-ros2_ws/install/yhs_can_interfaces/local/lib/python3.10/dist-packages/yhs_can_interfaces/msg/_ctrl_fb.py
[0.315s] -- Up-to-date: /home/nvidia/5.1-ros2_ws/install/yhs_can_interfaces/local/lib/python3.10/dist-packages/yhs_can_interfaces/msg/_io_cmd.py
[0.315s] -- Up-to-date: /home/nvidia/5.1-ros2_ws/install/yhs_can_interfaces/local/lib/python3.10/dist-packages/yhs_can_interfaces/msg/_bms_flag_info_fb.py
[0.315s] -- Up-to-date: /home/nvidia/5.1-ros2_ws/install/yhs_can_interfaces/local/lib/python3.10/dist-packages/yhs_can_interfaces/msg/_veh_diag_fb.py
[0.315s] -- Up-to-date: /home/nvidia/5.1-ros2_ws/install/yhs_can_interfaces/local/lib/python3.10/dist-packages/yhs_can_interfaces/msg/_drive_mcu_ecode_fb.py
[0.315s] -- Up-to-date: /home/nvidia/5.1-ros2_ws/install/yhs_can_interfaces/local/lib/python3.10/dist-packages/yhs_can_interfaces/msg/_io_fb.py
[0.315s] -- Up-to-date: /home/nvidia/5.1-ros2_ws/install/yhs_can_interfaces/local/lib/python3.10/dist-packages/yhs_can_interfaces/msg/_lr_wheel_fb.py
[0.315s] -- Up-to-date: /home/nvidia/5.1-ros2_ws/install/yhs_can_interfaces/local/lib/python3.10/dist-packages/yhs_can_interfaces/msg/_ctrl_fb_s.c
[0.315s] -- Up-to-date: /home/nvidia/5.1-ros2_ws/install/yhs_can_interfaces/local/lib/python3.10/dist-packages/yhs_can_interfaces/msg/_chassis_info_fb_s.c
[0.315s] -- Up-to-date: /home/nvidia/5.1-ros2_ws/install/yhs_can_interfaces/local/lib/python3.10/dist-packages/yhs_can_interfaces/msg/_io_fb_s.c
[0.315s] -- Up-to-date: /home/nvidia/5.1-ros2_ws/install/yhs_can_interfaces/local/lib/python3.10/dist-packages/yhs_can_interfaces/msg/_io_cmd_s.c
[0.315s] -- Up-to-date: /home/nvidia/5.1-ros2_ws/install/yhs_can_interfaces/local/lib/python3.10/dist-packages/yhs_can_interfaces/msg/_ctrl_cmd.py
[0.315s] -- Up-to-date: /home/nvidia/5.1-ros2_ws/install/yhs_can_interfaces/local/lib/python3.10/dist-packages/yhs_can_interfaces/msg/_chassis_info_fb.py
[0.315s] -- Up-to-date: /home/nvidia/5.1-ros2_ws/install/yhs_can_interfaces/local/lib/python3.10/dist-packages/yhs_can_interfaces/msg/_bms_info_fb_s.c
[0.315s] -- Up-to-date: /home/nvidia/5.1-ros2_ws/install/yhs_can_interfaces/local/lib/python3.10/dist-packages/yhs_can_interfaces/msg/_bms_flag_info_fb_s.c
[0.315s] -- Up-to-date: /home/nvidia/5.1-ros2_ws/install/yhs_can_interfaces/local/lib/python3.10/dist-packages/yhs_can_interfaces/msg/_bms_info_fb.py
[0.315s] -- Up-to-date: /home/nvidia/5.1-ros2_ws/install/yhs_can_interfaces/local/lib/python3.10/dist-packages/yhs_can_interfaces/yhs_can_interfaces_s__rosidl_typesupport_fastrtps_c.cpython-310-x86_64-linux-gnu.so
[0.315s] -- Up-to-date: /home/nvidia/5.1-ros2_ws/install/yhs_can_interfaces/local/lib/python3.10/dist-packages/yhs_can_interfaces/yhs_can_interfaces_s__rosidl_typesupport_introspection_c.cpython-310-x86_64-linux-gnu.so
[0.315s] -- Up-to-date: /home/nvidia/5.1-ros2_ws/install/yhs_can_interfaces/local/lib/python3.10/dist-packages/yhs_can_interfaces/_yhs_can_interfaces_s.ep.rosidl_typesupport_fastrtps_c.c
[0.315s] -- Up-to-date: /home/nvidia/5.1-ros2_ws/install/yhs_can_interfaces/local/lib/python3.10/dist-packages/yhs_can_interfaces/_yhs_can_interfaces_s.ep.rosidl_typesupport_c.c
[0.332s] Listing '/home/nvidia/5.1-ros2_ws/install/yhs_can_interfaces/local/lib/python3.10/dist-packages/yhs_can_interfaces'...
[0.332s] Listing '/home/nvidia/5.1-ros2_ws/install/yhs_can_interfaces/local/lib/python3.10/dist-packages/yhs_can_interfaces/msg'...
[0.335s] -- Up-to-date: /home/nvidia/5.1-ros2_ws/install/yhs_can_interfaces/local/lib/python3.10/dist-packages/yhs_can_interfaces/yhs_can_interfaces_s__rosidl_typesupport_fastrtps_c.cpython-310-x86_64-linux-gnu.so
[0.336s] -- Up-to-date: /home/nvidia/5.1-ros2_ws/install/yhs_can_interfaces/local/lib/python3.10/dist-packages/yhs_can_interfaces/yhs_can_interfaces_s__rosidl_typesupport_introspection_c.cpython-310-x86_64-linux-gnu.so
[0.336s] -- Up-to-date: /home/nvidia/5.1-ros2_ws/install/yhs_can_interfaces/local/lib/python3.10/dist-packages/yhs_can_interfaces/yhs_can_interfaces_s__rosidl_typesupport_c.cpython-310-x86_64-linux-gnu.so
[0.336s] -- Up-to-date: /home/nvidia/5.1-ros2_ws/install/yhs_can_interfaces/lib/libyhs_can_interfaces__rosidl_generator_py.so
[0.336s] -- Up-to-date: /home/nvidia/5.1-ros2_ws/install/yhs_can_interfaces/share/yhs_can_interfaces/msg/BmsFlagInfoFb.idl
[0.336s] -- Up-to-date: /home/nvidia/5.1-ros2_ws/install/yhs_can_interfaces/share/yhs_can_interfaces/msg/BmsInfoFb.idl
[0.336s] -- Up-to-date: /home/nvidia/5.1-ros2_ws/install/yhs_can_interfaces/share/yhs_can_interfaces/msg/ChassisInfoFb.idl
[0.336s] -- Up-to-date: /home/nvidia/5.1-ros2_ws/install/yhs_can_interfaces/share/yhs_can_interfaces/msg/CtrlCmd.idl
[0.336s] -- Up-to-date: /home/nvidia/5.1-ros2_ws/install/yhs_can_interfaces/share/yhs_can_interfaces/msg/CtrlFb.idl
[0.336s] -- Up-to-date: /home/nvidia/5.1-ros2_ws/install/yhs_can_interfaces/share/yhs_can_interfaces/msg/DriveMcuEcodeFb.idl
[0.336s] -- Up-to-date: /home/nvidia/5.1-ros2_ws/install/yhs_can_interfaces/share/yhs_can_interfaces/msg/IoCmd.idl
[0.336s] -- Up-to-date: /home/nvidia/5.1-ros2_ws/install/yhs_can_interfaces/share/yhs_can_interfaces/msg/IoFb.idl
[0.336s] -- Up-to-date: /home/nvidia/5.1-ros2_ws/install/yhs_can_interfaces/share/yhs_can_interfaces/msg/LrWheelFb.idl
[0.336s] -- Up-to-date: /home/nvidia/5.1-ros2_ws/install/yhs_can_interfaces/share/yhs_can_interfaces/msg/RrWheelFb.idl
[0.336s] -- Up-to-date: /home/nvidia/5.1-ros2_ws/install/yhs_can_interfaces/share/yhs_can_interfaces/msg/VehDiagFb.idl
[0.336s] -- Up-to-date: /home/nvidia/5.1-ros2_ws/install/yhs_can_interfaces/share/yhs_can_interfaces/msg/BmsFlagInfoFb.msg
[0.336s] -- Up-to-date: /home/nvidia/5.1-ros2_ws/install/yhs_can_interfaces/share/yhs_can_interfaces/msg/BmsInfoFb.msg
[0.336s] -- Up-to-date: /home/nvidia/5.1-ros2_ws/install/yhs_can_interfaces/share/yhs_can_interfaces/msg/ChassisInfoFb.msg
[0.336s] -- Up-to-date: /home/nvidia/5.1-ros2_ws/install/yhs_can_interfaces/share/yhs_can_interfaces/msg/CtrlCmd.msg
[0.336s] -- Up-to-date: /home/nvidia/5.1-ros2_ws/install/yhs_can_interfaces/share/yhs_can_interfaces/msg/CtrlFb.msg
[0.337s] -- Up-to-date: /home/nvidia/5.1-ros2_ws/install/yhs_can_interfaces/share/yhs_can_interfaces/msg/DriveMcuEcodeFb.msg
[0.337s] -- Up-to-date: /home/nvidia/5.1-ros2_ws/install/yhs_can_interfaces/share/yhs_can_interfaces/msg/IoCmd.msg
[0.337s] -- Up-to-date: /home/nvidia/5.1-ros2_ws/install/yhs_can_interfaces/share/yhs_can_interfaces/msg/IoFb.msg
[0.337s] -- Up-to-date: /home/nvidia/5.1-ros2_ws/install/yhs_can_interfaces/share/yhs_can_interfaces/msg/LrWheelFb.msg
[0.337s] -- Up-to-date: /home/nvidia/5.1-ros2_ws/install/yhs_can_interfaces/share/yhs_can_interfaces/msg/RrWheelFb.msg
[0.337s] -- Up-to-date: /home/nvidia/5.1-ros2_ws/install/yhs_can_interfaces/share/yhs_can_interfaces/msg/VehDiagFb.msg
[0.337s] -- Up-to-date: /home/nvidia/5.1-ros2_ws/install/yhs_can_interfaces/share/ament_index/resource_index/package_run_dependencies/yhs_can_interfaces
[0.337s] -- Up-to-date: /home/nvidia/5.1-ros2_ws/install/yhs_can_interfaces/share/ament_index/resource_index/parent_prefix_path/yhs_can_interfaces
[0.337s] -- Up-to-date: /home/nvidia/5.1-ros2_ws/install/yhs_can_interfaces/share/yhs_can_interfaces/environment/ament_prefix_path.sh
[0.337s] -- Up-to-date: /home/nvidia/5.1-ros2_ws/install/yhs_can_interfaces/share/yhs_can_interfaces/environment/ament_prefix_path.dsv
[0.337s] -- Up-to-date: /home/nvidia/5.1-ros2_ws/install/yhs_can_interfaces/share/yhs_can_interfaces/environment/path.sh
[0.337s] -- Up-to-date: /home/nvidia/5.1-ros2_ws/install/yhs_can_interfaces/share/yhs_can_interfaces/environment/path.dsv
[0.337s] -- Up-to-date: /home/nvidia/5.1-ros2_ws/install/yhs_can_interfaces/share/yhs_can_interfaces/local_setup.bash
[0.337s] -- Up-to-date: /home/nvidia/5.1-ros2_ws/install/yhs_can_interfaces/share/yhs_can_interfaces/local_setup.sh
[0.337s] -- Up-to-date: /home/nvidia/5.1-ros2_ws/install/yhs_can_interfaces/share/yhs_can_interfaces/local_setup.zsh
[0.337s] -- Up-to-date: /home/nvidia/5.1-ros2_ws/install/yhs_can_interfaces/share/yhs_can_interfaces/local_setup.dsv
[0.337s] -- Installing: /home/nvidia/5.1-ros2_ws/install/yhs_can_interfaces/share/yhs_can_interfaces/package.dsv
[0.337s] -- Up-to-date: /home/nvidia/5.1-ros2_ws/install/yhs_can_interfaces/share/ament_index/resource_index/packages/yhs_can_interfaces
[0.337s] -- Up-to-date: /home/nvidia/5.1-ros2_ws/install/yhs_can_interfaces/share/yhs_can_interfaces/cmake/export_yhs_can_interfaces__rosidl_generator_cExport.cmake
[0.337s] -- Up-to-date: /home/nvidia/5.1-ros2_ws/install/yhs_can_interfaces/share/yhs_can_interfaces/cmake/export_yhs_can_interfaces__rosidl_generator_cExport-noconfig.cmake
[0.337s] -- Up-to-date: /home/nvidia/5.1-ros2_ws/install/yhs_can_interfaces/share/yhs_can_interfaces/cmake/export_yhs_can_interfaces__rosidl_typesupport_fastrtps_cExport.cmake
[0.337s] -- Up-to-date: /home/nvidia/5.1-ros2_ws/install/yhs_can_interfaces/share/yhs_can_interfaces/cmake/export_yhs_can_interfaces__rosidl_typesupport_fastrtps_cExport-noconfig.cmake
[0.337s] -- Up-to-date: /home/nvidia/5.1-ros2_ws/install/yhs_can_interfaces/share/yhs_can_interfaces/cmake/yhs_can_interfaces__rosidl_typesupport_introspection_cExport.cmake
[0.337s] -- Up-to-date: /home/nvidia/5.1-ros2_ws/install/yhs_can_interfaces/share/yhs_can_interfaces/cmake/yhs_can_interfaces__rosidl_typesupport_introspection_cExport-noconfig.cmake
[0.337s] -- Up-to-date: /home/nvidia/5.1-ros2_ws/install/yhs_can_interfaces/share/yhs_can_interfaces/cmake/yhs_can_interfaces__rosidl_typesupport_cExport.cmake
[0.337s] -- Up-to-date: /home/nvidia/5.1-ros2_ws/install/yhs_can_interfaces/share/yhs_can_interfaces/cmake/yhs_can_interfaces__rosidl_typesupport_cExport-noconfig.cmake
[0.337s] -- Up-to-date: /home/nvidia/5.1-ros2_ws/install/yhs_can_interfaces/share/yhs_can_interfaces/cmake/export_yhs_can_interfaces__rosidl_generator_cppExport.cmake
[0.338s] -- Up-to-date: /home/nvidia/5.1-ros2_ws/install/yhs_can_interfaces/share/yhs_can_interfaces/cmake/export_yhs_can_interfaces__rosidl_typesupport_fastrtps_cppExport.cmake
[0.338s] -- Up-to-date: /home/nvidia/5.1-ros2_ws/install/yhs_can_interfaces/share/yhs_can_interfaces/cmake/export_yhs_can_interfaces__rosidl_typesupport_fastrtps_cppExport-noconfig.cmake
[0.338s] -- Up-to-date: /home/nvidia/5.1-ros2_ws/install/yhs_can_interfaces/share/yhs_can_interfaces/cmake/yhs_can_interfaces__rosidl_typesupport_introspection_cppExport.cmake
[0.338s] -- Up-to-date: /home/nvidia/5.1-ros2_ws/install/yhs_can_interfaces/share/yhs_can_interfaces/cmake/yhs_can_interfaces__rosidl_typesupport_introspection_cppExport-noconfig.cmake
[0.338s] -- Up-to-date: /home/nvidia/5.1-ros2_ws/install/yhs_can_interfaces/share/yhs_can_interfaces/cmake/yhs_can_interfaces__rosidl_typesupport_cppExport.cmake
[0.338s] -- Up-to-date: /home/nvidia/5.1-ros2_ws/install/yhs_can_interfaces/share/yhs_can_interfaces/cmake/yhs_can_interfaces__rosidl_typesupport_cppExport-noconfig.cmake
[0.338s] -- Up-to-date: /home/nvidia/5.1-ros2_ws/install/yhs_can_interfaces/share/yhs_can_interfaces/cmake/export_yhs_can_interfaces__rosidl_generator_pyExport.cmake
[0.338s] -- Up-to-date: /home/nvidia/5.1-ros2_ws/install/yhs_can_interfaces/share/yhs_can_interfaces/cmake/export_yhs_can_interfaces__rosidl_generator_pyExport-noconfig.cmake
[0.338s] -- Up-to-date: /home/nvidia/5.1-ros2_ws/install/yhs_can_interfaces/share/yhs_can_interfaces/cmake/rosidl_cmake-extras.cmake
[0.338s] -- Up-to-date: /home/nvidia/5.1-ros2_ws/install/yhs_can_interfaces/share/yhs_can_interfaces/cmake/ament_cmake_export_dependencies-extras.cmake
[0.338s] -- Up-to-date: /home/nvidia/5.1-ros2_ws/install/yhs_can_interfaces/share/yhs_can_interfaces/cmake/ament_cmake_export_include_directories-extras.cmake
[0.338s] -- Up-to-date: /home/nvidia/5.1-ros2_ws/install/yhs_can_interfaces/share/yhs_can_interfaces/cmake/ament_cmake_export_libraries-extras.cmake
[0.338s] -- Up-to-date: /home/nvidia/5.1-ros2_ws/install/yhs_can_interfaces/share/yhs_can_interfaces/cmake/ament_cmake_export_targets-extras.cmake
[0.338s] -- Up-to-date: /home/nvidia/5.1-ros2_ws/install/yhs_can_interfaces/share/yhs_can_interfaces/cmake/rosidl_cmake_export_typesupport_targets-extras.cmake
[0.338s] -- Up-to-date: /home/nvidia/5.1-ros2_ws/install/yhs_can_interfaces/share/yhs_can_interfaces/cmake/rosidl_cmake_export_typesupport_libraries-extras.cmake
[0.338s] -- Up-to-date: /home/nvidia/5.1-ros2_ws/install/yhs_can_interfaces/share/yhs_can_interfaces/cmake/yhs_can_interfacesConfig.cmake
[0.338s] -- Up-to-date: /home/nvidia/5.1-ros2_ws/install/yhs_can_interfaces/share/yhs_can_interfaces/cmake/yhs_can_interfacesConfig-version.cmake
[0.338s] -- Up-to-date: /home/nvidia/5.1-ros2_ws/install/yhs_can_interfaces/share/yhs_can_interfaces/package.xml
[0.339s] Invoked command in '/home/nvidia/5.1-ros2_ws/build/yhs_can_interfaces' returned '0': CMAKE_PREFIX_PATH=${CMAKE_PREFIX_PATH}:/opt/ros/humble /usr/bin/cmake --install /home/nvidia/5.1-ros2_ws/build/yhs_can_interfaces
