[35m[1mConsolidate compiler generated dependencies of target yhs_can_control_node[0m
[ 50%] Built target odom_velocity_filter
[ 75%] [32mBuilding CXX object CMakeFiles/yhs_can_control_node.dir/src/yhs_can_control_node.cpp.o[0m
In file included from [01m[K/home/nvidia/5.1-ros2_ws/src/MK-mini-ros2/yhs_can_control/src/yhs_can_control_node.cpp:1[m[K:
[01m[K/home/nvidia/5.1-ros2_ws/src/MK-mini-ros2/yhs_can_control/include/yhs_can_control/yhs_can_control_node.hpp:40:30:[m[K [01;31m[Kerror: [m[K‘[01m[Ksensor_msgs[m[K’ was not declared in this scope
   40 |         rclcpp::Subscription<[01;31m[Ksensor_msgs[m[K::msg::Imu>::SharedPtr imu_subscriber_;
      |                              [01;31m[K^~~~~~~~~~~[m[K
[01m[K/home/nvidia/5.1-ros2_ws/src/MK-mini-ros2/yhs_can_control/include/yhs_can_control/yhs_can_control_node.hpp:40:51:[m[K [01;31m[Kerror: [m[Ktemplate argument 1 is invalid
   40 |         rclcpp::Subscription<sensor_msgs::msg::Imu[01;31m[K>[m[K::SharedPtr imu_subscriber_;
      |                                                   [01;31m[K^[m[K
[01m[K/home/nvidia/5.1-ros2_ws/src/MK-mini-ros2/yhs_can_control/include/yhs_can_control/yhs_can_control_node.hpp:40:51:[m[K [01;31m[Kerror: [m[Ktemplate argument 3 is invalid
[01m[K/home/nvidia/5.1-ros2_ws/src/MK-mini-ros2/yhs_can_control/include/yhs_can_control/yhs_can_control_node.hpp:40:51:[m[K [01;31m[Kerror: [m[Ktemplate argument 4 is invalid
[01m[K/home/nvidia/5.1-ros2_ws/src/MK-mini-ros2/yhs_can_control/include/yhs_can_control/yhs_can_control_node.hpp:40:51:[m[K [01;31m[Kerror: [m[Ktemplate argument 5 is invalid
[01m[K/home/nvidia/5.1-ros2_ws/src/MK-mini-ros2/yhs_can_control/include/yhs_can_control/yhs_can_control_node.hpp:40:54:[m[K [01;31m[Kerror: [m[Kexpected ‘[01m[K;[m[K’ at end of member declaration
   40 |         rclcpp::Subscription<sensor_msgs::msg::Imu>::[01;31m[KSharedPtr[m[K imu_subscriber_;
      |                                                      [01;31m[K^~~~~~~~~[m[K
      |                                                               [32m[K;[m[K
[01m[K/home/nvidia/5.1-ros2_ws/src/MK-mini-ros2/yhs_can_control/include/yhs_can_control/yhs_can_control_node.hpp:40:64:[m[K [01;31m[Kerror: [m[K‘[01m[Kimu_subscriber_[m[K’ does not name a type
   40 |      rclcpp::Subscription<sensor_msgs::msg::Imu>::SharedPtr [01;31m[Kimu_subscriber_[m[K;
      |                                                             [01;31m[K^~~~~~~~~~~~~~~[m[K

[01m[K/home/nvidia/5.1-ros2_ws/src/MK-mini-ros2/yhs_can_control/include/yhs_can_control/yhs_can_control_node.hpp:61:27:[m[K [01;31m[Kerror: [m[K‘[01m[Ksensor_msgs[m[K’ does not name a type
   61 |   void imu_callback(const [01;31m[Ksensor_msgs[m[K::msg::Imu::SharedPtr msg);  // 新增：IMU回调函数
      |                           [01;31m[K^~~~~~~~~~~[m[K
[01m[K/home/nvidia/5.1-ros2_ws/src/MK-mini-ros2/yhs_can_control/include/yhs_can_control/yhs_can_control_node.hpp:61:43:[m[K [01;31m[Kerror: [m[Kexpected unqualified-id before ‘[01m[K::[m[K’ token
   61 |   void imu_callback(const sensor_msgs::msg[01;31m[K::[m[KImu::SharedPtr msg);  // 新增：IMU回调函数
      |                                           [01;31m[K^~[m[K
[01m[K/home/nvidia/5.1-ros2_ws/src/MK-mini-ros2/yhs_can_control/include/yhs_can_control/yhs_can_control_node.hpp:61:43:[m[K [01;31m[Kerror: [m[Kexpected ‘[01m[K)[m[K’ before ‘[01m[K::[m[K’ token
   61 |   void imu_callback[34m[K([m[Kconst sensor_msgs::msg[01;31m[K:[m[K[32m[K:[m[KImu::SharedPtr msg);  // 新增：IMU回调函数
      |                    [34m[K~[m[K                      [01;31m[K^[m[K[32m[K~[m[K
      |                                           [32m[K)[m[K
[01m[K/home/nvidia/5.1-ros2_ws/src/MK-mini-ros2/yhs_can_control/include/yhs_can_control/yhs_can_control_node.hpp:61:40:[m[K [01;31m[Kerror: [m[Kexpected ‘[01m[K;[m[K’ at end of member declaration
   61 |   void imu_callback(const sensor_msgs::[01;31m[Kmsg[m[K::Imu::SharedPtr msg);  // 新增：IMU回调函数
      |                                        [01;31m[K^~~[m[K
      |                                           [32m[K;[m[K
[01m[K/home/nvidia/5.1-ros2_ws/src/MK-mini-ros2/yhs_can_control/include/yhs_can_control/yhs_can_control_node.hpp:61:45:[m[K [01;31m[Kerror: [m[K‘[01m[KImu[m[K’ in namespace ‘[01m[K::[m[K’ does not name a type
   61 |   void imu_callback(const sensor_msgs::msg::[01;31m[KImu[m[K::SharedPtr msg);  // 新增：IMU回调函数
      |                                             [01;31m[K^~~[m[K
[01m[K/home/nvidia/5.1-ros2_ws/src/MK-mini-ros2/yhs_can_control/src/yhs_can_control_node.cpp:[m[K In constructor ‘[01m[Kyhs::CanControl::CanControl(rclcpp::Node::SharedPtr)[m[K’:
[01m[K/home/nvidia/5.1-ros2_ws/src/MK-mini-ros2/yhs_can_control/src/yhs_can_control_node.cpp:30:18:[m[K [01;31m[Kerror: [m[K‘[01m[Kimu_subscriber_[m[K’ was not declared in this scope; did you mean ‘[01m[Kio_cmd_subscriber_[m[K’?
   30 |                  [01;31m[Kimu_subscriber_[m[K = node_->create_subscription<sensor_msgs::msg::Imu>(
      |                  [01;31m[K^~~~~~~~~~~~~~~[m[K
      |                  [32m[Kio_cmd_subscriber_[m[K
[01m[K/home/nvidia/5.1-ros2_ws/src/MK-mini-ros2/yhs_can_control/src/yhs_can_control_node.cpp:33:83:[m[K [01;31m[Kerror: [m[Kexpected ‘[01m[K)[m[K’ before ‘[01m[K}[m[K’ token
   33 |                  std::bind(&CanControl::imu_callback, this, std::placeholders::_1)
      |                                                                                   [01;31m[K^[m[K
      |                                                                                   [32m[K)[m[K
   34 |         [32m[K}[m[K
      |         [32m[K~[m[K                                                                          
[01m[K/home/nvidia/5.1-ros2_ws/src/MK-mini-ros2/yhs_can_control/src/yhs_can_control_node.cpp:30:85:[m[K [01;36m[Knote: [m[Kto match this ‘[01m[K([m[K’
   30 |    imu_subscriber_ = node_->create_subscription<sensor_msgs::msg::Imu>[01;36m[K([m[K
      |                                                                       [01;36m[K^[m[K

[01m[K/home/nvidia/5.1-ros2_ws/src/MK-mini-ros2/yhs_can_control/src/yhs_can_control_node.cpp:[m[K At global scope:
[01m[K/home/nvidia/5.1-ros2_ws/src/MK-mini-ros2/yhs_can_control/src/yhs_can_control_node.cpp:36:15:[m[K [01;31m[Kerror: [m[Kno declaration matches ‘[01m[Kvoid yhs::CanControl::imu_callback(sensor_msgs::msg::Imu_<std::allocator<void> >::SharedPtr)[m[K’
   36 |          void [01;31m[KCanControl[m[K::imu_callback(const sensor_msgs::msg::Imu::SharedPtr msg)
      |               [01;31m[K^~~~~~~~~~[m[K
In file included from [01m[K/home/nvidia/5.1-ros2_ws/src/MK-mini-ros2/yhs_can_control/src/yhs_can_control_node.cpp:1[m[K:
[01m[K/home/nvidia/5.1-ros2_ws/src/MK-mini-ros2/yhs_can_control/include/yhs_can_control/yhs_can_control_node.hpp:61:8:[m[K [01;36m[Knote: [m[Kcandidate is: ‘[01m[Kvoid yhs::CanControl::imu_callback(...)[m[K’
   61 |   void [01;36m[Kimu_callback[m[K(const sensor_msgs::msg::Imu::SharedPtr msg);  // 新增：IMU回调函数
      |        [01;36m[K^~~~~~~~~~~~[m[K
[01m[K/home/nvidia/5.1-ros2_ws/src/MK-mini-ros2/yhs_can_control/include/yhs_can_control/yhs_can_control_node.hpp:33:7:[m[K [01;36m[Knote: [m[K‘[01m[Kclass yhs::CanControl[m[K’ defined here
   33 | class [01;36m[KCanControl[m[K
      |       [01;36m[K^~~~~~~~~~[m[K
gmake[2]: *** [CMakeFiles/yhs_can_control_node.dir/build.make:76：CMakeFiles/yhs_can_control_node.dir/src/yhs_can_control_node.cpp.o] 错误 1
gmake[1]: *** [CMakeFiles/Makefile2:139：CMakeFiles/yhs_can_control_node.dir/all] 错误 2
gmake: *** [Makefile:146：all] 错误 2
