-- Found rclcpp: 16.0.15 (/opt/ros/humble/share/rclcpp/cmake)
-- Found rosidl_generator_c: 3.1.7 (/opt/ros/humble/share/rosidl_generator_c/cmake)
-- Found rosidl_adapter: 3.1.7 (/opt/ros/humble/share/rosidl_adapter/cmake)
-- Found rosidl_generator_cpp: 3.1.7 (/opt/ros/humble/share/rosidl_generator_cpp/cmake)
-- Using all available rosidl_typesupport_c: rosidl_typesupport_fastrtps_c;rosidl_typesupport_introspection_c
-- Using all available rosidl_typesupport_cpp: rosidl_typesupport_fastrtps_cpp;rosidl_typesupport_introspection_cpp
-- Found rmw_implementation_cmake: 6.1.2 (/opt/ros/humble/share/rmw_implementation_cmake/cmake)
-- Found rmw_fastrtps_cpp: 6.2.8 (/opt/ros/humble/share/rmw_fastrtps_cpp/cmake)
-- Using RMW implementation 'rmw_fastrtps_cpp' as default
-- Found nav_msgs: 4.9.0 (/opt/ros/humble/share/nav_msgs/cmake)
-- Found rclpy: 3.3.17 (/opt/ros/humble/share/rclpy/cmake)
-- Found sensor_msgs: 4.9.0 (/opt/ros/humble/share/sensor_msgs/cmake)
-- Found tf2: 0.25.16 (/opt/ros/humble/share/tf2/cmake)
-- Found tf2_ros: 0.25.16 (/opt/ros/humble/share/tf2_ros/cmake)
-- Found serial: 1.2.1 (/home/nvidia/wheeltec_imu_ws/install/serial/share/serial/cmake)
-- Found tf2_geometry_msgs: 0.25.16 (/opt/ros/humble/share/tf2_geometry_msgs/cmake)
-- Found eigen3_cmake_module: 0.1.1 (/opt/ros/humble/share/eigen3_cmake_module/cmake)
-- Ensuring Eigen3 include directory is part of orocos-kdl CMake target
-- Found ament_lint_auto: 0.12.14 (/opt/ros/humble/share/ament_lint_auto/cmake)
-- Added test 'copyright' to check source files copyright and LICENSE
-- Added test 'cppcheck' to perform static code analysis on C / C++ code
-- Configured cppcheck include dirs: /home/nvidia/wheeltec_imu_ws/src/fdilink_ahrs/include;/home/nvidia/wheeltec_imu_ws/src/fdilink_ahrs/src
-- Configured cppcheck exclude dirs and/or files: 
-- Added test 'cpplint' to check C / C++ code against the Google style
-- Configured cpplint exclude dirs and/or files: 
-- Added test 'flake8' to check Python code syntax and style conventions
-- Added test 'lint_cmake' to check CMake code style
-- Added test 'pep257' to check Python code against some of the docstring style conventions in PEP 257
-- Added test 'uncrustify' to check C / C++ code style
-- Configured uncrustify additional arguments: 
-- Added test 'xmllint' to check XML markup files
-- Configuring done
-- Generating done
-- Build files have been written to: /home/nvidia/wheeltec_imu_ws/build/fdilink_ahrs
[35m[1mConsolidate compiler generated dependencies of target ahrs_driver_node[0m
[35m[1mConsolidate compiler generated dependencies of target pose_velocity_printer[0m
[35m[1mConsolidate compiler generated dependencies of target imu_tf_node[0m
[ 42%] Built target ahrs_driver_node
[ 71%] Built target imu_tf_node
[ 85%] [32mBuilding CXX object CMakeFiles/pose_velocity_printer.dir/src/pose_velocity_printer.cpp.o[0m
[100%] [32m[1mLinking CXX executable pose_velocity_printer[0m
[100%] Built target pose_velocity_printer
-- Install configuration: ""
-- Installing: /home/nvidia/wheeltec_imu_ws/install/fdilink_ahrs/lib/fdilink_ahrs/pose_velocity_printer
-- Set runtime path of "/home/nvidia/wheeltec_imu_ws/install/fdilink_ahrs/lib/fdilink_ahrs/pose_velocity_printer" to ""
-- Up-to-date: /home/nvidia/wheeltec_imu_ws/install/fdilink_ahrs/lib/fdilink_ahrs/ahrs_driver_node
-- Up-to-date: /home/nvidia/wheeltec_imu_ws/install/fdilink_ahrs/lib/fdilink_ahrs/imu_tf_node
-- Up-to-date: /home/nvidia/wheeltec_imu_ws/install/fdilink_ahrs/share/fdilink_ahrs/launch
-- Up-to-date: /home/nvidia/wheeltec_imu_ws/install/fdilink_ahrs/share/fdilink_ahrs/launch/imu_tf.launch.py
-- Up-to-date: /home/nvidia/wheeltec_imu_ws/install/fdilink_ahrs/share/fdilink_ahrs/launch/ahrs_driver.launch.py
-- Up-to-date: /home/nvidia/wheeltec_imu_ws/install/fdilink_ahrs/share/ament_index/resource_index/package_run_dependencies/fdilink_ahrs
-- Up-to-date: /home/nvidia/wheeltec_imu_ws/install/fdilink_ahrs/share/ament_index/resource_index/parent_prefix_path/fdilink_ahrs
-- Up-to-date: /home/nvidia/wheeltec_imu_ws/install/fdilink_ahrs/share/fdilink_ahrs/environment/ament_prefix_path.sh
-- Installing: /home/nvidia/wheeltec_imu_ws/install/fdilink_ahrs/share/fdilink_ahrs/environment/ament_prefix_path.dsv
-- Up-to-date: /home/nvidia/wheeltec_imu_ws/install/fdilink_ahrs/share/fdilink_ahrs/environment/path.sh
-- Installing: /home/nvidia/wheeltec_imu_ws/install/fdilink_ahrs/share/fdilink_ahrs/environment/path.dsv
-- Up-to-date: /home/nvidia/wheeltec_imu_ws/install/fdilink_ahrs/share/fdilink_ahrs/local_setup.bash
-- Up-to-date: /home/nvidia/wheeltec_imu_ws/install/fdilink_ahrs/share/fdilink_ahrs/local_setup.sh
-- Up-to-date: /home/nvidia/wheeltec_imu_ws/install/fdilink_ahrs/share/fdilink_ahrs/local_setup.zsh
-- Installing: /home/nvidia/wheeltec_imu_ws/install/fdilink_ahrs/share/fdilink_ahrs/local_setup.dsv
-- Installing: /home/nvidia/wheeltec_imu_ws/install/fdilink_ahrs/share/fdilink_ahrs/package.dsv
-- Up-to-date: /home/nvidia/wheeltec_imu_ws/install/fdilink_ahrs/share/ament_index/resource_index/packages/fdilink_ahrs
-- Up-to-date: /home/nvidia/wheeltec_imu_ws/install/fdilink_ahrs/share/fdilink_ahrs/cmake/fdilink_ahrsConfig.cmake
-- Up-to-date: /home/nvidia/wheeltec_imu_ws/install/fdilink_ahrs/share/fdilink_ahrs/cmake/fdilink_ahrsConfig-version.cmake
-- Up-to-date: /home/nvidia/wheeltec_imu_ws/install/fdilink_ahrs/share/fdilink_ahrs/package.xml
