[35m[1mConsolidate compiler generated dependencies of target odom_velocity_filter[0m
[ 50%] Built target yhs_can_control_node
[ 75%] [32mBuilding CXX object CMakeFiles/odom_velocity_filter.dir/src/odom_velocity_filter.cpp.o[0m
[100%] [32m[1mLinking CXX executable odom_velocity_filter[0m
[100%] Built target odom_velocity_filter
-- Install configuration: ""
-- Up-to-date: /home/nvidia/5.1-ros2_ws/install/yhs_can_control/lib/yhs_can_control/yhs_can_control_node
-- Up-to-date: /home/nvidia/5.1-ros2_ws/install/yhs_can_control/share/yhs_can_control/launch
-- Up-to-date: /home/nvidia/5.1-ros2_ws/install/yhs_can_control/share/yhs_can_control/launch/yhs_can_control.launch.py
-- Up-to-date: /home/nvidia/5.1-ros2_ws/install/yhs_can_control/share/yhs_can_control/params
-- Up-to-date: /home/nvidia/5.1-ros2_ws/install/yhs_can_control/share/yhs_can_control/params/cfg.yaml
-- Installing: /home/nvidia/5.1-ros2_ws/install/yhs_can_control/lib/yhs_can_control/odom_velocity_filter
-- Set runtime path of "/home/nvidia/5.1-ros2_ws/install/yhs_can_control/lib/yhs_can_control/odom_velocity_filter" to ""
-- Up-to-date: /home/nvidia/5.1-ros2_ws/install/yhs_can_control/share/ament_index/resource_index/package_run_dependencies/yhs_can_control
-- Up-to-date: /home/nvidia/5.1-ros2_ws/install/yhs_can_control/share/ament_index/resource_index/parent_prefix_path/yhs_can_control
-- Up-to-date: /home/nvidia/5.1-ros2_ws/install/yhs_can_control/share/yhs_can_control/environment/ament_prefix_path.sh
-- Up-to-date: /home/nvidia/5.1-ros2_ws/install/yhs_can_control/share/yhs_can_control/environment/ament_prefix_path.dsv
-- Up-to-date: /home/nvidia/5.1-ros2_ws/install/yhs_can_control/share/yhs_can_control/environment/path.sh
-- Up-to-date: /home/nvidia/5.1-ros2_ws/install/yhs_can_control/share/yhs_can_control/environment/path.dsv
-- Up-to-date: /home/nvidia/5.1-ros2_ws/install/yhs_can_control/share/yhs_can_control/local_setup.bash
-- Up-to-date: /home/nvidia/5.1-ros2_ws/install/yhs_can_control/share/yhs_can_control/local_setup.sh
-- Up-to-date: /home/nvidia/5.1-ros2_ws/install/yhs_can_control/share/yhs_can_control/local_setup.zsh
-- Up-to-date: /home/nvidia/5.1-ros2_ws/install/yhs_can_control/share/yhs_can_control/local_setup.dsv
-- Installing: /home/nvidia/5.1-ros2_ws/install/yhs_can_control/share/yhs_can_control/package.dsv
-- Up-to-date: /home/nvidia/5.1-ros2_ws/install/yhs_can_control/share/ament_index/resource_index/packages/yhs_can_control
-- Up-to-date: /home/nvidia/5.1-ros2_ws/install/yhs_can_control/share/yhs_can_control/cmake/yhs_can_controlConfig.cmake
-- Up-to-date: /home/nvidia/5.1-ros2_ws/install/yhs_can_control/share/yhs_can_control/cmake/yhs_can_controlConfig-version.cmake
-- Up-to-date: /home/nvidia/5.1-ros2_ws/install/yhs_can_control/share/yhs_can_control/package.xml
