[0.060s] DEBUG:colcon:Command line arguments: ['/usr/bin/colcon', 'build', '--packages-select', 'serial']
[0.060s] DEBUG:colcon:Parsed command line arguments: Namespace(log_base=None, log_level=None, verb_name='build', build_base='build', install_base='install', merge_install=False, symlink_install=False, test_result_base=None, continue_on_error=False, executor='parallel', parallel_workers=20, event_handlers=None, ignore_user_meta=False, metas=['./colcon.meta'], base_paths=['.'], packages_ignore=None, packages_ignore_regex=None, paths=None, packages_up_to=None, packages_up_to_regex=None, packages_above=None, packages_above_and_dependencies=None, packages_above_depth=None, packages_select_by_dep=None, packages_skip_by_dep=None, packages_skip_up_to=None, packages_select_build_failed=False, packages_skip_build_finished=False, packages_select_test_failures=False, packages_skip_test_passed=False, packages_select=['serial'], packages_skip=None, packages_select_regex=None, packages_skip_regex=None, packages_start=None, packages_end=None, allow_overriding=[], cmake_args=None, cmake_target=None, cmake_target_skip_unavailable=False, cmake_clean_cache=False, cmake_clean_first=False, cmake_force_configure=False, ament_cmake_args=None, catkin_cmake_args=None, catkin_skip_building_tests=False, verb_parser=<colcon_defaults.argument_parser.defaults.DefaultArgumentsDecorator object at 0x7bebf79dfaf0>, verb_extension=<colcon_core.verb.build.BuildVerb object at 0x7bebf79df580>, main=<bound method BuildVerb.main of <colcon_core.verb.build.BuildVerb object at 0x7bebf79df580>>)
[0.151s] Level 1:colcon.colcon_core.package_discovery:discover_packages(colcon_meta) check parameters
[0.151s] Level 1:colcon.colcon_core.package_discovery:discover_packages(recursive) check parameters
[0.152s] Level 1:colcon.colcon_core.package_discovery:discover_packages(ignore) check parameters
[0.152s] Level 1:colcon.colcon_core.package_discovery:discover_packages(path) check parameters
[0.152s] Level 1:colcon.colcon_core.package_discovery:discover_packages(colcon_meta) discover
[0.152s] Level 1:colcon.colcon_core.package_discovery:discover_packages(recursive) discover
[0.152s] INFO:colcon.colcon_core.package_discovery:Crawling recursively for packages in '/home/nvidia/wheeltec_imu_ws'
[0.152s] Level 1:colcon.colcon_core.package_identification:_identify(.) by extensions ['ignore', 'ignore_ament_install']
[0.152s] Level 1:colcon.colcon_core.package_identification:_identify(.) by extension 'ignore'
[0.152s] Level 1:colcon.colcon_core.package_identification:_identify(.) by extension 'ignore_ament_install'
[0.152s] Level 1:colcon.colcon_core.package_identification:_identify(.) by extensions ['colcon_pkg']
[0.152s] Level 1:colcon.colcon_core.package_identification:_identify(.) by extension 'colcon_pkg'
[0.152s] Level 1:colcon.colcon_core.package_identification:_identify(.) by extensions ['colcon_meta']
[0.152s] Level 1:colcon.colcon_core.package_identification:_identify(.) by extension 'colcon_meta'
[0.152s] Level 1:colcon.colcon_core.package_identification:_identify(.) by extensions ['ros']
[0.152s] Level 1:colcon.colcon_core.package_identification:_identify(.) by extension 'ros'
[0.159s] Level 1:colcon.colcon_core.package_identification:_identify(.) by extensions ['cmake', 'python']
[0.159s] Level 1:colcon.colcon_core.package_identification:_identify(.) by extension 'cmake'
[0.159s] Level 1:colcon.colcon_core.package_identification:_identify(.) by extension 'python'
[0.159s] Level 1:colcon.colcon_core.package_identification:_identify(.) by extensions ['python_setup_py']
[0.159s] Level 1:colcon.colcon_core.package_identification:_identify(.) by extension 'python_setup_py'
[0.159s] Level 1:colcon.colcon_core.package_identification:_identify(build) by extensions ['ignore', 'ignore_ament_install']
[0.159s] Level 1:colcon.colcon_core.package_identification:_identify(build) by extension 'ignore'
[0.159s] Level 1:colcon.colcon_core.package_identification:_identify(build) ignored
[0.159s] Level 1:colcon.colcon_core.package_identification:_identify(install) by extensions ['ignore', 'ignore_ament_install']
[0.159s] Level 1:colcon.colcon_core.package_identification:_identify(install) by extension 'ignore'
[0.159s] Level 1:colcon.colcon_core.package_identification:_identify(install) ignored
[0.160s] Level 1:colcon.colcon_core.package_identification:_identify(log) by extensions ['ignore', 'ignore_ament_install']
[0.160s] Level 1:colcon.colcon_core.package_identification:_identify(log) by extension 'ignore'
[0.160s] Level 1:colcon.colcon_core.package_identification:_identify(log) ignored
[0.160s] Level 1:colcon.colcon_core.package_identification:_identify(src) by extensions ['ignore', 'ignore_ament_install']
[0.160s] Level 1:colcon.colcon_core.package_identification:_identify(src) by extension 'ignore'
[0.160s] Level 1:colcon.colcon_core.package_identification:_identify(src) by extension 'ignore_ament_install'
[0.160s] Level 1:colcon.colcon_core.package_identification:_identify(src) by extensions ['colcon_pkg']
[0.160s] Level 1:colcon.colcon_core.package_identification:_identify(src) by extension 'colcon_pkg'
[0.160s] Level 1:colcon.colcon_core.package_identification:_identify(src) by extensions ['colcon_meta']
[0.160s] Level 1:colcon.colcon_core.package_identification:_identify(src) by extension 'colcon_meta'
[0.160s] Level 1:colcon.colcon_core.package_identification:_identify(src) by extensions ['ros']
[0.160s] Level 1:colcon.colcon_core.package_identification:_identify(src) by extension 'ros'
[0.160s] Level 1:colcon.colcon_core.package_identification:_identify(src) by extensions ['cmake', 'python']
[0.160s] Level 1:colcon.colcon_core.package_identification:_identify(src) by extension 'cmake'
[0.160s] Level 1:colcon.colcon_core.package_identification:_identify(src) by extension 'python'
[0.160s] Level 1:colcon.colcon_core.package_identification:_identify(src) by extensions ['python_setup_py']
[0.160s] Level 1:colcon.colcon_core.package_identification:_identify(src) by extension 'python_setup_py'
[0.160s] Level 1:colcon.colcon_core.package_identification:_identify(src/build) by extensions ['ignore', 'ignore_ament_install']
[0.160s] Level 1:colcon.colcon_core.package_identification:_identify(src/build) by extension 'ignore'
[0.160s] Level 1:colcon.colcon_core.package_identification:_identify(src/build) ignored
[0.160s] Level 1:colcon.colcon_core.package_identification:_identify(src/fdilink_ahrs) by extensions ['ignore', 'ignore_ament_install']
[0.160s] Level 1:colcon.colcon_core.package_identification:_identify(src/fdilink_ahrs) by extension 'ignore'
[0.160s] Level 1:colcon.colcon_core.package_identification:_identify(src/fdilink_ahrs) by extension 'ignore_ament_install'
[0.160s] Level 1:colcon.colcon_core.package_identification:_identify(src/fdilink_ahrs) by extensions ['colcon_pkg']
[0.160s] Level 1:colcon.colcon_core.package_identification:_identify(src/fdilink_ahrs) by extension 'colcon_pkg'
[0.160s] Level 1:colcon.colcon_core.package_identification:_identify(src/fdilink_ahrs) by extensions ['colcon_meta']
[0.160s] Level 1:colcon.colcon_core.package_identification:_identify(src/fdilink_ahrs) by extension 'colcon_meta'
[0.160s] Level 1:colcon.colcon_core.package_identification:_identify(src/fdilink_ahrs) by extensions ['ros']
[0.160s] Level 1:colcon.colcon_core.package_identification:_identify(src/fdilink_ahrs) by extension 'ros'
[0.162s] DEBUG:colcon.colcon_core.package_identification:Package 'src/fdilink_ahrs' with type 'ros.ament_cmake' and name 'fdilink_ahrs'
[0.162s] Level 1:colcon.colcon_core.package_identification:_identify(src/install) by extensions ['ignore', 'ignore_ament_install']
[0.162s] Level 1:colcon.colcon_core.package_identification:_identify(src/install) by extension 'ignore'
[0.162s] Level 1:colcon.colcon_core.package_identification:_identify(src/install) ignored
[0.162s] Level 1:colcon.colcon_core.package_identification:_identify(src/log) by extensions ['ignore', 'ignore_ament_install']
[0.162s] Level 1:colcon.colcon_core.package_identification:_identify(src/log) by extension 'ignore'
[0.162s] Level 1:colcon.colcon_core.package_identification:_identify(src/log) ignored
[0.162s] Level 1:colcon.colcon_core.package_identification:_identify(src/serial) by extensions ['ignore', 'ignore_ament_install']
[0.162s] Level 1:colcon.colcon_core.package_identification:_identify(src/serial) by extension 'ignore'
[0.162s] Level 1:colcon.colcon_core.package_identification:_identify(src/serial) by extension 'ignore_ament_install'
[0.162s] Level 1:colcon.colcon_core.package_identification:_identify(src/serial) by extensions ['colcon_pkg']
[0.162s] Level 1:colcon.colcon_core.package_identification:_identify(src/serial) by extension 'colcon_pkg'
[0.162s] Level 1:colcon.colcon_core.package_identification:_identify(src/serial) by extensions ['colcon_meta']
[0.163s] Level 1:colcon.colcon_core.package_identification:_identify(src/serial) by extension 'colcon_meta'
[0.163s] Level 1:colcon.colcon_core.package_identification:_identify(src/serial) by extensions ['ros']
[0.163s] Level 1:colcon.colcon_core.package_identification:_identify(src/serial) by extension 'ros'
[0.163s] DEBUG:colcon.colcon_core.package_identification:Package 'src/serial' with type 'ros.ament_cmake' and name 'serial'
[0.163s] Level 1:colcon.colcon_core.package_discovery:discover_packages(recursive) using defaults
[0.163s] Level 1:colcon.colcon_core.package_discovery:discover_packages(ignore) discover
[0.163s] Level 1:colcon.colcon_core.package_discovery:discover_packages(ignore) using defaults
[0.163s] Level 1:colcon.colcon_core.package_discovery:discover_packages(path) discover
[0.163s] Level 1:colcon.colcon_core.package_discovery:discover_packages(path) using defaults
[0.181s] INFO:colcon.colcon_core.package_selection:Skipping not selected package 'fdilink_ahrs' in 'src/fdilink_ahrs'
[0.181s] Level 1:colcon.colcon_core.package_discovery:discover_packages(prefix_path) check parameters
[0.181s] Level 1:colcon.colcon_core.package_discovery:discover_packages(prefix_path) discover
[0.182s] DEBUG:colcon.colcon_installed_package_information.package_discovery:Found 2 installed packages in /home/nvidia/wheeltec_imu_ws/install
[0.183s] DEBUG:colcon.colcon_installed_package_information.package_discovery:Found 326 installed packages in /opt/ros/humble
[0.184s] Level 1:colcon.colcon_core.package_discovery:discover_packages(prefix_path) using defaults
[0.207s] Level 5:colcon.colcon_core.verb:set package 'serial' build argument 'cmake_args' from command line to 'None'
[0.207s] Level 5:colcon.colcon_core.verb:set package 'serial' build argument 'cmake_target' from command line to 'None'
[0.207s] Level 5:colcon.colcon_core.verb:set package 'serial' build argument 'cmake_target_skip_unavailable' from command line to 'False'
[0.207s] Level 5:colcon.colcon_core.verb:set package 'serial' build argument 'cmake_clean_cache' from command line to 'False'
[0.207s] Level 5:colcon.colcon_core.verb:set package 'serial' build argument 'cmake_clean_first' from command line to 'False'
[0.207s] Level 5:colcon.colcon_core.verb:set package 'serial' build argument 'cmake_force_configure' from command line to 'False'
[0.207s] Level 5:colcon.colcon_core.verb:set package 'serial' build argument 'ament_cmake_args' from command line to 'None'
[0.207s] Level 5:colcon.colcon_core.verb:set package 'serial' build argument 'catkin_cmake_args' from command line to 'None'
[0.207s] Level 5:colcon.colcon_core.verb:set package 'serial' build argument 'catkin_skip_building_tests' from command line to 'False'
[0.207s] DEBUG:colcon.colcon_core.verb:Building package 'serial' with the following arguments: {'ament_cmake_args': None, 'build_base': '/home/nvidia/wheeltec_imu_ws/build/serial', 'catkin_cmake_args': None, 'catkin_skip_building_tests': False, 'cmake_args': None, 'cmake_clean_cache': False, 'cmake_clean_first': False, 'cmake_force_configure': False, 'cmake_target': None, 'cmake_target_skip_unavailable': False, 'install_base': '/home/nvidia/wheeltec_imu_ws/install/serial', 'merge_install': False, 'path': '/home/nvidia/wheeltec_imu_ws/src/serial', 'symlink_install': False, 'test_result_base': None}
[0.207s] INFO:colcon.colcon_core.executor:Executing jobs using 'parallel' executor
[0.207s] DEBUG:colcon.colcon_parallel_executor.executor.parallel:run_until_complete
[0.208s] INFO:colcon.colcon_ros.task.ament_cmake.build:Building ROS package in '/home/nvidia/wheeltec_imu_ws/src/serial' with build type 'ament_cmake'
[0.208s] INFO:colcon.colcon_cmake.task.cmake.build:Building CMake package in '/home/nvidia/wheeltec_imu_ws/src/serial'
[0.209s] INFO:colcon.colcon_core.plugin_system:Skipping extension 'colcon_core.shell.bat': Not used on non-Windows systems
[0.209s] INFO:colcon.colcon_core.shell:Skip shell extension 'powershell' for command environment: Not usable outside of PowerShell
[0.209s] DEBUG:colcon.colcon_core.shell:Skip shell extension 'dsv' for command environment
[0.215s] DEBUG:colcon.colcon_core.event_handler.log_command:Invoking command in '/home/nvidia/wheeltec_imu_ws/build/serial': CMAKE_PREFIX_PATH=${CMAKE_PREFIX_PATH}:/opt/ros/humble /usr/bin/cmake --build /home/nvidia/wheeltec_imu_ws/build/serial -- -j20 -l20
[0.290s] DEBUG:colcon.colcon_core.event_handler.log_command:Invoked command in '/home/nvidia/wheeltec_imu_ws/build/serial' returned '0': CMAKE_PREFIX_PATH=${CMAKE_PREFIX_PATH}:/opt/ros/humble /usr/bin/cmake --build /home/nvidia/wheeltec_imu_ws/build/serial -- -j20 -l20
[0.311s] DEBUG:colcon.colcon_core.event_handler.log_command:Invoking command in '/home/nvidia/wheeltec_imu_ws/build/serial': CMAKE_PREFIX_PATH=${CMAKE_PREFIX_PATH}:/opt/ros/humble /usr/bin/cmake --install /home/nvidia/wheeltec_imu_ws/build/serial
[0.328s] Level 1:colcon.colcon_core.environment:create_environment_scripts_only(serial)
[0.328s] DEBUG:colcon.colcon_core.event_handler.log_command:Invoked command in '/home/nvidia/wheeltec_imu_ws/build/serial' returned '0': CMAKE_PREFIX_PATH=${CMAKE_PREFIX_PATH}:/opt/ros/humble /usr/bin/cmake --install /home/nvidia/wheeltec_imu_ws/build/serial
[0.330s] Level 1:colcon.colcon_core.environment:checking '/home/nvidia/wheeltec_imu_ws/install/serial' for CMake module files
[0.331s] Level 1:colcon.colcon_core.environment:checking '/home/nvidia/wheeltec_imu_ws/install/serial' for CMake config files
[0.331s] Level 1:colcon.colcon_core.shell:create_environment_hook('serial', 'cmake_prefix_path')
[0.332s] INFO:colcon.colcon_core.shell:Creating environment hook '/home/nvidia/wheeltec_imu_ws/install/serial/share/serial/hook/cmake_prefix_path.ps1'
[0.333s] INFO:colcon.colcon_core.shell:Creating environment descriptor '/home/nvidia/wheeltec_imu_ws/install/serial/share/serial/hook/cmake_prefix_path.dsv'
[0.334s] INFO:colcon.colcon_core.shell:Creating environment hook '/home/nvidia/wheeltec_imu_ws/install/serial/share/serial/hook/cmake_prefix_path.sh'
[0.336s] Level 1:colcon.colcon_core.environment:checking '/home/nvidia/wheeltec_imu_ws/install/serial/lib'
[0.336s] Level 1:colcon.colcon_core.environment:checking '/home/nvidia/wheeltec_imu_ws/install/serial/bin'
[0.336s] Level 1:colcon.colcon_core.environment:checking '/home/nvidia/wheeltec_imu_ws/install/serial/lib/pkgconfig/serial.pc'
[0.337s] Level 1:colcon.colcon_core.environment:checking '/home/nvidia/wheeltec_imu_ws/install/serial/lib/python3.10/site-packages'
[0.337s] Level 1:colcon.colcon_core.environment:checking '/home/nvidia/wheeltec_imu_ws/install/serial/bin'
[0.338s] INFO:colcon.colcon_core.shell:Creating package script '/home/nvidia/wheeltec_imu_ws/install/serial/share/serial/package.ps1'
[0.339s] INFO:colcon.colcon_core.shell:Creating package descriptor '/home/nvidia/wheeltec_imu_ws/install/serial/share/serial/package.dsv'
[0.340s] INFO:colcon.colcon_core.shell:Creating package script '/home/nvidia/wheeltec_imu_ws/install/serial/share/serial/package.sh'
[0.340s] INFO:colcon.colcon_core.shell:Creating package script '/home/nvidia/wheeltec_imu_ws/install/serial/share/serial/package.bash'
[0.341s] INFO:colcon.colcon_core.shell:Creating package script '/home/nvidia/wheeltec_imu_ws/install/serial/share/serial/package.zsh'
[0.342s] Level 1:colcon.colcon_core.environment:create_file_with_runtime_dependencies(/home/nvidia/wheeltec_imu_ws/install/serial/share/colcon-core/packages/serial)
[0.342s] Level 1:colcon.colcon_core.environment:create_environment_scripts_only(serial)
[0.343s] Level 1:colcon.colcon_core.environment:checking '/home/nvidia/wheeltec_imu_ws/install/serial' for CMake module files
[0.343s] Level 1:colcon.colcon_core.environment:checking '/home/nvidia/wheeltec_imu_ws/install/serial' for CMake config files
[0.343s] Level 1:colcon.colcon_core.shell:create_environment_hook('serial', 'cmake_prefix_path')
[0.343s] INFO:colcon.colcon_core.shell:Creating environment hook '/home/nvidia/wheeltec_imu_ws/install/serial/share/serial/hook/cmake_prefix_path.ps1'
[0.344s] INFO:colcon.colcon_core.shell:Creating environment descriptor '/home/nvidia/wheeltec_imu_ws/install/serial/share/serial/hook/cmake_prefix_path.dsv'
[0.344s] INFO:colcon.colcon_core.shell:Creating environment hook '/home/nvidia/wheeltec_imu_ws/install/serial/share/serial/hook/cmake_prefix_path.sh'
[0.344s] Level 1:colcon.colcon_core.environment:checking '/home/nvidia/wheeltec_imu_ws/install/serial/lib'
[0.344s] Level 1:colcon.colcon_core.environment:checking '/home/nvidia/wheeltec_imu_ws/install/serial/bin'
[0.344s] Level 1:colcon.colcon_core.environment:checking '/home/nvidia/wheeltec_imu_ws/install/serial/lib/pkgconfig/serial.pc'
[0.344s] Level 1:colcon.colcon_core.environment:checking '/home/nvidia/wheeltec_imu_ws/install/serial/lib/python3.10/site-packages'
[0.345s] Level 1:colcon.colcon_core.environment:checking '/home/nvidia/wheeltec_imu_ws/install/serial/bin'
[0.345s] INFO:colcon.colcon_core.shell:Creating package script '/home/nvidia/wheeltec_imu_ws/install/serial/share/serial/package.ps1'
[0.345s] INFO:colcon.colcon_core.shell:Creating package descriptor '/home/nvidia/wheeltec_imu_ws/install/serial/share/serial/package.dsv'
[0.345s] INFO:colcon.colcon_core.shell:Creating package script '/home/nvidia/wheeltec_imu_ws/install/serial/share/serial/package.sh'
[0.346s] INFO:colcon.colcon_core.shell:Creating package script '/home/nvidia/wheeltec_imu_ws/install/serial/share/serial/package.bash'
[0.346s] INFO:colcon.colcon_core.shell:Creating package script '/home/nvidia/wheeltec_imu_ws/install/serial/share/serial/package.zsh'
[0.346s] Level 1:colcon.colcon_core.environment:create_file_with_runtime_dependencies(/home/nvidia/wheeltec_imu_ws/install/serial/share/colcon-core/packages/serial)
[0.346s] DEBUG:colcon.colcon_parallel_executor.executor.parallel:closing loop
[0.346s] DEBUG:colcon.colcon_parallel_executor.executor.parallel:loop closed
[0.346s] DEBUG:colcon.colcon_parallel_executor.executor.parallel:run_until_complete finished with '0'
[0.346s] DEBUG:colcon.colcon_core.event_reactor:joining thread
[0.349s] INFO:colcon.colcon_core.plugin_system:Skipping extension 'colcon_notification.desktop_notification.terminal_notifier': Not used on non-Darwin systems
[0.349s] INFO:colcon.colcon_core.plugin_system:Skipping extension 'colcon_notification.desktop_notification.win32': Not used on non-Windows systems
[0.349s] INFO:colcon.colcon_notification.desktop_notification:Sending desktop notification using 'notify2'
[0.356s] DEBUG:colcon.colcon_core.event_reactor:joined thread
[0.357s] INFO:colcon.colcon_core.shell:Creating prefix script '/home/nvidia/wheeltec_imu_ws/install/local_setup.ps1'
[0.358s] INFO:colcon.colcon_core.shell:Creating prefix util module '/home/nvidia/wheeltec_imu_ws/install/_local_setup_util_ps1.py'
[0.359s] INFO:colcon.colcon_core.shell:Creating prefix chain script '/home/nvidia/wheeltec_imu_ws/install/setup.ps1'
[0.359s] INFO:colcon.colcon_core.shell:Creating prefix script '/home/nvidia/wheeltec_imu_ws/install/local_setup.sh'
[0.360s] INFO:colcon.colcon_core.shell:Creating prefix util module '/home/nvidia/wheeltec_imu_ws/install/_local_setup_util_sh.py'
[0.360s] INFO:colcon.colcon_core.shell:Creating prefix chain script '/home/nvidia/wheeltec_imu_ws/install/setup.sh'
[0.361s] INFO:colcon.colcon_core.shell:Creating prefix script '/home/nvidia/wheeltec_imu_ws/install/local_setup.bash'
[0.361s] INFO:colcon.colcon_core.shell:Creating prefix chain script '/home/nvidia/wheeltec_imu_ws/install/setup.bash'
[0.362s] INFO:colcon.colcon_core.shell:Creating prefix script '/home/nvidia/wheeltec_imu_ws/install/local_setup.zsh'
[0.362s] INFO:colcon.colcon_core.shell:Creating prefix chain script '/home/nvidia/wheeltec_imu_ws/install/setup.zsh'
[0.059s] DEBUG:colcon:Command line arguments: ['/usr/bin/colcon', 'build', '--packages-select', 'fdilink_ahrs']
[0.059s] DEBUG:colcon:Parsed command line arguments: Namespace(log_base=None, log_level=None, verb_name='build', build_base='build', install_base='install', merge_install=False, symlink_install=False, test_result_base=None, continue_on_error=False, executor='parallel', parallel_workers=20, event_handlers=None, ignore_user_meta=False, metas=['./colcon.meta'], base_paths=['.'], packages_ignore=None, packages_ignore_regex=None, paths=None, packages_up_to=None, packages_up_to_regex=None, packages_above=None, packages_above_and_dependencies=None, packages_above_depth=None, packages_select_by_dep=None, packages_skip_by_dep=None, packages_skip_up_to=None, packages_select_build_failed=False, packages_skip_build_finished=False, packages_select_test_failures=False, packages_skip_test_passed=False, packages_select=['fdilink_ahrs'], packages_skip=None, packages_select_regex=None, packages_skip_regex=None, packages_start=None, packages_end=None, allow_overriding=[], cmake_args=None, cmake_target=None, cmake_target_skip_unavailable=False, cmake_clean_cache=False, cmake_clean_first=False, cmake_force_configure=False, ament_cmake_args=None, catkin_cmake_args=None, catkin_skip_building_tests=False, verb_parser=<colcon_defaults.argument_parser.defaults.DefaultArgumentsDecorator object at 0x795d91a2faf0>, verb_extension=<colcon_core.verb.build.BuildVerb object at 0x795d91a2f580>, main=<bound method BuildVerb.main of <colcon_core.verb.build.BuildVerb object at 0x795d91a2f580>>)
[0.149s] Level 1:colcon.colcon_core.package_discovery:discover_packages(colcon_meta) check parameters
[0.149s] Level 1:colcon.colcon_core.package_discovery:discover_packages(recursive) check parameters
[0.150s] Level 1:colcon.colcon_core.package_discovery:discover_packages(ignore) check parameters
[0.150s] Level 1:colcon.colcon_core.package_discovery:discover_packages(path) check parameters
[0.150s] Level 1:colcon.colcon_core.package_discovery:discover_packages(colcon_meta) discover
[0.150s] Level 1:colcon.colcon_core.package_discovery:discover_packages(recursive) discover
[0.150s] INFO:colcon.colcon_core.package_discovery:Crawling recursively for packages in '/home/nvidia/wheeltec_imu_ws'
[0.150s] Level 1:colcon.colcon_core.package_identification:_identify(.) by extensions ['ignore', 'ignore_ament_install']
[0.150s] Level 1:colcon.colcon_core.package_identification:_identify(.) by extension 'ignore'
[0.150s] Level 1:colcon.colcon_core.package_identification:_identify(.) by extension 'ignore_ament_install'
[0.150s] Level 1:colcon.colcon_core.package_identification:_identify(.) by extensions ['colcon_pkg']
[0.150s] Level 1:colcon.colcon_core.package_identification:_identify(.) by extension 'colcon_pkg'
[0.150s] Level 1:colcon.colcon_core.package_identification:_identify(.) by extensions ['colcon_meta']
[0.150s] Level 1:colcon.colcon_core.package_identification:_identify(.) by extension 'colcon_meta'
[0.150s] Level 1:colcon.colcon_core.package_identification:_identify(.) by extensions ['ros']
[0.150s] Level 1:colcon.colcon_core.package_identification:_identify(.) by extension 'ros'
[0.157s] Level 1:colcon.colcon_core.package_identification:_identify(.) by extensions ['cmake', 'python']
[0.157s] Level 1:colcon.colcon_core.package_identification:_identify(.) by extension 'cmake'
[0.157s] Level 1:colcon.colcon_core.package_identification:_identify(.) by extension 'python'
[0.157s] Level 1:colcon.colcon_core.package_identification:_identify(.) by extensions ['python_setup_py']
[0.157s] Level 1:colcon.colcon_core.package_identification:_identify(.) by extension 'python_setup_py'
[0.157s] Level 1:colcon.colcon_core.package_identification:_identify(build) by extensions ['ignore', 'ignore_ament_install']
[0.157s] Level 1:colcon.colcon_core.package_identification:_identify(build) by extension 'ignore'
[0.157s] Level 1:colcon.colcon_core.package_identification:_identify(build) ignored
[0.157s] Level 1:colcon.colcon_core.package_identification:_identify(install) by extensions ['ignore', 'ignore_ament_install']
[0.157s] Level 1:colcon.colcon_core.package_identification:_identify(install) by extension 'ignore'
[0.157s] Level 1:colcon.colcon_core.package_identification:_identify(install) ignored
[0.157s] Level 1:colcon.colcon_core.package_identification:_identify(log) by extensions ['ignore', 'ignore_ament_install']
[0.157s] Level 1:colcon.colcon_core.package_identification:_identify(log) by extension 'ignore'
[0.157s] Level 1:colcon.colcon_core.package_identification:_identify(log) ignored
[0.158s] Level 1:colcon.colcon_core.package_identification:_identify(src) by extensions ['ignore', 'ignore_ament_install']
[0.158s] Level 1:colcon.colcon_core.package_identification:_identify(src) by extension 'ignore'
[0.158s] Level 1:colcon.colcon_core.package_identification:_identify(src) by extension 'ignore_ament_install'
[0.158s] Level 1:colcon.colcon_core.package_identification:_identify(src) by extensions ['colcon_pkg']
[0.158s] Level 1:colcon.colcon_core.package_identification:_identify(src) by extension 'colcon_pkg'
[0.158s] Level 1:colcon.colcon_core.package_identification:_identify(src) by extensions ['colcon_meta']
[0.158s] Level 1:colcon.colcon_core.package_identification:_identify(src) by extension 'colcon_meta'
[0.158s] Level 1:colcon.colcon_core.package_identification:_identify(src) by extensions ['ros']
[0.158s] Level 1:colcon.colcon_core.package_identification:_identify(src) by extension 'ros'
[0.158s] Level 1:colcon.colcon_core.package_identification:_identify(src) by extensions ['cmake', 'python']
[0.158s] Level 1:colcon.colcon_core.package_identification:_identify(src) by extension 'cmake'
[0.158s] Level 1:colcon.colcon_core.package_identification:_identify(src) by extension 'python'
[0.158s] Level 1:colcon.colcon_core.package_identification:_identify(src) by extensions ['python_setup_py']
[0.158s] Level 1:colcon.colcon_core.package_identification:_identify(src) by extension 'python_setup_py'
[0.158s] Level 1:colcon.colcon_core.package_identification:_identify(src/build) by extensions ['ignore', 'ignore_ament_install']
[0.158s] Level 1:colcon.colcon_core.package_identification:_identify(src/build) by extension 'ignore'
[0.158s] Level 1:colcon.colcon_core.package_identification:_identify(src/build) ignored
[0.158s] Level 1:colcon.colcon_core.package_identification:_identify(src/fdilink_ahrs) by extensions ['ignore', 'ignore_ament_install']
[0.158s] Level 1:colcon.colcon_core.package_identification:_identify(src/fdilink_ahrs) by extension 'ignore'
[0.158s] Level 1:colcon.colcon_core.package_identification:_identify(src/fdilink_ahrs) by extension 'ignore_ament_install'
[0.158s] Level 1:colcon.colcon_core.package_identification:_identify(src/fdilink_ahrs) by extensions ['colcon_pkg']
[0.158s] Level 1:colcon.colcon_core.package_identification:_identify(src/fdilink_ahrs) by extension 'colcon_pkg'
[0.158s] Level 1:colcon.colcon_core.package_identification:_identify(src/fdilink_ahrs) by extensions ['colcon_meta']
[0.158s] Level 1:colcon.colcon_core.package_identification:_identify(src/fdilink_ahrs) by extension 'colcon_meta'
[0.158s] Level 1:colcon.colcon_core.package_identification:_identify(src/fdilink_ahrs) by extensions ['ros']
[0.158s] Level 1:colcon.colcon_core.package_identification:_identify(src/fdilink_ahrs) by extension 'ros'
[0.160s] DEBUG:colcon.colcon_core.package_identification:Package 'src/fdilink_ahrs' with type 'ros.ament_cmake' and name 'fdilink_ahrs'
[0.160s] Level 1:colcon.colcon_core.package_identification:_identify(src/install) by extensions ['ignore', 'ignore_ament_install']
[0.160s] Level 1:colcon.colcon_core.package_identification:_identify(src/install) by extension 'ignore'
[0.160s] Level 1:colcon.colcon_core.package_identification:_identify(src/install) ignored
[0.160s] Level 1:colcon.colcon_core.package_identification:_identify(src/log) by extensions ['ignore', 'ignore_ament_install']
[0.160s] Level 1:colcon.colcon_core.package_identification:_identify(src/log) by extension 'ignore'
[0.160s] Level 1:colcon.colcon_core.package_identification:_identify(src/log) ignored
[0.160s] Level 1:colcon.colcon_core.package_identification:_identify(src/serial) by extensions ['ignore', 'ignore_ament_install']
[0.160s] Level 1:colcon.colcon_core.package_identification:_identify(src/serial) by extension 'ignore'
[0.160s] Level 1:colcon.colcon_core.package_identification:_identify(src/serial) by extension 'ignore_ament_install'
[0.160s] Level 1:colcon.colcon_core.package_identification:_identify(src/serial) by extensions ['colcon_pkg']
[0.160s] Level 1:colcon.colcon_core.package_identification:_identify(src/serial) by extension 'colcon_pkg'
[0.160s] Level 1:colcon.colcon_core.package_identification:_identify(src/serial) by extensions ['colcon_meta']
[0.160s] Level 1:colcon.colcon_core.package_identification:_identify(src/serial) by extension 'colcon_meta'
[0.160s] Level 1:colcon.colcon_core.package_identification:_identify(src/serial) by extensions ['ros']
[0.160s] Level 1:colcon.colcon_core.package_identification:_identify(src/serial) by extension 'ros'
[0.161s] DEBUG:colcon.colcon_core.package_identification:Package 'src/serial' with type 'ros.ament_cmake' and name 'serial'
[0.161s] Level 1:colcon.colcon_core.package_discovery:discover_packages(recursive) using defaults
[0.161s] Level 1:colcon.colcon_core.package_discovery:discover_packages(ignore) discover
[0.161s] Level 1:colcon.colcon_core.package_discovery:discover_packages(ignore) using defaults
[0.161s] Level 1:colcon.colcon_core.package_discovery:discover_packages(path) discover
[0.161s] Level 1:colcon.colcon_core.package_discovery:discover_packages(path) using defaults
[0.178s] INFO:colcon.colcon_core.package_selection:Skipping not selected package 'serial' in 'src/serial'
[0.179s] Level 1:colcon.colcon_core.package_discovery:discover_packages(prefix_path) check parameters
[0.179s] Level 1:colcon.colcon_core.package_discovery:discover_packages(prefix_path) discover
[0.180s] DEBUG:colcon.colcon_installed_package_information.package_discovery:Found 2 installed packages in /home/nvidia/wheeltec_imu_ws/install
[0.180s] DEBUG:colcon.colcon_installed_package_information.package_discovery:Found 326 installed packages in /opt/ros/humble
[0.181s] Level 1:colcon.colcon_core.package_discovery:discover_packages(prefix_path) using defaults
[0.204s] Level 5:colcon.colcon_core.verb:set package 'fdilink_ahrs' build argument 'cmake_args' from command line to 'None'
[0.204s] Level 5:colcon.colcon_core.verb:set package 'fdilink_ahrs' build argument 'cmake_target' from command line to 'None'
[0.204s] Level 5:colcon.colcon_core.verb:set package 'fdilink_ahrs' build argument 'cmake_target_skip_unavailable' from command line to 'False'
[0.204s] Level 5:colcon.colcon_core.verb:set package 'fdilink_ahrs' build argument 'cmake_clean_cache' from command line to 'False'
[0.204s] Level 5:colcon.colcon_core.verb:set package 'fdilink_ahrs' build argument 'cmake_clean_first' from command line to 'False'
[0.204s] Level 5:colcon.colcon_core.verb:set package 'fdilink_ahrs' build argument 'cmake_force_configure' from command line to 'False'
[0.204s] Level 5:colcon.colcon_core.verb:set package 'fdilink_ahrs' build argument 'ament_cmake_args' from command line to 'None'
[0.204s] Level 5:colcon.colcon_core.verb:set package 'fdilink_ahrs' build argument 'catkin_cmake_args' from command line to 'None'
[0.204s] Level 5:colcon.colcon_core.verb:set package 'fdilink_ahrs' build argument 'catkin_skip_building_tests' from command line to 'False'
[0.204s] DEBUG:colcon.colcon_core.verb:Building package 'fdilink_ahrs' with the following arguments: {'ament_cmake_args': None, 'build_base': '/home/nvidia/wheeltec_imu_ws/build/fdilink_ahrs', 'catkin_cmake_args': None, 'catkin_skip_building_tests': False, 'cmake_args': None, 'cmake_clean_cache': False, 'cmake_clean_first': False, 'cmake_force_configure': False, 'cmake_target': None, 'cmake_target_skip_unavailable': False, 'install_base': '/home/nvidia/wheeltec_imu_ws/install/fdilink_ahrs', 'merge_install': False, 'path': '/home/nvidia/wheeltec_imu_ws/src/fdilink_ahrs', 'symlink_install': False, 'test_result_base': None}
[0.204s] INFO:colcon.colcon_core.executor:Executing jobs using 'parallel' executor
[0.205s] DEBUG:colcon.colcon_parallel_executor.executor.parallel:run_until_complete
[0.205s] INFO:colcon.colcon_ros.task.ament_cmake.build:Building ROS package in '/home/nvidia/wheeltec_imu_ws/src/fdilink_ahrs' with build type 'ament_cmake'
[0.205s] INFO:colcon.colcon_cmake.task.cmake.build:Building CMake package in '/home/nvidia/wheeltec_imu_ws/src/fdilink_ahrs'
[0.206s] INFO:colcon.colcon_core.plugin_system:Skipping extension 'colcon_core.shell.bat': Not used on non-Windows systems
[0.207s] INFO:colcon.colcon_core.shell:Skip shell extension 'powershell' for command environment: Not usable outside of PowerShell
[0.207s] DEBUG:colcon.colcon_core.shell:Skip shell extension 'dsv' for command environment
[0.213s] DEBUG:colcon.colcon_core.event_handler.log_command:Invoking command in '/home/nvidia/wheeltec_imu_ws/build/fdilink_ahrs': CMAKE_PREFIX_PATH=${CMAKE_PREFIX_PATH}:/opt/ros/humble /usr/bin/cmake --build /home/nvidia/wheeltec_imu_ws/build/fdilink_ahrs -- -j20 -l20
[5.777s] DEBUG:colcon.colcon_core.event_handler.log_command:Invoked command in '/home/nvidia/wheeltec_imu_ws/build/fdilink_ahrs' returned '0': CMAKE_PREFIX_PATH=${CMAKE_PREFIX_PATH}:/opt/ros/humble /usr/bin/cmake --build /home/nvidia/wheeltec_imu_ws/build/fdilink_ahrs -- -j20 -l20
[5.784s] DEBUG:colcon.colcon_core.event_handler.log_command:Invoking command in '/home/nvidia/wheeltec_imu_ws/build/fdilink_ahrs': CMAKE_PREFIX_PATH=${CMAKE_PREFIX_PATH}:/opt/ros/humble /usr/bin/cmake --install /home/nvidia/wheeltec_imu_ws/build/fdilink_ahrs
[5.794s] Level 1:colcon.colcon_core.environment:create_environment_scripts_only(fdilink_ahrs)
[5.795s] DEBUG:colcon.colcon_core.event_handler.log_command:Invoked command in '/home/nvidia/wheeltec_imu_ws/build/fdilink_ahrs' returned '0': CMAKE_PREFIX_PATH=${CMAKE_PREFIX_PATH}:/opt/ros/humble /usr/bin/cmake --install /home/nvidia/wheeltec_imu_ws/build/fdilink_ahrs
[5.796s] Level 1:colcon.colcon_core.environment:checking '/home/nvidia/wheeltec_imu_ws/install/fdilink_ahrs' for CMake module files
[5.797s] Level 1:colcon.colcon_core.environment:checking '/home/nvidia/wheeltec_imu_ws/install/fdilink_ahrs' for CMake config files
[5.797s] Level 1:colcon.colcon_core.shell:create_environment_hook('fdilink_ahrs', 'cmake_prefix_path')
[5.797s] INFO:colcon.colcon_core.shell:Creating environment hook '/home/nvidia/wheeltec_imu_ws/install/fdilink_ahrs/share/fdilink_ahrs/hook/cmake_prefix_path.ps1'
[5.797s] INFO:colcon.colcon_core.shell:Creating environment descriptor '/home/nvidia/wheeltec_imu_ws/install/fdilink_ahrs/share/fdilink_ahrs/hook/cmake_prefix_path.dsv'
[5.798s] INFO:colcon.colcon_core.shell:Creating environment hook '/home/nvidia/wheeltec_imu_ws/install/fdilink_ahrs/share/fdilink_ahrs/hook/cmake_prefix_path.sh'
[5.798s] Level 1:colcon.colcon_core.environment:checking '/home/nvidia/wheeltec_imu_ws/install/fdilink_ahrs/lib'
[5.798s] Level 1:colcon.colcon_core.environment:checking '/home/nvidia/wheeltec_imu_ws/install/fdilink_ahrs/bin'
[5.798s] Level 1:colcon.colcon_core.environment:checking '/home/nvidia/wheeltec_imu_ws/install/fdilink_ahrs/lib/pkgconfig/fdilink_ahrs.pc'
[5.799s] Level 1:colcon.colcon_core.environment:checking '/home/nvidia/wheeltec_imu_ws/install/fdilink_ahrs/lib/python3.10/site-packages'
[5.799s] Level 1:colcon.colcon_core.environment:checking '/home/nvidia/wheeltec_imu_ws/install/fdilink_ahrs/bin'
[5.799s] INFO:colcon.colcon_core.shell:Creating package script '/home/nvidia/wheeltec_imu_ws/install/fdilink_ahrs/share/fdilink_ahrs/package.ps1'
[5.799s] INFO:colcon.colcon_core.shell:Creating package descriptor '/home/nvidia/wheeltec_imu_ws/install/fdilink_ahrs/share/fdilink_ahrs/package.dsv'
[5.800s] INFO:colcon.colcon_core.shell:Creating package script '/home/nvidia/wheeltec_imu_ws/install/fdilink_ahrs/share/fdilink_ahrs/package.sh'
[5.800s] INFO:colcon.colcon_core.shell:Creating package script '/home/nvidia/wheeltec_imu_ws/install/fdilink_ahrs/share/fdilink_ahrs/package.bash'
[5.801s] INFO:colcon.colcon_core.shell:Creating package script '/home/nvidia/wheeltec_imu_ws/install/fdilink_ahrs/share/fdilink_ahrs/package.zsh'
[5.801s] Level 1:colcon.colcon_core.environment:create_file_with_runtime_dependencies(/home/nvidia/wheeltec_imu_ws/install/fdilink_ahrs/share/colcon-core/packages/fdilink_ahrs)
[5.801s] Level 1:colcon.colcon_core.environment:create_environment_scripts_only(fdilink_ahrs)
[5.802s] Level 1:colcon.colcon_core.environment:checking '/home/nvidia/wheeltec_imu_ws/install/fdilink_ahrs' for CMake module files
[5.802s] Level 1:colcon.colcon_core.environment:checking '/home/nvidia/wheeltec_imu_ws/install/fdilink_ahrs' for CMake config files
[5.802s] Level 1:colcon.colcon_core.shell:create_environment_hook('fdilink_ahrs', 'cmake_prefix_path')
[5.802s] INFO:colcon.colcon_core.shell:Creating environment hook '/home/nvidia/wheeltec_imu_ws/install/fdilink_ahrs/share/fdilink_ahrs/hook/cmake_prefix_path.ps1'
[5.802s] INFO:colcon.colcon_core.shell:Creating environment descriptor '/home/nvidia/wheeltec_imu_ws/install/fdilink_ahrs/share/fdilink_ahrs/hook/cmake_prefix_path.dsv'
[5.802s] INFO:colcon.colcon_core.shell:Creating environment hook '/home/nvidia/wheeltec_imu_ws/install/fdilink_ahrs/share/fdilink_ahrs/hook/cmake_prefix_path.sh'
[5.803s] Level 1:colcon.colcon_core.environment:checking '/home/nvidia/wheeltec_imu_ws/install/fdilink_ahrs/lib'
[5.803s] Level 1:colcon.colcon_core.environment:checking '/home/nvidia/wheeltec_imu_ws/install/fdilink_ahrs/bin'
[5.803s] Level 1:colcon.colcon_core.environment:checking '/home/nvidia/wheeltec_imu_ws/install/fdilink_ahrs/lib/pkgconfig/fdilink_ahrs.pc'
[5.803s] Level 1:colcon.colcon_core.environment:checking '/home/nvidia/wheeltec_imu_ws/install/fdilink_ahrs/lib/python3.10/site-packages'
[5.803s] Level 1:colcon.colcon_core.environment:checking '/home/nvidia/wheeltec_imu_ws/install/fdilink_ahrs/bin'
[5.803s] INFO:colcon.colcon_core.shell:Creating package script '/home/nvidia/wheeltec_imu_ws/install/fdilink_ahrs/share/fdilink_ahrs/package.ps1'
[5.804s] INFO:colcon.colcon_core.shell:Creating package descriptor '/home/nvidia/wheeltec_imu_ws/install/fdilink_ahrs/share/fdilink_ahrs/package.dsv'
[5.804s] INFO:colcon.colcon_core.shell:Creating package script '/home/nvidia/wheeltec_imu_ws/install/fdilink_ahrs/share/fdilink_ahrs/package.sh'
[5.804s] INFO:colcon.colcon_core.shell:Creating package script '/home/nvidia/wheeltec_imu_ws/install/fdilink_ahrs/share/fdilink_ahrs/package.bash'
[5.804s] INFO:colcon.colcon_core.shell:Creating package script '/home/nvidia/wheeltec_imu_ws/install/fdilink_ahrs/share/fdilink_ahrs/package.zsh'
[5.804s] Level 1:colcon.colcon_core.environment:create_file_with_runtime_dependencies(/home/nvidia/wheeltec_imu_ws/install/fdilink_ahrs/share/colcon-core/packages/fdilink_ahrs)
[5.805s] DEBUG:colcon.colcon_parallel_executor.executor.parallel:closing loop
[5.805s] DEBUG:colcon.colcon_parallel_executor.executor.parallel:loop closed
[5.805s] DEBUG:colcon.colcon_parallel_executor.executor.parallel:run_until_complete finished with '0'
[5.805s] DEBUG:colcon.colcon_core.event_reactor:joining thread
[5.808s] INFO:colcon.colcon_core.plugin_system:Skipping extension 'colcon_notification.desktop_notification.terminal_notifier': Not used on non-Darwin systems
[5.809s] INFO:colcon.colcon_core.plugin_system:Skipping extension 'colcon_notification.desktop_notification.win32': Not used on non-Windows systems
[5.809s] INFO:colcon.colcon_notification.desktop_notification:Sending desktop notification using 'notify2'
[5.818s] DEBUG:colcon.colcon_core.event_reactor:joined thread
[5.818s] INFO:colcon.colcon_core.shell:Creating prefix script '/home/nvidia/wheeltec_imu_ws/install/local_setup.ps1'
[5.820s] INFO:colcon.colcon_core.shell:Creating prefix util module '/home/nvidia/wheeltec_imu_ws/install/_local_setup_util_ps1.py'
[5.821s] INFO:colcon.colcon_core.shell:Creating prefix chain script '/home/nvidia/wheeltec_imu_ws/install/setup.ps1'
[5.822s] INFO:colcon.colcon_core.shell:Creating prefix script '/home/nvidia/wheeltec_imu_ws/install/local_setup.sh'
[5.823s] INFO:colcon.colcon_core.shell:Creating prefix util module '/home/nvidia/wheeltec_imu_ws/install/_local_setup_util_sh.py'
[5.823s] INFO:colcon.colcon_core.shell:Creating prefix chain script '/home/nvidia/wheeltec_imu_ws/install/setup.sh'
[5.824s] INFO:colcon.colcon_core.shell:Creating prefix script '/home/nvidia/wheeltec_imu_ws/install/local_setup.bash'
[5.825s] INFO:colcon.colcon_core.shell:Creating prefix chain script '/home/nvidia/wheeltec_imu_ws/install/setup.bash'
[5.825s] INFO:colcon.colcon_core.shell:Creating prefix script '/home/nvidia/wheeltec_imu_ws/install/local_setup.zsh'
[5.826s] INFO:colcon.colcon_core.shell:Creating prefix chain script '/home/nvidia/wheeltec_imu_ws/install/setup.zsh'
