[0.007s] Invoking command in '/home/nvidia/ros2_ws/build/yhs_chassis_description': CMAKE_PREFIX_PATH=/opt/ros/humble /usr/bin/cmake --build /home/nvidia/ros2_ws/build/yhs_chassis_description -- -j20 -l20
[0.039s] Invoked command in '/home/nvidia/ros2_ws/build/yhs_chassis_description' returned '0': CMAKE_PREFIX_PATH=/opt/ros/humble /usr/bin/cmake --build /home/nvidia/ros2_ws/build/yhs_chassis_description -- -j20 -l20
[0.057s] Invoking command in '/home/nvidia/ros2_ws/build/yhs_chassis_description': CMAKE_PREFIX_PATH=/opt/ros/humble /usr/bin/cmake --install /home/nvidia/ros2_ws/build/yhs_chassis_description
[0.072s] -- Install configuration: ""
[0.073s] -- Up-to-date: /home/nvidia/ros2_ws/install/yhs_chassis_description/share/yhs_chassis_description/launch
[0.073s] -- Up-to-date: /home/nvidia/ros2_ws/install/yhs_chassis_description/share/yhs_chassis_description/launch/MK-mini.launch.py
[0.073s] -- Up-to-date: /home/nvidia/ros2_ws/install/yhs_chassis_description/share/yhs_chassis_description/meshes
[0.073s] -- Up-to-date: /home/nvidia/ros2_ws/install/yhs_chassis_description/share/yhs_chassis_description/meshes/MK-mini.STL
[0.073s] -- Up-to-date: /home/nvidia/ros2_ws/install/yhs_chassis_description/share/yhs_chassis_description/rviz
[0.073s] -- Up-to-date: /home/nvidia/ros2_ws/install/yhs_chassis_description/share/yhs_chassis_description/rviz/rviz.rviz
[0.073s] -- Up-to-date: /home/nvidia/ros2_ws/install/yhs_chassis_description/share/yhs_chassis_description/urdf
[0.073s] -- Up-to-date: /home/nvidia/ros2_ws/install/yhs_chassis_description/share/yhs_chassis_description/urdf/MK-mini.urdf
[0.073s] -- Up-to-date: /home/nvidia/ros2_ws/install/yhs_chassis_description/share/ament_index/resource_index/package_run_dependencies/yhs_chassis_description
[0.074s] -- Up-to-date: /home/nvidia/ros2_ws/install/yhs_chassis_description/share/ament_index/resource_index/parent_prefix_path/yhs_chassis_description
[0.074s] -- Up-to-date: /home/nvidia/ros2_ws/install/yhs_chassis_description/share/yhs_chassis_description/environment/ament_prefix_path.sh
[0.074s] -- Up-to-date: /home/nvidia/ros2_ws/install/yhs_chassis_description/share/yhs_chassis_description/environment/ament_prefix_path.dsv
[0.074s] -- Up-to-date: /home/nvidia/ros2_ws/install/yhs_chassis_description/share/yhs_chassis_description/environment/path.sh
[0.074s] -- Up-to-date: /home/nvidia/ros2_ws/install/yhs_chassis_description/share/yhs_chassis_description/environment/path.dsv
[0.074s] -- Up-to-date: /home/nvidia/ros2_ws/install/yhs_chassis_description/share/yhs_chassis_description/local_setup.bash
[0.074s] -- Up-to-date: /home/nvidia/ros2_ws/install/yhs_chassis_description/share/yhs_chassis_description/local_setup.sh
[0.074s] -- Up-to-date: /home/nvidia/ros2_ws/install/yhs_chassis_description/share/yhs_chassis_description/local_setup.zsh
[0.075s] -- Up-to-date: /home/nvidia/ros2_ws/install/yhs_chassis_description/share/yhs_chassis_description/local_setup.dsv
[0.075s] -- Installing: /home/nvidia/ros2_ws/install/yhs_chassis_description/share/yhs_chassis_description/package.dsv
[0.075s] -- Up-to-date: /home/nvidia/ros2_ws/install/yhs_chassis_description/share/ament_index/resource_index/packages/yhs_chassis_description
[0.075s] -- Up-to-date: /home/nvidia/ros2_ws/install/yhs_chassis_description/share/yhs_chassis_description/cmake/yhs_chassis_descriptionConfig.cmake
[0.075s] -- Up-to-date: /home/nvidia/ros2_ws/install/yhs_chassis_description/share/yhs_chassis_description/cmake/yhs_chassis_descriptionConfig-version.cmake
[0.075s] -- Up-to-date: /home/nvidia/ros2_ws/install/yhs_chassis_description/share/yhs_chassis_description/package.xml
[0.076s] Invoked command in '/home/nvidia/ros2_ws/build/yhs_chassis_description' returned '0': CMAKE_PREFIX_PATH=/opt/ros/humble /usr/bin/cmake --install /home/nvidia/ros2_ws/build/yhs_chassis_description
