[0.014s] Invoking command in '/home/nvidia/ws_fastlio2/build/localizer': AMENT_PREFIX_PATH=/home/nvidia/ws_fastlio2/install/interface:${AMENT_PREFIX_PATH} CMAKE_PREFIX_PATH=/home/nvidia/ws_fastlio2/install/interface:/home/nvidia/5.1-ros2_ws/install/yhs_can_control:/home/nvidia/5.1-ros2_ws/install/yhs_can_interfaces:/home/nvidia/ros2_ws/install/yhs_chassis_description:/home/nvidia/ros2_ws/install/ai_imu_dr_ros:/opt/ros/humble LD_LIBRARY_PATH=/home/nvidia/ws_fastlio2/install/interface/lib:${LD_LIBRARY_PATH} PYTHONPATH=/home/nvidia/ws_fastlio2/install/interface/local/lib/python3.10/dist-packages:${PYTHONPATH} /usr/bin/cmake --build /home/nvidia/ws_fastlio2/build/localizer -- -j20 -l20
[0.119s] [35m[1mConsolidate compiler generated dependencies of target localizer_node[0m
[0.179s] [100%] Built target localizer_node
[0.191s] Invoked command in '/home/nvidia/ws_fastlio2/build/localizer' returned '0': AMENT_PREFIX_PATH=/home/nvidia/ws_fastlio2/install/interface:${AMENT_PREFIX_PATH} CMAKE_PREFIX_PATH=/home/nvidia/ws_fastlio2/install/interface:/home/nvidia/5.1-ros2_ws/install/yhs_can_control:/home/nvidia/5.1-ros2_ws/install/yhs_can_interfaces:/home/nvidia/ros2_ws/install/yhs_chassis_description:/home/nvidia/ros2_ws/install/ai_imu_dr_ros:/opt/ros/humble LD_LIBRARY_PATH=/home/nvidia/ws_fastlio2/install/interface/lib:${LD_LIBRARY_PATH} PYTHONPATH=/home/nvidia/ws_fastlio2/install/interface/local/lib/python3.10/dist-packages:${PYTHONPATH} /usr/bin/cmake --build /home/nvidia/ws_fastlio2/build/localizer -- -j20 -l20
[0.193s] Invoking command in '/home/nvidia/ws_fastlio2/build/localizer': AMENT_PREFIX_PATH=/home/nvidia/ws_fastlio2/install/interface:${AMENT_PREFIX_PATH} CMAKE_PREFIX_PATH=/home/nvidia/ws_fastlio2/install/interface:/home/nvidia/5.1-ros2_ws/install/yhs_can_control:/home/nvidia/5.1-ros2_ws/install/yhs_can_interfaces:/home/nvidia/ros2_ws/install/yhs_chassis_description:/home/nvidia/ros2_ws/install/ai_imu_dr_ros:/opt/ros/humble LD_LIBRARY_PATH=/home/nvidia/ws_fastlio2/install/interface/lib:${LD_LIBRARY_PATH} PYTHONPATH=/home/nvidia/ws_fastlio2/install/interface/local/lib/python3.10/dist-packages:${PYTHONPATH} /usr/bin/cmake --install /home/nvidia/ws_fastlio2/build/localizer
[0.196s] -- Install configuration: "Release"
[0.197s] -- Execute custom install script
[0.197s] -- Up-to-date symlink: /home/nvidia/ws_fastlio2/install/localizer/lib/localizer/localizer_node
[0.228s] -- Up-to-date symlink: /home/nvidia/ws_fastlio2/install/localizer/share/localizer/launch/localizer_launch.py
[0.228s] -- Up-to-date symlink: /home/nvidia/ws_fastlio2/install/localizer/share/localizer/config/localizer.yaml
[0.230s] -- Up-to-date symlink: /home/nvidia/ws_fastlio2/install/localizer/share/localizer/rviz/localizer.rviz
[0.230s] -- Up-to-date symlink: /home/nvidia/ws_fastlio2/install/localizer/share/ament_index/resource_index/package_run_dependencies/localizer
[0.231s] -- Up-to-date symlink: /home/nvidia/ws_fastlio2/install/localizer/share/ament_index/resource_index/parent_prefix_path/localizer
[0.231s] -- Up-to-date symlink: /home/nvidia/ws_fastlio2/install/localizer/share/localizer/environment/ament_prefix_path.sh
[0.231s] -- Up-to-date symlink: /home/nvidia/ws_fastlio2/install/localizer/share/localizer/environment/ament_prefix_path.dsv
[0.231s] -- Up-to-date symlink: /home/nvidia/ws_fastlio2/install/localizer/share/localizer/environment/path.sh
[0.232s] -- Up-to-date symlink: /home/nvidia/ws_fastlio2/install/localizer/share/localizer/environment/path.dsv
[0.232s] -- Up-to-date symlink: /home/nvidia/ws_fastlio2/install/localizer/share/localizer/local_setup.bash
[0.232s] -- Up-to-date symlink: /home/nvidia/ws_fastlio2/install/localizer/share/localizer/local_setup.sh
[0.233s] -- Up-to-date symlink: /home/nvidia/ws_fastlio2/install/localizer/share/localizer/local_setup.zsh
[0.245s] -- Up-to-date symlink: /home/nvidia/ws_fastlio2/install/localizer/share/localizer/local_setup.dsv
[0.246s] -- Symlinking: /home/nvidia/ws_fastlio2/install/localizer/share/localizer/package.dsv
[0.254s] -- Up-to-date symlink: /home/nvidia/ws_fastlio2/install/localizer/share/ament_index/resource_index/packages/localizer
[0.254s] -- Up-to-date symlink: /home/nvidia/ws_fastlio2/install/localizer/share/localizer/cmake/localizerConfig.cmake
[0.254s] -- Up-to-date symlink: /home/nvidia/ws_fastlio2/install/localizer/share/localizer/cmake/localizerConfig-version.cmake
[0.254s] -- Up-to-date symlink: /home/nvidia/ws_fastlio2/install/localizer/share/localizer/package.xml
[0.273s] Invoked command in '/home/nvidia/ws_fastlio2/build/localizer' returned '0': AMENT_PREFIX_PATH=/home/nvidia/ws_fastlio2/install/interface:${AMENT_PREFIX_PATH} CMAKE_PREFIX_PATH=/home/nvidia/ws_fastlio2/install/interface:/home/nvidia/5.1-ros2_ws/install/yhs_can_control:/home/nvidia/5.1-ros2_ws/install/yhs_can_interfaces:/home/nvidia/ros2_ws/install/yhs_chassis_description:/home/nvidia/ros2_ws/install/ai_imu_dr_ros:/opt/ros/humble LD_LIBRARY_PATH=/home/nvidia/ws_fastlio2/install/interface/lib:${LD_LIBRARY_PATH} PYTHONPATH=/home/nvidia/ws_fastlio2/install/interface/local/lib/python3.10/dist-packages:${PYTHONPATH} /usr/bin/cmake --install /home/nvidia/ws_fastlio2/build/localizer
