[0.006s] Invoking command in '/home/nvidia/wheeltec_imu_ws/build/fdilink_ahrs': CMAKE_PREFIX_PATH=/opt/ros/humble /usr/bin/cmake /home/nvidia/wheeltec_imu_ws/src/fdilink_ahrs -DCMAKE_INSTALL_PREFIX=/home/nvidia/wheeltec_imu_ws/install/fdilink_ahrs
[0.055s] -- The C compiler identification is GNU 11.4.0
[0.125s] -- The CXX compiler identification is GNU 11.4.0
[0.130s] -- Detecting C compiler ABI info
[0.246s] -- Detecting C compiler ABI info - done
[0.250s] -- Check for working C compiler: /usr/bin/cc - skipped
[0.251s] -- Detecting C compile features
[0.251s] -- Detecting C compile features - done
[0.253s] -- Detecting CXX compiler ABI info
[0.329s] -- Detecting CXX compiler ABI info - done
[0.333s] -- Check for working CXX compiler: /usr/bin/c++ - skipped
[0.333s] -- Detecting CXX compile features
[0.333s] -- Detecting CXX compile features - done
[0.338s] -- Found ament_cmake: 1.3.12 (/opt/ros/humble/share/ament_cmake/cmake)
[0.469s] -- Found Python3: /usr/bin/python3 (found version "3.10.12") found components: Interpreter 
[0.520s] -- Found rclcpp: 16.0.15 (/opt/ros/humble/share/rclcpp/cmake)
[0.543s] -- Found rosidl_generator_c: 3.1.7 (/opt/ros/humble/share/rosidl_generator_c/cmake)
[0.546s] -- Found rosidl_adapter: 3.1.7 (/opt/ros/humble/share/rosidl_adapter/cmake)
[0.550s] -- Found rosidl_generator_cpp: 3.1.7 (/opt/ros/humble/share/rosidl_generator_cpp/cmake)
[0.556s] -- Using all available rosidl_typesupport_c: rosidl_typesupport_fastrtps_c;rosidl_typesupport_introspection_c
[0.565s] -- Using all available rosidl_typesupport_cpp: rosidl_typesupport_fastrtps_cpp;rosidl_typesupport_introspection_cpp
[0.588s] -- Found rmw_implementation_cmake: 6.1.2 (/opt/ros/humble/share/rmw_implementation_cmake/cmake)
[0.590s] -- Found rmw_fastrtps_cpp: 6.2.8 (/opt/ros/humble/share/rmw_fastrtps_cpp/cmake)
[0.676s] -- Found OpenSSL: /usr/lib/x86_64-linux-gnu/libcrypto.so (found version "3.0.2")  
[0.701s] -- Found FastRTPS: /opt/ros/humble/include  
[0.726s] -- Using RMW implementation 'rmw_fastrtps_cpp' as default
[0.733s] -- Looking for pthread.h
[0.833s] -- Looking for pthread.h - found
[0.834s] -- Performing Test CMAKE_HAVE_LIBC_PTHREAD
[0.929s] -- Performing Test CMAKE_HAVE_LIBC_PTHREAD - Success
[0.930s] -- Found Threads: TRUE  
[0.961s] -- Found rclpy: 3.3.17 (/opt/ros/humble/share/rclpy/cmake)
[0.962s] -- Found sensor_msgs: 4.9.0 (/opt/ros/humble/share/sensor_msgs/cmake)
[0.980s] -- Found tf2: 0.25.16 (/opt/ros/humble/share/tf2/cmake)
[0.985s] -- Found tf2_ros: 0.25.16 (/opt/ros/humble/share/tf2_ros/cmake)
[1.040s] -- Configuring incomplete, errors occurred!
[1.040s] See also "/home/nvidia/wheeltec_imu_ws/build/fdilink_ahrs/CMakeFiles/CMakeOutput.log".
[1.040s] [31mCMake Error at CMakeLists.txt:30 (find_package):
[1.040s]   By not providing "Findserial.cmake" in CMAKE_MODULE_PATH this project has
[1.040s]   asked CMake to find a package configuration file provided by "serial", but
[1.041s]   CMake did not find one.
[1.041s] 
[1.041s]   Could not find a package configuration file provided by "serial" with any
[1.041s]   of the following names:
[1.041s] 
[1.041s]     serialConfig.cmake
[1.041s]     serial-config.cmake
[1.041s] 
[1.041s]   Add the installation prefix of "serial" to CMAKE_PREFIX_PATH or set
[1.041s]   "serial_DIR" to a directory containing one of the above files.  If "serial"
[1.041s]   provides a separate development package or SDK, be sure it has been
[1.041s]   installed.
[1.041s] 
[1.041s] [0m
[1.046s] Invoked command in '/home/nvidia/wheeltec_imu_ws/build/fdilink_ahrs' returned '1': CMAKE_PREFIX_PATH=/opt/ros/humble /usr/bin/cmake /home/nvidia/wheeltec_imu_ws/src/fdilink_ahrs -DCMAKE_INSTALL_PREFIX=/home/nvidia/wheeltec_imu_ws/install/fdilink_ahrs
