[0.007s] Invoking command in '/home/nvidia/5.1-ros2_ws/build/yhs_can_interfaces': CMAKE_PREFIX_PATH=${CMAKE_PREFIX_PATH}:/home/nvidia/ros2_ws/install/ai_imu_dr_ros:/opt/ros/humble /usr/bin/cmake --build /home/nvidia/5.1-ros2_ws/build/yhs_can_interfaces -- -j20 -l20
[0.040s] [  0%] Built target yhs_can_interfaces__cpp
[0.044s] [ 12%] Built target yhs_can_interfaces__rosidl_generator_c
[0.051s] [ 12%] Built target ament_cmake_python_copy_yhs_can_interfaces
[0.059s] [ 13%] [32mBuilding CXX object CMakeFiles/yhs_can_interfaces__rosidl_typesupport_cpp.dir/rosidl_typesupport_cpp/yhs_can_interfaces/msg/bms_info_fb__type_support.cpp.o[0m
[0.060s] [ 14%] [32mBuilding CXX object CMakeFiles/yhs_can_interfaces__rosidl_typesupport_cpp.dir/rosidl_typesupport_cpp/yhs_can_interfaces/msg/bms_flag_info_fb__type_support.cpp.o[0m
[0.060s] [ 16%] [32mBuilding CXX object CMakeFiles/yhs_can_interfaces__rosidl_typesupport_cpp.dir/rosidl_typesupport_cpp/yhs_can_interfaces/msg/chassis_info_fb__type_support.cpp.o[0m
[0.060s] [ 16%] [32mBuilding CXX object CMakeFiles/yhs_can_interfaces__rosidl_typesupport_introspection_cpp.dir/rosidl_typesupport_introspection_cpp/yhs_can_interfaces/msg/detail/chassis_info_fb__type_support.cpp.o[0m
[0.060s] [ 17%] [32mBuilding CXX object CMakeFiles/yhs_can_interfaces__rosidl_typesupport_introspection_cpp.dir/rosidl_typesupport_introspection_cpp/yhs_can_interfaces/msg/detail/ctrl_cmd__type_support.cpp.o[0m
[0.060s] [ 18%] [32mBuilding CXX object CMakeFiles/yhs_can_interfaces__rosidl_typesupport_cpp.dir/rosidl_typesupport_cpp/yhs_can_interfaces/msg/ctrl_cmd__type_support.cpp.o[0m
[0.060s] [ 19%] [32mBuilding CXX object CMakeFiles/yhs_can_interfaces__rosidl_typesupport_cpp.dir/rosidl_typesupport_cpp/yhs_can_interfaces/msg/drive_mcu_ecode_fb__type_support.cpp.o[0m
[0.061s] [ 21%] [32mBuilding CXX object CMakeFiles/yhs_can_interfaces__rosidl_typesupport_cpp.dir/rosidl_typesupport_cpp/yhs_can_interfaces/msg/io_cmd__type_support.cpp.o[0m
[0.061s] [ 21%] [32mBuilding CXX object CMakeFiles/yhs_can_interfaces__rosidl_typesupport_introspection_cpp.dir/rosidl_typesupport_introspection_cpp/yhs_can_interfaces/msg/detail/bms_flag_info_fb__type_support.cpp.o[0m
[0.061s] [ 22%] [32mBuilding CXX object CMakeFiles/yhs_can_interfaces__rosidl_typesupport_cpp.dir/rosidl_typesupport_cpp/yhs_can_interfaces/msg/ctrl_fb__type_support.cpp.o[0m
[0.061s] [ 23%] [32mBuilding CXX object CMakeFiles/yhs_can_interfaces__rosidl_typesupport_fastrtps_cpp.dir/rosidl_typesupport_fastrtps_cpp/yhs_can_interfaces/msg/detail/dds_fastrtps/bms_flag_info_fb__type_support.cpp.o[0m
[0.061s] [ 23%] [32mBuilding CXX object CMakeFiles/yhs_can_interfaces__rosidl_typesupport_introspection_cpp.dir/rosidl_typesupport_introspection_cpp/yhs_can_interfaces/msg/detail/bms_info_fb__type_support.cpp.o[0m
[0.063s] [ 23%] [32mBuilding CXX object CMakeFiles/yhs_can_interfaces__rosidl_typesupport_cpp.dir/rosidl_typesupport_cpp/yhs_can_interfaces/msg/io_fb__type_support.cpp.o[0m
[0.065s] [ 24%] [32mBuilding CXX object CMakeFiles/yhs_can_interfaces__rosidl_typesupport_fastrtps_cpp.dir/rosidl_typesupport_fastrtps_cpp/yhs_can_interfaces/msg/detail/dds_fastrtps/bms_info_fb__type_support.cpp.o[0m
[0.067s] [ 25%] [32mBuilding CXX object CMakeFiles/yhs_can_interfaces__rosidl_typesupport_fastrtps_cpp.dir/rosidl_typesupport_fastrtps_cpp/yhs_can_interfaces/msg/detail/dds_fastrtps/ctrl_cmd__type_support.cpp.o[0m
[0.067s] [ 26%] [32mBuilding CXX object CMakeFiles/yhs_can_interfaces__rosidl_typesupport_fastrtps_cpp.dir/rosidl_typesupport_fastrtps_cpp/yhs_can_interfaces/msg/detail/dds_fastrtps/chassis_info_fb__type_support.cpp.o[0m
[0.071s] [ 27%] [32mBuilding CXX object CMakeFiles/yhs_can_interfaces__rosidl_typesupport_fastrtps_c.dir/rosidl_typesupport_fastrtps_c/yhs_can_interfaces/msg/detail/bms_flag_info_fb__type_support_c.cpp.o[0m
[0.072s] [ 39%] Built target yhs_can_interfaces__rosidl_typesupport_c
[0.074s] [ 51%] Built target yhs_can_interfaces__rosidl_typesupport_introspection_c
[0.095s] [ 52%] [32mBuilding CXX object CMakeFiles/yhs_can_interfaces__rosidl_typesupport_fastrtps_cpp.dir/rosidl_typesupport_fastrtps_cpp/yhs_can_interfaces/msg/detail/dds_fastrtps/ctrl_fb__type_support.cpp.o[0m
[0.100s] [ 53%] [32mBuilding CXX object CMakeFiles/yhs_can_interfaces__rosidl_typesupport_fastrtps_cpp.dir/rosidl_typesupport_fastrtps_cpp/yhs_can_interfaces/msg/detail/dds_fastrtps/drive_mcu_ecode_fb__type_support.cpp.o[0m
[0.357s] [ 54%] [32mBuilding CXX object CMakeFiles/yhs_can_interfaces__rosidl_typesupport_introspection_cpp.dir/rosidl_typesupport_introspection_cpp/yhs_can_interfaces/msg/detail/ctrl_fb__type_support.cpp.o[0m
[0.366s] [ 55%] [32mBuilding CXX object CMakeFiles/yhs_can_interfaces__rosidl_typesupport_cpp.dir/rosidl_typesupport_cpp/yhs_can_interfaces/msg/lr_wheel_fb__type_support.cpp.o[0m
[0.372s] [ 56%] [32mBuilding CXX object CMakeFiles/yhs_can_interfaces__rosidl_typesupport_cpp.dir/rosidl_typesupport_cpp/yhs_can_interfaces/msg/rr_wheel_fb__type_support.cpp.o[0m
[0.380s] [ 57%] [32mBuilding CXX object CMakeFiles/yhs_can_interfaces__rosidl_typesupport_cpp.dir/rosidl_typesupport_cpp/yhs_can_interfaces/msg/veh_diag_fb__type_support.cpp.o[0m
[0.386s] [ 58%] [32mBuilding CXX object CMakeFiles/yhs_can_interfaces__rosidl_typesupport_introspection_cpp.dir/rosidl_typesupport_introspection_cpp/yhs_can_interfaces/msg/detail/drive_mcu_ecode_fb__type_support.cpp.o[0m
[0.412s] [ 59%] [32mBuilding CXX object CMakeFiles/yhs_can_interfaces__rosidl_typesupport_introspection_cpp.dir/rosidl_typesupport_introspection_cpp/yhs_can_interfaces/msg/detail/io_cmd__type_support.cpp.o[0m
[0.429s] running egg_info
[0.430s] writing yhs_can_interfaces.egg-info/PKG-INFO
[0.430s] writing dependency_links to yhs_can_interfaces.egg-info/dependency_links.txt
[0.430s] writing top-level names to yhs_can_interfaces.egg-info/top_level.txt
[0.434s] reading manifest file 'yhs_can_interfaces.egg-info/SOURCES.txt'
[0.439s] writing manifest file 'yhs_can_interfaces.egg-info/SOURCES.txt'
[0.505s] [ 60%] [32mBuilding CXX object CMakeFiles/yhs_can_interfaces__rosidl_typesupport_introspection_cpp.dir/rosidl_typesupport_introspection_cpp/yhs_can_interfaces/msg/detail/io_fb__type_support.cpp.o[0m
[0.511s] [ 60%] Built target ament_cmake_python_build_yhs_can_interfaces_egg
[0.519s] [ 63%] [32mBuilding CXX object CMakeFiles/yhs_can_interfaces__rosidl_typesupport_fastrtps_c.dir/rosidl_typesupport_fastrtps_c/yhs_can_interfaces/msg/detail/bms_info_fb__type_support_c.cpp.o[0m
[0.519s] [ 63%] [32mBuilding CXX object CMakeFiles/yhs_can_interfaces__rosidl_typesupport_introspection_cpp.dir/rosidl_typesupport_introspection_cpp/yhs_can_interfaces/msg/detail/lr_wheel_fb__type_support.cpp.o[0m
[0.519s] [ 63%] [32mBuilding CXX object CMakeFiles/yhs_can_interfaces__rosidl_typesupport_fastrtps_cpp.dir/rosidl_typesupport_fastrtps_cpp/yhs_can_interfaces/msg/detail/dds_fastrtps/io_cmd__type_support.cpp.o[0m
[0.522s] [ 64%] [32mBuilding CXX object CMakeFiles/yhs_can_interfaces__rosidl_typesupport_fastrtps_c.dir/rosidl_typesupport_fastrtps_c/yhs_can_interfaces/msg/detail/chassis_info_fb__type_support_c.cpp.o[0m
[0.526s] [ 65%] [32mBuilding CXX object CMakeFiles/yhs_can_interfaces__rosidl_typesupport_fastrtps_cpp.dir/rosidl_typesupport_fastrtps_cpp/yhs_can_interfaces/msg/detail/dds_fastrtps/io_fb__type_support.cpp.o[0m
[0.533s] [ 66%] [32mBuilding CXX object CMakeFiles/yhs_can_interfaces__rosidl_typesupport_fastrtps_cpp.dir/rosidl_typesupport_fastrtps_cpp/yhs_can_interfaces/msg/detail/dds_fastrtps/lr_wheel_fb__type_support.cpp.o[0m
[0.552s] [ 67%] [32mBuilding CXX object CMakeFiles/yhs_can_interfaces__rosidl_typesupport_fastrtps_c.dir/rosidl_typesupport_fastrtps_c/yhs_can_interfaces/msg/detail/ctrl_cmd__type_support_c.cpp.o[0m
[0.579s] [ 67%] [32mBuilding CXX object CMakeFiles/yhs_can_interfaces__rosidl_typesupport_fastrtps_cpp.dir/rosidl_typesupport_fastrtps_cpp/yhs_can_interfaces/msg/detail/dds_fastrtps/rr_wheel_fb__type_support.cpp.o[0m
[0.585s] [ 67%] [32mBuilding CXX object CMakeFiles/yhs_can_interfaces__rosidl_typesupport_fastrtps_c.dir/rosidl_typesupport_fastrtps_c/yhs_can_interfaces/msg/detail/ctrl_fb__type_support_c.cpp.o[0m
[0.591s] [ 68%] [32mBuilding CXX object CMakeFiles/yhs_can_interfaces__rosidl_typesupport_fastrtps_cpp.dir/rosidl_typesupport_fastrtps_cpp/yhs_can_interfaces/msg/detail/dds_fastrtps/veh_diag_fb__type_support.cpp.o[0m
[0.598s] [ 70%] [32mBuilding CXX object CMakeFiles/yhs_can_interfaces__rosidl_typesupport_fastrtps_c.dir/rosidl_typesupport_fastrtps_c/yhs_can_interfaces/msg/detail/drive_mcu_ecode_fb__type_support_c.cpp.o[0m
[0.598s] [ 70%] [32mBuilding CXX object CMakeFiles/yhs_can_interfaces__rosidl_typesupport_introspection_cpp.dir/rosidl_typesupport_introspection_cpp/yhs_can_interfaces/msg/detail/rr_wheel_fb__type_support.cpp.o[0m
[0.640s] [ 71%] [32mBuilding CXX object CMakeFiles/yhs_can_interfaces__rosidl_typesupport_introspection_cpp.dir/rosidl_typesupport_introspection_cpp/yhs_can_interfaces/msg/detail/veh_diag_fb__type_support.cpp.o[0m
[0.672s] [ 72%] [32mBuilding CXX object CMakeFiles/yhs_can_interfaces__rosidl_typesupport_fastrtps_c.dir/rosidl_typesupport_fastrtps_c/yhs_can_interfaces/msg/detail/io_cmd__type_support_c.cpp.o[0m
[0.699s] [ 73%] [32m[1mLinking CXX shared library libyhs_can_interfaces__rosidl_typesupport_cpp.so[0m
[0.772s] [ 74%] [32mBuilding CXX object CMakeFiles/yhs_can_interfaces__rosidl_typesupport_fastrtps_c.dir/rosidl_typesupport_fastrtps_c/yhs_can_interfaces/msg/detail/lr_wheel_fb__type_support_c.cpp.o[0m
[0.779s] [ 75%] [32mBuilding CXX object CMakeFiles/yhs_can_interfaces__rosidl_typesupport_fastrtps_c.dir/rosidl_typesupport_fastrtps_c/yhs_can_interfaces/msg/detail/io_fb__type_support_c.cpp.o[0m
[0.802s] [ 76%] Built target yhs_can_interfaces__rosidl_typesupport_cpp
[0.846s] [ 77%] [32mBuilding CXX object CMakeFiles/yhs_can_interfaces__rosidl_typesupport_fastrtps_c.dir/rosidl_typesupport_fastrtps_c/yhs_can_interfaces/msg/detail/rr_wheel_fb__type_support_c.cpp.o[0m
[0.867s] [ 78%] [32mBuilding CXX object CMakeFiles/yhs_can_interfaces__rosidl_typesupport_fastrtps_c.dir/rosidl_typesupport_fastrtps_c/yhs_can_interfaces/msg/detail/veh_diag_fb__type_support_c.cpp.o[0m
[1.004s] [ 79%] [32m[1mLinking CXX shared library libyhs_can_interfaces__rosidl_typesupport_introspection_cpp.so[0m
[1.048s] [ 80%] Built target yhs_can_interfaces__rosidl_typesupport_introspection_cpp
[1.057s] [ 81%] [32m[1mLinking CXX shared library libyhs_can_interfaces__rosidl_typesupport_fastrtps_cpp.so[0m
[1.105s] [ 81%] Built target yhs_can_interfaces__rosidl_typesupport_fastrtps_cpp
[1.115s] [ 82%] [32m[1mLinking CXX shared library libyhs_can_interfaces__rosidl_typesupport_fastrtps_c.so[0m
[1.161s] [ 83%] Built target yhs_can_interfaces__rosidl_typesupport_fastrtps_c
[1.173s] [ 83%] Built target yhs_can_interfaces
[1.185s] [ 84%] Built target yhs_can_interfaces__py
[1.202s] [ 85%] [32mBuilding C object CMakeFiles/yhs_can_interfaces__rosidl_generator_py.dir/rosidl_generator_py/yhs_can_interfaces/msg/_chassis_info_fb_s.c.o[0m
[1.202s] [ 87%] [32mBuilding C object CMakeFiles/yhs_can_interfaces__rosidl_generator_py.dir/rosidl_generator_py/yhs_can_interfaces/msg/_bms_flag_info_fb_s.c.o[0m
[1.202s] [ 87%] [32mBuilding C object CMakeFiles/yhs_can_interfaces__rosidl_generator_py.dir/rosidl_generator_py/yhs_can_interfaces/msg/_ctrl_fb_s.c.o[0m
[1.202s] [ 88%] [32mBuilding C object CMakeFiles/yhs_can_interfaces__rosidl_generator_py.dir/rosidl_generator_py/yhs_can_interfaces/msg/_bms_info_fb_s.c.o[0m
[1.202s] [ 89%] [32mBuilding C object CMakeFiles/yhs_can_interfaces__rosidl_generator_py.dir/rosidl_generator_py/yhs_can_interfaces/msg/_ctrl_cmd_s.c.o[0m
[1.203s] [ 90%] [32mBuilding C object CMakeFiles/yhs_can_interfaces__rosidl_generator_py.dir/rosidl_generator_py/yhs_can_interfaces/msg/_io_cmd_s.c.o[0m
[1.203s] [ 90%] [32mBuilding C object CMakeFiles/yhs_can_interfaces__rosidl_generator_py.dir/rosidl_generator_py/yhs_can_interfaces/msg/_drive_mcu_ecode_fb_s.c.o[0m
[1.204s] [ 91%] [32mBuilding C object CMakeFiles/yhs_can_interfaces__rosidl_generator_py.dir/rosidl_generator_py/yhs_can_interfaces/msg/_lr_wheel_fb_s.c.o[0m
[1.204s] [ 92%] [32mBuilding C object CMakeFiles/yhs_can_interfaces__rosidl_generator_py.dir/rosidl_generator_py/yhs_can_interfaces/msg/_rr_wheel_fb_s.c.o[0m
[1.204s] [ 93%] [32mBuilding C object CMakeFiles/yhs_can_interfaces__rosidl_generator_py.dir/rosidl_generator_py/yhs_can_interfaces/msg/_io_fb_s.c.o[0m
[1.204s] [ 94%] [32mBuilding C object CMakeFiles/yhs_can_interfaces__rosidl_generator_py.dir/rosidl_generator_py/yhs_can_interfaces/msg/_veh_diag_fb_s.c.o[0m
[1.332s] [ 95%] [32m[1mLinking C shared library rosidl_generator_py/yhs_can_interfaces/libyhs_can_interfaces__rosidl_generator_py.so[0m
[1.359s] [ 95%] Built target yhs_can_interfaces__rosidl_generator_py
[1.372s] [ 95%] [32mBuilding C object CMakeFiles/yhs_can_interfaces__rosidl_typesupport_c__pyext.dir/rosidl_generator_py/yhs_can_interfaces/_yhs_can_interfaces_s.ep.rosidl_typesupport_c.c.o[0m
[1.372s] [ 96%] [32mBuilding C object CMakeFiles/yhs_can_interfaces__rosidl_typesupport_introspection_c__pyext.dir/rosidl_generator_py/yhs_can_interfaces/_yhs_can_interfaces_s.ep.rosidl_typesupport_introspection_c.c.o[0m
[1.372s] [ 97%] [32mBuilding C object CMakeFiles/yhs_can_interfaces__rosidl_typesupport_fastrtps_c__pyext.dir/rosidl_generator_py/yhs_can_interfaces/_yhs_can_interfaces_s.ep.rosidl_typesupport_fastrtps_c.c.o[0m
[1.447s] [100%] [32m[1mLinking C shared library rosidl_generator_py/yhs_can_interfaces/yhs_can_interfaces_s__rosidl_typesupport_fastrtps_c.cpython-310-x86_64-linux-gnu.so[0m
[1.447s] [100%] [32m[1mLinking C shared library rosidl_generator_py/yhs_can_interfaces/yhs_can_interfaces_s__rosidl_typesupport_introspection_c.cpython-310-x86_64-linux-gnu.so[0m
[1.448s] [100%] [32m[1mLinking C shared library rosidl_generator_py/yhs_can_interfaces/yhs_can_interfaces_s__rosidl_typesupport_c.cpython-310-x86_64-linux-gnu.so[0m
[1.471s] [100%] Built target yhs_can_interfaces__rosidl_typesupport_c__pyext
[1.471s] [100%] Built target yhs_can_interfaces__rosidl_typesupport_introspection_c__pyext
[1.471s] [100%] Built target yhs_can_interfaces__rosidl_typesupport_fastrtps_c__pyext
[1.478s] Invoked command in '/home/nvidia/5.1-ros2_ws/build/yhs_can_interfaces' returned '0': CMAKE_PREFIX_PATH=${CMAKE_PREFIX_PATH}:/home/nvidia/ros2_ws/install/ai_imu_dr_ros:/opt/ros/humble /usr/bin/cmake --build /home/nvidia/5.1-ros2_ws/build/yhs_can_interfaces -- -j20 -l20
[1.485s] Invoking command in '/home/nvidia/5.1-ros2_ws/build/yhs_can_interfaces': CMAKE_PREFIX_PATH=${CMAKE_PREFIX_PATH}:/home/nvidia/ros2_ws/install/ai_imu_dr_ros:/opt/ros/humble /usr/bin/cmake --install /home/nvidia/5.1-ros2_ws/build/yhs_can_interfaces
[1.490s] -- Install configuration: ""
[1.490s] -- Up-to-date: /home/nvidia/5.1-ros2_ws/install/yhs_can_interfaces/share/ament_index/resource_index/rosidl_interfaces/yhs_can_interfaces
[1.490s] -- Up-to-date: /home/nvidia/5.1-ros2_ws/install/yhs_can_interfaces/include/yhs_can_interfaces/yhs_can_interfaces
[1.490s] -- Up-to-date: /home/nvidia/5.1-ros2_ws/install/yhs_can_interfaces/include/yhs_can_interfaces/yhs_can_interfaces/msg
[1.490s] -- Up-to-date: /home/nvidia/5.1-ros2_ws/install/yhs_can_interfaces/include/yhs_can_interfaces/yhs_can_interfaces/msg/rosidl_generator_c__visibility_control.h
[1.490s] -- Up-to-date: /home/nvidia/5.1-ros2_ws/install/yhs_can_interfaces/include/yhs_can_interfaces/yhs_can_interfaces/msg/io_fb.h
[1.490s] -- Up-to-date: /home/nvidia/5.1-ros2_ws/install/yhs_can_interfaces/include/yhs_can_interfaces/yhs_can_interfaces/msg/detail
[1.490s] -- Up-to-date: /home/nvidia/5.1-ros2_ws/install/yhs_can_interfaces/include/yhs_can_interfaces/yhs_can_interfaces/msg/detail/bms_flag_info_fb__functions.h
[1.490s] -- Up-to-date: /home/nvidia/5.1-ros2_ws/install/yhs_can_interfaces/include/yhs_can_interfaces/yhs_can_interfaces/msg/detail/io_cmd__functions.c
[1.490s] -- Up-to-date: /home/nvidia/5.1-ros2_ws/install/yhs_can_interfaces/include/yhs_can_interfaces/yhs_can_interfaces/msg/detail/bms_info_fb__functions.c
[1.490s] -- Up-to-date: /home/nvidia/5.1-ros2_ws/install/yhs_can_interfaces/include/yhs_can_interfaces/yhs_can_interfaces/msg/detail/io_fb__struct.h
[1.490s] -- Up-to-date: /home/nvidia/5.1-ros2_ws/install/yhs_can_interfaces/include/yhs_can_interfaces/yhs_can_interfaces/msg/detail/lr_wheel_fb__functions.h
[1.490s] -- Up-to-date: /home/nvidia/5.1-ros2_ws/install/yhs_can_interfaces/include/yhs_can_interfaces/yhs_can_interfaces/msg/detail/chassis_info_fb__functions.c
[1.490s] -- Up-to-date: /home/nvidia/5.1-ros2_ws/install/yhs_can_interfaces/include/yhs_can_interfaces/yhs_can_interfaces/msg/detail/bms_flag_info_fb__struct.h
[1.491s] -- Up-to-date: /home/nvidia/5.1-ros2_ws/install/yhs_can_interfaces/include/yhs_can_interfaces/yhs_can_interfaces/msg/detail/io_fb__functions.c
[1.491s] -- Up-to-date: /home/nvidia/5.1-ros2_ws/install/yhs_can_interfaces/include/yhs_can_interfaces/yhs_can_interfaces/msg/detail/bms_flag_info_fb__functions.c
[1.491s] -- Up-to-date: /home/nvidia/5.1-ros2_ws/install/yhs_can_interfaces/include/yhs_can_interfaces/yhs_can_interfaces/msg/detail/chassis_info_fb__functions.h
[1.491s] -- Up-to-date: /home/nvidia/5.1-ros2_ws/install/yhs_can_interfaces/include/yhs_can_interfaces/yhs_can_interfaces/msg/detail/lr_wheel_fb__type_support.h
[1.491s] -- Up-to-date: /home/nvidia/5.1-ros2_ws/install/yhs_can_interfaces/include/yhs_can_interfaces/yhs_can_interfaces/msg/detail/lr_wheel_fb__struct.h
[1.491s] -- Up-to-date: /home/nvidia/5.1-ros2_ws/install/yhs_can_interfaces/include/yhs_can_interfaces/yhs_can_interfaces/msg/detail/io_cmd__type_support.h
[1.491s] -- Up-to-date: /home/nvidia/5.1-ros2_ws/install/yhs_can_interfaces/include/yhs_can_interfaces/yhs_can_interfaces/msg/detail/lr_wheel_fb__functions.c
[1.491s] -- Up-to-date: /home/nvidia/5.1-ros2_ws/install/yhs_can_interfaces/include/yhs_can_interfaces/yhs_can_interfaces/msg/detail/bms_info_fb__type_support.h
[1.491s] -- Up-to-date: /home/nvidia/5.1-ros2_ws/install/yhs_can_interfaces/include/yhs_can_interfaces/yhs_can_interfaces/msg/detail/drive_mcu_ecode_fb__functions.c
[1.491s] -- Up-to-date: /home/nvidia/5.1-ros2_ws/install/yhs_can_interfaces/include/yhs_can_interfaces/yhs_can_interfaces/msg/detail/drive_mcu_ecode_fb__functions.h
[1.491s] -- Up-to-date: /home/nvidia/5.1-ros2_ws/install/yhs_can_interfaces/include/yhs_can_interfaces/yhs_can_interfaces/msg/detail/veh_diag_fb__functions.c
[1.491s] -- Up-to-date: /home/nvidia/5.1-ros2_ws/install/yhs_can_interfaces/include/yhs_can_interfaces/yhs_can_interfaces/msg/detail/rr_wheel_fb__type_support.h
[1.491s] -- Up-to-date: /home/nvidia/5.1-ros2_ws/install/yhs_can_interfaces/include/yhs_can_interfaces/yhs_can_interfaces/msg/detail/ctrl_fb__type_support.h
[1.491s] -- Up-to-date: /home/nvidia/5.1-ros2_ws/install/yhs_can_interfaces/include/yhs_can_interfaces/yhs_can_interfaces/msg/detail/chassis_info_fb__struct.h
[1.491s] -- Up-to-date: /home/nvidia/5.1-ros2_ws/install/yhs_can_interfaces/include/yhs_can_interfaces/yhs_can_interfaces/msg/detail/rr_wheel_fb__functions.c
[1.491s] -- Up-to-date: /home/nvidia/5.1-ros2_ws/install/yhs_can_interfaces/include/yhs_can_interfaces/yhs_can_interfaces/msg/detail/ctrl_fb__struct.h
[1.491s] -- Up-to-date: /home/nvidia/5.1-ros2_ws/install/yhs_can_interfaces/include/yhs_can_interfaces/yhs_can_interfaces/msg/detail/bms_info_fb__functions.h
[1.491s] -- Up-to-date: /home/nvidia/5.1-ros2_ws/install/yhs_can_interfaces/include/yhs_can_interfaces/yhs_can_interfaces/msg/detail/veh_diag_fb__struct.h
[1.491s] -- Up-to-date: /home/nvidia/5.1-ros2_ws/install/yhs_can_interfaces/include/yhs_can_interfaces/yhs_can_interfaces/msg/detail/rr_wheel_fb__struct.h
[1.491s] -- Up-to-date: /home/nvidia/5.1-ros2_ws/install/yhs_can_interfaces/include/yhs_can_interfaces/yhs_can_interfaces/msg/detail/chassis_info_fb__type_support.h
[1.491s] -- Up-to-date: /home/nvidia/5.1-ros2_ws/install/yhs_can_interfaces/include/yhs_can_interfaces/yhs_can_interfaces/msg/detail/rr_wheel_fb__functions.h
[1.491s] -- Up-to-date: /home/nvidia/5.1-ros2_ws/install/yhs_can_interfaces/include/yhs_can_interfaces/yhs_can_interfaces/msg/detail/veh_diag_fb__functions.h
[1.491s] -- Up-to-date: /home/nvidia/5.1-ros2_ws/install/yhs_can_interfaces/include/yhs_can_interfaces/yhs_can_interfaces/msg/detail/ctrl_cmd__struct.h
[1.491s] -- Up-to-date: /home/nvidia/5.1-ros2_ws/install/yhs_can_interfaces/include/yhs_can_interfaces/yhs_can_interfaces/msg/detail/ctrl_fb__functions.h
[1.491s] -- Up-to-date: /home/nvidia/5.1-ros2_ws/install/yhs_can_interfaces/include/yhs_can_interfaces/yhs_can_interfaces/msg/detail/bms_flag_info_fb__type_support.h
[1.491s] -- Up-to-date: /home/nvidia/5.1-ros2_ws/install/yhs_can_interfaces/include/yhs_can_interfaces/yhs_can_interfaces/msg/detail/drive_mcu_ecode_fb__type_support.h
[1.491s] -- Up-to-date: /home/nvidia/5.1-ros2_ws/install/yhs_can_interfaces/include/yhs_can_interfaces/yhs_can_interfaces/msg/detail/ctrl_cmd__functions.h
[1.491s] -- Up-to-date: /home/nvidia/5.1-ros2_ws/install/yhs_can_interfaces/include/yhs_can_interfaces/yhs_can_interfaces/msg/detail/io_fb__type_support.h
[1.491s] -- Up-to-date: /home/nvidia/5.1-ros2_ws/install/yhs_can_interfaces/include/yhs_can_interfaces/yhs_can_interfaces/msg/detail/ctrl_cmd__type_support.h
[1.492s] -- Up-to-date: /home/nvidia/5.1-ros2_ws/install/yhs_can_interfaces/include/yhs_can_interfaces/yhs_can_interfaces/msg/detail/ctrl_cmd__functions.c
[1.492s] -- Up-to-date: /home/nvidia/5.1-ros2_ws/install/yhs_can_interfaces/include/yhs_can_interfaces/yhs_can_interfaces/msg/detail/io_cmd__struct.h
[1.492s] -- Up-to-date: /home/nvidia/5.1-ros2_ws/install/yhs_can_interfaces/include/yhs_can_interfaces/yhs_can_interfaces/msg/detail/io_fb__functions.h
[1.492s] -- Up-to-date: /home/nvidia/5.1-ros2_ws/install/yhs_can_interfaces/include/yhs_can_interfaces/yhs_can_interfaces/msg/detail/bms_info_fb__struct.h
[1.492s] -- Up-to-date: /home/nvidia/5.1-ros2_ws/install/yhs_can_interfaces/include/yhs_can_interfaces/yhs_can_interfaces/msg/detail/io_cmd__functions.h
[1.492s] -- Up-to-date: /home/nvidia/5.1-ros2_ws/install/yhs_can_interfaces/include/yhs_can_interfaces/yhs_can_interfaces/msg/detail/veh_diag_fb__type_support.h
[1.492s] -- Up-to-date: /home/nvidia/5.1-ros2_ws/install/yhs_can_interfaces/include/yhs_can_interfaces/yhs_can_interfaces/msg/detail/drive_mcu_ecode_fb__struct.h
[1.492s] -- Up-to-date: /home/nvidia/5.1-ros2_ws/install/yhs_can_interfaces/include/yhs_can_interfaces/yhs_can_interfaces/msg/detail/ctrl_fb__functions.c
[1.492s] -- Up-to-date: /home/nvidia/5.1-ros2_ws/install/yhs_can_interfaces/include/yhs_can_interfaces/yhs_can_interfaces/msg/drive_mcu_ecode_fb.h
[1.492s] -- Up-to-date: /home/nvidia/5.1-ros2_ws/install/yhs_can_interfaces/include/yhs_can_interfaces/yhs_can_interfaces/msg/io_cmd.h
[1.492s] -- Up-to-date: /home/nvidia/5.1-ros2_ws/install/yhs_can_interfaces/include/yhs_can_interfaces/yhs_can_interfaces/msg/bms_info_fb.h
[1.492s] -- Up-to-date: /home/nvidia/5.1-ros2_ws/install/yhs_can_interfaces/include/yhs_can_interfaces/yhs_can_interfaces/msg/bms_flag_info_fb.h
[1.492s] -- Up-to-date: /home/nvidia/5.1-ros2_ws/install/yhs_can_interfaces/include/yhs_can_interfaces/yhs_can_interfaces/msg/ctrl_fb.h
[1.492s] -- Up-to-date: /home/nvidia/5.1-ros2_ws/install/yhs_can_interfaces/include/yhs_can_interfaces/yhs_can_interfaces/msg/veh_diag_fb.h
[1.492s] -- Up-to-date: /home/nvidia/5.1-ros2_ws/install/yhs_can_interfaces/include/yhs_can_interfaces/yhs_can_interfaces/msg/rr_wheel_fb.h
[1.492s] -- Up-to-date: /home/nvidia/5.1-ros2_ws/install/yhs_can_interfaces/include/yhs_can_interfaces/yhs_can_interfaces/msg/chassis_info_fb.h
[1.492s] -- Up-to-date: /home/nvidia/5.1-ros2_ws/install/yhs_can_interfaces/include/yhs_can_interfaces/yhs_can_interfaces/msg/lr_wheel_fb.h
[1.492s] -- Up-to-date: /home/nvidia/5.1-ros2_ws/install/yhs_can_interfaces/include/yhs_can_interfaces/yhs_can_interfaces/msg/ctrl_cmd.h
[1.492s] -- Up-to-date: /home/nvidia/5.1-ros2_ws/install/yhs_can_interfaces/share/yhs_can_interfaces/environment/library_path.sh
[1.492s] -- Up-to-date: /home/nvidia/5.1-ros2_ws/install/yhs_can_interfaces/share/yhs_can_interfaces/environment/library_path.dsv
[1.492s] -- Up-to-date: /home/nvidia/5.1-ros2_ws/install/yhs_can_interfaces/lib/libyhs_can_interfaces__rosidl_generator_c.so
[1.492s] -- Up-to-date: /home/nvidia/5.1-ros2_ws/install/yhs_can_interfaces/include/yhs_can_interfaces/yhs_can_interfaces
[1.492s] -- Up-to-date: /home/nvidia/5.1-ros2_ws/install/yhs_can_interfaces/include/yhs_can_interfaces/yhs_can_interfaces/msg
[1.492s] -- Up-to-date: /home/nvidia/5.1-ros2_ws/install/yhs_can_interfaces/include/yhs_can_interfaces/yhs_can_interfaces/msg/detail
[1.492s] -- Up-to-date: /home/nvidia/5.1-ros2_ws/install/yhs_can_interfaces/include/yhs_can_interfaces/yhs_can_interfaces/msg/detail/bms_info_fb__rosidl_typesupport_fastrtps_c.h
[1.492s] -- Up-to-date: /home/nvidia/5.1-ros2_ws/install/yhs_can_interfaces/include/yhs_can_interfaces/yhs_can_interfaces/msg/detail/io_cmd__rosidl_typesupport_fastrtps_c.h
[1.492s] -- Up-to-date: /home/nvidia/5.1-ros2_ws/install/yhs_can_interfaces/include/yhs_can_interfaces/yhs_can_interfaces/msg/detail/ctrl_fb__rosidl_typesupport_fastrtps_c.h
[1.492s] -- Up-to-date: /home/nvidia/5.1-ros2_ws/install/yhs_can_interfaces/include/yhs_can_interfaces/yhs_can_interfaces/msg/detail/drive_mcu_ecode_fb__rosidl_typesupport_fastrtps_c.h
[1.493s] -- Up-to-date: /home/nvidia/5.1-ros2_ws/install/yhs_can_interfaces/include/yhs_can_interfaces/yhs_can_interfaces/msg/detail/lr_wheel_fb__rosidl_typesupport_fastrtps_c.h
[1.493s] -- Up-to-date: /home/nvidia/5.1-ros2_ws/install/yhs_can_interfaces/include/yhs_can_interfaces/yhs_can_interfaces/msg/detail/bms_flag_info_fb__rosidl_typesupport_fastrtps_c.h
[1.493s] -- Up-to-date: /home/nvidia/5.1-ros2_ws/install/yhs_can_interfaces/include/yhs_can_interfaces/yhs_can_interfaces/msg/detail/rr_wheel_fb__rosidl_typesupport_fastrtps_c.h
[1.493s] -- Up-to-date: /home/nvidia/5.1-ros2_ws/install/yhs_can_interfaces/include/yhs_can_interfaces/yhs_can_interfaces/msg/detail/ctrl_cmd__rosidl_typesupport_fastrtps_c.h
[1.493s] -- Up-to-date: /home/nvidia/5.1-ros2_ws/install/yhs_can_interfaces/include/yhs_can_interfaces/yhs_can_interfaces/msg/detail/veh_diag_fb__rosidl_typesupport_fastrtps_c.h
[1.493s] -- Up-to-date: /home/nvidia/5.1-ros2_ws/install/yhs_can_interfaces/include/yhs_can_interfaces/yhs_can_interfaces/msg/detail/chassis_info_fb__rosidl_typesupport_fastrtps_c.h
[1.493s] -- Up-to-date: /home/nvidia/5.1-ros2_ws/install/yhs_can_interfaces/include/yhs_can_interfaces/yhs_can_interfaces/msg/detail/io_fb__rosidl_typesupport_fastrtps_c.h
[1.493s] -- Up-to-date: /home/nvidia/5.1-ros2_ws/install/yhs_can_interfaces/include/yhs_can_interfaces/yhs_can_interfaces/msg/rosidl_typesupport_fastrtps_c__visibility_control.h
[1.493s] -- Installing: /home/nvidia/5.1-ros2_ws/install/yhs_can_interfaces/lib/libyhs_can_interfaces__rosidl_typesupport_fastrtps_c.so
[1.493s] -- Set runtime path of "/home/nvidia/5.1-ros2_ws/install/yhs_can_interfaces/lib/libyhs_can_interfaces__rosidl_typesupport_fastrtps_c.so" to ""
[1.493s] -- Up-to-date: /home/nvidia/5.1-ros2_ws/install/yhs_can_interfaces/include/yhs_can_interfaces/yhs_can_interfaces
[1.493s] -- Up-to-date: /home/nvidia/5.1-ros2_ws/install/yhs_can_interfaces/include/yhs_can_interfaces/yhs_can_interfaces/msg
[1.493s] -- Up-to-date: /home/nvidia/5.1-ros2_ws/install/yhs_can_interfaces/include/yhs_can_interfaces/yhs_can_interfaces/msg/rosidl_typesupport_introspection_c__visibility_control.h
[1.493s] -- Up-to-date: /home/nvidia/5.1-ros2_ws/install/yhs_can_interfaces/include/yhs_can_interfaces/yhs_can_interfaces/msg/detail
[1.493s] -- Up-to-date: /home/nvidia/5.1-ros2_ws/install/yhs_can_interfaces/include/yhs_can_interfaces/yhs_can_interfaces/msg/detail/chassis_info_fb__type_support.c
[1.493s] -- Up-to-date: /home/nvidia/5.1-ros2_ws/install/yhs_can_interfaces/include/yhs_can_interfaces/yhs_can_interfaces/msg/detail/bms_flag_info_fb__type_support.c
[1.493s] -- Up-to-date: /home/nvidia/5.1-ros2_ws/install/yhs_can_interfaces/include/yhs_can_interfaces/yhs_can_interfaces/msg/detail/io_fb__rosidl_typesupport_introspection_c.h
[1.493s] -- Up-to-date: /home/nvidia/5.1-ros2_ws/install/yhs_can_interfaces/include/yhs_can_interfaces/yhs_can_interfaces/msg/detail/veh_diag_fb__type_support.c
[1.493s] -- Up-to-date: /home/nvidia/5.1-ros2_ws/install/yhs_can_interfaces/include/yhs_can_interfaces/yhs_can_interfaces/msg/detail/drive_mcu_ecode_fb__type_support.c
[1.493s] -- Up-to-date: /home/nvidia/5.1-ros2_ws/install/yhs_can_interfaces/include/yhs_can_interfaces/yhs_can_interfaces/msg/detail/bms_flag_info_fb__rosidl_typesupport_introspection_c.h
[1.493s] -- Up-to-date: /home/nvidia/5.1-ros2_ws/install/yhs_can_interfaces/include/yhs_can_interfaces/yhs_can_interfaces/msg/detail/rr_wheel_fb__rosidl_typesupport_introspection_c.h
[1.493s] -- Up-to-date: /home/nvidia/5.1-ros2_ws/install/yhs_can_interfaces/include/yhs_can_interfaces/yhs_can_interfaces/msg/detail/chassis_info_fb__rosidl_typesupport_introspection_c.h
[1.493s] -- Up-to-date: /home/nvidia/5.1-ros2_ws/install/yhs_can_interfaces/include/yhs_can_interfaces/yhs_can_interfaces/msg/detail/io_cmd__type_support.c
[1.493s] -- Up-to-date: /home/nvidia/5.1-ros2_ws/install/yhs_can_interfaces/include/yhs_can_interfaces/yhs_can_interfaces/msg/detail/ctrl_cmd__type_support.c
[1.493s] -- Up-to-date: /home/nvidia/5.1-ros2_ws/install/yhs_can_interfaces/include/yhs_can_interfaces/yhs_can_interfaces/msg/detail/bms_info_fb__rosidl_typesupport_introspection_c.h
[1.493s] -- Up-to-date: /home/nvidia/5.1-ros2_ws/install/yhs_can_interfaces/include/yhs_can_interfaces/yhs_can_interfaces/msg/detail/io_fb__type_support.c
[1.493s] -- Up-to-date: /home/nvidia/5.1-ros2_ws/install/yhs_can_interfaces/include/yhs_can_interfaces/yhs_can_interfaces/msg/detail/rr_wheel_fb__type_support.c
[1.493s] -- Up-to-date: /home/nvidia/5.1-ros2_ws/install/yhs_can_interfaces/include/yhs_can_interfaces/yhs_can_interfaces/msg/detail/bms_info_fb__type_support.c
[1.493s] -- Up-to-date: /home/nvidia/5.1-ros2_ws/install/yhs_can_interfaces/include/yhs_can_interfaces/yhs_can_interfaces/msg/detail/io_cmd__rosidl_typesupport_introspection_c.h
[1.493s] -- Up-to-date: /home/nvidia/5.1-ros2_ws/install/yhs_can_interfaces/include/yhs_can_interfaces/yhs_can_interfaces/msg/detail/ctrl_fb__type_support.c
[1.493s] -- Up-to-date: /home/nvidia/5.1-ros2_ws/install/yhs_can_interfaces/include/yhs_can_interfaces/yhs_can_interfaces/msg/detail/ctrl_fb__rosidl_typesupport_introspection_c.h
[1.494s] -- Up-to-date: /home/nvidia/5.1-ros2_ws/install/yhs_can_interfaces/include/yhs_can_interfaces/yhs_can_interfaces/msg/detail/veh_diag_fb__rosidl_typesupport_introspection_c.h
[1.494s] -- Up-to-date: /home/nvidia/5.1-ros2_ws/install/yhs_can_interfaces/include/yhs_can_interfaces/yhs_can_interfaces/msg/detail/ctrl_cmd__rosidl_typesupport_introspection_c.h
[1.494s] -- Up-to-date: /home/nvidia/5.1-ros2_ws/install/yhs_can_interfaces/include/yhs_can_interfaces/yhs_can_interfaces/msg/detail/lr_wheel_fb__type_support.c
[1.494s] -- Up-to-date: /home/nvidia/5.1-ros2_ws/install/yhs_can_interfaces/include/yhs_can_interfaces/yhs_can_interfaces/msg/detail/lr_wheel_fb__rosidl_typesupport_introspection_c.h
[1.494s] -- Up-to-date: /home/nvidia/5.1-ros2_ws/install/yhs_can_interfaces/include/yhs_can_interfaces/yhs_can_interfaces/msg/detail/drive_mcu_ecode_fb__rosidl_typesupport_introspection_c.h
[1.494s] -- Up-to-date: /home/nvidia/5.1-ros2_ws/install/yhs_can_interfaces/lib/libyhs_can_interfaces__rosidl_typesupport_introspection_c.so
[1.494s] -- Up-to-date: /home/nvidia/5.1-ros2_ws/install/yhs_can_interfaces/lib/libyhs_can_interfaces__rosidl_typesupport_c.so
[1.494s] -- Up-to-date: /home/nvidia/5.1-ros2_ws/install/yhs_can_interfaces/include/yhs_can_interfaces/yhs_can_interfaces
[1.494s] -- Up-to-date: /home/nvidia/5.1-ros2_ws/install/yhs_can_interfaces/include/yhs_can_interfaces/yhs_can_interfaces/msg
[1.494s] -- Up-to-date: /home/nvidia/5.1-ros2_ws/install/yhs_can_interfaces/include/yhs_can_interfaces/yhs_can_interfaces/msg/io_fb.hpp
[1.494s] -- Up-to-date: /home/nvidia/5.1-ros2_ws/install/yhs_can_interfaces/include/yhs_can_interfaces/yhs_can_interfaces/msg/io_cmd.hpp
[1.494s] -- Up-to-date: /home/nvidia/5.1-ros2_ws/install/yhs_can_interfaces/include/yhs_can_interfaces/yhs_can_interfaces/msg/bms_info_fb.hpp
[1.494s] -- Up-to-date: /home/nvidia/5.1-ros2_ws/install/yhs_can_interfaces/include/yhs_can_interfaces/yhs_can_interfaces/msg/ctrl_cmd.hpp
[1.494s] -- Up-to-date: /home/nvidia/5.1-ros2_ws/install/yhs_can_interfaces/include/yhs_can_interfaces/yhs_can_interfaces/msg/detail
[1.494s] -- Up-to-date: /home/nvidia/5.1-ros2_ws/install/yhs_can_interfaces/include/yhs_can_interfaces/yhs_can_interfaces/msg/detail/io_fb__builder.hpp
[1.494s] -- Up-to-date: /home/nvidia/5.1-ros2_ws/install/yhs_can_interfaces/include/yhs_can_interfaces/yhs_can_interfaces/msg/detail/bms_flag_info_fb__builder.hpp
[1.494s] -- Up-to-date: /home/nvidia/5.1-ros2_ws/install/yhs_can_interfaces/include/yhs_can_interfaces/yhs_can_interfaces/msg/detail/ctrl_cmd__builder.hpp
[1.494s] -- Up-to-date: /home/nvidia/5.1-ros2_ws/install/yhs_can_interfaces/include/yhs_can_interfaces/yhs_can_interfaces/msg/detail/rr_wheel_fb__traits.hpp
[1.494s] -- Up-to-date: /home/nvidia/5.1-ros2_ws/install/yhs_can_interfaces/include/yhs_can_interfaces/yhs_can_interfaces/msg/detail/lr_wheel_fb__struct.hpp
[1.494s] -- Up-to-date: /home/nvidia/5.1-ros2_ws/install/yhs_can_interfaces/include/yhs_can_interfaces/yhs_can_interfaces/msg/detail/io_cmd__struct.hpp
[1.494s] -- Up-to-date: /home/nvidia/5.1-ros2_ws/install/yhs_can_interfaces/include/yhs_can_interfaces/yhs_can_interfaces/msg/detail/bms_info_fb__builder.hpp
[1.494s] -- Up-to-date: /home/nvidia/5.1-ros2_ws/install/yhs_can_interfaces/include/yhs_can_interfaces/yhs_can_interfaces/msg/detail/drive_mcu_ecode_fb__traits.hpp
[1.494s] -- Up-to-date: /home/nvidia/5.1-ros2_ws/install/yhs_can_interfaces/include/yhs_can_interfaces/yhs_can_interfaces/msg/detail/io_fb__type_support.hpp
[1.494s] -- Up-to-date: /home/nvidia/5.1-ros2_ws/install/yhs_can_interfaces/include/yhs_can_interfaces/yhs_can_interfaces/msg/detail/ctrl_cmd__traits.hpp
[1.494s] -- Up-to-date: /home/nvidia/5.1-ros2_ws/install/yhs_can_interfaces/include/yhs_can_interfaces/yhs_can_interfaces/msg/detail/io_cmd__type_support.hpp
[1.494s] -- Up-to-date: /home/nvidia/5.1-ros2_ws/install/yhs_can_interfaces/include/yhs_can_interfaces/yhs_can_interfaces/msg/detail/io_fb__struct.hpp
[1.494s] -- Up-to-date: /home/nvidia/5.1-ros2_ws/install/yhs_can_interfaces/include/yhs_can_interfaces/yhs_can_interfaces/msg/detail/rr_wheel_fb__struct.hpp
[1.494s] -- Up-to-date: /home/nvidia/5.1-ros2_ws/install/yhs_can_interfaces/include/yhs_can_interfaces/yhs_can_interfaces/msg/detail/bms_info_fb__struct.hpp
[1.494s] -- Up-to-date: /home/nvidia/5.1-ros2_ws/install/yhs_can_interfaces/include/yhs_can_interfaces/yhs_can_interfaces/msg/detail/io_cmd__traits.hpp
[1.495s] -- Up-to-date: /home/nvidia/5.1-ros2_ws/install/yhs_can_interfaces/include/yhs_can_interfaces/yhs_can_interfaces/msg/detail/veh_diag_fb__struct.hpp
[1.495s] -- Up-to-date: /home/nvidia/5.1-ros2_ws/install/yhs_can_interfaces/include/yhs_can_interfaces/yhs_can_interfaces/msg/detail/bms_flag_info_fb__struct.hpp
[1.495s] -- Up-to-date: /home/nvidia/5.1-ros2_ws/install/yhs_can_interfaces/include/yhs_can_interfaces/yhs_can_interfaces/msg/detail/veh_diag_fb__traits.hpp
[1.495s] -- Up-to-date: /home/nvidia/5.1-ros2_ws/install/yhs_can_interfaces/include/yhs_can_interfaces/yhs_can_interfaces/msg/detail/lr_wheel_fb__type_support.hpp
[1.495s] -- Up-to-date: /home/nvidia/5.1-ros2_ws/install/yhs_can_interfaces/include/yhs_can_interfaces/yhs_can_interfaces/msg/detail/veh_diag_fb__builder.hpp
[1.495s] -- Up-to-date: /home/nvidia/5.1-ros2_ws/install/yhs_can_interfaces/include/yhs_can_interfaces/yhs_can_interfaces/msg/detail/ctrl_cmd__type_support.hpp
[1.495s] -- Up-to-date: /home/nvidia/5.1-ros2_ws/install/yhs_can_interfaces/include/yhs_can_interfaces/yhs_can_interfaces/msg/detail/io_fb__traits.hpp
[1.495s] -- Up-to-date: /home/nvidia/5.1-ros2_ws/install/yhs_can_interfaces/include/yhs_can_interfaces/yhs_can_interfaces/msg/detail/rr_wheel_fb__type_support.hpp
[1.495s] -- Up-to-date: /home/nvidia/5.1-ros2_ws/install/yhs_can_interfaces/include/yhs_can_interfaces/yhs_can_interfaces/msg/detail/drive_mcu_ecode_fb__builder.hpp
[1.495s] -- Up-to-date: /home/nvidia/5.1-ros2_ws/install/yhs_can_interfaces/include/yhs_can_interfaces/yhs_can_interfaces/msg/detail/chassis_info_fb__struct.hpp
[1.495s] -- Up-to-date: /home/nvidia/5.1-ros2_ws/install/yhs_can_interfaces/include/yhs_can_interfaces/yhs_can_interfaces/msg/detail/drive_mcu_ecode_fb__type_support.hpp
[1.495s] -- Up-to-date: /home/nvidia/5.1-ros2_ws/install/yhs_can_interfaces/include/yhs_can_interfaces/yhs_can_interfaces/msg/detail/chassis_info_fb__type_support.hpp
[1.495s] -- Up-to-date: /home/nvidia/5.1-ros2_ws/install/yhs_can_interfaces/include/yhs_can_interfaces/yhs_can_interfaces/msg/detail/ctrl_fb__type_support.hpp
[1.495s] -- Up-to-date: /home/nvidia/5.1-ros2_ws/install/yhs_can_interfaces/include/yhs_can_interfaces/yhs_can_interfaces/msg/detail/bms_flag_info_fb__traits.hpp
[1.495s] -- Up-to-date: /home/nvidia/5.1-ros2_ws/install/yhs_can_interfaces/include/yhs_can_interfaces/yhs_can_interfaces/msg/detail/ctrl_cmd__struct.hpp
[1.495s] -- Up-to-date: /home/nvidia/5.1-ros2_ws/install/yhs_can_interfaces/include/yhs_can_interfaces/yhs_can_interfaces/msg/detail/io_cmd__builder.hpp
[1.495s] -- Up-to-date: /home/nvidia/5.1-ros2_ws/install/yhs_can_interfaces/include/yhs_can_interfaces/yhs_can_interfaces/msg/detail/lr_wheel_fb__builder.hpp
[1.495s] -- Up-to-date: /home/nvidia/5.1-ros2_ws/install/yhs_can_interfaces/include/yhs_can_interfaces/yhs_can_interfaces/msg/detail/bms_flag_info_fb__type_support.hpp
[1.495s] -- Up-to-date: /home/nvidia/5.1-ros2_ws/install/yhs_can_interfaces/include/yhs_can_interfaces/yhs_can_interfaces/msg/detail/ctrl_fb__builder.hpp
[1.495s] -- Up-to-date: /home/nvidia/5.1-ros2_ws/install/yhs_can_interfaces/include/yhs_can_interfaces/yhs_can_interfaces/msg/detail/ctrl_fb__traits.hpp
[1.495s] -- Up-to-date: /home/nvidia/5.1-ros2_ws/install/yhs_can_interfaces/include/yhs_can_interfaces/yhs_can_interfaces/msg/detail/bms_info_fb__traits.hpp
[1.495s] -- Up-to-date: /home/nvidia/5.1-ros2_ws/install/yhs_can_interfaces/include/yhs_can_interfaces/yhs_can_interfaces/msg/detail/drive_mcu_ecode_fb__struct.hpp
[1.495s] -- Up-to-date: /home/nvidia/5.1-ros2_ws/install/yhs_can_interfaces/include/yhs_can_interfaces/yhs_can_interfaces/msg/detail/rr_wheel_fb__builder.hpp
[1.495s] -- Up-to-date: /home/nvidia/5.1-ros2_ws/install/yhs_can_interfaces/include/yhs_can_interfaces/yhs_can_interfaces/msg/detail/ctrl_fb__struct.hpp
[1.495s] -- Up-to-date: /home/nvidia/5.1-ros2_ws/install/yhs_can_interfaces/include/yhs_can_interfaces/yhs_can_interfaces/msg/detail/chassis_info_fb__builder.hpp
[1.495s] -- Up-to-date: /home/nvidia/5.1-ros2_ws/install/yhs_can_interfaces/include/yhs_can_interfaces/yhs_can_interfaces/msg/detail/lr_wheel_fb__traits.hpp
[1.495s] -- Up-to-date: /home/nvidia/5.1-ros2_ws/install/yhs_can_interfaces/include/yhs_can_interfaces/yhs_can_interfaces/msg/detail/bms_info_fb__type_support.hpp
[1.495s] -- Up-to-date: /home/nvidia/5.1-ros2_ws/install/yhs_can_interfaces/include/yhs_can_interfaces/yhs_can_interfaces/msg/detail/veh_diag_fb__type_support.hpp
[1.495s] -- Up-to-date: /home/nvidia/5.1-ros2_ws/install/yhs_can_interfaces/include/yhs_can_interfaces/yhs_can_interfaces/msg/detail/chassis_info_fb__traits.hpp
[1.496s] -- Up-to-date: /home/nvidia/5.1-ros2_ws/install/yhs_can_interfaces/include/yhs_can_interfaces/yhs_can_interfaces/msg/chassis_info_fb.hpp
[1.496s] -- Up-to-date: /home/nvidia/5.1-ros2_ws/install/yhs_can_interfaces/include/yhs_can_interfaces/yhs_can_interfaces/msg/rosidl_generator_cpp__visibility_control.hpp
[1.496s] -- Up-to-date: /home/nvidia/5.1-ros2_ws/install/yhs_can_interfaces/include/yhs_can_interfaces/yhs_can_interfaces/msg/rr_wheel_fb.hpp
[1.496s] -- Up-to-date: /home/nvidia/5.1-ros2_ws/install/yhs_can_interfaces/include/yhs_can_interfaces/yhs_can_interfaces/msg/ctrl_fb.hpp
[1.496s] -- Up-to-date: /home/nvidia/5.1-ros2_ws/install/yhs_can_interfaces/include/yhs_can_interfaces/yhs_can_interfaces/msg/lr_wheel_fb.hpp
[1.496s] -- Up-to-date: /home/nvidia/5.1-ros2_ws/install/yhs_can_interfaces/include/yhs_can_interfaces/yhs_can_interfaces/msg/veh_diag_fb.hpp
[1.496s] -- Up-to-date: /home/nvidia/5.1-ros2_ws/install/yhs_can_interfaces/include/yhs_can_interfaces/yhs_can_interfaces/msg/bms_flag_info_fb.hpp
[1.496s] -- Up-to-date: /home/nvidia/5.1-ros2_ws/install/yhs_can_interfaces/include/yhs_can_interfaces/yhs_can_interfaces/msg/drive_mcu_ecode_fb.hpp
[1.496s] -- Up-to-date: /home/nvidia/5.1-ros2_ws/install/yhs_can_interfaces/include/yhs_can_interfaces/yhs_can_interfaces
[1.496s] -- Up-to-date: /home/nvidia/5.1-ros2_ws/install/yhs_can_interfaces/include/yhs_can_interfaces/yhs_can_interfaces/msg
[1.496s] -- Up-to-date: /home/nvidia/5.1-ros2_ws/install/yhs_can_interfaces/include/yhs_can_interfaces/yhs_can_interfaces/msg/detail
[1.496s] -- Up-to-date: /home/nvidia/5.1-ros2_ws/install/yhs_can_interfaces/include/yhs_can_interfaces/yhs_can_interfaces/msg/detail/dds_fastrtps
[1.496s] -- Up-to-date: /home/nvidia/5.1-ros2_ws/install/yhs_can_interfaces/include/yhs_can_interfaces/yhs_can_interfaces/msg/detail/io_cmd__rosidl_typesupport_fastrtps_cpp.hpp
[1.497s] -- Up-to-date: /home/nvidia/5.1-ros2_ws/install/yhs_can_interfaces/include/yhs_can_interfaces/yhs_can_interfaces/msg/detail/chassis_info_fb__rosidl_typesupport_fastrtps_cpp.hpp
[1.497s] -- Up-to-date: /home/nvidia/5.1-ros2_ws/install/yhs_can_interfaces/include/yhs_can_interfaces/yhs_can_interfaces/msg/detail/veh_diag_fb__rosidl_typesupport_fastrtps_cpp.hpp
[1.497s] -- Up-to-date: /home/nvidia/5.1-ros2_ws/install/yhs_can_interfaces/include/yhs_can_interfaces/yhs_can_interfaces/msg/detail/rr_wheel_fb__rosidl_typesupport_fastrtps_cpp.hpp
[1.497s] -- Up-to-date: /home/nvidia/5.1-ros2_ws/install/yhs_can_interfaces/include/yhs_can_interfaces/yhs_can_interfaces/msg/detail/lr_wheel_fb__rosidl_typesupport_fastrtps_cpp.hpp
[1.497s] -- Up-to-date: /home/nvidia/5.1-ros2_ws/install/yhs_can_interfaces/include/yhs_can_interfaces/yhs_can_interfaces/msg/detail/bms_info_fb__rosidl_typesupport_fastrtps_cpp.hpp
[1.497s] -- Up-to-date: /home/nvidia/5.1-ros2_ws/install/yhs_can_interfaces/include/yhs_can_interfaces/yhs_can_interfaces/msg/detail/ctrl_fb__rosidl_typesupport_fastrtps_cpp.hpp
[1.497s] -- Up-to-date: /home/nvidia/5.1-ros2_ws/install/yhs_can_interfaces/include/yhs_can_interfaces/yhs_can_interfaces/msg/detail/bms_flag_info_fb__rosidl_typesupport_fastrtps_cpp.hpp
[1.497s] -- Up-to-date: /home/nvidia/5.1-ros2_ws/install/yhs_can_interfaces/include/yhs_can_interfaces/yhs_can_interfaces/msg/detail/drive_mcu_ecode_fb__rosidl_typesupport_fastrtps_cpp.hpp
[1.497s] -- Up-to-date: /home/nvidia/5.1-ros2_ws/install/yhs_can_interfaces/include/yhs_can_interfaces/yhs_can_interfaces/msg/detail/ctrl_cmd__rosidl_typesupport_fastrtps_cpp.hpp
[1.497s] -- Up-to-date: /home/nvidia/5.1-ros2_ws/install/yhs_can_interfaces/include/yhs_can_interfaces/yhs_can_interfaces/msg/detail/io_fb__rosidl_typesupport_fastrtps_cpp.hpp
[1.497s] -- Up-to-date: /home/nvidia/5.1-ros2_ws/install/yhs_can_interfaces/include/yhs_can_interfaces/yhs_can_interfaces/msg/rosidl_typesupport_fastrtps_cpp__visibility_control.h
[1.497s] -- Installing: /home/nvidia/5.1-ros2_ws/install/yhs_can_interfaces/lib/libyhs_can_interfaces__rosidl_typesupport_fastrtps_cpp.so
[1.497s] -- Set runtime path of "/home/nvidia/5.1-ros2_ws/install/yhs_can_interfaces/lib/libyhs_can_interfaces__rosidl_typesupport_fastrtps_cpp.so" to ""
[1.498s] -- Up-to-date: /home/nvidia/5.1-ros2_ws/install/yhs_can_interfaces/include/yhs_can_interfaces/yhs_can_interfaces
[1.498s] -- Up-to-date: /home/nvidia/5.1-ros2_ws/install/yhs_can_interfaces/include/yhs_can_interfaces/yhs_can_interfaces/msg
[1.498s] -- Up-to-date: /home/nvidia/5.1-ros2_ws/install/yhs_can_interfaces/include/yhs_can_interfaces/yhs_can_interfaces/msg/detail
[1.498s] -- Up-to-date: /home/nvidia/5.1-ros2_ws/install/yhs_can_interfaces/include/yhs_can_interfaces/yhs_can_interfaces/msg/detail/io_fb__rosidl_typesupport_introspection_cpp.hpp
[1.498s] -- Up-to-date: /home/nvidia/5.1-ros2_ws/install/yhs_can_interfaces/include/yhs_can_interfaces/yhs_can_interfaces/msg/detail/io_cmd__type_support.cpp
[1.498s] -- Up-to-date: /home/nvidia/5.1-ros2_ws/install/yhs_can_interfaces/include/yhs_can_interfaces/yhs_can_interfaces/msg/detail/chassis_info_fb__type_support.cpp
[1.498s] -- Up-to-date: /home/nvidia/5.1-ros2_ws/install/yhs_can_interfaces/include/yhs_can_interfaces/yhs_can_interfaces/msg/detail/io_fb__type_support.cpp
[1.498s] -- Up-to-date: /home/nvidia/5.1-ros2_ws/install/yhs_can_interfaces/include/yhs_can_interfaces/yhs_can_interfaces/msg/detail/veh_diag_fb__rosidl_typesupport_introspection_cpp.hpp
[1.498s] -- Up-to-date: /home/nvidia/5.1-ros2_ws/install/yhs_can_interfaces/include/yhs_can_interfaces/yhs_can_interfaces/msg/detail/lr_wheel_fb__rosidl_typesupport_introspection_cpp.hpp
[1.498s] -- Up-to-date: /home/nvidia/5.1-ros2_ws/install/yhs_can_interfaces/include/yhs_can_interfaces/yhs_can_interfaces/msg/detail/lr_wheel_fb__type_support.cpp
[1.498s] -- Up-to-date: /home/nvidia/5.1-ros2_ws/install/yhs_can_interfaces/include/yhs_can_interfaces/yhs_can_interfaces/msg/detail/rr_wheel_fb__type_support.cpp
[1.498s] -- Up-to-date: /home/nvidia/5.1-ros2_ws/install/yhs_can_interfaces/include/yhs_can_interfaces/yhs_can_interfaces/msg/detail/ctrl_cmd__type_support.cpp
[1.498s] -- Up-to-date: /home/nvidia/5.1-ros2_ws/install/yhs_can_interfaces/include/yhs_can_interfaces/yhs_can_interfaces/msg/detail/drive_mcu_ecode_fb__rosidl_typesupport_introspection_cpp.hpp
[1.498s] -- Up-to-date: /home/nvidia/5.1-ros2_ws/install/yhs_can_interfaces/include/yhs_can_interfaces/yhs_can_interfaces/msg/detail/ctrl_cmd__rosidl_typesupport_introspection_cpp.hpp
[1.498s] -- Up-to-date: /home/nvidia/5.1-ros2_ws/install/yhs_can_interfaces/include/yhs_can_interfaces/yhs_can_interfaces/msg/detail/bms_flag_info_fb__rosidl_typesupport_introspection_cpp.hpp
[1.498s] -- Up-to-date: /home/nvidia/5.1-ros2_ws/install/yhs_can_interfaces/include/yhs_can_interfaces/yhs_can_interfaces/msg/detail/veh_diag_fb__type_support.cpp
[1.498s] -- Up-to-date: /home/nvidia/5.1-ros2_ws/install/yhs_can_interfaces/include/yhs_can_interfaces/yhs_can_interfaces/msg/detail/bms_info_fb__type_support.cpp
[1.499s] -- Up-to-date: /home/nvidia/5.1-ros2_ws/install/yhs_can_interfaces/include/yhs_can_interfaces/yhs_can_interfaces/msg/detail/drive_mcu_ecode_fb__type_support.cpp
[1.499s] -- Up-to-date: /home/nvidia/5.1-ros2_ws/install/yhs_can_interfaces/include/yhs_can_interfaces/yhs_can_interfaces/msg/detail/bms_flag_info_fb__type_support.cpp
[1.499s] -- Up-to-date: /home/nvidia/5.1-ros2_ws/install/yhs_can_interfaces/include/yhs_can_interfaces/yhs_can_interfaces/msg/detail/ctrl_fb__rosidl_typesupport_introspection_cpp.hpp
[1.499s] -- Up-to-date: /home/nvidia/5.1-ros2_ws/install/yhs_can_interfaces/include/yhs_can_interfaces/yhs_can_interfaces/msg/detail/ctrl_fb__type_support.cpp
[1.499s] -- Up-to-date: /home/nvidia/5.1-ros2_ws/install/yhs_can_interfaces/include/yhs_can_interfaces/yhs_can_interfaces/msg/detail/bms_info_fb__rosidl_typesupport_introspection_cpp.hpp
[1.499s] -- Up-to-date: /home/nvidia/5.1-ros2_ws/install/yhs_can_interfaces/include/yhs_can_interfaces/yhs_can_interfaces/msg/detail/io_cmd__rosidl_typesupport_introspection_cpp.hpp
[1.499s] -- Up-to-date: /home/nvidia/5.1-ros2_ws/install/yhs_can_interfaces/include/yhs_can_interfaces/yhs_can_interfaces/msg/detail/chassis_info_fb__rosidl_typesupport_introspection_cpp.hpp
[1.499s] -- Up-to-date: /home/nvidia/5.1-ros2_ws/install/yhs_can_interfaces/include/yhs_can_interfaces/yhs_can_interfaces/msg/detail/rr_wheel_fb__rosidl_typesupport_introspection_cpp.hpp
[1.499s] -- Installing: /home/nvidia/5.1-ros2_ws/install/yhs_can_interfaces/lib/libyhs_can_interfaces__rosidl_typesupport_introspection_cpp.so
[1.499s] -- Set runtime path of "/home/nvidia/5.1-ros2_ws/install/yhs_can_interfaces/lib/libyhs_can_interfaces__rosidl_typesupport_introspection_cpp.so" to ""
[1.499s] -- Installing: /home/nvidia/5.1-ros2_ws/install/yhs_can_interfaces/lib/libyhs_can_interfaces__rosidl_typesupport_cpp.so
[1.499s] -- Set runtime path of "/home/nvidia/5.1-ros2_ws/install/yhs_can_interfaces/lib/libyhs_can_interfaces__rosidl_typesupport_cpp.so" to ""
[1.499s] -- Up-to-date: /home/nvidia/5.1-ros2_ws/install/yhs_can_interfaces/share/yhs_can_interfaces/environment/pythonpath.sh
[1.499s] -- Up-to-date: /home/nvidia/5.1-ros2_ws/install/yhs_can_interfaces/share/yhs_can_interfaces/environment/pythonpath.dsv
[1.499s] -- Up-to-date: /home/nvidia/5.1-ros2_ws/install/yhs_can_interfaces/local/lib/python3.10/dist-packages/yhs_can_interfaces-0.0.0-py3.10.egg-info
[1.499s] -- Installing: /home/nvidia/5.1-ros2_ws/install/yhs_can_interfaces/local/lib/python3.10/dist-packages/yhs_can_interfaces-0.0.0-py3.10.egg-info/PKG-INFO
[1.499s] -- Installing: /home/nvidia/5.1-ros2_ws/install/yhs_can_interfaces/local/lib/python3.10/dist-packages/yhs_can_interfaces-0.0.0-py3.10.egg-info/SOURCES.txt
[1.500s] -- Installing: /home/nvidia/5.1-ros2_ws/install/yhs_can_interfaces/local/lib/python3.10/dist-packages/yhs_can_interfaces-0.0.0-py3.10.egg-info/dependency_links.txt
[1.500s] -- Installing: /home/nvidia/5.1-ros2_ws/install/yhs_can_interfaces/local/lib/python3.10/dist-packages/yhs_can_interfaces-0.0.0-py3.10.egg-info/top_level.txt
[1.500s] -- Up-to-date: /home/nvidia/5.1-ros2_ws/install/yhs_can_interfaces/local/lib/python3.10/dist-packages/yhs_can_interfaces
[1.500s] -- Up-to-date: /home/nvidia/5.1-ros2_ws/install/yhs_can_interfaces/local/lib/python3.10/dist-packages/yhs_can_interfaces/__init__.py
[1.500s] -- Installing: /home/nvidia/5.1-ros2_ws/install/yhs_can_interfaces/local/lib/python3.10/dist-packages/yhs_can_interfaces/libyhs_can_interfaces__rosidl_generator_py.so
[1.500s] -- Up-to-date: /home/nvidia/5.1-ros2_ws/install/yhs_can_interfaces/local/lib/python3.10/dist-packages/yhs_can_interfaces/_yhs_can_interfaces_s.ep.rosidl_typesupport_introspection_c.c
[1.500s] -- Installing: /home/nvidia/5.1-ros2_ws/install/yhs_can_interfaces/local/lib/python3.10/dist-packages/yhs_can_interfaces/yhs_can_interfaces_s__rosidl_typesupport_c.cpython-310-x86_64-linux-gnu.so
[1.500s] -- Up-to-date: /home/nvidia/5.1-ros2_ws/install/yhs_can_interfaces/local/lib/python3.10/dist-packages/yhs_can_interfaces/msg
[1.500s] -- Up-to-date: /home/nvidia/5.1-ros2_ws/install/yhs_can_interfaces/local/lib/python3.10/dist-packages/yhs_can_interfaces/msg/_drive_mcu_ecode_fb_s.c
[1.500s] -- Up-to-date: /home/nvidia/5.1-ros2_ws/install/yhs_can_interfaces/local/lib/python3.10/dist-packages/yhs_can_interfaces/msg/_rr_wheel_fb.py
[1.500s] -- Up-to-date: /home/nvidia/5.1-ros2_ws/install/yhs_can_interfaces/local/lib/python3.10/dist-packages/yhs_can_interfaces/msg/__init__.py
[1.500s] -- Up-to-date: /home/nvidia/5.1-ros2_ws/install/yhs_can_interfaces/local/lib/python3.10/dist-packages/yhs_can_interfaces/msg/_ctrl_cmd_s.c
[1.500s] -- Up-to-date: /home/nvidia/5.1-ros2_ws/install/yhs_can_interfaces/local/lib/python3.10/dist-packages/yhs_can_interfaces/msg/_lr_wheel_fb_s.c
[1.500s] -- Up-to-date: /home/nvidia/5.1-ros2_ws/install/yhs_can_interfaces/local/lib/python3.10/dist-packages/yhs_can_interfaces/msg/_veh_diag_fb_s.c
[1.500s] -- Up-to-date: /home/nvidia/5.1-ros2_ws/install/yhs_can_interfaces/local/lib/python3.10/dist-packages/yhs_can_interfaces/msg/_rr_wheel_fb_s.c
[1.500s] -- Up-to-date: /home/nvidia/5.1-ros2_ws/install/yhs_can_interfaces/local/lib/python3.10/dist-packages/yhs_can_interfaces/msg/_ctrl_fb.py
[1.500s] -- Up-to-date: /home/nvidia/5.1-ros2_ws/install/yhs_can_interfaces/local/lib/python3.10/dist-packages/yhs_can_interfaces/msg/_io_cmd.py
[1.500s] -- Up-to-date: /home/nvidia/5.1-ros2_ws/install/yhs_can_interfaces/local/lib/python3.10/dist-packages/yhs_can_interfaces/msg/_bms_flag_info_fb.py
[1.500s] -- Up-to-date: /home/nvidia/5.1-ros2_ws/install/yhs_can_interfaces/local/lib/python3.10/dist-packages/yhs_can_interfaces/msg/_veh_diag_fb.py
[1.500s] -- Up-to-date: /home/nvidia/5.1-ros2_ws/install/yhs_can_interfaces/local/lib/python3.10/dist-packages/yhs_can_interfaces/msg/_drive_mcu_ecode_fb.py
[1.501s] -- Up-to-date: /home/nvidia/5.1-ros2_ws/install/yhs_can_interfaces/local/lib/python3.10/dist-packages/yhs_can_interfaces/msg/_io_fb.py
[1.501s] -- Up-to-date: /home/nvidia/5.1-ros2_ws/install/yhs_can_interfaces/local/lib/python3.10/dist-packages/yhs_can_interfaces/msg/_lr_wheel_fb.py
[1.501s] -- Up-to-date: /home/nvidia/5.1-ros2_ws/install/yhs_can_interfaces/local/lib/python3.10/dist-packages/yhs_can_interfaces/msg/_ctrl_fb_s.c
[1.501s] -- Up-to-date: /home/nvidia/5.1-ros2_ws/install/yhs_can_interfaces/local/lib/python3.10/dist-packages/yhs_can_interfaces/msg/_chassis_info_fb_s.c
[1.501s] -- Up-to-date: /home/nvidia/5.1-ros2_ws/install/yhs_can_interfaces/local/lib/python3.10/dist-packages/yhs_can_interfaces/msg/_io_fb_s.c
[1.501s] -- Up-to-date: /home/nvidia/5.1-ros2_ws/install/yhs_can_interfaces/local/lib/python3.10/dist-packages/yhs_can_interfaces/msg/_io_cmd_s.c
[1.501s] -- Up-to-date: /home/nvidia/5.1-ros2_ws/install/yhs_can_interfaces/local/lib/python3.10/dist-packages/yhs_can_interfaces/msg/_ctrl_cmd.py
[1.501s] -- Up-to-date: /home/nvidia/5.1-ros2_ws/install/yhs_can_interfaces/local/lib/python3.10/dist-packages/yhs_can_interfaces/msg/_chassis_info_fb.py
[1.501s] -- Up-to-date: /home/nvidia/5.1-ros2_ws/install/yhs_can_interfaces/local/lib/python3.10/dist-packages/yhs_can_interfaces/msg/_bms_info_fb_s.c
[1.501s] -- Up-to-date: /home/nvidia/5.1-ros2_ws/install/yhs_can_interfaces/local/lib/python3.10/dist-packages/yhs_can_interfaces/msg/_bms_flag_info_fb_s.c
[1.501s] -- Up-to-date: /home/nvidia/5.1-ros2_ws/install/yhs_can_interfaces/local/lib/python3.10/dist-packages/yhs_can_interfaces/msg/_bms_info_fb.py
[1.501s] -- Installing: /home/nvidia/5.1-ros2_ws/install/yhs_can_interfaces/local/lib/python3.10/dist-packages/yhs_can_interfaces/yhs_can_interfaces_s__rosidl_typesupport_fastrtps_c.cpython-310-x86_64-linux-gnu.so
[1.501s] -- Installing: /home/nvidia/5.1-ros2_ws/install/yhs_can_interfaces/local/lib/python3.10/dist-packages/yhs_can_interfaces/yhs_can_interfaces_s__rosidl_typesupport_introspection_c.cpython-310-x86_64-linux-gnu.so
[1.501s] -- Up-to-date: /home/nvidia/5.1-ros2_ws/install/yhs_can_interfaces/local/lib/python3.10/dist-packages/yhs_can_interfaces/_yhs_can_interfaces_s.ep.rosidl_typesupport_fastrtps_c.c
[1.502s] -- Up-to-date: /home/nvidia/5.1-ros2_ws/install/yhs_can_interfaces/local/lib/python3.10/dist-packages/yhs_can_interfaces/_yhs_can_interfaces_s.ep.rosidl_typesupport_c.c
[1.527s] Listing '/home/nvidia/5.1-ros2_ws/install/yhs_can_interfaces/local/lib/python3.10/dist-packages/yhs_can_interfaces'...
[1.527s] Listing '/home/nvidia/5.1-ros2_ws/install/yhs_can_interfaces/local/lib/python3.10/dist-packages/yhs_can_interfaces/msg'...
[1.530s] -- Installing: /home/nvidia/5.1-ros2_ws/install/yhs_can_interfaces/local/lib/python3.10/dist-packages/yhs_can_interfaces/yhs_can_interfaces_s__rosidl_typesupport_fastrtps_c.cpython-310-x86_64-linux-gnu.so
[1.530s] -- Set runtime path of "/home/nvidia/5.1-ros2_ws/install/yhs_can_interfaces/local/lib/python3.10/dist-packages/yhs_can_interfaces/yhs_can_interfaces_s__rosidl_typesupport_fastrtps_c.cpython-310-x86_64-linux-gnu.so" to ""
[1.531s] -- Installing: /home/nvidia/5.1-ros2_ws/install/yhs_can_interfaces/local/lib/python3.10/dist-packages/yhs_can_interfaces/yhs_can_interfaces_s__rosidl_typesupport_introspection_c.cpython-310-x86_64-linux-gnu.so
[1.531s] -- Set runtime path of "/home/nvidia/5.1-ros2_ws/install/yhs_can_interfaces/local/lib/python3.10/dist-packages/yhs_can_interfaces/yhs_can_interfaces_s__rosidl_typesupport_introspection_c.cpython-310-x86_64-linux-gnu.so" to ""
[1.531s] -- Installing: /home/nvidia/5.1-ros2_ws/install/yhs_can_interfaces/local/lib/python3.10/dist-packages/yhs_can_interfaces/yhs_can_interfaces_s__rosidl_typesupport_c.cpython-310-x86_64-linux-gnu.so
[1.531s] -- Set runtime path of "/home/nvidia/5.1-ros2_ws/install/yhs_can_interfaces/local/lib/python3.10/dist-packages/yhs_can_interfaces/yhs_can_interfaces_s__rosidl_typesupport_c.cpython-310-x86_64-linux-gnu.so" to ""
[1.532s] -- Installing: /home/nvidia/5.1-ros2_ws/install/yhs_can_interfaces/lib/libyhs_can_interfaces__rosidl_generator_py.so
[1.532s] -- Set runtime path of "/home/nvidia/5.1-ros2_ws/install/yhs_can_interfaces/lib/libyhs_can_interfaces__rosidl_generator_py.so" to ""
[1.532s] -- Up-to-date: /home/nvidia/5.1-ros2_ws/install/yhs_can_interfaces/share/yhs_can_interfaces/msg/BmsFlagInfoFb.idl
[1.532s] -- Up-to-date: /home/nvidia/5.1-ros2_ws/install/yhs_can_interfaces/share/yhs_can_interfaces/msg/BmsInfoFb.idl
[1.532s] -- Up-to-date: /home/nvidia/5.1-ros2_ws/install/yhs_can_interfaces/share/yhs_can_interfaces/msg/ChassisInfoFb.idl
[1.532s] -- Up-to-date: /home/nvidia/5.1-ros2_ws/install/yhs_can_interfaces/share/yhs_can_interfaces/msg/CtrlCmd.idl
[1.532s] -- Up-to-date: /home/nvidia/5.1-ros2_ws/install/yhs_can_interfaces/share/yhs_can_interfaces/msg/CtrlFb.idl
[1.533s] -- Up-to-date: /home/nvidia/5.1-ros2_ws/install/yhs_can_interfaces/share/yhs_can_interfaces/msg/DriveMcuEcodeFb.idl
[1.533s] -- Up-to-date: /home/nvidia/5.1-ros2_ws/install/yhs_can_interfaces/share/yhs_can_interfaces/msg/IoCmd.idl
[1.533s] -- Up-to-date: /home/nvidia/5.1-ros2_ws/install/yhs_can_interfaces/share/yhs_can_interfaces/msg/IoFb.idl
[1.533s] -- Up-to-date: /home/nvidia/5.1-ros2_ws/install/yhs_can_interfaces/share/yhs_can_interfaces/msg/LrWheelFb.idl
[1.533s] -- Up-to-date: /home/nvidia/5.1-ros2_ws/install/yhs_can_interfaces/share/yhs_can_interfaces/msg/RrWheelFb.idl
[1.533s] -- Up-to-date: /home/nvidia/5.1-ros2_ws/install/yhs_can_interfaces/share/yhs_can_interfaces/msg/VehDiagFb.idl
[1.533s] -- Up-to-date: /home/nvidia/5.1-ros2_ws/install/yhs_can_interfaces/share/yhs_can_interfaces/msg/BmsFlagInfoFb.msg
[1.533s] -- Up-to-date: /home/nvidia/5.1-ros2_ws/install/yhs_can_interfaces/share/yhs_can_interfaces/msg/BmsInfoFb.msg
[1.533s] -- Up-to-date: /home/nvidia/5.1-ros2_ws/install/yhs_can_interfaces/share/yhs_can_interfaces/msg/ChassisInfoFb.msg
[1.533s] -- Up-to-date: /home/nvidia/5.1-ros2_ws/install/yhs_can_interfaces/share/yhs_can_interfaces/msg/CtrlCmd.msg
[1.533s] -- Up-to-date: /home/nvidia/5.1-ros2_ws/install/yhs_can_interfaces/share/yhs_can_interfaces/msg/CtrlFb.msg
[1.533s] -- Up-to-date: /home/nvidia/5.1-ros2_ws/install/yhs_can_interfaces/share/yhs_can_interfaces/msg/DriveMcuEcodeFb.msg
[1.533s] -- Up-to-date: /home/nvidia/5.1-ros2_ws/install/yhs_can_interfaces/share/yhs_can_interfaces/msg/IoCmd.msg
[1.533s] -- Up-to-date: /home/nvidia/5.1-ros2_ws/install/yhs_can_interfaces/share/yhs_can_interfaces/msg/IoFb.msg
[1.534s] -- Up-to-date: /home/nvidia/5.1-ros2_ws/install/yhs_can_interfaces/share/yhs_can_interfaces/msg/LrWheelFb.msg
[1.534s] -- Up-to-date: /home/nvidia/5.1-ros2_ws/install/yhs_can_interfaces/share/yhs_can_interfaces/msg/RrWheelFb.msg
[1.534s] -- Up-to-date: /home/nvidia/5.1-ros2_ws/install/yhs_can_interfaces/share/yhs_can_interfaces/msg/VehDiagFb.msg
[1.534s] -- Up-to-date: /home/nvidia/5.1-ros2_ws/install/yhs_can_interfaces/share/ament_index/resource_index/package_run_dependencies/yhs_can_interfaces
[1.534s] -- Up-to-date: /home/nvidia/5.1-ros2_ws/install/yhs_can_interfaces/share/ament_index/resource_index/parent_prefix_path/yhs_can_interfaces
[1.534s] -- Up-to-date: /home/nvidia/5.1-ros2_ws/install/yhs_can_interfaces/share/yhs_can_interfaces/environment/ament_prefix_path.sh
[1.534s] -- Up-to-date: /home/nvidia/5.1-ros2_ws/install/yhs_can_interfaces/share/yhs_can_interfaces/environment/ament_prefix_path.dsv
[1.534s] -- Up-to-date: /home/nvidia/5.1-ros2_ws/install/yhs_can_interfaces/share/yhs_can_interfaces/environment/path.sh
[1.534s] -- Up-to-date: /home/nvidia/5.1-ros2_ws/install/yhs_can_interfaces/share/yhs_can_interfaces/environment/path.dsv
[1.534s] -- Up-to-date: /home/nvidia/5.1-ros2_ws/install/yhs_can_interfaces/share/yhs_can_interfaces/local_setup.bash
[1.534s] -- Up-to-date: /home/nvidia/5.1-ros2_ws/install/yhs_can_interfaces/share/yhs_can_interfaces/local_setup.sh
[1.534s] -- Up-to-date: /home/nvidia/5.1-ros2_ws/install/yhs_can_interfaces/share/yhs_can_interfaces/local_setup.zsh
[1.534s] -- Up-to-date: /home/nvidia/5.1-ros2_ws/install/yhs_can_interfaces/share/yhs_can_interfaces/local_setup.dsv
[1.534s] -- Installing: /home/nvidia/5.1-ros2_ws/install/yhs_can_interfaces/share/yhs_can_interfaces/package.dsv
[1.534s] -- Up-to-date: /home/nvidia/5.1-ros2_ws/install/yhs_can_interfaces/share/ament_index/resource_index/packages/yhs_can_interfaces
[1.535s] -- Up-to-date: /home/nvidia/5.1-ros2_ws/install/yhs_can_interfaces/share/yhs_can_interfaces/cmake/export_yhs_can_interfaces__rosidl_generator_cExport.cmake
[1.535s] -- Up-to-date: /home/nvidia/5.1-ros2_ws/install/yhs_can_interfaces/share/yhs_can_interfaces/cmake/export_yhs_can_interfaces__rosidl_generator_cExport-noconfig.cmake
[1.535s] -- Up-to-date: /home/nvidia/5.1-ros2_ws/install/yhs_can_interfaces/share/yhs_can_interfaces/cmake/export_yhs_can_interfaces__rosidl_typesupport_fastrtps_cExport.cmake
[1.535s] -- Up-to-date: /home/nvidia/5.1-ros2_ws/install/yhs_can_interfaces/share/yhs_can_interfaces/cmake/export_yhs_can_interfaces__rosidl_typesupport_fastrtps_cExport-noconfig.cmake
[1.535s] -- Up-to-date: /home/nvidia/5.1-ros2_ws/install/yhs_can_interfaces/share/yhs_can_interfaces/cmake/yhs_can_interfaces__rosidl_typesupport_introspection_cExport.cmake
[1.535s] -- Up-to-date: /home/nvidia/5.1-ros2_ws/install/yhs_can_interfaces/share/yhs_can_interfaces/cmake/yhs_can_interfaces__rosidl_typesupport_introspection_cExport-noconfig.cmake
[1.535s] -- Up-to-date: /home/nvidia/5.1-ros2_ws/install/yhs_can_interfaces/share/yhs_can_interfaces/cmake/yhs_can_interfaces__rosidl_typesupport_cExport.cmake
[1.535s] -- Up-to-date: /home/nvidia/5.1-ros2_ws/install/yhs_can_interfaces/share/yhs_can_interfaces/cmake/yhs_can_interfaces__rosidl_typesupport_cExport-noconfig.cmake
[1.535s] -- Up-to-date: /home/nvidia/5.1-ros2_ws/install/yhs_can_interfaces/share/yhs_can_interfaces/cmake/export_yhs_can_interfaces__rosidl_generator_cppExport.cmake
[1.535s] -- Up-to-date: /home/nvidia/5.1-ros2_ws/install/yhs_can_interfaces/share/yhs_can_interfaces/cmake/export_yhs_can_interfaces__rosidl_typesupport_fastrtps_cppExport.cmake
[1.535s] -- Up-to-date: /home/nvidia/5.1-ros2_ws/install/yhs_can_interfaces/share/yhs_can_interfaces/cmake/export_yhs_can_interfaces__rosidl_typesupport_fastrtps_cppExport-noconfig.cmake
[1.535s] -- Up-to-date: /home/nvidia/5.1-ros2_ws/install/yhs_can_interfaces/share/yhs_can_interfaces/cmake/yhs_can_interfaces__rosidl_typesupport_introspection_cppExport.cmake
[1.535s] -- Up-to-date: /home/nvidia/5.1-ros2_ws/install/yhs_can_interfaces/share/yhs_can_interfaces/cmake/yhs_can_interfaces__rosidl_typesupport_introspection_cppExport-noconfig.cmake
[1.536s] -- Up-to-date: /home/nvidia/5.1-ros2_ws/install/yhs_can_interfaces/share/yhs_can_interfaces/cmake/yhs_can_interfaces__rosidl_typesupport_cppExport.cmake
[1.536s] -- Up-to-date: /home/nvidia/5.1-ros2_ws/install/yhs_can_interfaces/share/yhs_can_interfaces/cmake/yhs_can_interfaces__rosidl_typesupport_cppExport-noconfig.cmake
[1.536s] -- Up-to-date: /home/nvidia/5.1-ros2_ws/install/yhs_can_interfaces/share/yhs_can_interfaces/cmake/export_yhs_can_interfaces__rosidl_generator_pyExport.cmake
[1.536s] -- Up-to-date: /home/nvidia/5.1-ros2_ws/install/yhs_can_interfaces/share/yhs_can_interfaces/cmake/export_yhs_can_interfaces__rosidl_generator_pyExport-noconfig.cmake
[1.536s] -- Up-to-date: /home/nvidia/5.1-ros2_ws/install/yhs_can_interfaces/share/yhs_can_interfaces/cmake/rosidl_cmake-extras.cmake
[1.536s] -- Up-to-date: /home/nvidia/5.1-ros2_ws/install/yhs_can_interfaces/share/yhs_can_interfaces/cmake/ament_cmake_export_dependencies-extras.cmake
[1.536s] -- Up-to-date: /home/nvidia/5.1-ros2_ws/install/yhs_can_interfaces/share/yhs_can_interfaces/cmake/ament_cmake_export_include_directories-extras.cmake
[1.536s] -- Up-to-date: /home/nvidia/5.1-ros2_ws/install/yhs_can_interfaces/share/yhs_can_interfaces/cmake/ament_cmake_export_libraries-extras.cmake
[1.536s] -- Up-to-date: /home/nvidia/5.1-ros2_ws/install/yhs_can_interfaces/share/yhs_can_interfaces/cmake/ament_cmake_export_targets-extras.cmake
[1.536s] -- Up-to-date: /home/nvidia/5.1-ros2_ws/install/yhs_can_interfaces/share/yhs_can_interfaces/cmake/rosidl_cmake_export_typesupport_targets-extras.cmake
[1.536s] -- Up-to-date: /home/nvidia/5.1-ros2_ws/install/yhs_can_interfaces/share/yhs_can_interfaces/cmake/rosidl_cmake_export_typesupport_libraries-extras.cmake
[1.537s] -- Up-to-date: /home/nvidia/5.1-ros2_ws/install/yhs_can_interfaces/share/yhs_can_interfaces/cmake/yhs_can_interfacesConfig.cmake
[1.537s] -- Up-to-date: /home/nvidia/5.1-ros2_ws/install/yhs_can_interfaces/share/yhs_can_interfaces/cmake/yhs_can_interfacesConfig-version.cmake
[1.537s] -- Up-to-date: /home/nvidia/5.1-ros2_ws/install/yhs_can_interfaces/share/yhs_can_interfaces/package.xml
[1.538s] Invoked command in '/home/nvidia/5.1-ros2_ws/build/yhs_can_interfaces' returned '0': CMAKE_PREFIX_PATH=${CMAKE_PREFIX_PATH}:/home/nvidia/ros2_ws/install/ai_imu_dr_ros:/opt/ros/humble /usr/bin/cmake --install /home/nvidia/5.1-ros2_ws/build/yhs_can_interfaces
