-- The C compiler identification is GNU 11.4.0
-- The CXX compiler identification is GNU 11.4.0
-- Detecting C compiler ABI info
-- Detecting C compiler ABI info - done
-- Check for working C compiler: /usr/bin/cc - skipped
-- Detecting C compile features
-- Detecting C compile features - done
-- Detecting CXX compiler ABI info
-- Detecting CXX compiler ABI info - done
-- Check for working CXX compiler: /usr/bin/c++ - skipped
-- Detecting CXX compile features
-- Detecting CXX compile features - done
-- Found ament_cmake: 1.3.12 (/opt/ros/humble/share/ament_cmake/cmake)
-- Found Python3: /usr/bin/python3 (found version "3.10.12") found components: Interpreter 
-- Found std_msgs: 4.9.0 (/opt/ros/humble/share/std_msgs/cmake)
-- Found rosidl_generator_c: 3.1.7 (/opt/ros/humble/share/rosidl_generator_c/cmake)
-- Found rosidl_adapter: 3.1.7 (/opt/ros/humble/share/rosidl_adapter/cmake)
-- Found rosidl_generator_cpp: 3.1.7 (/opt/ros/humble/share/rosidl_generator_cpp/cmake)
-- Using all available rosidl_typesupport_c: rosidl_typesupport_fastrtps_c;rosidl_typesupport_introspection_c
-- Using all available rosidl_typesupport_cpp: rosidl_typesupport_fastrtps_cpp;rosidl_typesupport_introspection_cpp
-- Found rclcpp: 16.0.15 (/opt/ros/humble/share/rclcpp/cmake)
-- Found rmw_implementation_cmake: 6.1.2 (/opt/ros/humble/share/rmw_implementation_cmake/cmake)
-- Found rmw_fastrtps_cpp: 6.2.8 (/opt/ros/humble/share/rmw_fastrtps_cpp/cmake)
-- Found OpenSSL: /usr/lib/x86_64-linux-gnu/libcrypto.so (found version "3.0.2")  
-- Found FastRTPS: /opt/ros/humble/include  
-- Using RMW implementation 'rmw_fastrtps_cpp' as default
-- Looking for pthread.h
-- Looking for pthread.h - found
-- Performing Test CMAKE_HAVE_LIBC_PTHREAD
-- Performing Test CMAKE_HAVE_LIBC_PTHREAD - Success
-- Found Threads: TRUE  
-- Found nav2_msgs: 1.1.18 (/opt/ros/humble/share/nav2_msgs/cmake)
-- Found tf2_msgs: 0.25.16 (/opt/ros/humble/share/tf2_msgs/cmake)
-- Found tf2_ros: 0.25.16 (/opt/ros/humble/share/tf2_ros/cmake)
-- Found sensor_msgs: 4.9.0 (/opt/ros/humble/share/sensor_msgs/cmake)
-- Found yhs_can_interfaces: 0.0.0 (/home/nvidia/5.1-ros2_ws/install/yhs_can_interfaces/share/yhs_can_interfaces/cmake)
-- Found ament_lint_auto: 0.12.14 (/opt/ros/humble/share/ament_lint_auto/cmake)
-- Added test 'cppcheck' to perform static code analysis on C / C++ code
-- Configured cppcheck include dirs: $<BUILD_INTERFACE:/home/nvidia/5.1-ros2_ws/src/MK-mini-ros2/yhs_can_control/include>
-- Configured cppcheck exclude dirs and/or files: 
-- Added test 'flake8' to check Python code syntax and style conventions
-- Added test 'lint_cmake' to check CMake code style
-- Added test 'pep257' to check Python code against some of the docstring style conventions in PEP 257
-- Added test 'uncrustify' to check C / C++ code style
-- Configured uncrustify additional arguments: 
-- Added test 'xmllint' to check XML markup files
-- Configuring done
-- Generating done
-- Build files have been written to: /home/nvidia/5.1-ros2_ws/build/yhs_can_control
[ 50%] [32mBuilding CXX object CMakeFiles/yhs_can_control_node.dir/src/yhs_can_control_node.cpp.o[0m
In file included from [01m[K/home/nvidia/5.1-ros2_ws/src/MK-mini-ros2/yhs_can_control/src/yhs_can_control_node.cpp:1[m[K:
[01m[K/home/nvidia/5.1-ros2_ws/src/MK-mini-ros2/yhs_can_control/include/yhs_can_control/yhs_can_control_node.hpp:31:43:[m[K [01;35m[Kwarning: [m[Kextra tokens at end of #include directive
   31 | #include "tf2_ros/transform_broadcaster.h"[01;35m[K#[m[K新增
      |                                           [01;35m[K^[m[K
[100%] [32m[1mLinking CXX executable yhs_can_control_node[0m
[100%] Built target yhs_can_control_node
-- Install configuration: ""
-- Installing: /home/nvidia/5.1-ros2_ws/install/yhs_can_control/lib/yhs_can_control/yhs_can_control_node
-- Set runtime path of "/home/nvidia/5.1-ros2_ws/install/yhs_can_control/lib/yhs_can_control/yhs_can_control_node" to ""
-- Installing: /home/nvidia/5.1-ros2_ws/install/yhs_can_control/share/yhs_can_control/launch
-- Installing: /home/nvidia/5.1-ros2_ws/install/yhs_can_control/share/yhs_can_control/launch/yhs_can_control.launch.py
-- Installing: /home/nvidia/5.1-ros2_ws/install/yhs_can_control/share/yhs_can_control/params
-- Installing: /home/nvidia/5.1-ros2_ws/install/yhs_can_control/share/yhs_can_control/params/cfg.yaml
-- Installing: /home/nvidia/5.1-ros2_ws/install/yhs_can_control/share/ament_index/resource_index/package_run_dependencies/yhs_can_control
-- Installing: /home/nvidia/5.1-ros2_ws/install/yhs_can_control/share/ament_index/resource_index/parent_prefix_path/yhs_can_control
-- Installing: /home/nvidia/5.1-ros2_ws/install/yhs_can_control/share/yhs_can_control/environment/ament_prefix_path.sh
-- Installing: /home/nvidia/5.1-ros2_ws/install/yhs_can_control/share/yhs_can_control/environment/ament_prefix_path.dsv
-- Installing: /home/nvidia/5.1-ros2_ws/install/yhs_can_control/share/yhs_can_control/environment/path.sh
-- Installing: /home/nvidia/5.1-ros2_ws/install/yhs_can_control/share/yhs_can_control/environment/path.dsv
-- Installing: /home/nvidia/5.1-ros2_ws/install/yhs_can_control/share/yhs_can_control/local_setup.bash
-- Installing: /home/nvidia/5.1-ros2_ws/install/yhs_can_control/share/yhs_can_control/local_setup.sh
-- Installing: /home/nvidia/5.1-ros2_ws/install/yhs_can_control/share/yhs_can_control/local_setup.zsh
-- Installing: /home/nvidia/5.1-ros2_ws/install/yhs_can_control/share/yhs_can_control/local_setup.dsv
-- Installing: /home/nvidia/5.1-ros2_ws/install/yhs_can_control/share/yhs_can_control/package.dsv
-- Installing: /home/nvidia/5.1-ros2_ws/install/yhs_can_control/share/ament_index/resource_index/packages/yhs_can_control
-- Installing: /home/nvidia/5.1-ros2_ws/install/yhs_can_control/share/yhs_can_control/cmake/yhs_can_controlConfig.cmake
-- Installing: /home/nvidia/5.1-ros2_ws/install/yhs_can_control/share/yhs_can_control/cmake/yhs_can_controlConfig-version.cmake
-- Installing: /home/nvidia/5.1-ros2_ws/install/yhs_can_control/share/yhs_can_control/package.xml
