[0.006s] Invoking command in '/home/nvidia/5.1-ros2_ws/build/yhs_can_control': CMAKE_PREFIX_PATH=/home/nvidia/5.1-ros2_ws/install/yhs_can_interfaces:/home/nvidia/5.1-ros2_ws/install/yhs_can_control:/opt/ros/humble /usr/bin/cmake /home/nvidia/5.1-ros2_ws/src/MK-mini-ros2/yhs_can_control -DCMAKE_INSTALL_PREFIX=/home/nvidia/5.1-ros2_ws/install/yhs_can_control
[0.091s] -- The C compiler identification is GNU 11.4.0
[0.128s] -- The CXX compiler identification is GNU 11.4.0
[0.133s] -- Detecting C compiler ABI info
[0.217s] -- Detecting C compiler ABI info - done
[0.225s] -- Check for working C compiler: /usr/bin/cc - skipped
[0.226s] -- Detecting C compile features
[0.226s] -- Detecting C compile features - done
[0.229s] -- Detecting CXX compiler ABI info
[0.328s] -- Detecting CXX compiler ABI info - done
[0.336s] -- Check for working CXX compiler: /usr/bin/c++ - skipped
[0.336s] -- Detecting CXX compile features
[0.336s] -- Detecting CXX compile features - done
[0.338s] -- Found ament_cmake: 1.3.12 (/opt/ros/humble/share/ament_cmake/cmake)
[0.466s] -- Found Python3: /usr/bin/python3 (found version "3.10.12") found components: Interpreter 
[0.520s] -- Found std_msgs: 4.9.0 (/opt/ros/humble/share/std_msgs/cmake)
[0.542s] -- Found rosidl_generator_c: 3.1.7 (/opt/ros/humble/share/rosidl_generator_c/cmake)
[0.545s] -- Found rosidl_adapter: 3.1.7 (/opt/ros/humble/share/rosidl_adapter/cmake)
[0.550s] -- Found rosidl_generator_cpp: 3.1.7 (/opt/ros/humble/share/rosidl_generator_cpp/cmake)
[0.557s] -- Using all available rosidl_typesupport_c: rosidl_typesupport_fastrtps_c;rosidl_typesupport_introspection_c
[0.566s] -- Using all available rosidl_typesupport_cpp: rosidl_typesupport_fastrtps_cpp;rosidl_typesupport_introspection_cpp
[0.582s] -- Found rclcpp: 16.0.15 (/opt/ros/humble/share/rclcpp/cmake)
[0.611s] -- Found rmw_implementation_cmake: 6.1.2 (/opt/ros/humble/share/rmw_implementation_cmake/cmake)
[0.613s] -- Found rmw_fastrtps_cpp: 6.2.8 (/opt/ros/humble/share/rmw_fastrtps_cpp/cmake)
[0.713s] -- Found OpenSSL: /usr/lib/x86_64-linux-gnu/libcrypto.so (found version "3.0.2")  
[0.746s] -- Found FastRTPS: /opt/ros/humble/include  
[0.776s] -- Using RMW implementation 'rmw_fastrtps_cpp' as default
[0.783s] -- Looking for pthread.h
[0.880s] -- Looking for pthread.h - found
[0.880s] -- Performing Test CMAKE_HAVE_LIBC_PTHREAD
[0.958s] -- Performing Test CMAKE_HAVE_LIBC_PTHREAD - Success
[0.959s] -- Found Threads: TRUE  
[0.991s] -- Found nav2_msgs: 1.1.18 (/opt/ros/humble/share/nav2_msgs/cmake)
[1.050s] -- Found tf2_msgs: 0.25.16 (/opt/ros/humble/share/tf2_msgs/cmake)
[1.065s] -- Found tf2_ros: 0.25.16 (/opt/ros/humble/share/tf2_ros/cmake)
[1.109s] -- Found sensor_msgs: 4.9.0 (/opt/ros/humble/share/sensor_msgs/cmake)
[1.122s] -- Found yhs_can_interfaces: 0.0.0 (/home/nvidia/5.1-ros2_ws/install/yhs_can_interfaces/share/yhs_can_interfaces/cmake)
[1.131s] -- Found ament_lint_auto: 0.12.14 (/opt/ros/humble/share/ament_lint_auto/cmake)
[1.181s] -- Added test 'cppcheck' to perform static code analysis on C / C++ code
[1.181s] -- Configured cppcheck include dirs: $<BUILD_INTERFACE:/home/nvidia/5.1-ros2_ws/src/MK-mini-ros2/yhs_can_control/include>
[1.181s] -- Configured cppcheck exclude dirs and/or files: 
[1.182s] -- Added test 'flake8' to check Python code syntax and style conventions
[1.182s] -- Added test 'lint_cmake' to check CMake code style
[1.182s] -- Added test 'pep257' to check Python code against some of the docstring style conventions in PEP 257
[1.183s] -- Added test 'uncrustify' to check C / C++ code style
[1.183s] -- Configured uncrustify additional arguments: 
[1.183s] -- Added test 'xmllint' to check XML markup files
[1.184s] -- Configuring done
[1.191s] -- Generating done
[1.194s] -- Build files have been written to: /home/nvidia/5.1-ros2_ws/build/yhs_can_control
[1.202s] Invoked command in '/home/nvidia/5.1-ros2_ws/build/yhs_can_control' returned '0': CMAKE_PREFIX_PATH=/home/nvidia/5.1-ros2_ws/install/yhs_can_interfaces:/home/nvidia/5.1-ros2_ws/install/yhs_can_control:/opt/ros/humble /usr/bin/cmake /home/nvidia/5.1-ros2_ws/src/MK-mini-ros2/yhs_can_control -DCMAKE_INSTALL_PREFIX=/home/nvidia/5.1-ros2_ws/install/yhs_can_control
[1.202s] Invoking command in '/home/nvidia/5.1-ros2_ws/build/yhs_can_control': CMAKE_PREFIX_PATH=/home/nvidia/5.1-ros2_ws/install/yhs_can_interfaces:/home/nvidia/5.1-ros2_ws/install/yhs_can_control:/opt/ros/humble /usr/bin/cmake --build /home/nvidia/5.1-ros2_ws/build/yhs_can_control -- -j20 -l20
[1.257s] [ 50%] [32mBuilding CXX object CMakeFiles/yhs_can_control_node.dir/src/yhs_can_control_node.cpp.o[0m
[1.449s] In file included from [01m[K/home/nvidia/5.1-ros2_ws/src/MK-mini-ros2/yhs_can_control/src/yhs_can_control_node.cpp:1[m[K:
[1.449s] [01m[K/home/nvidia/5.1-ros2_ws/src/MK-mini-ros2/yhs_can_control/include/yhs_can_control/yhs_can_control_node.hpp:31:43:[m[K [01;35m[Kwarning: [m[Kextra tokens at end of #include directive
[1.449s]    31 | #include "tf2_ros/transform_broadcaster.h"[01;35m[K#[m[K新增
[1.449s]       |                                           [01;35m[K^[m[K
[8.309s] [100%] [32m[1mLinking CXX executable yhs_can_control_node[0m
[8.709s] [100%] Built target yhs_can_control_node
[8.717s] Invoked command in '/home/nvidia/5.1-ros2_ws/build/yhs_can_control' returned '0': CMAKE_PREFIX_PATH=/home/nvidia/5.1-ros2_ws/install/yhs_can_interfaces:/home/nvidia/5.1-ros2_ws/install/yhs_can_control:/opt/ros/humble /usr/bin/cmake --build /home/nvidia/5.1-ros2_ws/build/yhs_can_control -- -j20 -l20
[8.718s] Invoking command in '/home/nvidia/5.1-ros2_ws/build/yhs_can_control': CMAKE_PREFIX_PATH=/home/nvidia/5.1-ros2_ws/install/yhs_can_interfaces:/home/nvidia/5.1-ros2_ws/install/yhs_can_control:/opt/ros/humble /usr/bin/cmake --install /home/nvidia/5.1-ros2_ws/build/yhs_can_control
[8.724s] -- Install configuration: ""
[8.724s] -- Installing: /home/nvidia/5.1-ros2_ws/install/yhs_can_control/lib/yhs_can_control/yhs_can_control_node
[8.729s] -- Set runtime path of "/home/nvidia/5.1-ros2_ws/install/yhs_can_control/lib/yhs_can_control/yhs_can_control_node" to ""
[8.729s] -- Installing: /home/nvidia/5.1-ros2_ws/install/yhs_can_control/share/yhs_can_control/launch
[8.729s] -- Installing: /home/nvidia/5.1-ros2_ws/install/yhs_can_control/share/yhs_can_control/launch/yhs_can_control.launch.py
[8.729s] -- Installing: /home/nvidia/5.1-ros2_ws/install/yhs_can_control/share/yhs_can_control/params
[8.729s] -- Installing: /home/nvidia/5.1-ros2_ws/install/yhs_can_control/share/yhs_can_control/params/cfg.yaml
[8.729s] -- Installing: /home/nvidia/5.1-ros2_ws/install/yhs_can_control/share/ament_index/resource_index/package_run_dependencies/yhs_can_control
[8.730s] -- Installing: /home/nvidia/5.1-ros2_ws/install/yhs_can_control/share/ament_index/resource_index/parent_prefix_path/yhs_can_control
[8.730s] -- Installing: /home/nvidia/5.1-ros2_ws/install/yhs_can_control/share/yhs_can_control/environment/ament_prefix_path.sh
[8.730s] -- Installing: /home/nvidia/5.1-ros2_ws/install/yhs_can_control/share/yhs_can_control/environment/ament_prefix_path.dsv
[8.730s] -- Installing: /home/nvidia/5.1-ros2_ws/install/yhs_can_control/share/yhs_can_control/environment/path.sh
[8.730s] -- Installing: /home/nvidia/5.1-ros2_ws/install/yhs_can_control/share/yhs_can_control/environment/path.dsv
[8.730s] -- Installing: /home/nvidia/5.1-ros2_ws/install/yhs_can_control/share/yhs_can_control/local_setup.bash
[8.730s] -- Installing: /home/nvidia/5.1-ros2_ws/install/yhs_can_control/share/yhs_can_control/local_setup.sh
[8.730s] -- Installing: /home/nvidia/5.1-ros2_ws/install/yhs_can_control/share/yhs_can_control/local_setup.zsh
[8.730s] -- Installing: /home/nvidia/5.1-ros2_ws/install/yhs_can_control/share/yhs_can_control/local_setup.dsv
[8.730s] -- Installing: /home/nvidia/5.1-ros2_ws/install/yhs_can_control/share/yhs_can_control/package.dsv
[8.730s] -- Installing: /home/nvidia/5.1-ros2_ws/install/yhs_can_control/share/ament_index/resource_index/packages/yhs_can_control
[8.730s] -- Installing: /home/nvidia/5.1-ros2_ws/install/yhs_can_control/share/yhs_can_control/cmake/yhs_can_controlConfig.cmake
[8.730s] -- Installing: /home/nvidia/5.1-ros2_ws/install/yhs_can_control/share/yhs_can_control/cmake/yhs_can_controlConfig-version.cmake
[8.730s] -- Installing: /home/nvidia/5.1-ros2_ws/install/yhs_can_control/share/yhs_can_control/package.xml
[8.732s] Invoked command in '/home/nvidia/5.1-ros2_ws/build/yhs_can_control' returned '0': CMAKE_PREFIX_PATH=/home/nvidia/5.1-ros2_ws/install/yhs_can_interfaces:/home/nvidia/5.1-ros2_ws/install/yhs_can_control:/opt/ros/humble /usr/bin/cmake --install /home/nvidia/5.1-ros2_ws/build/yhs_can_control
